[2024-05-31T14:56:41.547+0000] {taskinstance.py:1979} INFO - Dependencies all met for dep_context=non-requeueable deps ti=<TaskInstance: etl_csv_files.get_files_purchase manual__2024-05-31T14:55:56.086465+00:00 [queued]>
[2024-05-31T14:56:41.552+0000] {taskinstance.py:1979} INFO - Dependencies all met for dep_context=requeueable deps ti=<TaskInstance: etl_csv_files.get_files_purchase manual__2024-05-31T14:55:56.086465+00:00 [queued]>
[2024-05-31T14:56:41.553+0000] {taskinstance.py:2193} INFO - Starting attempt 2 of 2
[2024-05-31T14:56:41.561+0000] {taskinstance.py:2217} INFO - Executing <Task(_PythonDecoratedOperator): get_files_purchase> on 2024-05-31 14:55:56.086465+00:00
[2024-05-31T14:56:41.567+0000] {standard_task_runner.py:60} INFO - Started process 1245 to run task
[2024-05-31T14:56:41.573+0000] {standard_task_runner.py:87} INFO - Running: ['airflow', 'tasks', 'run', 'etl_csv_files', 'get_files_purchase', 'manual__2024-05-31T14:55:56.086465+00:00', '--job-id', '185', '--raw', '--subdir', 'DAGS_FOLDER/testfile.py', '--cfg-path', '/tmp/tmps44pp9ce']
[2024-05-31T14:56:41.578+0000] {standard_task_runner.py:88} INFO - Job 185: Subtask get_files_purchase
[2024-05-31T14:56:41.626+0000] {task_command.py:423} INFO - Running <TaskInstance: etl_csv_files.get_files_purchase manual__2024-05-31T14:55:56.086465+00:00 [running]> on host 66ed76cf62da
[2024-05-31T14:56:41.686+0000] {taskinstance.py:2513} INFO - Exporting env vars: AIRFLOW_CTX_DAG_OWNER='airflow' AIRFLOW_CTX_DAG_ID='etl_csv_files' AIRFLOW_CTX_TASK_ID='get_files_purchase' AIRFLOW_CTX_EXECUTION_DATE='2024-05-31T14:55:56.086465+00:00' AIRFLOW_CTX_TRY_NUMBER='2' AIRFLOW_CTX_DAG_RUN_ID='manual__2024-05-31T14:55:56.086465+00:00'
[2024-05-31T14:56:42.914+0000] {logging_mixin.py:188} INFO - Sample data :
[2024-05-31T14:56:42.921+0000] {logging_mixin.py:188} INFO -    customer_id  product_id purchase_date
0            1         101    2023-01-01
1            1         105    2023-01-05
2            2         102    2023-01-02
3            3         103    2023-01-03
4            4         104    2023-01-04
[2024-05-31T14:56:42.922+0000] {python.py:202} INFO - Done. Returned value was:     customer_id  product_id        purchase_date
0             1         101           2023-01-01
1             1         105           2023-01-05
2             2         102           2023-01-02
3             3         103           2023-01-03
4             4         104           2023-01-04
..          ...         ...                  ...
95           11         294  2023-03-15 00:00:00
96           15         591  2023-03-04 00:00:00
97           10         559  2023-02-22 00:00:00
98           15         293  2023-01-04 00:00:00
99            1         441  2023-02-10 00:00:00

[100 rows x 3 columns]
[2024-05-31T14:56:42.951+0000] {taskinstance.py:1149} INFO - Marking task as SUCCESS. dag_id=etl_csv_files, task_id=get_files_purchase, execution_date=20240531T145556, start_date=20240531T145641, end_date=20240531T145642
[2024-05-31T14:56:42.967+0000] {local_task_job_runner.py:234} INFO - Task exited with return code 0
[2024-05-31T14:56:42.981+0000] {taskinstance.py:3312} INFO - 1 downstream tasks scheduled from follow-on schedule check
