[2024-05-30T10:02:15.188+0000] {taskinstance.py:1979} INFO - Dependencies all met for dep_context=non-requeueable deps ti=<TaskInstance: etl_csv_files.get_files_purchase scheduled__2024-04-24T08:00:00+00:00 [queued]>
[2024-05-30T10:02:15.379+0000] {taskinstance.py:1979} INFO - Dependencies all met for dep_context=requeueable deps ti=<TaskInstance: etl_csv_files.get_files_purchase scheduled__2024-04-24T08:00:00+00:00 [queued]>
[2024-05-30T10:02:15.391+0000] {taskinstance.py:2193} INFO - Starting attempt 1 of 1
[2024-05-30T10:02:15.570+0000] {taskinstance.py:2217} INFO - Executing <Task(_PythonDecoratedOperator): get_files_purchase> on 2024-04-24 08:00:00+00:00
[2024-05-30T10:02:15.612+0000] {standard_task_runner.py:60} INFO - Started process 1364 to run task
[2024-05-30T10:02:15.633+0000] {standard_task_runner.py:87} INFO - Running: ['airflow', 'tasks', 'run', 'etl_csv_files', 'get_files_purchase', 'scheduled__2024-04-24T08:00:00+00:00', '--job-id', '200', '--raw', '--subdir', 'DAGS_FOLDER/etl_from_csv.py', '--cfg-path', '/tmp/tmpg496shks']
[2024-05-30T10:02:15.647+0000] {standard_task_runner.py:88} INFO - Job 200: Subtask get_files_purchase
[2024-05-30T10:02:15.953+0000] {task_command.py:423} INFO - Running <TaskInstance: etl_csv_files.get_files_purchase scheduled__2024-04-24T08:00:00+00:00 [running]> on host 9daf870c1958
[2024-05-30T10:02:16.379+0000] {taskinstance.py:2513} INFO - Exporting env vars: AIRFLOW_CTX_DAG_OWNER='airflow' AIRFLOW_CTX_DAG_ID='etl_csv_files' AIRFLOW_CTX_TASK_ID='get_files_purchase' AIRFLOW_CTX_EXECUTION_DATE='2024-04-24T08:00:00+00:00' AIRFLOW_CTX_TRY_NUMBER='1' AIRFLOW_CTX_DAG_RUN_ID='scheduled__2024-04-24T08:00:00+00:00'
[2024-05-30T10:02:18.317+0000] {logging_mixin.py:188} INFO - Sample data :
[2024-05-30T10:02:18.435+0000] {logging_mixin.py:188} INFO -    customer_id  product_id purchase_date
0            1         101    2023-01-01
1            1         105    2023-01-05
2            2         102    2023-01-02
3            3         103    2023-01-03
4            4         104    2023-01-04
[2024-05-30T10:02:18.461+0000] {python.py:202} INFO - Done. Returned value was: None
[2024-05-30T10:02:18.537+0000] {taskinstance.py:1149} INFO - Marking task as SUCCESS. dag_id=etl_csv_files, task_id=get_files_purchase, execution_date=20240424T080000, start_date=20240530T100215, end_date=20240530T100218
[2024-05-30T10:02:18.748+0000] {local_task_job_runner.py:234} INFO - Task exited with return code 0
[2024-05-30T10:02:18.912+0000] {taskinstance.py:3312} INFO - 0 downstream tasks scheduled from follow-on schedule check
