[2024-05-30T10:00:16.712+0000] {taskinstance.py:1979} INFO - Dependencies all met for dep_context=non-requeueable deps ti=<TaskInstance: etl_csv_files.get_files_product scheduled__2024-03-15T08:00:00+00:00 [queued]>
[2024-05-30T10:00:16.751+0000] {taskinstance.py:1979} INFO - Dependencies all met for dep_context=requeueable deps ti=<TaskInstance: etl_csv_files.get_files_product scheduled__2024-03-15T08:00:00+00:00 [queued]>
[2024-05-30T10:00:16.760+0000] {taskinstance.py:2193} INFO - Starting attempt 1 of 1
[2024-05-30T10:00:16.874+0000] {taskinstance.py:2217} INFO - Executing <Task(_PythonDecoratedOperator): get_files_product> on 2024-03-15 08:00:00+00:00
[2024-05-30T10:00:16.951+0000] {standard_task_runner.py:60} INFO - Started process 627 to run task
[2024-05-30T10:00:17.010+0000] {standard_task_runner.py:87} INFO - Running: ['airflow', 'tasks', 'run', 'etl_csv_files', 'get_files_product', 'scheduled__2024-03-15T08:00:00+00:00', '--job-id', '24', '--raw', '--subdir', 'DAGS_FOLDER/etl_from_csv.py', '--cfg-path', '/tmp/tmp9sfxg80r']
[2024-05-30T10:00:17.069+0000] {standard_task_runner.py:88} INFO - Job 24: Subtask get_files_product
[2024-05-30T10:00:17.511+0000] {task_command.py:423} INFO - Running <TaskInstance: etl_csv_files.get_files_product scheduled__2024-03-15T08:00:00+00:00 [running]> on host 9daf870c1958
[2024-05-30T10:00:19.868+0000] {taskinstance.py:2513} INFO - Exporting env vars: AIRFLOW_CTX_DAG_OWNER='airflow' AIRFLOW_CTX_DAG_ID='etl_csv_files' AIRFLOW_CTX_TASK_ID='get_files_product' AIRFLOW_CTX_EXECUTION_DATE='2024-03-15T08:00:00+00:00' AIRFLOW_CTX_TRY_NUMBER='1' AIRFLOW_CTX_DAG_RUN_ID='scheduled__2024-03-15T08:00:00+00:00'
[2024-05-30T10:00:21.403+0000] {logging_mixin.py:188} INFO - Sample data :
[2024-05-30T10:00:21.452+0000] {logging_mixin.py:188} INFO -    product_id        category  price  ratings
0         101     Electronics    500      4.5
1         102        Clothing     50      3.8
2         103  Home & Kitchen    200      4.2
3         104          Beauty     30      4.0
4         105     Electronics    800      4.8
[2024-05-30T10:00:21.467+0000] {python.py:202} INFO - Done. Returned value was: None
[2024-05-30T10:00:21.492+0000] {taskinstance.py:1149} INFO - Marking task as SUCCESS. dag_id=etl_csv_files, task_id=get_files_product, execution_date=20240315T080000, start_date=20240530T100016, end_date=20240530T100021
[2024-05-30T10:00:21.534+0000] {local_task_job_runner.py:234} INFO - Task exited with return code 0
[2024-05-30T10:00:21.606+0000] {taskinstance.py:3312} INFO - 1 downstream tasks scheduled from follow-on schedule check
[2024-05-31T14:44:41.669+0000] {taskinstance.py:1979} INFO - Dependencies all met for dep_context=non-requeueable deps ti=<TaskInstance: etl_csv_files.get_files_product scheduled__2024-03-15T08:00:00+00:00 [queued]>
[2024-05-31T14:44:41.730+0000] {taskinstance.py:1979} INFO - Dependencies all met for dep_context=requeueable deps ti=<TaskInstance: etl_csv_files.get_files_product scheduled__2024-03-15T08:00:00+00:00 [queued]>
[2024-05-31T14:44:41.731+0000] {taskinstance.py:2193} INFO - Starting attempt 1 of 1
[2024-05-31T14:44:41.770+0000] {taskinstance.py:2217} INFO - Executing <Task(_PythonDecoratedOperator): get_files_product> on 2024-03-15 08:00:00+00:00
[2024-05-31T14:44:41.792+0000] {standard_task_runner.py:60} INFO - Started process 257 to run task
[2024-05-31T14:44:41.824+0000] {standard_task_runner.py:87} INFO - Running: ['airflow', 'tasks', 'run', 'etl_csv_files', 'get_files_product', 'scheduled__2024-03-15T08:00:00+00:00', '--job-id', '11', '--raw', '--subdir', 'DAGS_FOLDER/etl_from_csv.py', '--cfg-path', '/tmp/tmp7j0vr1fw']
[2024-05-31T14:44:41.851+0000] {standard_task_runner.py:88} INFO - Job 11: Subtask get_files_product
[2024-05-31T14:44:42.160+0000] {task_command.py:423} INFO - Running <TaskInstance: etl_csv_files.get_files_product scheduled__2024-03-15T08:00:00+00:00 [running]> on host 66ed76cf62da
[2024-05-31T14:44:42.427+0000] {taskinstance.py:2513} INFO - Exporting env vars: AIRFLOW_CTX_DAG_OWNER='airflow' AIRFLOW_CTX_DAG_ID='etl_csv_files' AIRFLOW_CTX_TASK_ID='get_files_product' AIRFLOW_CTX_EXECUTION_DATE='2024-03-15T08:00:00+00:00' AIRFLOW_CTX_TRY_NUMBER='1' AIRFLOW_CTX_DAG_RUN_ID='scheduled__2024-03-15T08:00:00+00:00'
[2024-05-31T14:44:44.167+0000] {logging_mixin.py:188} INFO - Sample data :
[2024-05-31T14:44:44.312+0000] {logging_mixin.py:188} INFO -    product_id        category  price  ratings
0         101     Electronics    500      4.5
1         102        Clothing     50      3.8
2         103  Home & Kitchen    200      4.2
3         104          Beauty     30      4.0
4         105     Electronics    800      4.8
[2024-05-31T14:44:44.445+0000] {python.py:202} INFO - Done. Returned value was: None
[2024-05-31T14:44:44.609+0000] {taskinstance.py:1149} INFO - Marking task as SUCCESS. dag_id=etl_csv_files, task_id=get_files_product, execution_date=20240315T080000, start_date=20240531T144441, end_date=20240531T144444
[2024-05-31T14:44:44.822+0000] {local_task_job_runner.py:234} INFO - Task exited with return code 0
[2024-05-31T14:44:45.449+0000] {taskinstance.py:3312} INFO - 1 downstream tasks scheduled from follow-on schedule check
