[2024-05-31T15:14:45.470+0000] {taskinstance.py:1979} INFO - Dependencies all met for dep_context=non-requeueable deps ti=<TaskInstance: etl_csv_files.get_files_purchase manual__2024-05-31T15:14:43.673013+00:00 [queued]>
[2024-05-31T15:14:45.475+0000] {taskinstance.py:1979} INFO - Dependencies all met for dep_context=requeueable deps ti=<TaskInstance: etl_csv_files.get_files_purchase manual__2024-05-31T15:14:43.673013+00:00 [queued]>
[2024-05-31T15:14:45.476+0000] {taskinstance.py:2193} INFO - Starting attempt 1 of 1
[2024-05-31T15:14:45.484+0000] {taskinstance.py:2217} INFO - Executing <Task(_PythonDecoratedOperator): get_files_purchase> on 2024-05-31 15:14:43.673013+00:00
[2024-05-31T15:14:45.488+0000] {standard_task_runner.py:60} INFO - Started process 443 to run task
[2024-05-31T15:14:45.492+0000] {standard_task_runner.py:87} INFO - Running: ['airflow', 'tasks', 'run', 'etl_csv_files', 'get_files_purchase', 'manual__2024-05-31T15:14:43.673013+00:00', '--job-id', '18', '--raw', '--subdir', 'DAGS_FOLDER/etl_from_csv.py', '--cfg-path', '/tmp/tmpx83sp7qr']
[2024-05-31T15:14:45.494+0000] {standard_task_runner.py:88} INFO - Job 18: Subtask get_files_purchase
[2024-05-31T15:14:45.525+0000] {task_command.py:423} INFO - Running <TaskInstance: etl_csv_files.get_files_purchase manual__2024-05-31T15:14:43.673013+00:00 [running]> on host 720c72730b57
[2024-05-31T15:14:45.576+0000] {taskinstance.py:2513} INFO - Exporting env vars: AIRFLOW_CTX_DAG_OWNER='airflow' AIRFLOW_CTX_DAG_ID='etl_csv_files' AIRFLOW_CTX_TASK_ID='get_files_purchase' AIRFLOW_CTX_EXECUTION_DATE='2024-05-31T15:14:43.673013+00:00' AIRFLOW_CTX_TRY_NUMBER='1' AIRFLOW_CTX_DAG_RUN_ID='manual__2024-05-31T15:14:43.673013+00:00'
[2024-05-31T15:14:46.734+0000] {logging_mixin.py:188} INFO - Sample data :
[2024-05-31T15:14:46.740+0000] {logging_mixin.py:188} INFO -    customer_id  product_id purchase_date
0            1         101    2023-01-01
1            1         105    2023-01-05
2            2         102    2023-01-02
3            3         103    2023-01-03
4            4         104    2023-01-04
[2024-05-31T15:14:46.743+0000] {python.py:202} INFO - Done. Returned value was: None
[2024-05-31T15:14:46.750+0000] {taskinstance.py:1149} INFO - Marking task as SUCCESS. dag_id=etl_csv_files, task_id=get_files_purchase, execution_date=20240531T151443, start_date=20240531T151445, end_date=20240531T151446
[2024-05-31T15:14:46.777+0000] {local_task_job_runner.py:234} INFO - Task exited with return code 0
[2024-05-31T15:14:46.789+0000] {taskinstance.py:3312} INFO - 1 downstream tasks scheduled from follow-on schedule check
