[2024-05-30T10:00:05.334+0000] {taskinstance.py:1979} INFO - Dependencies all met for dep_context=non-requeueable deps ti=<TaskInstance: etl_csv_files.get_files_purchase scheduled__2024-03-11T08:00:00+00:00 [queued]>
[2024-05-30T10:00:05.406+0000] {taskinstance.py:1979} INFO - Dependencies all met for dep_context=requeueable deps ti=<TaskInstance: etl_csv_files.get_files_purchase scheduled__2024-03-11T08:00:00+00:00 [queued]>
[2024-05-30T10:00:05.417+0000] {taskinstance.py:2193} INFO - Starting attempt 1 of 1
[2024-05-30T10:00:05.689+0000] {taskinstance.py:2217} INFO - Executing <Task(_PythonDecoratedOperator): get_files_purchase> on 2024-03-11 08:00:00+00:00
[2024-05-30T10:00:05.768+0000] {standard_task_runner.py:60} INFO - Started process 572 to run task
[2024-05-30T10:00:05.772+0000] {standard_task_runner.py:87} INFO - Running: ['airflow', 'tasks', 'run', 'etl_csv_files', 'get_files_purchase', 'scheduled__2024-03-11T08:00:00+00:00', '--job-id', '12', '--raw', '--subdir', 'DAGS_FOLDER/etl_from_csv.py', '--cfg-path', '/tmp/tmp06sd8l7g']
[2024-05-30T10:00:05.804+0000] {standard_task_runner.py:88} INFO - Job 12: Subtask get_files_purchase
[2024-05-30T10:00:07.009+0000] {task_command.py:423} INFO - Running <TaskInstance: etl_csv_files.get_files_purchase scheduled__2024-03-11T08:00:00+00:00 [running]> on host 9daf870c1958
[2024-05-30T10:00:07.548+0000] {taskinstance.py:2513} INFO - Exporting env vars: AIRFLOW_CTX_DAG_OWNER='airflow' AIRFLOW_CTX_DAG_ID='etl_csv_files' AIRFLOW_CTX_TASK_ID='get_files_purchase' AIRFLOW_CTX_EXECUTION_DATE='2024-03-11T08:00:00+00:00' AIRFLOW_CTX_TRY_NUMBER='1' AIRFLOW_CTX_DAG_RUN_ID='scheduled__2024-03-11T08:00:00+00:00'
[2024-05-30T10:00:10.308+0000] {logging_mixin.py:188} INFO - Sample data :
[2024-05-30T10:00:10.477+0000] {logging_mixin.py:188} INFO -    customer_id  product_id purchase_date
0            1         101    2023-01-01
1            1         105    2023-01-05
2            2         102    2023-01-02
3            3         103    2023-01-03
4            4         104    2023-01-04
[2024-05-30T10:00:10.803+0000] {python.py:202} INFO - Done. Returned value was: None
[2024-05-30T10:00:11.440+0000] {taskinstance.py:1149} INFO - Marking task as SUCCESS. dag_id=etl_csv_files, task_id=get_files_purchase, execution_date=20240311T080000, start_date=20240530T100005, end_date=20240530T100011
[2024-05-30T10:00:12.370+0000] {local_task_job_runner.py:234} INFO - Task exited with return code 0
[2024-05-30T10:00:12.749+0000] {taskinstance.py:3312} INFO - 1 downstream tasks scheduled from follow-on schedule check
[2024-05-31T14:44:40.053+0000] {taskinstance.py:1979} INFO - Dependencies all met for dep_context=non-requeueable deps ti=<TaskInstance: etl_csv_files.get_files_purchase scheduled__2024-03-11T08:00:00+00:00 [queued]>
[2024-05-31T14:44:40.106+0000] {taskinstance.py:1979} INFO - Dependencies all met for dep_context=requeueable deps ti=<TaskInstance: etl_csv_files.get_files_purchase scheduled__2024-03-11T08:00:00+00:00 [queued]>
[2024-05-31T14:44:40.109+0000] {taskinstance.py:2193} INFO - Starting attempt 1 of 1
[2024-05-31T14:44:40.166+0000] {taskinstance.py:2217} INFO - Executing <Task(_PythonDecoratedOperator): get_files_purchase> on 2024-03-11 08:00:00+00:00
[2024-05-31T14:44:40.185+0000] {standard_task_runner.py:60} INFO - Started process 246 to run task
[2024-05-31T14:44:40.222+0000] {standard_task_runner.py:87} INFO - Running: ['airflow', 'tasks', 'run', 'etl_csv_files', 'get_files_purchase', 'scheduled__2024-03-11T08:00:00+00:00', '--job-id', '4', '--raw', '--subdir', 'DAGS_FOLDER/etl_from_csv.py', '--cfg-path', '/tmp/tmpx7fm_qv_']
[2024-05-31T14:44:40.239+0000] {standard_task_runner.py:88} INFO - Job 4: Subtask get_files_purchase
[2024-05-31T14:44:40.437+0000] {task_command.py:423} INFO - Running <TaskInstance: etl_csv_files.get_files_purchase scheduled__2024-03-11T08:00:00+00:00 [running]> on host 66ed76cf62da
[2024-05-31T14:44:40.952+0000] {taskinstance.py:2513} INFO - Exporting env vars: AIRFLOW_CTX_DAG_OWNER='airflow' AIRFLOW_CTX_DAG_ID='etl_csv_files' AIRFLOW_CTX_TASK_ID='get_files_purchase' AIRFLOW_CTX_EXECUTION_DATE='2024-03-11T08:00:00+00:00' AIRFLOW_CTX_TRY_NUMBER='1' AIRFLOW_CTX_DAG_RUN_ID='scheduled__2024-03-11T08:00:00+00:00'
[2024-05-31T14:44:43.632+0000] {logging_mixin.py:188} INFO - Sample data :
[2024-05-31T14:44:43.659+0000] {logging_mixin.py:188} INFO -    customer_id  product_id purchase_date
0            1         101    2023-01-01
1            1         105    2023-01-05
2            2         102    2023-01-02
3            3         103    2023-01-03
4            4         104    2023-01-04
[2024-05-31T14:44:43.666+0000] {python.py:202} INFO - Done. Returned value was: None
[2024-05-31T14:44:43.704+0000] {taskinstance.py:1149} INFO - Marking task as SUCCESS. dag_id=etl_csv_files, task_id=get_files_purchase, execution_date=20240311T080000, start_date=20240531T144440, end_date=20240531T144443
[2024-05-31T14:44:43.767+0000] {local_task_job_runner.py:234} INFO - Task exited with return code 0
[2024-05-31T14:44:43.913+0000] {taskinstance.py:3312} INFO - 0 downstream tasks scheduled from follow-on schedule check
