[2024-05-30T10:00:16.726+0000] {taskinstance.py:1979} INFO - Dependencies all met for dep_context=non-requeueable deps ti=<TaskInstance: etl_csv_files.get_files_customer scheduled__2024-03-20T08:00:00+00:00 [queued]>
[2024-05-30T10:00:16.750+0000] {taskinstance.py:1979} INFO - Dependencies all met for dep_context=requeueable deps ti=<TaskInstance: etl_csv_files.get_files_customer scheduled__2024-03-20T08:00:00+00:00 [queued]>
[2024-05-30T10:00:16.751+0000] {taskinstance.py:2193} INFO - Starting attempt 1 of 1
[2024-05-30T10:00:16.826+0000] {taskinstance.py:2217} INFO - Executing <Task(_PythonDecoratedOperator): get_files_customer> on 2024-03-20 08:00:00+00:00
[2024-05-30T10:00:16.860+0000] {standard_task_runner.py:60} INFO - Started process 620 to run task
[2024-05-30T10:00:16.889+0000] {standard_task_runner.py:87} INFO - Running: ['airflow', 'tasks', 'run', 'etl_csv_files', 'get_files_customer', 'scheduled__2024-03-20T08:00:00+00:00', '--job-id', '23', '--raw', '--subdir', 'DAGS_FOLDER/etl_from_csv.py', '--cfg-path', '/tmp/tmp621bugz_']
[2024-05-30T10:00:16.903+0000] {standard_task_runner.py:88} INFO - Job 23: Subtask get_files_customer
[2024-05-30T10:00:17.334+0000] {task_command.py:423} INFO - Running <TaskInstance: etl_csv_files.get_files_customer scheduled__2024-03-20T08:00:00+00:00 [running]> on host 9daf870c1958
[2024-05-30T10:00:20.008+0000] {taskinstance.py:2513} INFO - Exporting env vars: AIRFLOW_CTX_DAG_OWNER='airflow' AIRFLOW_CTX_DAG_ID='etl_csv_files' AIRFLOW_CTX_TASK_ID='get_files_customer' AIRFLOW_CTX_EXECUTION_DATE='2024-03-20T08:00:00+00:00' AIRFLOW_CTX_TRY_NUMBER='1' AIRFLOW_CTX_DAG_RUN_ID='scheduled__2024-03-20T08:00:00+00:00'
[2024-05-30T10:00:22.180+0000] {logging_mixin.py:188} INFO - Sample data :
[2024-05-30T10:00:22.263+0000] {logging_mixin.py:188} INFO -    customer_id  page_views  time_spent
0            1          25         120
1            2          20          90
2            3          30         150
3            4          15          80
4            5          22         110
[2024-05-30T10:00:22.405+0000] {python.py:202} INFO - Done. Returned value was: None
[2024-05-30T10:00:22.464+0000] {taskinstance.py:1149} INFO - Marking task as SUCCESS. dag_id=etl_csv_files, task_id=get_files_customer, execution_date=20240320T080000, start_date=20240530T100016, end_date=20240530T100022
[2024-05-30T10:00:22.711+0000] {local_task_job_runner.py:234} INFO - Task exited with return code 0
[2024-05-30T10:00:23.313+0000] {taskinstance.py:3312} INFO - 0 downstream tasks scheduled from follow-on schedule check
