[2024-05-31T00:03:53.895+0000] {processor.py:161} INFO - Started process (PID=1616) to work on /opt/airflow/dags/get_quotes.py
[2024-05-31T00:03:53.901+0000] {processor.py:830} INFO - Processing file /opt/airflow/dags/get_quotes.py for tasks to queue
[2024-05-31T00:03:53.912+0000] {logging_mixin.py:188} INFO - [2024-05-31T00:03:53.907+0000] {dagbag.py:540} INFO - Filling up the DagBag from /opt/airflow/dags/get_quotes.py
[2024-05-31T00:03:54.349+0000] {processor.py:840} INFO - DAG(s) 'simple_quotes' retrieved from /opt/airflow/dags/get_quotes.py
[2024-05-31T00:03:54.724+0000] {logging_mixin.py:188} INFO - [2024-05-31T00:03:54.723+0000] {dag.py:3047} INFO - Sync 1 DAGs
[2024-05-31T00:03:54.891+0000] {logging_mixin.py:188} INFO - [2024-05-31T00:03:54.890+0000] {dag.py:3834} INFO - Setting next_dagrun for simple_quotes to 2024-04-01 00:00:00+00:00, run_after=2024-05-01 00:00:00+00:00
[2024-05-31T00:03:54.938+0000] {processor.py:183} INFO - Processing /opt/airflow/dags/get_quotes.py took 1.130 seconds
[2024-05-31T00:54:22.296+0000] {processor.py:161} INFO - Started process (PID=1633) to work on /opt/airflow/dags/get_quotes.py
[2024-05-31T00:54:22.300+0000] {processor.py:830} INFO - Processing file /opt/airflow/dags/get_quotes.py for tasks to queue
[2024-05-31T00:54:22.308+0000] {logging_mixin.py:188} INFO - [2024-05-31T00:54:22.304+0000] {dagbag.py:540} INFO - Filling up the DagBag from /opt/airflow/dags/get_quotes.py
[2024-05-31T00:54:22.413+0000] {processor.py:840} INFO - DAG(s) 'simple_quotes' retrieved from /opt/airflow/dags/get_quotes.py
[2024-05-31T00:54:22.496+0000] {logging_mixin.py:188} INFO - [2024-05-31T00:54:22.495+0000] {dag.py:3047} INFO - Sync 1 DAGs
[2024-05-31T00:54:22.585+0000] {logging_mixin.py:188} INFO - [2024-05-31T00:54:22.584+0000] {dag.py:3834} INFO - Setting next_dagrun for simple_quotes to 2024-04-01 00:00:00+00:00, run_after=2024-05-01 00:00:00+00:00
[2024-05-31T00:54:22.648+0000] {processor.py:183} INFO - Processing /opt/airflow/dags/get_quotes.py took 0.365 seconds
[2024-05-31T02:18:43.702+0000] {processor.py:161} INFO - Started process (PID=1651) to work on /opt/airflow/dags/get_quotes.py
[2024-05-31T02:18:43.716+0000] {processor.py:830} INFO - Processing file /opt/airflow/dags/get_quotes.py for tasks to queue
[2024-05-31T02:18:43.735+0000] {logging_mixin.py:188} INFO - [2024-05-31T02:18:43.728+0000] {dagbag.py:540} INFO - Filling up the DagBag from /opt/airflow/dags/get_quotes.py
[2024-05-31T02:18:43.851+0000] {processor.py:840} INFO - DAG(s) 'simple_quotes' retrieved from /opt/airflow/dags/get_quotes.py
[2024-05-31T02:18:43.962+0000] {logging_mixin.py:188} INFO - [2024-05-31T02:18:43.961+0000] {dag.py:3047} INFO - Sync 1 DAGs
[2024-05-31T02:18:44.053+0000] {logging_mixin.py:188} INFO - [2024-05-31T02:18:44.051+0000] {dag.py:3834} INFO - Setting next_dagrun for simple_quotes to 2024-04-01 00:00:00+00:00, run_after=2024-05-01 00:00:00+00:00
[2024-05-31T02:18:44.116+0000] {processor.py:183} INFO - Processing /opt/airflow/dags/get_quotes.py took 0.444 seconds
[2024-05-31T02:56:07.344+0000] {processor.py:161} INFO - Started process (PID=189) to work on /opt/airflow/dags/get_quotes.py
[2024-05-31T02:56:07.346+0000] {processor.py:830} INFO - Processing file /opt/airflow/dags/get_quotes.py for tasks to queue
[2024-05-31T02:56:07.348+0000] {logging_mixin.py:188} INFO - [2024-05-31T02:56:07.348+0000] {dagbag.py:540} INFO - Filling up the DagBag from /opt/airflow/dags/get_quotes.py
[2024-05-31T02:56:07.384+0000] {processor.py:840} INFO - DAG(s) 'simple_quotes' retrieved from /opt/airflow/dags/get_quotes.py
[2024-05-31T02:56:07.865+0000] {logging_mixin.py:188} INFO - [2024-05-31T02:56:07.865+0000] {dag.py:3047} INFO - Sync 1 DAGs
[2024-05-31T02:56:07.945+0000] {logging_mixin.py:188} INFO - [2024-05-31T02:56:07.945+0000] {dag.py:3834} INFO - Setting next_dagrun for simple_quotes to 2024-04-01 00:00:00+00:00, run_after=2024-05-01 00:00:00+00:00
[2024-05-31T02:56:07.991+0000] {processor.py:183} INFO - Processing /opt/airflow/dags/get_quotes.py took 0.667 seconds
[2024-05-31T02:56:38.532+0000] {processor.py:161} INFO - Started process (PID=203) to work on /opt/airflow/dags/get_quotes.py
[2024-05-31T02:56:38.539+0000] {processor.py:830} INFO - Processing file /opt/airflow/dags/get_quotes.py for tasks to queue
[2024-05-31T02:56:38.562+0000] {logging_mixin.py:188} INFO - [2024-05-31T02:56:38.549+0000] {dagbag.py:540} INFO - Filling up the DagBag from /opt/airflow/dags/get_quotes.py
[2024-05-31T02:56:39.142+0000] {processor.py:840} INFO - DAG(s) 'simple_quotes' retrieved from /opt/airflow/dags/get_quotes.py
[2024-05-31T02:56:39.821+0000] {logging_mixin.py:188} INFO - [2024-05-31T02:56:39.820+0000] {dag.py:3047} INFO - Sync 1 DAGs
[2024-05-31T02:56:40.205+0000] {logging_mixin.py:188} INFO - [2024-05-31T02:56:40.204+0000] {dag.py:3834} INFO - Setting next_dagrun for simple_quotes to 2024-04-01 00:00:00+00:00, run_after=2024-05-01 00:00:00+00:00
[2024-05-31T02:56:40.371+0000] {processor.py:183} INFO - Processing /opt/airflow/dags/get_quotes.py took 1.948 seconds
[2024-05-31T02:57:11.711+0000] {processor.py:161} INFO - Started process (PID=220) to work on /opt/airflow/dags/get_quotes.py
[2024-05-31T02:57:11.729+0000] {processor.py:830} INFO - Processing file /opt/airflow/dags/get_quotes.py for tasks to queue
[2024-05-31T02:57:11.774+0000] {logging_mixin.py:188} INFO - [2024-05-31T02:57:11.753+0000] {dagbag.py:540} INFO - Filling up the DagBag from /opt/airflow/dags/get_quotes.py
[2024-05-31T02:57:15.430+0000] {processor.py:840} INFO - DAG(s) 'simple_quotes' retrieved from /opt/airflow/dags/get_quotes.py
[2024-05-31T02:57:15.801+0000] {logging_mixin.py:188} INFO - [2024-05-31T02:57:15.797+0000] {dag.py:3047} INFO - Sync 1 DAGs
[2024-05-31T02:57:16.483+0000] {logging_mixin.py:188} INFO - [2024-05-31T02:57:16.481+0000] {dag.py:3834} INFO - Setting next_dagrun for simple_quotes to 2024-04-01 00:00:00+00:00, run_after=2024-05-01 00:00:00+00:00
[2024-05-31T02:57:16.833+0000] {processor.py:183} INFO - Processing /opt/airflow/dags/get_quotes.py took 5.417 seconds
[2024-05-31T14:43:47.865+0000] {processor.py:161} INFO - Started process (PID=190) to work on /opt/airflow/dags/get_quotes.py
[2024-05-31T14:43:47.866+0000] {processor.py:830} INFO - Processing file /opt/airflow/dags/get_quotes.py for tasks to queue
[2024-05-31T14:43:47.867+0000] {logging_mixin.py:188} INFO - [2024-05-31T14:43:47.867+0000] {dagbag.py:540} INFO - Filling up the DagBag from /opt/airflow/dags/get_quotes.py
[2024-05-31T14:43:47.884+0000] {processor.py:840} INFO - DAG(s) 'simple_quotes' retrieved from /opt/airflow/dags/get_quotes.py
[2024-05-31T14:43:47.907+0000] {logging_mixin.py:188} INFO - [2024-05-31T14:43:47.907+0000] {dag.py:3047} INFO - Sync 1 DAGs
[2024-05-31T14:43:47.924+0000] {logging_mixin.py:188} INFO - [2024-05-31T14:43:47.924+0000] {dag.py:3834} INFO - Setting next_dagrun for simple_quotes to 2024-04-01 00:00:00+00:00, run_after=2024-05-01 00:00:00+00:00
[2024-05-31T14:43:47.938+0000] {processor.py:183} INFO - Processing /opt/airflow/dags/get_quotes.py took 0.076 seconds
[2024-05-31T14:44:39.257+0000] {processor.py:161} INFO - Started process (PID=231) to work on /opt/airflow/dags/get_quotes.py
[2024-05-31T14:44:39.267+0000] {processor.py:830} INFO - Processing file /opt/airflow/dags/get_quotes.py for tasks to queue
[2024-05-31T14:44:39.271+0000] {logging_mixin.py:188} INFO - [2024-05-31T14:44:39.269+0000] {dagbag.py:540} INFO - Filling up the DagBag from /opt/airflow/dags/get_quotes.py
[2024-05-31T14:44:39.424+0000] {processor.py:840} INFO - DAG(s) 'simple_quotes' retrieved from /opt/airflow/dags/get_quotes.py
[2024-05-31T14:44:41.210+0000] {logging_mixin.py:188} INFO - [2024-05-31T14:44:41.181+0000] {dag.py:3047} INFO - Sync 1 DAGs
[2024-05-31T14:44:41.396+0000] {logging_mixin.py:188} INFO - [2024-05-31T14:44:41.396+0000] {dag.py:3834} INFO - Setting next_dagrun for simple_quotes to 2024-04-01 00:00:00+00:00, run_after=2024-05-01 00:00:00+00:00
[2024-05-31T14:44:41.553+0000] {processor.py:183} INFO - Processing /opt/airflow/dags/get_quotes.py took 2.313 seconds
[2024-05-31T14:45:11.863+0000] {processor.py:161} INFO - Started process (PID=275) to work on /opt/airflow/dags/get_quotes.py
[2024-05-31T14:45:11.865+0000] {processor.py:830} INFO - Processing file /opt/airflow/dags/get_quotes.py for tasks to queue
[2024-05-31T14:45:11.871+0000] {logging_mixin.py:188} INFO - [2024-05-31T14:45:11.867+0000] {dagbag.py:540} INFO - Filling up the DagBag from /opt/airflow/dags/get_quotes.py
[2024-05-31T14:45:11.933+0000] {processor.py:840} INFO - DAG(s) 'simple_quotes' retrieved from /opt/airflow/dags/get_quotes.py
[2024-05-31T14:45:12.042+0000] {logging_mixin.py:188} INFO - [2024-05-31T14:45:12.041+0000] {dag.py:3047} INFO - Sync 1 DAGs
[2024-05-31T14:45:12.064+0000] {logging_mixin.py:188} INFO - [2024-05-31T14:45:12.064+0000] {dag.py:3834} INFO - Setting next_dagrun for simple_quotes to 2024-04-01 00:00:00+00:00, run_after=2024-05-01 00:00:00+00:00
[2024-05-31T14:45:12.080+0000] {processor.py:183} INFO - Processing /opt/airflow/dags/get_quotes.py took 0.236 seconds
[2024-05-31T14:45:42.597+0000] {processor.py:161} INFO - Started process (PID=292) to work on /opt/airflow/dags/get_quotes.py
[2024-05-31T14:45:42.599+0000] {processor.py:830} INFO - Processing file /opt/airflow/dags/get_quotes.py for tasks to queue
[2024-05-31T14:45:42.601+0000] {logging_mixin.py:188} INFO - [2024-05-31T14:45:42.601+0000] {dagbag.py:540} INFO - Filling up the DagBag from /opt/airflow/dags/get_quotes.py
[2024-05-31T14:45:42.618+0000] {processor.py:840} INFO - DAG(s) 'simple_quotes' retrieved from /opt/airflow/dags/get_quotes.py
[2024-05-31T14:45:42.642+0000] {logging_mixin.py:188} INFO - [2024-05-31T14:45:42.642+0000] {dag.py:3047} INFO - Sync 1 DAGs
[2024-05-31T14:45:42.657+0000] {logging_mixin.py:188} INFO - [2024-05-31T14:45:42.657+0000] {dag.py:3834} INFO - Setting next_dagrun for simple_quotes to 2024-04-01 00:00:00+00:00, run_after=2024-05-01 00:00:00+00:00
[2024-05-31T14:45:42.667+0000] {processor.py:183} INFO - Processing /opt/airflow/dags/get_quotes.py took 0.079 seconds
[2024-05-31T14:46:13.149+0000] {processor.py:161} INFO - Started process (PID=309) to work on /opt/airflow/dags/get_quotes.py
[2024-05-31T14:46:13.151+0000] {processor.py:830} INFO - Processing file /opt/airflow/dags/get_quotes.py for tasks to queue
[2024-05-31T14:46:13.152+0000] {logging_mixin.py:188} INFO - [2024-05-31T14:46:13.152+0000] {dagbag.py:540} INFO - Filling up the DagBag from /opt/airflow/dags/get_quotes.py
[2024-05-31T14:46:13.171+0000] {processor.py:840} INFO - DAG(s) 'simple_quotes' retrieved from /opt/airflow/dags/get_quotes.py
[2024-05-31T14:46:13.203+0000] {logging_mixin.py:188} INFO - [2024-05-31T14:46:13.203+0000] {dag.py:3047} INFO - Sync 1 DAGs
[2024-05-31T14:46:13.217+0000] {logging_mixin.py:188} INFO - [2024-05-31T14:46:13.217+0000] {dag.py:3834} INFO - Setting next_dagrun for simple_quotes to 2024-04-01 00:00:00+00:00, run_after=2024-05-01 00:00:00+00:00
[2024-05-31T14:46:13.227+0000] {processor.py:183} INFO - Processing /opt/airflow/dags/get_quotes.py took 0.084 seconds
[2024-05-31T14:46:43.607+0000] {processor.py:161} INFO - Started process (PID=326) to work on /opt/airflow/dags/get_quotes.py
[2024-05-31T14:46:43.610+0000] {processor.py:830} INFO - Processing file /opt/airflow/dags/get_quotes.py for tasks to queue
[2024-05-31T14:46:43.613+0000] {logging_mixin.py:188} INFO - [2024-05-31T14:46:43.612+0000] {dagbag.py:540} INFO - Filling up the DagBag from /opt/airflow/dags/get_quotes.py
[2024-05-31T14:46:43.639+0000] {processor.py:840} INFO - DAG(s) 'simple_quotes' retrieved from /opt/airflow/dags/get_quotes.py
[2024-05-31T14:46:43.662+0000] {logging_mixin.py:188} INFO - [2024-05-31T14:46:43.662+0000] {dag.py:3047} INFO - Sync 1 DAGs
[2024-05-31T14:46:43.677+0000] {logging_mixin.py:188} INFO - [2024-05-31T14:46:43.677+0000] {dag.py:3834} INFO - Setting next_dagrun for simple_quotes to 2024-04-01 00:00:00+00:00, run_after=2024-05-01 00:00:00+00:00
[2024-05-31T14:46:43.688+0000] {processor.py:183} INFO - Processing /opt/airflow/dags/get_quotes.py took 0.093 seconds
[2024-05-31T14:46:57.984+0000] {processor.py:161} INFO - Started process (PID=343) to work on /opt/airflow/dags/get_quotes.py
[2024-05-31T14:46:57.987+0000] {processor.py:830} INFO - Processing file /opt/airflow/dags/get_quotes.py for tasks to queue
[2024-05-31T14:46:57.988+0000] {logging_mixin.py:188} INFO - [2024-05-31T14:46:57.988+0000] {dagbag.py:540} INFO - Filling up the DagBag from /opt/airflow/dags/get_quotes.py
[2024-05-31T14:46:58.007+0000] {processor.py:840} INFO - DAG(s) 'simple_quotes' retrieved from /opt/airflow/dags/get_quotes.py
[2024-05-31T14:46:58.074+0000] {logging_mixin.py:188} INFO - [2024-05-31T14:46:58.074+0000] {dag.py:3047} INFO - Sync 1 DAGs
[2024-05-31T14:46:58.084+0000] {logging_mixin.py:188} INFO - [2024-05-31T14:46:58.084+0000] {dag.py:3834} INFO - Setting next_dagrun for simple_quotes to 2024-04-01 00:00:00+00:00, run_after=2024-05-01 00:00:00+00:00
[2024-05-31T14:46:58.093+0000] {processor.py:183} INFO - Processing /opt/airflow/dags/get_quotes.py took 0.116 seconds
[2024-05-31T14:47:28.734+0000] {processor.py:161} INFO - Started process (PID=465) to work on /opt/airflow/dags/get_quotes.py
[2024-05-31T14:47:28.736+0000] {processor.py:830} INFO - Processing file /opt/airflow/dags/get_quotes.py for tasks to queue
[2024-05-31T14:47:28.737+0000] {logging_mixin.py:188} INFO - [2024-05-31T14:47:28.737+0000] {dagbag.py:540} INFO - Filling up the DagBag from /opt/airflow/dags/get_quotes.py
[2024-05-31T14:47:28.749+0000] {processor.py:840} INFO - DAG(s) 'simple_quotes' retrieved from /opt/airflow/dags/get_quotes.py
[2024-05-31T14:47:28.777+0000] {logging_mixin.py:188} INFO - [2024-05-31T14:47:28.777+0000] {dag.py:3047} INFO - Sync 1 DAGs
[2024-05-31T14:47:28.814+0000] {logging_mixin.py:188} INFO - [2024-05-31T14:47:28.814+0000] {dag.py:3834} INFO - Setting next_dagrun for simple_quotes to 2024-04-01 00:00:00+00:00, run_after=2024-05-01 00:00:00+00:00
[2024-05-31T14:47:28.830+0000] {processor.py:183} INFO - Processing /opt/airflow/dags/get_quotes.py took 0.101 seconds
[2024-05-31T14:47:59.542+0000] {processor.py:161} INFO - Started process (PID=541) to work on /opt/airflow/dags/get_quotes.py
[2024-05-31T14:47:59.550+0000] {processor.py:830} INFO - Processing file /opt/airflow/dags/get_quotes.py for tasks to queue
[2024-05-31T14:47:59.559+0000] {logging_mixin.py:188} INFO - [2024-05-31T14:47:59.557+0000] {dagbag.py:540} INFO - Filling up the DagBag from /opt/airflow/dags/get_quotes.py
[2024-05-31T14:47:59.800+0000] {processor.py:840} INFO - DAG(s) 'simple_quotes' retrieved from /opt/airflow/dags/get_quotes.py
[2024-05-31T14:48:00.350+0000] {logging_mixin.py:188} INFO - [2024-05-31T14:48:00.336+0000] {dag.py:3047} INFO - Sync 1 DAGs
[2024-05-31T14:48:01.068+0000] {logging_mixin.py:188} INFO - [2024-05-31T14:48:01.059+0000] {dag.py:3834} INFO - Setting next_dagrun for simple_quotes to 2024-04-01 00:00:00+00:00, run_after=2024-05-01 00:00:00+00:00
[2024-05-31T14:48:01.313+0000] {processor.py:183} INFO - Processing /opt/airflow/dags/get_quotes.py took 1.821 seconds
[2024-05-31T14:48:31.577+0000] {processor.py:161} INFO - Started process (PID=770) to work on /opt/airflow/dags/get_quotes.py
[2024-05-31T14:48:31.587+0000] {processor.py:830} INFO - Processing file /opt/airflow/dags/get_quotes.py for tasks to queue
[2024-05-31T14:48:31.600+0000] {logging_mixin.py:188} INFO - [2024-05-31T14:48:31.600+0000] {dagbag.py:540} INFO - Filling up the DagBag from /opt/airflow/dags/get_quotes.py
[2024-05-31T14:48:31.954+0000] {processor.py:840} INFO - DAG(s) 'simple_quotes' retrieved from /opt/airflow/dags/get_quotes.py
[2024-05-31T14:48:32.670+0000] {logging_mixin.py:188} INFO - [2024-05-31T14:48:32.668+0000] {dag.py:3047} INFO - Sync 1 DAGs
[2024-05-31T14:48:32.842+0000] {logging_mixin.py:188} INFO - [2024-05-31T14:48:32.842+0000] {dag.py:3834} INFO - Setting next_dagrun for simple_quotes to 2024-04-01 00:00:00+00:00, run_after=2024-05-01 00:00:00+00:00
[2024-05-31T14:48:32.983+0000] {processor.py:183} INFO - Processing /opt/airflow/dags/get_quotes.py took 1.438 seconds
[2024-05-31T14:49:03.627+0000] {processor.py:161} INFO - Started process (PID=875) to work on /opt/airflow/dags/get_quotes.py
[2024-05-31T14:49:03.630+0000] {processor.py:830} INFO - Processing file /opt/airflow/dags/get_quotes.py for tasks to queue
[2024-05-31T14:49:03.631+0000] {logging_mixin.py:188} INFO - [2024-05-31T14:49:03.631+0000] {dagbag.py:540} INFO - Filling up the DagBag from /opt/airflow/dags/get_quotes.py
[2024-05-31T14:49:03.651+0000] {processor.py:840} INFO - DAG(s) 'simple_quotes' retrieved from /opt/airflow/dags/get_quotes.py
[2024-05-31T14:49:03.680+0000] {logging_mixin.py:188} INFO - [2024-05-31T14:49:03.680+0000] {dag.py:3047} INFO - Sync 1 DAGs
[2024-05-31T14:49:03.712+0000] {logging_mixin.py:188} INFO - [2024-05-31T14:49:03.711+0000] {dag.py:3834} INFO - Setting next_dagrun for simple_quotes to 2024-04-01 00:00:00+00:00, run_after=2024-05-01 00:00:00+00:00
[2024-05-31T14:49:03.733+0000] {processor.py:183} INFO - Processing /opt/airflow/dags/get_quotes.py took 0.114 seconds
[2024-05-31T14:49:33.859+0000] {processor.py:161} INFO - Started process (PID=913) to work on /opt/airflow/dags/get_quotes.py
[2024-05-31T14:49:33.861+0000] {processor.py:830} INFO - Processing file /opt/airflow/dags/get_quotes.py for tasks to queue
[2024-05-31T14:49:33.863+0000] {logging_mixin.py:188} INFO - [2024-05-31T14:49:33.863+0000] {dagbag.py:540} INFO - Filling up the DagBag from /opt/airflow/dags/get_quotes.py
[2024-05-31T14:49:33.904+0000] {processor.py:840} INFO - DAG(s) 'simple_quotes' retrieved from /opt/airflow/dags/get_quotes.py
[2024-05-31T14:49:33.948+0000] {logging_mixin.py:188} INFO - [2024-05-31T14:49:33.948+0000] {dag.py:3047} INFO - Sync 1 DAGs
[2024-05-31T14:49:33.976+0000] {logging_mixin.py:188} INFO - [2024-05-31T14:49:33.975+0000] {dag.py:3834} INFO - Setting next_dagrun for simple_quotes to 2024-04-01 00:00:00+00:00, run_after=2024-05-01 00:00:00+00:00
[2024-05-31T14:49:33.990+0000] {processor.py:183} INFO - Processing /opt/airflow/dags/get_quotes.py took 0.157 seconds
[2024-05-31T14:50:04.678+0000] {processor.py:161} INFO - Started process (PID=930) to work on /opt/airflow/dags/get_quotes.py
[2024-05-31T14:50:04.682+0000] {processor.py:830} INFO - Processing file /opt/airflow/dags/get_quotes.py for tasks to queue
[2024-05-31T14:50:04.685+0000] {logging_mixin.py:188} INFO - [2024-05-31T14:50:04.684+0000] {dagbag.py:540} INFO - Filling up the DagBag from /opt/airflow/dags/get_quotes.py
[2024-05-31T14:50:04.709+0000] {processor.py:840} INFO - DAG(s) 'simple_quotes' retrieved from /opt/airflow/dags/get_quotes.py
[2024-05-31T14:50:04.746+0000] {logging_mixin.py:188} INFO - [2024-05-31T14:50:04.745+0000] {dag.py:3047} INFO - Sync 1 DAGs
[2024-05-31T14:50:04.773+0000] {logging_mixin.py:188} INFO - [2024-05-31T14:50:04.773+0000] {dag.py:3834} INFO - Setting next_dagrun for simple_quotes to 2024-04-01 00:00:00+00:00, run_after=2024-05-01 00:00:00+00:00
[2024-05-31T14:50:04.792+0000] {processor.py:183} INFO - Processing /opt/airflow/dags/get_quotes.py took 0.122 seconds
[2024-05-31T14:50:35.305+0000] {processor.py:161} INFO - Started process (PID=947) to work on /opt/airflow/dags/get_quotes.py
[2024-05-31T14:50:35.307+0000] {processor.py:830} INFO - Processing file /opt/airflow/dags/get_quotes.py for tasks to queue
[2024-05-31T14:50:35.309+0000] {logging_mixin.py:188} INFO - [2024-05-31T14:50:35.308+0000] {dagbag.py:540} INFO - Filling up the DagBag from /opt/airflow/dags/get_quotes.py
[2024-05-31T14:50:35.325+0000] {processor.py:840} INFO - DAG(s) 'simple_quotes' retrieved from /opt/airflow/dags/get_quotes.py
[2024-05-31T14:50:35.346+0000] {logging_mixin.py:188} INFO - [2024-05-31T14:50:35.346+0000] {dag.py:3047} INFO - Sync 1 DAGs
[2024-05-31T14:50:35.361+0000] {logging_mixin.py:188} INFO - [2024-05-31T14:50:35.360+0000] {dag.py:3834} INFO - Setting next_dagrun for simple_quotes to 2024-04-01 00:00:00+00:00, run_after=2024-05-01 00:00:00+00:00
[2024-05-31T14:50:35.371+0000] {processor.py:183} INFO - Processing /opt/airflow/dags/get_quotes.py took 0.070 seconds
[2024-05-31T14:51:05.779+0000] {processor.py:161} INFO - Started process (PID=964) to work on /opt/airflow/dags/get_quotes.py
[2024-05-31T14:51:05.782+0000] {processor.py:830} INFO - Processing file /opt/airflow/dags/get_quotes.py for tasks to queue
[2024-05-31T14:51:05.783+0000] {logging_mixin.py:188} INFO - [2024-05-31T14:51:05.783+0000] {dagbag.py:540} INFO - Filling up the DagBag from /opt/airflow/dags/get_quotes.py
[2024-05-31T14:51:05.798+0000] {processor.py:840} INFO - DAG(s) 'simple_quotes' retrieved from /opt/airflow/dags/get_quotes.py
[2024-05-31T14:51:05.821+0000] {logging_mixin.py:188} INFO - [2024-05-31T14:51:05.821+0000] {dag.py:3047} INFO - Sync 1 DAGs
[2024-05-31T14:51:05.837+0000] {logging_mixin.py:188} INFO - [2024-05-31T14:51:05.837+0000] {dag.py:3834} INFO - Setting next_dagrun for simple_quotes to 2024-04-01 00:00:00+00:00, run_after=2024-05-01 00:00:00+00:00
[2024-05-31T14:51:05.847+0000] {processor.py:183} INFO - Processing /opt/airflow/dags/get_quotes.py took 0.074 seconds
[2024-05-31T14:51:36.234+0000] {processor.py:161} INFO - Started process (PID=981) to work on /opt/airflow/dags/get_quotes.py
[2024-05-31T14:51:36.236+0000] {processor.py:830} INFO - Processing file /opt/airflow/dags/get_quotes.py for tasks to queue
[2024-05-31T14:51:36.238+0000] {logging_mixin.py:188} INFO - [2024-05-31T14:51:36.237+0000] {dagbag.py:540} INFO - Filling up the DagBag from /opt/airflow/dags/get_quotes.py
[2024-05-31T14:51:36.253+0000] {processor.py:840} INFO - DAG(s) 'simple_quotes' retrieved from /opt/airflow/dags/get_quotes.py
[2024-05-31T14:51:36.276+0000] {logging_mixin.py:188} INFO - [2024-05-31T14:51:36.276+0000] {dag.py:3047} INFO - Sync 1 DAGs
[2024-05-31T14:51:36.290+0000] {logging_mixin.py:188} INFO - [2024-05-31T14:51:36.290+0000] {dag.py:3834} INFO - Setting next_dagrun for simple_quotes to 2024-04-01 00:00:00+00:00, run_after=2024-05-01 00:00:00+00:00
[2024-05-31T14:51:36.300+0000] {processor.py:183} INFO - Processing /opt/airflow/dags/get_quotes.py took 0.072 seconds
[2024-05-31T14:52:06.863+0000] {processor.py:161} INFO - Started process (PID=998) to work on /opt/airflow/dags/get_quotes.py
[2024-05-31T14:52:06.865+0000] {processor.py:830} INFO - Processing file /opt/airflow/dags/get_quotes.py for tasks to queue
[2024-05-31T14:52:06.868+0000] {logging_mixin.py:188} INFO - [2024-05-31T14:52:06.867+0000] {dagbag.py:540} INFO - Filling up the DagBag from /opt/airflow/dags/get_quotes.py
[2024-05-31T14:52:06.894+0000] {processor.py:840} INFO - DAG(s) 'simple_quotes' retrieved from /opt/airflow/dags/get_quotes.py
[2024-05-31T14:52:06.921+0000] {logging_mixin.py:188} INFO - [2024-05-31T14:52:06.921+0000] {dag.py:3047} INFO - Sync 1 DAGs
[2024-05-31T14:52:06.940+0000] {logging_mixin.py:188} INFO - [2024-05-31T14:52:06.940+0000] {dag.py:3834} INFO - Setting next_dagrun for simple_quotes to 2024-04-01 00:00:00+00:00, run_after=2024-05-01 00:00:00+00:00
[2024-05-31T14:52:06.951+0000] {processor.py:183} INFO - Processing /opt/airflow/dags/get_quotes.py took 0.099 seconds
[2024-05-31T14:52:37.390+0000] {processor.py:161} INFO - Started process (PID=1015) to work on /opt/airflow/dags/get_quotes.py
[2024-05-31T14:52:37.392+0000] {processor.py:830} INFO - Processing file /opt/airflow/dags/get_quotes.py for tasks to queue
[2024-05-31T14:52:37.394+0000] {logging_mixin.py:188} INFO - [2024-05-31T14:52:37.393+0000] {dagbag.py:540} INFO - Filling up the DagBag from /opt/airflow/dags/get_quotes.py
[2024-05-31T14:52:37.411+0000] {processor.py:840} INFO - DAG(s) 'simple_quotes' retrieved from /opt/airflow/dags/get_quotes.py
[2024-05-31T14:52:37.433+0000] {logging_mixin.py:188} INFO - [2024-05-31T14:52:37.433+0000] {dag.py:3047} INFO - Sync 1 DAGs
[2024-05-31T14:52:37.448+0000] {logging_mixin.py:188} INFO - [2024-05-31T14:52:37.448+0000] {dag.py:3834} INFO - Setting next_dagrun for simple_quotes to 2024-04-01 00:00:00+00:00, run_after=2024-05-01 00:00:00+00:00
[2024-05-31T14:52:37.458+0000] {processor.py:183} INFO - Processing /opt/airflow/dags/get_quotes.py took 0.073 seconds
[2024-05-31T14:53:07.840+0000] {processor.py:161} INFO - Started process (PID=1032) to work on /opt/airflow/dags/get_quotes.py
[2024-05-31T14:53:07.842+0000] {processor.py:830} INFO - Processing file /opt/airflow/dags/get_quotes.py for tasks to queue
[2024-05-31T14:53:07.843+0000] {logging_mixin.py:188} INFO - [2024-05-31T14:53:07.843+0000] {dagbag.py:540} INFO - Filling up the DagBag from /opt/airflow/dags/get_quotes.py
[2024-05-31T14:53:07.859+0000] {processor.py:840} INFO - DAG(s) 'simple_quotes' retrieved from /opt/airflow/dags/get_quotes.py
[2024-05-31T14:53:07.878+0000] {logging_mixin.py:188} INFO - [2024-05-31T14:53:07.878+0000] {dag.py:3047} INFO - Sync 1 DAGs
[2024-05-31T14:53:07.896+0000] {logging_mixin.py:188} INFO - [2024-05-31T14:53:07.896+0000] {dag.py:3834} INFO - Setting next_dagrun for simple_quotes to 2024-04-01 00:00:00+00:00, run_after=2024-05-01 00:00:00+00:00
[2024-05-31T14:53:07.905+0000] {processor.py:183} INFO - Processing /opt/airflow/dags/get_quotes.py took 0.069 seconds
[2024-05-31T14:53:38.381+0000] {processor.py:161} INFO - Started process (PID=1049) to work on /opt/airflow/dags/get_quotes.py
[2024-05-31T14:53:38.383+0000] {processor.py:830} INFO - Processing file /opt/airflow/dags/get_quotes.py for tasks to queue
[2024-05-31T14:53:38.387+0000] {logging_mixin.py:188} INFO - [2024-05-31T14:53:38.387+0000] {dagbag.py:540} INFO - Filling up the DagBag from /opt/airflow/dags/get_quotes.py
[2024-05-31T14:53:38.403+0000] {processor.py:840} INFO - DAG(s) 'simple_quotes' retrieved from /opt/airflow/dags/get_quotes.py
[2024-05-31T14:53:38.426+0000] {logging_mixin.py:188} INFO - [2024-05-31T14:53:38.426+0000] {dag.py:3047} INFO - Sync 1 DAGs
[2024-05-31T14:53:38.443+0000] {logging_mixin.py:188} INFO - [2024-05-31T14:53:38.442+0000] {dag.py:3834} INFO - Setting next_dagrun for simple_quotes to 2024-04-01 00:00:00+00:00, run_after=2024-05-01 00:00:00+00:00
[2024-05-31T14:53:38.452+0000] {processor.py:183} INFO - Processing /opt/airflow/dags/get_quotes.py took 0.077 seconds
[2024-05-31T14:54:08.890+0000] {processor.py:161} INFO - Started process (PID=1066) to work on /opt/airflow/dags/get_quotes.py
[2024-05-31T14:54:08.893+0000] {processor.py:830} INFO - Processing file /opt/airflow/dags/get_quotes.py for tasks to queue
[2024-05-31T14:54:08.896+0000] {logging_mixin.py:188} INFO - [2024-05-31T14:54:08.895+0000] {dagbag.py:540} INFO - Filling up the DagBag from /opt/airflow/dags/get_quotes.py
[2024-05-31T14:54:08.915+0000] {processor.py:840} INFO - DAG(s) 'simple_quotes' retrieved from /opt/airflow/dags/get_quotes.py
[2024-05-31T14:54:08.938+0000] {logging_mixin.py:188} INFO - [2024-05-31T14:54:08.938+0000] {dag.py:3047} INFO - Sync 1 DAGs
[2024-05-31T14:54:08.957+0000] {logging_mixin.py:188} INFO - [2024-05-31T14:54:08.957+0000] {dag.py:3834} INFO - Setting next_dagrun for simple_quotes to 2024-04-01 00:00:00+00:00, run_after=2024-05-01 00:00:00+00:00
[2024-05-31T14:54:08.967+0000] {processor.py:183} INFO - Processing /opt/airflow/dags/get_quotes.py took 0.084 seconds
[2024-05-31T14:54:39.407+0000] {processor.py:161} INFO - Started process (PID=1083) to work on /opt/airflow/dags/get_quotes.py
[2024-05-31T14:54:39.409+0000] {processor.py:830} INFO - Processing file /opt/airflow/dags/get_quotes.py for tasks to queue
[2024-05-31T14:54:39.410+0000] {logging_mixin.py:188} INFO - [2024-05-31T14:54:39.410+0000] {dagbag.py:540} INFO - Filling up the DagBag from /opt/airflow/dags/get_quotes.py
[2024-05-31T14:54:39.429+0000] {processor.py:840} INFO - DAG(s) 'simple_quotes' retrieved from /opt/airflow/dags/get_quotes.py
[2024-05-31T14:54:39.451+0000] {logging_mixin.py:188} INFO - [2024-05-31T14:54:39.451+0000] {dag.py:3047} INFO - Sync 1 DAGs
[2024-05-31T14:54:39.465+0000] {logging_mixin.py:188} INFO - [2024-05-31T14:54:39.465+0000] {dag.py:3834} INFO - Setting next_dagrun for simple_quotes to 2024-04-01 00:00:00+00:00, run_after=2024-05-01 00:00:00+00:00
[2024-05-31T14:54:39.482+0000] {processor.py:183} INFO - Processing /opt/airflow/dags/get_quotes.py took 0.082 seconds
[2024-05-31T14:55:09.979+0000] {processor.py:161} INFO - Started process (PID=1124) to work on /opt/airflow/dags/get_quotes.py
[2024-05-31T14:55:09.980+0000] {processor.py:830} INFO - Processing file /opt/airflow/dags/get_quotes.py for tasks to queue
[2024-05-31T14:55:09.981+0000] {logging_mixin.py:188} INFO - [2024-05-31T14:55:09.981+0000] {dagbag.py:540} INFO - Filling up the DagBag from /opt/airflow/dags/get_quotes.py
[2024-05-31T14:55:09.993+0000] {processor.py:840} INFO - DAG(s) 'simple_quotes' retrieved from /opt/airflow/dags/get_quotes.py
[2024-05-31T14:55:10.010+0000] {logging_mixin.py:188} INFO - [2024-05-31T14:55:10.010+0000] {dag.py:3047} INFO - Sync 1 DAGs
[2024-05-31T14:55:10.022+0000] {logging_mixin.py:188} INFO - [2024-05-31T14:55:10.022+0000] {dag.py:3834} INFO - Setting next_dagrun for simple_quotes to 2024-04-01 00:00:00+00:00, run_after=2024-05-01 00:00:00+00:00
[2024-05-31T14:55:10.030+0000] {processor.py:183} INFO - Processing /opt/airflow/dags/get_quotes.py took 0.055 seconds
[2024-05-31T14:55:40.524+0000] {processor.py:161} INFO - Started process (PID=1191) to work on /opt/airflow/dags/get_quotes.py
[2024-05-31T14:55:40.526+0000] {processor.py:830} INFO - Processing file /opt/airflow/dags/get_quotes.py for tasks to queue
[2024-05-31T14:55:40.527+0000] {logging_mixin.py:188} INFO - [2024-05-31T14:55:40.527+0000] {dagbag.py:540} INFO - Filling up the DagBag from /opt/airflow/dags/get_quotes.py
[2024-05-31T14:55:40.543+0000] {processor.py:840} INFO - DAG(s) 'simple_quotes' retrieved from /opt/airflow/dags/get_quotes.py
[2024-05-31T14:55:40.565+0000] {logging_mixin.py:188} INFO - [2024-05-31T14:55:40.565+0000] {dag.py:3047} INFO - Sync 1 DAGs
[2024-05-31T14:55:40.579+0000] {logging_mixin.py:188} INFO - [2024-05-31T14:55:40.579+0000] {dag.py:3834} INFO - Setting next_dagrun for simple_quotes to 2024-04-01 00:00:00+00:00, run_after=2024-05-01 00:00:00+00:00
[2024-05-31T14:55:40.588+0000] {processor.py:183} INFO - Processing /opt/airflow/dags/get_quotes.py took 0.070 seconds
[2024-05-31T14:56:11.128+0000] {processor.py:161} INFO - Started process (PID=1220) to work on /opt/airflow/dags/get_quotes.py
[2024-05-31T14:56:11.130+0000] {processor.py:830} INFO - Processing file /opt/airflow/dags/get_quotes.py for tasks to queue
[2024-05-31T14:56:11.132+0000] {logging_mixin.py:188} INFO - [2024-05-31T14:56:11.132+0000] {dagbag.py:540} INFO - Filling up the DagBag from /opt/airflow/dags/get_quotes.py
[2024-05-31T14:56:11.156+0000] {processor.py:840} INFO - DAG(s) 'simple_quotes' retrieved from /opt/airflow/dags/get_quotes.py
[2024-05-31T14:56:11.185+0000] {logging_mixin.py:188} INFO - [2024-05-31T14:56:11.184+0000] {dag.py:3047} INFO - Sync 1 DAGs
[2024-05-31T14:56:11.212+0000] {logging_mixin.py:188} INFO - [2024-05-31T14:56:11.212+0000] {dag.py:3834} INFO - Setting next_dagrun for simple_quotes to 2024-04-01 00:00:00+00:00, run_after=2024-05-01 00:00:00+00:00
[2024-05-31T14:56:11.222+0000] {processor.py:183} INFO - Processing /opt/airflow/dags/get_quotes.py took 0.104 seconds
[2024-05-31T14:56:41.602+0000] {processor.py:161} INFO - Started process (PID=1246) to work on /opt/airflow/dags/get_quotes.py
[2024-05-31T14:56:41.604+0000] {processor.py:830} INFO - Processing file /opt/airflow/dags/get_quotes.py for tasks to queue
[2024-05-31T14:56:41.605+0000] {logging_mixin.py:188} INFO - [2024-05-31T14:56:41.605+0000] {dagbag.py:540} INFO - Filling up the DagBag from /opt/airflow/dags/get_quotes.py
[2024-05-31T14:56:41.619+0000] {processor.py:840} INFO - DAG(s) 'simple_quotes' retrieved from /opt/airflow/dags/get_quotes.py
[2024-05-31T14:56:41.642+0000] {logging_mixin.py:188} INFO - [2024-05-31T14:56:41.642+0000] {dag.py:3047} INFO - Sync 1 DAGs
[2024-05-31T14:56:41.663+0000] {logging_mixin.py:188} INFO - [2024-05-31T14:56:41.663+0000] {dag.py:3834} INFO - Setting next_dagrun for simple_quotes to 2024-04-01 00:00:00+00:00, run_after=2024-05-01 00:00:00+00:00
[2024-05-31T14:56:41.684+0000] {processor.py:183} INFO - Processing /opt/airflow/dags/get_quotes.py took 0.087 seconds
[2024-05-31T14:57:12.177+0000] {processor.py:161} INFO - Started process (PID=1289) to work on /opt/airflow/dags/get_quotes.py
[2024-05-31T14:57:12.180+0000] {processor.py:830} INFO - Processing file /opt/airflow/dags/get_quotes.py for tasks to queue
[2024-05-31T14:57:12.181+0000] {logging_mixin.py:188} INFO - [2024-05-31T14:57:12.181+0000] {dagbag.py:540} INFO - Filling up the DagBag from /opt/airflow/dags/get_quotes.py
[2024-05-31T14:57:12.201+0000] {processor.py:840} INFO - DAG(s) 'simple_quotes' retrieved from /opt/airflow/dags/get_quotes.py
[2024-05-31T14:57:12.228+0000] {logging_mixin.py:188} INFO - [2024-05-31T14:57:12.227+0000] {dag.py:3047} INFO - Sync 1 DAGs
[2024-05-31T14:57:12.242+0000] {logging_mixin.py:188} INFO - [2024-05-31T14:57:12.242+0000] {dag.py:3834} INFO - Setting next_dagrun for simple_quotes to 2024-04-01 00:00:00+00:00, run_after=2024-05-01 00:00:00+00:00
[2024-05-31T14:57:12.252+0000] {processor.py:183} INFO - Processing /opt/airflow/dags/get_quotes.py took 0.082 seconds
[2024-05-31T14:57:42.770+0000] {processor.py:161} INFO - Started process (PID=1306) to work on /opt/airflow/dags/get_quotes.py
[2024-05-31T14:57:42.773+0000] {processor.py:830} INFO - Processing file /opt/airflow/dags/get_quotes.py for tasks to queue
[2024-05-31T14:57:42.774+0000] {logging_mixin.py:188} INFO - [2024-05-31T14:57:42.774+0000] {dagbag.py:540} INFO - Filling up the DagBag from /opt/airflow/dags/get_quotes.py
[2024-05-31T14:57:42.791+0000] {processor.py:840} INFO - DAG(s) 'simple_quotes' retrieved from /opt/airflow/dags/get_quotes.py
[2024-05-31T14:57:42.834+0000] {logging_mixin.py:188} INFO - [2024-05-31T14:57:42.834+0000] {dag.py:3047} INFO - Sync 1 DAGs
[2024-05-31T14:57:42.848+0000] {logging_mixin.py:188} INFO - [2024-05-31T14:57:42.848+0000] {dag.py:3834} INFO - Setting next_dagrun for simple_quotes to 2024-04-01 00:00:00+00:00, run_after=2024-05-01 00:00:00+00:00
[2024-05-31T14:57:42.857+0000] {processor.py:183} INFO - Processing /opt/airflow/dags/get_quotes.py took 0.095 seconds
[2024-05-31T14:58:13.147+0000] {processor.py:161} INFO - Started process (PID=1323) to work on /opt/airflow/dags/get_quotes.py
[2024-05-31T14:58:13.150+0000] {processor.py:830} INFO - Processing file /opt/airflow/dags/get_quotes.py for tasks to queue
[2024-05-31T14:58:13.151+0000] {logging_mixin.py:188} INFO - [2024-05-31T14:58:13.151+0000] {dagbag.py:540} INFO - Filling up the DagBag from /opt/airflow/dags/get_quotes.py
[2024-05-31T14:58:13.169+0000] {processor.py:840} INFO - DAG(s) 'simple_quotes' retrieved from /opt/airflow/dags/get_quotes.py
[2024-05-31T14:58:13.194+0000] {logging_mixin.py:188} INFO - [2024-05-31T14:58:13.193+0000] {dag.py:3047} INFO - Sync 1 DAGs
[2024-05-31T14:58:13.207+0000] {logging_mixin.py:188} INFO - [2024-05-31T14:58:13.207+0000] {dag.py:3834} INFO - Setting next_dagrun for simple_quotes to 2024-04-01 00:00:00+00:00, run_after=2024-05-01 00:00:00+00:00
[2024-05-31T14:58:13.216+0000] {processor.py:183} INFO - Processing /opt/airflow/dags/get_quotes.py took 0.074 seconds
[2024-05-31T14:58:43.642+0000] {processor.py:161} INFO - Started process (PID=1340) to work on /opt/airflow/dags/get_quotes.py
[2024-05-31T14:58:43.646+0000] {processor.py:830} INFO - Processing file /opt/airflow/dags/get_quotes.py for tasks to queue
[2024-05-31T14:58:43.648+0000] {logging_mixin.py:188} INFO - [2024-05-31T14:58:43.647+0000] {dagbag.py:540} INFO - Filling up the DagBag from /opt/airflow/dags/get_quotes.py
[2024-05-31T14:58:43.677+0000] {processor.py:840} INFO - DAG(s) 'simple_quotes' retrieved from /opt/airflow/dags/get_quotes.py
[2024-05-31T14:58:43.705+0000] {logging_mixin.py:188} INFO - [2024-05-31T14:58:43.704+0000] {dag.py:3047} INFO - Sync 1 DAGs
[2024-05-31T14:58:43.721+0000] {logging_mixin.py:188} INFO - [2024-05-31T14:58:43.721+0000] {dag.py:3834} INFO - Setting next_dagrun for simple_quotes to 2024-04-01 00:00:00+00:00, run_after=2024-05-01 00:00:00+00:00
[2024-05-31T14:58:43.732+0000] {processor.py:183} INFO - Processing /opt/airflow/dags/get_quotes.py took 0.098 seconds
[2024-05-31T14:59:14.241+0000] {processor.py:161} INFO - Started process (PID=1357) to work on /opt/airflow/dags/get_quotes.py
[2024-05-31T14:59:14.243+0000] {processor.py:830} INFO - Processing file /opt/airflow/dags/get_quotes.py for tasks to queue
[2024-05-31T14:59:14.244+0000] {logging_mixin.py:188} INFO - [2024-05-31T14:59:14.244+0000] {dagbag.py:540} INFO - Filling up the DagBag from /opt/airflow/dags/get_quotes.py
[2024-05-31T14:59:14.264+0000] {processor.py:840} INFO - DAG(s) 'simple_quotes' retrieved from /opt/airflow/dags/get_quotes.py
[2024-05-31T14:59:14.295+0000] {logging_mixin.py:188} INFO - [2024-05-31T14:59:14.295+0000] {dag.py:3047} INFO - Sync 1 DAGs
[2024-05-31T14:59:14.321+0000] {logging_mixin.py:188} INFO - [2024-05-31T14:59:14.320+0000] {dag.py:3834} INFO - Setting next_dagrun for simple_quotes to 2024-04-01 00:00:00+00:00, run_after=2024-05-01 00:00:00+00:00
[2024-05-31T14:59:14.332+0000] {processor.py:183} INFO - Processing /opt/airflow/dags/get_quotes.py took 0.095 seconds
[2024-05-31T14:59:44.954+0000] {processor.py:161} INFO - Started process (PID=1374) to work on /opt/airflow/dags/get_quotes.py
[2024-05-31T14:59:44.956+0000] {processor.py:830} INFO - Processing file /opt/airflow/dags/get_quotes.py for tasks to queue
[2024-05-31T14:59:44.957+0000] {logging_mixin.py:188} INFO - [2024-05-31T14:59:44.957+0000] {dagbag.py:540} INFO - Filling up the DagBag from /opt/airflow/dags/get_quotes.py
[2024-05-31T14:59:44.972+0000] {processor.py:840} INFO - DAG(s) 'simple_quotes' retrieved from /opt/airflow/dags/get_quotes.py
[2024-05-31T14:59:44.994+0000] {logging_mixin.py:188} INFO - [2024-05-31T14:59:44.994+0000] {dag.py:3047} INFO - Sync 1 DAGs
[2024-05-31T14:59:45.009+0000] {logging_mixin.py:188} INFO - [2024-05-31T14:59:45.009+0000] {dag.py:3834} INFO - Setting next_dagrun for simple_quotes to 2024-04-01 00:00:00+00:00, run_after=2024-05-01 00:00:00+00:00
[2024-05-31T14:59:45.018+0000] {processor.py:183} INFO - Processing /opt/airflow/dags/get_quotes.py took 0.070 seconds
[2024-05-31T15:00:15.564+0000] {processor.py:161} INFO - Started process (PID=1391) to work on /opt/airflow/dags/get_quotes.py
[2024-05-31T15:00:15.567+0000] {processor.py:830} INFO - Processing file /opt/airflow/dags/get_quotes.py for tasks to queue
[2024-05-31T15:00:15.568+0000] {logging_mixin.py:188} INFO - [2024-05-31T15:00:15.568+0000] {dagbag.py:540} INFO - Filling up the DagBag from /opt/airflow/dags/get_quotes.py
[2024-05-31T15:00:15.612+0000] {processor.py:840} INFO - DAG(s) 'simple_quotes' retrieved from /opt/airflow/dags/get_quotes.py
[2024-05-31T15:00:15.673+0000] {logging_mixin.py:188} INFO - [2024-05-31T15:00:15.672+0000] {dag.py:3047} INFO - Sync 1 DAGs
[2024-05-31T15:00:15.694+0000] {logging_mixin.py:188} INFO - [2024-05-31T15:00:15.693+0000] {dag.py:3834} INFO - Setting next_dagrun for simple_quotes to 2024-04-01 00:00:00+00:00, run_after=2024-05-01 00:00:00+00:00
[2024-05-31T15:00:15.705+0000] {processor.py:183} INFO - Processing /opt/airflow/dags/get_quotes.py took 0.148 seconds
[2024-05-31T15:00:46.183+0000] {processor.py:161} INFO - Started process (PID=1408) to work on /opt/airflow/dags/get_quotes.py
[2024-05-31T15:00:46.186+0000] {processor.py:830} INFO - Processing file /opt/airflow/dags/get_quotes.py for tasks to queue
[2024-05-31T15:00:46.187+0000] {logging_mixin.py:188} INFO - [2024-05-31T15:00:46.187+0000] {dagbag.py:540} INFO - Filling up the DagBag from /opt/airflow/dags/get_quotes.py
[2024-05-31T15:00:46.212+0000] {processor.py:840} INFO - DAG(s) 'simple_quotes' retrieved from /opt/airflow/dags/get_quotes.py
[2024-05-31T15:00:46.261+0000] {logging_mixin.py:188} INFO - [2024-05-31T15:00:46.260+0000] {dag.py:3047} INFO - Sync 1 DAGs
[2024-05-31T15:00:46.280+0000] {logging_mixin.py:188} INFO - [2024-05-31T15:00:46.279+0000] {dag.py:3834} INFO - Setting next_dagrun for simple_quotes to 2024-04-01 00:00:00+00:00, run_after=2024-05-01 00:00:00+00:00
[2024-05-31T15:00:46.293+0000] {processor.py:183} INFO - Processing /opt/airflow/dags/get_quotes.py took 0.119 seconds
[2024-05-31T15:01:17.082+0000] {processor.py:161} INFO - Started process (PID=1431) to work on /opt/airflow/dags/get_quotes.py
[2024-05-31T15:01:17.087+0000] {processor.py:830} INFO - Processing file /opt/airflow/dags/get_quotes.py for tasks to queue
[2024-05-31T15:01:17.094+0000] {logging_mixin.py:188} INFO - [2024-05-31T15:01:17.091+0000] {dagbag.py:540} INFO - Filling up the DagBag from /opt/airflow/dags/get_quotes.py
[2024-05-31T15:01:17.127+0000] {processor.py:840} INFO - DAG(s) 'simple_quotes' retrieved from /opt/airflow/dags/get_quotes.py
[2024-05-31T15:01:17.154+0000] {logging_mixin.py:188} INFO - [2024-05-31T15:01:17.154+0000] {dag.py:3047} INFO - Sync 1 DAGs
[2024-05-31T15:01:17.171+0000] {logging_mixin.py:188} INFO - [2024-05-31T15:01:17.171+0000] {dag.py:3834} INFO - Setting next_dagrun for simple_quotes to 2024-04-01 00:00:00+00:00, run_after=2024-05-01 00:00:00+00:00
[2024-05-31T15:01:17.184+0000] {processor.py:183} INFO - Processing /opt/airflow/dags/get_quotes.py took 0.111 seconds
[2024-05-31T15:01:47.576+0000] {processor.py:161} INFO - Started process (PID=1457) to work on /opt/airflow/dags/get_quotes.py
[2024-05-31T15:01:47.578+0000] {processor.py:830} INFO - Processing file /opt/airflow/dags/get_quotes.py for tasks to queue
[2024-05-31T15:01:47.582+0000] {logging_mixin.py:188} INFO - [2024-05-31T15:01:47.581+0000] {dagbag.py:540} INFO - Filling up the DagBag from /opt/airflow/dags/get_quotes.py
[2024-05-31T15:01:47.627+0000] {processor.py:840} INFO - DAG(s) 'simple_quotes' retrieved from /opt/airflow/dags/get_quotes.py
[2024-05-31T15:01:47.677+0000] {logging_mixin.py:188} INFO - [2024-05-31T15:01:47.677+0000] {dag.py:3047} INFO - Sync 1 DAGs
[2024-05-31T15:01:47.709+0000] {logging_mixin.py:188} INFO - [2024-05-31T15:01:47.708+0000] {dag.py:3834} INFO - Setting next_dagrun for simple_quotes to 2024-04-01 00:00:00+00:00, run_after=2024-05-01 00:00:00+00:00
[2024-05-31T15:01:47.724+0000] {processor.py:183} INFO - Processing /opt/airflow/dags/get_quotes.py took 0.174 seconds
[2024-05-31T15:02:18.202+0000] {processor.py:161} INFO - Started process (PID=1477) to work on /opt/airflow/dags/get_quotes.py
[2024-05-31T15:02:18.204+0000] {processor.py:830} INFO - Processing file /opt/airflow/dags/get_quotes.py for tasks to queue
[2024-05-31T15:02:18.206+0000] {logging_mixin.py:188} INFO - [2024-05-31T15:02:18.206+0000] {dagbag.py:540} INFO - Filling up the DagBag from /opt/airflow/dags/get_quotes.py
[2024-05-31T15:02:18.227+0000] {processor.py:840} INFO - DAG(s) 'simple_quotes' retrieved from /opt/airflow/dags/get_quotes.py
[2024-05-31T15:02:18.267+0000] {logging_mixin.py:188} INFO - [2024-05-31T15:02:18.266+0000] {dag.py:3047} INFO - Sync 1 DAGs
[2024-05-31T15:02:18.285+0000] {logging_mixin.py:188} INFO - [2024-05-31T15:02:18.285+0000] {dag.py:3834} INFO - Setting next_dagrun for simple_quotes to 2024-04-01 00:00:00+00:00, run_after=2024-05-01 00:00:00+00:00
[2024-05-31T15:02:18.297+0000] {processor.py:183} INFO - Processing /opt/airflow/dags/get_quotes.py took 0.106 seconds
[2024-05-31T15:02:48.644+0000] {processor.py:161} INFO - Started process (PID=1494) to work on /opt/airflow/dags/get_quotes.py
[2024-05-31T15:02:48.648+0000] {processor.py:830} INFO - Processing file /opt/airflow/dags/get_quotes.py for tasks to queue
[2024-05-31T15:02:48.650+0000] {logging_mixin.py:188} INFO - [2024-05-31T15:02:48.649+0000] {dagbag.py:540} INFO - Filling up the DagBag from /opt/airflow/dags/get_quotes.py
[2024-05-31T15:02:48.667+0000] {processor.py:840} INFO - DAG(s) 'simple_quotes' retrieved from /opt/airflow/dags/get_quotes.py
[2024-05-31T15:02:48.692+0000] {logging_mixin.py:188} INFO - [2024-05-31T15:02:48.692+0000] {dag.py:3047} INFO - Sync 1 DAGs
[2024-05-31T15:02:48.704+0000] {logging_mixin.py:188} INFO - [2024-05-31T15:02:48.703+0000] {dag.py:3834} INFO - Setting next_dagrun for simple_quotes to 2024-04-01 00:00:00+00:00, run_after=2024-05-01 00:00:00+00:00
[2024-05-31T15:02:48.713+0000] {processor.py:183} INFO - Processing /opt/airflow/dags/get_quotes.py took 0.076 seconds
[2024-05-31T15:03:19.050+0000] {processor.py:161} INFO - Started process (PID=1511) to work on /opt/airflow/dags/get_quotes.py
[2024-05-31T15:03:19.053+0000] {processor.py:830} INFO - Processing file /opt/airflow/dags/get_quotes.py for tasks to queue
[2024-05-31T15:03:19.054+0000] {logging_mixin.py:188} INFO - [2024-05-31T15:03:19.053+0000] {dagbag.py:540} INFO - Filling up the DagBag from /opt/airflow/dags/get_quotes.py
[2024-05-31T15:03:19.078+0000] {processor.py:840} INFO - DAG(s) 'simple_quotes' retrieved from /opt/airflow/dags/get_quotes.py
[2024-05-31T15:03:19.106+0000] {logging_mixin.py:188} INFO - [2024-05-31T15:03:19.106+0000] {dag.py:3047} INFO - Sync 1 DAGs
[2024-05-31T15:03:19.120+0000] {logging_mixin.py:188} INFO - [2024-05-31T15:03:19.120+0000] {dag.py:3834} INFO - Setting next_dagrun for simple_quotes to 2024-04-01 00:00:00+00:00, run_after=2024-05-01 00:00:00+00:00
[2024-05-31T15:03:19.131+0000] {processor.py:183} INFO - Processing /opt/airflow/dags/get_quotes.py took 0.088 seconds
[2024-05-31T15:03:49.550+0000] {processor.py:161} INFO - Started process (PID=1528) to work on /opt/airflow/dags/get_quotes.py
[2024-05-31T15:03:49.552+0000] {processor.py:830} INFO - Processing file /opt/airflow/dags/get_quotes.py for tasks to queue
[2024-05-31T15:03:49.553+0000] {logging_mixin.py:188} INFO - [2024-05-31T15:03:49.553+0000] {dagbag.py:540} INFO - Filling up the DagBag from /opt/airflow/dags/get_quotes.py
[2024-05-31T15:03:49.577+0000] {processor.py:840} INFO - DAG(s) 'simple_quotes' retrieved from /opt/airflow/dags/get_quotes.py
[2024-05-31T15:03:49.637+0000] {logging_mixin.py:188} INFO - [2024-05-31T15:03:49.636+0000] {dag.py:3047} INFO - Sync 1 DAGs
[2024-05-31T15:03:49.652+0000] {logging_mixin.py:188} INFO - [2024-05-31T15:03:49.652+0000] {dag.py:3834} INFO - Setting next_dagrun for simple_quotes to 2024-04-01 00:00:00+00:00, run_after=2024-05-01 00:00:00+00:00
[2024-05-31T15:03:49.663+0000] {processor.py:183} INFO - Processing /opt/airflow/dags/get_quotes.py took 0.124 seconds
[2024-05-31T15:04:20.162+0000] {processor.py:161} INFO - Started process (PID=1545) to work on /opt/airflow/dags/get_quotes.py
[2024-05-31T15:04:20.168+0000] {processor.py:830} INFO - Processing file /opt/airflow/dags/get_quotes.py for tasks to queue
[2024-05-31T15:04:20.170+0000] {logging_mixin.py:188} INFO - [2024-05-31T15:04:20.169+0000] {dagbag.py:540} INFO - Filling up the DagBag from /opt/airflow/dags/get_quotes.py
[2024-05-31T15:04:20.203+0000] {processor.py:840} INFO - DAG(s) 'simple_quotes' retrieved from /opt/airflow/dags/get_quotes.py
[2024-05-31T15:04:20.239+0000] {logging_mixin.py:188} INFO - [2024-05-31T15:04:20.238+0000] {dag.py:3047} INFO - Sync 1 DAGs
[2024-05-31T15:04:20.255+0000] {logging_mixin.py:188} INFO - [2024-05-31T15:04:20.255+0000] {dag.py:3834} INFO - Setting next_dagrun for simple_quotes to 2024-04-01 00:00:00+00:00, run_after=2024-05-01 00:00:00+00:00
[2024-05-31T15:04:20.265+0000] {processor.py:183} INFO - Processing /opt/airflow/dags/get_quotes.py took 0.111 seconds
[2024-05-31T15:04:50.507+0000] {processor.py:161} INFO - Started process (PID=1568) to work on /opt/airflow/dags/get_quotes.py
[2024-05-31T15:04:50.508+0000] {processor.py:830} INFO - Processing file /opt/airflow/dags/get_quotes.py for tasks to queue
[2024-05-31T15:04:50.510+0000] {logging_mixin.py:188} INFO - [2024-05-31T15:04:50.510+0000] {dagbag.py:540} INFO - Filling up the DagBag from /opt/airflow/dags/get_quotes.py
[2024-05-31T15:04:50.536+0000] {processor.py:840} INFO - DAG(s) 'simple_quotes' retrieved from /opt/airflow/dags/get_quotes.py
[2024-05-31T15:04:50.566+0000] {logging_mixin.py:188} INFO - [2024-05-31T15:04:50.566+0000] {dag.py:3047} INFO - Sync 1 DAGs
[2024-05-31T15:04:50.585+0000] {logging_mixin.py:188} INFO - [2024-05-31T15:04:50.585+0000] {dag.py:3834} INFO - Setting next_dagrun for simple_quotes to 2024-04-01 00:00:00+00:00, run_after=2024-05-01 00:00:00+00:00
[2024-05-31T15:04:50.598+0000] {processor.py:183} INFO - Processing /opt/airflow/dags/get_quotes.py took 0.097 seconds
[2024-05-31T15:05:39.119+0000] {processor.py:161} INFO - Started process (PID=188) to work on /opt/airflow/dags/get_quotes.py
[2024-05-31T15:05:39.122+0000] {processor.py:830} INFO - Processing file /opt/airflow/dags/get_quotes.py for tasks to queue
[2024-05-31T15:05:39.126+0000] {logging_mixin.py:188} INFO - [2024-05-31T15:05:39.126+0000] {dagbag.py:540} INFO - Filling up the DagBag from /opt/airflow/dags/get_quotes.py
[2024-05-31T15:05:39.141+0000] {processor.py:840} INFO - DAG(s) 'simple_quotes' retrieved from /opt/airflow/dags/get_quotes.py
[2024-05-31T15:05:39.163+0000] {logging_mixin.py:188} INFO - [2024-05-31T15:05:39.162+0000] {dag.py:3047} INFO - Sync 1 DAGs
[2024-05-31T15:05:39.178+0000] {logging_mixin.py:188} INFO - [2024-05-31T15:05:39.178+0000] {dag.py:3834} INFO - Setting next_dagrun for simple_quotes to 2024-04-01 00:00:00+00:00, run_after=2024-05-01 00:00:00+00:00
[2024-05-31T15:05:39.190+0000] {processor.py:183} INFO - Processing /opt/airflow/dags/get_quotes.py took 0.073 seconds
[2024-05-31T15:06:09.485+0000] {processor.py:161} INFO - Started process (PID=224) to work on /opt/airflow/dags/get_quotes.py
[2024-05-31T15:06:09.486+0000] {processor.py:830} INFO - Processing file /opt/airflow/dags/get_quotes.py for tasks to queue
[2024-05-31T15:06:09.487+0000] {logging_mixin.py:188} INFO - [2024-05-31T15:06:09.487+0000] {dagbag.py:540} INFO - Filling up the DagBag from /opt/airflow/dags/get_quotes.py
[2024-05-31T15:06:09.497+0000] {processor.py:840} INFO - DAG(s) 'simple_quotes' retrieved from /opt/airflow/dags/get_quotes.py
[2024-05-31T15:06:09.585+0000] {logging_mixin.py:188} INFO - [2024-05-31T15:06:09.585+0000] {dag.py:3047} INFO - Sync 1 DAGs
[2024-05-31T15:06:09.598+0000] {logging_mixin.py:188} INFO - [2024-05-31T15:06:09.598+0000] {dag.py:3834} INFO - Setting next_dagrun for simple_quotes to 2024-04-01 00:00:00+00:00, run_after=2024-05-01 00:00:00+00:00
[2024-05-31T15:06:09.608+0000] {processor.py:183} INFO - Processing /opt/airflow/dags/get_quotes.py took 0.126 seconds
[2024-05-31T15:06:39.946+0000] {processor.py:161} INFO - Started process (PID=235) to work on /opt/airflow/dags/get_quotes.py
[2024-05-31T15:06:39.947+0000] {processor.py:830} INFO - Processing file /opt/airflow/dags/get_quotes.py for tasks to queue
[2024-05-31T15:06:39.947+0000] {logging_mixin.py:188} INFO - [2024-05-31T15:06:39.947+0000] {dagbag.py:540} INFO - Filling up the DagBag from /opt/airflow/dags/get_quotes.py
[2024-05-31T15:06:39.960+0000] {processor.py:840} INFO - DAG(s) 'simple_quotes' retrieved from /opt/airflow/dags/get_quotes.py
[2024-05-31T15:06:40.001+0000] {logging_mixin.py:188} INFO - [2024-05-31T15:06:40.001+0000] {dag.py:3047} INFO - Sync 1 DAGs
[2024-05-31T15:06:40.020+0000] {logging_mixin.py:188} INFO - [2024-05-31T15:06:40.020+0000] {dag.py:3834} INFO - Setting next_dagrun for simple_quotes to 2024-04-01 00:00:00+00:00, run_after=2024-05-01 00:00:00+00:00
[2024-05-31T15:06:40.033+0000] {processor.py:183} INFO - Processing /opt/airflow/dags/get_quotes.py took 0.094 seconds
[2024-05-31T15:07:10.447+0000] {processor.py:161} INFO - Started process (PID=246) to work on /opt/airflow/dags/get_quotes.py
[2024-05-31T15:07:10.449+0000] {processor.py:830} INFO - Processing file /opt/airflow/dags/get_quotes.py for tasks to queue
[2024-05-31T15:07:10.451+0000] {logging_mixin.py:188} INFO - [2024-05-31T15:07:10.451+0000] {dagbag.py:540} INFO - Filling up the DagBag from /opt/airflow/dags/get_quotes.py
[2024-05-31T15:07:10.473+0000] {processor.py:840} INFO - DAG(s) 'simple_quotes' retrieved from /opt/airflow/dags/get_quotes.py
[2024-05-31T15:07:10.501+0000] {logging_mixin.py:188} INFO - [2024-05-31T15:07:10.501+0000] {dag.py:3047} INFO - Sync 1 DAGs
[2024-05-31T15:07:10.533+0000] {logging_mixin.py:188} INFO - [2024-05-31T15:07:10.533+0000] {dag.py:3834} INFO - Setting next_dagrun for simple_quotes to 2024-04-01 00:00:00+00:00, run_after=2024-05-01 00:00:00+00:00
[2024-05-31T15:07:10.548+0000] {processor.py:183} INFO - Processing /opt/airflow/dags/get_quotes.py took 0.109 seconds
[2024-05-31T15:07:40.933+0000] {processor.py:161} INFO - Started process (PID=257) to work on /opt/airflow/dags/get_quotes.py
[2024-05-31T15:07:40.936+0000] {processor.py:830} INFO - Processing file /opt/airflow/dags/get_quotes.py for tasks to queue
[2024-05-31T15:07:40.938+0000] {logging_mixin.py:188} INFO - [2024-05-31T15:07:40.937+0000] {dagbag.py:540} INFO - Filling up the DagBag from /opt/airflow/dags/get_quotes.py
[2024-05-31T15:07:40.971+0000] {processor.py:840} INFO - DAG(s) 'simple_quotes' retrieved from /opt/airflow/dags/get_quotes.py
[2024-05-31T15:07:41.002+0000] {logging_mixin.py:188} INFO - [2024-05-31T15:07:41.002+0000] {dag.py:3047} INFO - Sync 1 DAGs
[2024-05-31T15:07:41.020+0000] {logging_mixin.py:188} INFO - [2024-05-31T15:07:41.020+0000] {dag.py:3834} INFO - Setting next_dagrun for simple_quotes to 2024-04-01 00:00:00+00:00, run_after=2024-05-01 00:00:00+00:00
[2024-05-31T15:07:41.033+0000] {processor.py:183} INFO - Processing /opt/airflow/dags/get_quotes.py took 0.104 seconds
[2024-05-31T15:08:11.461+0000] {processor.py:161} INFO - Started process (PID=267) to work on /opt/airflow/dags/get_quotes.py
[2024-05-31T15:08:11.463+0000] {processor.py:830} INFO - Processing file /opt/airflow/dags/get_quotes.py for tasks to queue
[2024-05-31T15:08:11.464+0000] {logging_mixin.py:188} INFO - [2024-05-31T15:08:11.463+0000] {dagbag.py:540} INFO - Filling up the DagBag from /opt/airflow/dags/get_quotes.py
[2024-05-31T15:08:11.483+0000] {processor.py:840} INFO - DAG(s) 'simple_quotes' retrieved from /opt/airflow/dags/get_quotes.py
[2024-05-31T15:08:11.520+0000] {logging_mixin.py:188} INFO - [2024-05-31T15:08:11.520+0000] {dag.py:3047} INFO - Sync 1 DAGs
[2024-05-31T15:08:11.539+0000] {logging_mixin.py:188} INFO - [2024-05-31T15:08:11.539+0000] {dag.py:3834} INFO - Setting next_dagrun for simple_quotes to 2024-04-01 00:00:00+00:00, run_after=2024-05-01 00:00:00+00:00
[2024-05-31T15:08:11.551+0000] {processor.py:183} INFO - Processing /opt/airflow/dags/get_quotes.py took 0.096 seconds
[2024-05-31T15:08:41.933+0000] {processor.py:161} INFO - Started process (PID=279) to work on /opt/airflow/dags/get_quotes.py
[2024-05-31T15:08:41.936+0000] {processor.py:830} INFO - Processing file /opt/airflow/dags/get_quotes.py for tasks to queue
[2024-05-31T15:08:41.938+0000] {logging_mixin.py:188} INFO - [2024-05-31T15:08:41.937+0000] {dagbag.py:540} INFO - Filling up the DagBag from /opt/airflow/dags/get_quotes.py
[2024-05-31T15:08:41.970+0000] {processor.py:840} INFO - DAG(s) 'simple_quotes' retrieved from /opt/airflow/dags/get_quotes.py
[2024-05-31T15:08:41.998+0000] {logging_mixin.py:188} INFO - [2024-05-31T15:08:41.998+0000] {dag.py:3047} INFO - Sync 1 DAGs
[2024-05-31T15:08:42.017+0000] {logging_mixin.py:188} INFO - [2024-05-31T15:08:42.017+0000] {dag.py:3834} INFO - Setting next_dagrun for simple_quotes to 2024-04-01 00:00:00+00:00, run_after=2024-05-01 00:00:00+00:00
[2024-05-31T15:08:42.030+0000] {processor.py:183} INFO - Processing /opt/airflow/dags/get_quotes.py took 0.107 seconds
[2024-05-31T15:09:12.674+0000] {processor.py:161} INFO - Started process (PID=290) to work on /opt/airflow/dags/get_quotes.py
[2024-05-31T15:09:12.676+0000] {processor.py:830} INFO - Processing file /opt/airflow/dags/get_quotes.py for tasks to queue
[2024-05-31T15:09:12.677+0000] {logging_mixin.py:188} INFO - [2024-05-31T15:09:12.676+0000] {dagbag.py:540} INFO - Filling up the DagBag from /opt/airflow/dags/get_quotes.py
[2024-05-31T15:09:12.693+0000] {processor.py:840} INFO - DAG(s) 'simple_quotes' retrieved from /opt/airflow/dags/get_quotes.py
[2024-05-31T15:09:12.746+0000] {logging_mixin.py:188} INFO - [2024-05-31T15:09:12.746+0000] {dag.py:3047} INFO - Sync 1 DAGs
[2024-05-31T15:09:12.789+0000] {logging_mixin.py:188} INFO - [2024-05-31T15:09:12.788+0000] {dag.py:3834} INFO - Setting next_dagrun for simple_quotes to 2024-04-01 00:00:00+00:00, run_after=2024-05-01 00:00:00+00:00
[2024-05-31T15:09:12.806+0000] {processor.py:183} INFO - Processing /opt/airflow/dags/get_quotes.py took 0.136 seconds
[2024-05-31T15:09:43.302+0000] {processor.py:161} INFO - Started process (PID=304) to work on /opt/airflow/dags/get_quotes.py
[2024-05-31T15:09:43.303+0000] {processor.py:830} INFO - Processing file /opt/airflow/dags/get_quotes.py for tasks to queue
[2024-05-31T15:09:43.305+0000] {logging_mixin.py:188} INFO - [2024-05-31T15:09:43.304+0000] {dagbag.py:540} INFO - Filling up the DagBag from /opt/airflow/dags/get_quotes.py
[2024-05-31T15:09:43.325+0000] {processor.py:840} INFO - DAG(s) 'simple_quotes' retrieved from /opt/airflow/dags/get_quotes.py
[2024-05-31T15:09:43.364+0000] {logging_mixin.py:188} INFO - [2024-05-31T15:09:43.364+0000] {dag.py:3047} INFO - Sync 1 DAGs
[2024-05-31T15:09:43.383+0000] {logging_mixin.py:188} INFO - [2024-05-31T15:09:43.383+0000] {dag.py:3834} INFO - Setting next_dagrun for simple_quotes to 2024-04-01 00:00:00+00:00, run_after=2024-05-01 00:00:00+00:00
[2024-05-31T15:09:43.394+0000] {processor.py:183} INFO - Processing /opt/airflow/dags/get_quotes.py took 0.100 seconds
[2024-05-31T15:10:13.667+0000] {processor.py:161} INFO - Started process (PID=327) to work on /opt/airflow/dags/get_quotes.py
[2024-05-31T15:10:13.668+0000] {processor.py:830} INFO - Processing file /opt/airflow/dags/get_quotes.py for tasks to queue
[2024-05-31T15:10:13.669+0000] {logging_mixin.py:188} INFO - [2024-05-31T15:10:13.669+0000] {dagbag.py:540} INFO - Filling up the DagBag from /opt/airflow/dags/get_quotes.py
[2024-05-31T15:10:13.680+0000] {processor.py:840} INFO - DAG(s) 'simple_quotes' retrieved from /opt/airflow/dags/get_quotes.py
[2024-05-31T15:10:13.698+0000] {logging_mixin.py:188} INFO - [2024-05-31T15:10:13.698+0000] {dag.py:3047} INFO - Sync 1 DAGs
[2024-05-31T15:10:13.710+0000] {logging_mixin.py:188} INFO - [2024-05-31T15:10:13.710+0000] {dag.py:3834} INFO - Setting next_dagrun for simple_quotes to 2024-04-01 00:00:00+00:00, run_after=2024-05-01 00:00:00+00:00
[2024-05-31T15:10:13.718+0000] {processor.py:183} INFO - Processing /opt/airflow/dags/get_quotes.py took 0.055 seconds
[2024-05-31T15:10:44.063+0000] {processor.py:161} INFO - Started process (PID=338) to work on /opt/airflow/dags/get_quotes.py
[2024-05-31T15:10:44.065+0000] {processor.py:830} INFO - Processing file /opt/airflow/dags/get_quotes.py for tasks to queue
[2024-05-31T15:10:44.066+0000] {logging_mixin.py:188} INFO - [2024-05-31T15:10:44.065+0000] {dagbag.py:540} INFO - Filling up the DagBag from /opt/airflow/dags/get_quotes.py
[2024-05-31T15:10:44.079+0000] {processor.py:840} INFO - DAG(s) 'simple_quotes' retrieved from /opt/airflow/dags/get_quotes.py
[2024-05-31T15:10:44.098+0000] {logging_mixin.py:188} INFO - [2024-05-31T15:10:44.098+0000] {dag.py:3047} INFO - Sync 1 DAGs
[2024-05-31T15:10:44.110+0000] {logging_mixin.py:188} INFO - [2024-05-31T15:10:44.110+0000] {dag.py:3834} INFO - Setting next_dagrun for simple_quotes to 2024-04-01 00:00:00+00:00, run_after=2024-05-01 00:00:00+00:00
[2024-05-31T15:10:44.118+0000] {processor.py:183} INFO - Processing /opt/airflow/dags/get_quotes.py took 0.059 seconds
[2024-05-31T15:11:14.522+0000] {processor.py:161} INFO - Started process (PID=349) to work on /opt/airflow/dags/get_quotes.py
[2024-05-31T15:11:14.524+0000] {processor.py:830} INFO - Processing file /opt/airflow/dags/get_quotes.py for tasks to queue
[2024-05-31T15:11:14.525+0000] {logging_mixin.py:188} INFO - [2024-05-31T15:11:14.525+0000] {dagbag.py:540} INFO - Filling up the DagBag from /opt/airflow/dags/get_quotes.py
[2024-05-31T15:11:14.540+0000] {processor.py:840} INFO - DAG(s) 'simple_quotes' retrieved from /opt/airflow/dags/get_quotes.py
[2024-05-31T15:11:14.564+0000] {logging_mixin.py:188} INFO - [2024-05-31T15:11:14.563+0000] {dag.py:3047} INFO - Sync 1 DAGs
[2024-05-31T15:11:14.577+0000] {logging_mixin.py:188} INFO - [2024-05-31T15:11:14.577+0000] {dag.py:3834} INFO - Setting next_dagrun for simple_quotes to 2024-04-01 00:00:00+00:00, run_after=2024-05-01 00:00:00+00:00
[2024-05-31T15:11:14.589+0000] {processor.py:183} INFO - Processing /opt/airflow/dags/get_quotes.py took 0.072 seconds
[2024-05-31T15:11:44.915+0000] {processor.py:161} INFO - Started process (PID=360) to work on /opt/airflow/dags/get_quotes.py
[2024-05-31T15:11:44.917+0000] {processor.py:830} INFO - Processing file /opt/airflow/dags/get_quotes.py for tasks to queue
[2024-05-31T15:11:44.918+0000] {logging_mixin.py:188} INFO - [2024-05-31T15:11:44.918+0000] {dagbag.py:540} INFO - Filling up the DagBag from /opt/airflow/dags/get_quotes.py
[2024-05-31T15:11:44.933+0000] {processor.py:840} INFO - DAG(s) 'simple_quotes' retrieved from /opt/airflow/dags/get_quotes.py
[2024-05-31T15:11:44.954+0000] {logging_mixin.py:188} INFO - [2024-05-31T15:11:44.954+0000] {dag.py:3047} INFO - Sync 1 DAGs
[2024-05-31T15:11:44.966+0000] {logging_mixin.py:188} INFO - [2024-05-31T15:11:44.966+0000] {dag.py:3834} INFO - Setting next_dagrun for simple_quotes to 2024-04-01 00:00:00+00:00, run_after=2024-05-01 00:00:00+00:00
[2024-05-31T15:11:44.974+0000] {processor.py:183} INFO - Processing /opt/airflow/dags/get_quotes.py took 0.065 seconds
[2024-05-31T15:12:15.282+0000] {processor.py:161} INFO - Started process (PID=371) to work on /opt/airflow/dags/get_quotes.py
[2024-05-31T15:12:15.284+0000] {processor.py:830} INFO - Processing file /opt/airflow/dags/get_quotes.py for tasks to queue
[2024-05-31T15:12:15.286+0000] {logging_mixin.py:188} INFO - [2024-05-31T15:12:15.286+0000] {dagbag.py:540} INFO - Filling up the DagBag from /opt/airflow/dags/get_quotes.py
[2024-05-31T15:12:15.300+0000] {processor.py:840} INFO - DAG(s) 'simple_quotes' retrieved from /opt/airflow/dags/get_quotes.py
[2024-05-31T15:12:15.325+0000] {logging_mixin.py:188} INFO - [2024-05-31T15:12:15.325+0000] {dag.py:3047} INFO - Sync 1 DAGs
[2024-05-31T15:12:15.343+0000] {logging_mixin.py:188} INFO - [2024-05-31T15:12:15.343+0000] {dag.py:3834} INFO - Setting next_dagrun for simple_quotes to 2024-04-01 00:00:00+00:00, run_after=2024-05-01 00:00:00+00:00
[2024-05-31T15:12:15.353+0000] {processor.py:183} INFO - Processing /opt/airflow/dags/get_quotes.py took 0.076 seconds
[2024-05-31T15:12:45.755+0000] {processor.py:161} INFO - Started process (PID=382) to work on /opt/airflow/dags/get_quotes.py
[2024-05-31T15:12:45.756+0000] {processor.py:830} INFO - Processing file /opt/airflow/dags/get_quotes.py for tasks to queue
[2024-05-31T15:12:45.757+0000] {logging_mixin.py:188} INFO - [2024-05-31T15:12:45.757+0000] {dagbag.py:540} INFO - Filling up the DagBag from /opt/airflow/dags/get_quotes.py
[2024-05-31T15:12:45.768+0000] {processor.py:840} INFO - DAG(s) 'simple_quotes' retrieved from /opt/airflow/dags/get_quotes.py
[2024-05-31T15:12:45.786+0000] {logging_mixin.py:188} INFO - [2024-05-31T15:12:45.786+0000] {dag.py:3047} INFO - Sync 1 DAGs
[2024-05-31T15:12:45.797+0000] {logging_mixin.py:188} INFO - [2024-05-31T15:12:45.797+0000] {dag.py:3834} INFO - Setting next_dagrun for simple_quotes to 2024-04-01 00:00:00+00:00, run_after=2024-05-01 00:00:00+00:00
[2024-05-31T15:12:45.805+0000] {processor.py:183} INFO - Processing /opt/airflow/dags/get_quotes.py took 0.054 seconds
[2024-05-31T15:13:16.126+0000] {processor.py:161} INFO - Started process (PID=393) to work on /opt/airflow/dags/get_quotes.py
[2024-05-31T15:13:16.129+0000] {processor.py:830} INFO - Processing file /opt/airflow/dags/get_quotes.py for tasks to queue
[2024-05-31T15:13:16.140+0000] {logging_mixin.py:188} INFO - [2024-05-31T15:13:16.136+0000] {dagbag.py:540} INFO - Filling up the DagBag from /opt/airflow/dags/get_quotes.py
[2024-05-31T15:13:16.183+0000] {processor.py:840} INFO - DAG(s) 'simple_quotes' retrieved from /opt/airflow/dags/get_quotes.py
[2024-05-31T15:13:16.209+0000] {logging_mixin.py:188} INFO - [2024-05-31T15:13:16.208+0000] {dag.py:3047} INFO - Sync 1 DAGs
[2024-05-31T15:13:16.224+0000] {logging_mixin.py:188} INFO - [2024-05-31T15:13:16.224+0000] {dag.py:3834} INFO - Setting next_dagrun for simple_quotes to 2024-04-01 00:00:00+00:00, run_after=2024-05-01 00:00:00+00:00
[2024-05-31T15:13:16.234+0000] {processor.py:183} INFO - Processing /opt/airflow/dags/get_quotes.py took 0.120 seconds
[2024-05-31T15:13:46.517+0000] {processor.py:161} INFO - Started process (PID=413) to work on /opt/airflow/dags/get_quotes.py
[2024-05-31T15:13:46.518+0000] {processor.py:830} INFO - Processing file /opt/airflow/dags/get_quotes.py for tasks to queue
[2024-05-31T15:13:46.520+0000] {logging_mixin.py:188} INFO - [2024-05-31T15:13:46.519+0000] {dagbag.py:540} INFO - Filling up the DagBag from /opt/airflow/dags/get_quotes.py
[2024-05-31T15:13:46.532+0000] {processor.py:840} INFO - DAG(s) 'simple_quotes' retrieved from /opt/airflow/dags/get_quotes.py
[2024-05-31T15:13:46.552+0000] {logging_mixin.py:188} INFO - [2024-05-31T15:13:46.552+0000] {dag.py:3047} INFO - Sync 1 DAGs
[2024-05-31T15:13:46.564+0000] {logging_mixin.py:188} INFO - [2024-05-31T15:13:46.564+0000] {dag.py:3834} INFO - Setting next_dagrun for simple_quotes to 2024-04-01 00:00:00+00:00, run_after=2024-05-01 00:00:00+00:00
[2024-05-31T15:13:46.572+0000] {processor.py:183} INFO - Processing /opt/airflow/dags/get_quotes.py took 0.062 seconds
[2024-05-31T15:14:16.843+0000] {processor.py:161} INFO - Started process (PID=424) to work on /opt/airflow/dags/get_quotes.py
[2024-05-31T15:14:16.844+0000] {processor.py:830} INFO - Processing file /opt/airflow/dags/get_quotes.py for tasks to queue
[2024-05-31T15:14:16.845+0000] {logging_mixin.py:188} INFO - [2024-05-31T15:14:16.845+0000] {dagbag.py:540} INFO - Filling up the DagBag from /opt/airflow/dags/get_quotes.py
[2024-05-31T15:14:16.863+0000] {processor.py:840} INFO - DAG(s) 'simple_quotes' retrieved from /opt/airflow/dags/get_quotes.py
[2024-05-31T15:14:16.890+0000] {logging_mixin.py:188} INFO - [2024-05-31T15:14:16.890+0000] {dag.py:3047} INFO - Sync 1 DAGs
[2024-05-31T15:14:16.905+0000] {logging_mixin.py:188} INFO - [2024-05-31T15:14:16.905+0000] {dag.py:3834} INFO - Setting next_dagrun for simple_quotes to 2024-04-01 00:00:00+00:00, run_after=2024-05-01 00:00:00+00:00
[2024-05-31T15:14:16.914+0000] {processor.py:183} INFO - Processing /opt/airflow/dags/get_quotes.py took 0.078 seconds
[2024-05-31T15:14:47.230+0000] {processor.py:161} INFO - Started process (PID=445) to work on /opt/airflow/dags/get_quotes.py
[2024-05-31T15:14:47.232+0000] {processor.py:830} INFO - Processing file /opt/airflow/dags/get_quotes.py for tasks to queue
[2024-05-31T15:14:47.234+0000] {logging_mixin.py:188} INFO - [2024-05-31T15:14:47.233+0000] {dagbag.py:540} INFO - Filling up the DagBag from /opt/airflow/dags/get_quotes.py
[2024-05-31T15:14:47.256+0000] {processor.py:840} INFO - DAG(s) 'simple_quotes' retrieved from /opt/airflow/dags/get_quotes.py
[2024-05-31T15:14:47.282+0000] {logging_mixin.py:188} INFO - [2024-05-31T15:14:47.282+0000] {dag.py:3047} INFO - Sync 1 DAGs
[2024-05-31T15:14:47.302+0000] {logging_mixin.py:188} INFO - [2024-05-31T15:14:47.302+0000] {dag.py:3834} INFO - Setting next_dagrun for simple_quotes to 2024-04-01 00:00:00+00:00, run_after=2024-05-01 00:00:00+00:00
[2024-05-31T15:14:47.315+0000] {processor.py:183} INFO - Processing /opt/airflow/dags/get_quotes.py took 0.089 seconds
[2024-05-31T15:15:17.637+0000] {processor.py:161} INFO - Started process (PID=461) to work on /opt/airflow/dags/get_quotes.py
[2024-05-31T15:15:17.639+0000] {processor.py:830} INFO - Processing file /opt/airflow/dags/get_quotes.py for tasks to queue
[2024-05-31T15:15:17.640+0000] {logging_mixin.py:188} INFO - [2024-05-31T15:15:17.640+0000] {dagbag.py:540} INFO - Filling up the DagBag from /opt/airflow/dags/get_quotes.py
[2024-05-31T15:15:17.654+0000] {processor.py:840} INFO - DAG(s) 'simple_quotes' retrieved from /opt/airflow/dags/get_quotes.py
[2024-05-31T15:15:17.677+0000] {logging_mixin.py:188} INFO - [2024-05-31T15:15:17.677+0000] {dag.py:3047} INFO - Sync 1 DAGs
[2024-05-31T15:15:17.691+0000] {logging_mixin.py:188} INFO - [2024-05-31T15:15:17.691+0000] {dag.py:3834} INFO - Setting next_dagrun for simple_quotes to 2024-04-01 00:00:00+00:00, run_after=2024-05-01 00:00:00+00:00
[2024-05-31T15:15:17.700+0000] {processor.py:183} INFO - Processing /opt/airflow/dags/get_quotes.py took 0.067 seconds
[2024-05-31T15:15:48.079+0000] {processor.py:161} INFO - Started process (PID=472) to work on /opt/airflow/dags/get_quotes.py
[2024-05-31T15:15:48.081+0000] {processor.py:830} INFO - Processing file /opt/airflow/dags/get_quotes.py for tasks to queue
[2024-05-31T15:15:48.082+0000] {logging_mixin.py:188} INFO - [2024-05-31T15:15:48.082+0000] {dagbag.py:540} INFO - Filling up the DagBag from /opt/airflow/dags/get_quotes.py
[2024-05-31T15:15:48.104+0000] {processor.py:840} INFO - DAG(s) 'simple_quotes' retrieved from /opt/airflow/dags/get_quotes.py
[2024-05-31T15:15:48.137+0000] {logging_mixin.py:188} INFO - [2024-05-31T15:15:48.137+0000] {dag.py:3047} INFO - Sync 1 DAGs
[2024-05-31T15:15:48.170+0000] {logging_mixin.py:188} INFO - [2024-05-31T15:15:48.170+0000] {dag.py:3834} INFO - Setting next_dagrun for simple_quotes to 2024-04-01 00:00:00+00:00, run_after=2024-05-01 00:00:00+00:00
[2024-05-31T15:15:48.181+0000] {processor.py:183} INFO - Processing /opt/airflow/dags/get_quotes.py took 0.111 seconds
[2024-05-31T15:16:18.586+0000] {processor.py:161} INFO - Started process (PID=483) to work on /opt/airflow/dags/get_quotes.py
[2024-05-31T15:16:18.587+0000] {processor.py:830} INFO - Processing file /opt/airflow/dags/get_quotes.py for tasks to queue
[2024-05-31T15:16:18.589+0000] {logging_mixin.py:188} INFO - [2024-05-31T15:16:18.588+0000] {dagbag.py:540} INFO - Filling up the DagBag from /opt/airflow/dags/get_quotes.py
[2024-05-31T15:16:18.610+0000] {processor.py:840} INFO - DAG(s) 'simple_quotes' retrieved from /opt/airflow/dags/get_quotes.py
[2024-05-31T15:16:18.663+0000] {logging_mixin.py:188} INFO - [2024-05-31T15:16:18.663+0000] {dag.py:3047} INFO - Sync 1 DAGs
[2024-05-31T15:16:18.684+0000] {logging_mixin.py:188} INFO - [2024-05-31T15:16:18.684+0000] {dag.py:3834} INFO - Setting next_dagrun for simple_quotes to 2024-04-01 00:00:00+00:00, run_after=2024-05-01 00:00:00+00:00
[2024-05-31T15:16:18.695+0000] {processor.py:183} INFO - Processing /opt/airflow/dags/get_quotes.py took 0.117 seconds
[2024-05-31T15:16:49.159+0000] {processor.py:161} INFO - Started process (PID=494) to work on /opt/airflow/dags/get_quotes.py
[2024-05-31T15:16:49.160+0000] {processor.py:830} INFO - Processing file /opt/airflow/dags/get_quotes.py for tasks to queue
[2024-05-31T15:16:49.161+0000] {logging_mixin.py:188} INFO - [2024-05-31T15:16:49.161+0000] {dagbag.py:540} INFO - Filling up the DagBag from /opt/airflow/dags/get_quotes.py
[2024-05-31T15:16:49.179+0000] {processor.py:840} INFO - DAG(s) 'simple_quotes' retrieved from /opt/airflow/dags/get_quotes.py
[2024-05-31T15:16:49.209+0000] {logging_mixin.py:188} INFO - [2024-05-31T15:16:49.209+0000] {dag.py:3047} INFO - Sync 1 DAGs
[2024-05-31T15:16:49.231+0000] {logging_mixin.py:188} INFO - [2024-05-31T15:16:49.231+0000] {dag.py:3834} INFO - Setting next_dagrun for simple_quotes to 2024-04-01 00:00:00+00:00, run_after=2024-05-01 00:00:00+00:00
[2024-05-31T15:16:49.243+0000] {processor.py:183} INFO - Processing /opt/airflow/dags/get_quotes.py took 0.092 seconds
[2024-05-31T15:17:19.622+0000] {processor.py:161} INFO - Started process (PID=520) to work on /opt/airflow/dags/get_quotes.py
[2024-05-31T15:17:19.624+0000] {processor.py:830} INFO - Processing file /opt/airflow/dags/get_quotes.py for tasks to queue
[2024-05-31T15:17:19.625+0000] {logging_mixin.py:188} INFO - [2024-05-31T15:17:19.624+0000] {dagbag.py:540} INFO - Filling up the DagBag from /opt/airflow/dags/get_quotes.py
[2024-05-31T15:17:19.642+0000] {processor.py:840} INFO - DAG(s) 'simple_quotes' retrieved from /opt/airflow/dags/get_quotes.py
[2024-05-31T15:17:19.673+0000] {logging_mixin.py:188} INFO - [2024-05-31T15:17:19.672+0000] {dag.py:3047} INFO - Sync 1 DAGs
[2024-05-31T15:17:19.691+0000] {logging_mixin.py:188} INFO - [2024-05-31T15:17:19.691+0000] {dag.py:3834} INFO - Setting next_dagrun for simple_quotes to 2024-04-01 00:00:00+00:00, run_after=2024-05-01 00:00:00+00:00
[2024-05-31T15:17:19.714+0000] {processor.py:183} INFO - Processing /opt/airflow/dags/get_quotes.py took 0.100 seconds
[2024-05-31T15:17:50.129+0000] {processor.py:161} INFO - Started process (PID=531) to work on /opt/airflow/dags/get_quotes.py
[2024-05-31T15:17:50.131+0000] {processor.py:830} INFO - Processing file /opt/airflow/dags/get_quotes.py for tasks to queue
[2024-05-31T15:17:50.132+0000] {logging_mixin.py:188} INFO - [2024-05-31T15:17:50.132+0000] {dagbag.py:540} INFO - Filling up the DagBag from /opt/airflow/dags/get_quotes.py
[2024-05-31T15:17:50.153+0000] {processor.py:840} INFO - DAG(s) 'simple_quotes' retrieved from /opt/airflow/dags/get_quotes.py
[2024-05-31T15:17:50.190+0000] {logging_mixin.py:188} INFO - [2024-05-31T15:17:50.190+0000] {dag.py:3047} INFO - Sync 1 DAGs
[2024-05-31T15:17:50.210+0000] {logging_mixin.py:188} INFO - [2024-05-31T15:17:50.210+0000] {dag.py:3834} INFO - Setting next_dagrun for simple_quotes to 2024-04-01 00:00:00+00:00, run_after=2024-05-01 00:00:00+00:00
[2024-05-31T15:17:50.222+0000] {processor.py:183} INFO - Processing /opt/airflow/dags/get_quotes.py took 0.108 seconds
[2024-05-31T15:18:20.604+0000] {processor.py:161} INFO - Started process (PID=542) to work on /opt/airflow/dags/get_quotes.py
[2024-05-31T15:18:20.607+0000] {processor.py:830} INFO - Processing file /opt/airflow/dags/get_quotes.py for tasks to queue
[2024-05-31T15:18:20.609+0000] {logging_mixin.py:188} INFO - [2024-05-31T15:18:20.608+0000] {dagbag.py:540} INFO - Filling up the DagBag from /opt/airflow/dags/get_quotes.py
[2024-05-31T15:18:20.630+0000] {processor.py:840} INFO - DAG(s) 'simple_quotes' retrieved from /opt/airflow/dags/get_quotes.py
[2024-05-31T15:18:20.683+0000] {logging_mixin.py:188} INFO - [2024-05-31T15:18:20.682+0000] {dag.py:3047} INFO - Sync 1 DAGs
[2024-05-31T15:18:20.703+0000] {logging_mixin.py:188} INFO - [2024-05-31T15:18:20.703+0000] {dag.py:3834} INFO - Setting next_dagrun for simple_quotes to 2024-04-01 00:00:00+00:00, run_after=2024-05-01 00:00:00+00:00
[2024-05-31T15:18:20.715+0000] {processor.py:183} INFO - Processing /opt/airflow/dags/get_quotes.py took 0.126 seconds
[2024-05-31T15:18:51.209+0000] {processor.py:161} INFO - Started process (PID=553) to work on /opt/airflow/dags/get_quotes.py
[2024-05-31T15:18:51.211+0000] {processor.py:830} INFO - Processing file /opt/airflow/dags/get_quotes.py for tasks to queue
[2024-05-31T15:18:51.213+0000] {logging_mixin.py:188} INFO - [2024-05-31T15:18:51.212+0000] {dagbag.py:540} INFO - Filling up the DagBag from /opt/airflow/dags/get_quotes.py
[2024-05-31T15:18:51.233+0000] {processor.py:840} INFO - DAG(s) 'simple_quotes' retrieved from /opt/airflow/dags/get_quotes.py
[2024-05-31T15:18:51.259+0000] {logging_mixin.py:188} INFO - [2024-05-31T15:18:51.259+0000] {dag.py:3047} INFO - Sync 1 DAGs
[2024-05-31T15:18:51.274+0000] {logging_mixin.py:188} INFO - [2024-05-31T15:18:51.274+0000] {dag.py:3834} INFO - Setting next_dagrun for simple_quotes to 2024-04-01 00:00:00+00:00, run_after=2024-05-01 00:00:00+00:00
[2024-05-31T15:18:51.285+0000] {processor.py:183} INFO - Processing /opt/airflow/dags/get_quotes.py took 0.084 seconds
[2024-05-31T15:19:21.694+0000] {processor.py:161} INFO - Started process (PID=564) to work on /opt/airflow/dags/get_quotes.py
[2024-05-31T15:19:21.696+0000] {processor.py:830} INFO - Processing file /opt/airflow/dags/get_quotes.py for tasks to queue
[2024-05-31T15:19:21.698+0000] {logging_mixin.py:188} INFO - [2024-05-31T15:19:21.697+0000] {dagbag.py:540} INFO - Filling up the DagBag from /opt/airflow/dags/get_quotes.py
[2024-05-31T15:19:21.714+0000] {processor.py:840} INFO - DAG(s) 'simple_quotes' retrieved from /opt/airflow/dags/get_quotes.py
[2024-05-31T15:19:21.738+0000] {logging_mixin.py:188} INFO - [2024-05-31T15:19:21.738+0000] {dag.py:3047} INFO - Sync 1 DAGs
[2024-05-31T15:19:21.751+0000] {logging_mixin.py:188} INFO - [2024-05-31T15:19:21.751+0000] {dag.py:3834} INFO - Setting next_dagrun for simple_quotes to 2024-04-01 00:00:00+00:00, run_after=2024-05-01 00:00:00+00:00
[2024-05-31T15:19:21.762+0000] {processor.py:183} INFO - Processing /opt/airflow/dags/get_quotes.py took 0.075 seconds
[2024-05-31T15:19:52.256+0000] {processor.py:161} INFO - Started process (PID=575) to work on /opt/airflow/dags/get_quotes.py
[2024-05-31T15:19:52.257+0000] {processor.py:830} INFO - Processing file /opt/airflow/dags/get_quotes.py for tasks to queue
[2024-05-31T15:19:52.259+0000] {logging_mixin.py:188} INFO - [2024-05-31T15:19:52.258+0000] {dagbag.py:540} INFO - Filling up the DagBag from /opt/airflow/dags/get_quotes.py
[2024-05-31T15:19:52.303+0000] {processor.py:840} INFO - DAG(s) 'simple_quotes' retrieved from /opt/airflow/dags/get_quotes.py
[2024-05-31T15:19:52.362+0000] {logging_mixin.py:188} INFO - [2024-05-31T15:19:52.362+0000] {dag.py:3047} INFO - Sync 1 DAGs
[2024-05-31T15:19:52.379+0000] {logging_mixin.py:188} INFO - [2024-05-31T15:19:52.379+0000] {dag.py:3834} INFO - Setting next_dagrun for simple_quotes to 2024-04-01 00:00:00+00:00, run_after=2024-05-01 00:00:00+00:00
[2024-05-31T15:19:52.394+0000] {processor.py:183} INFO - Processing /opt/airflow/dags/get_quotes.py took 0.147 seconds
[2024-05-31T15:20:22.518+0000] {processor.py:161} INFO - Started process (PID=586) to work on /opt/airflow/dags/get_quotes.py
[2024-05-31T15:20:22.520+0000] {processor.py:830} INFO - Processing file /opt/airflow/dags/get_quotes.py for tasks to queue
[2024-05-31T15:20:22.521+0000] {logging_mixin.py:188} INFO - [2024-05-31T15:20:22.521+0000] {dagbag.py:540} INFO - Filling up the DagBag from /opt/airflow/dags/get_quotes.py
[2024-05-31T15:20:22.559+0000] {processor.py:840} INFO - DAG(s) 'simple_quotes' retrieved from /opt/airflow/dags/get_quotes.py
[2024-05-31T15:20:22.595+0000] {logging_mixin.py:188} INFO - [2024-05-31T15:20:22.594+0000] {dag.py:3047} INFO - Sync 1 DAGs
[2024-05-31T15:20:22.609+0000] {logging_mixin.py:188} INFO - [2024-05-31T15:20:22.609+0000] {dag.py:3834} INFO - Setting next_dagrun for simple_quotes to 2024-04-01 00:00:00+00:00, run_after=2024-05-01 00:00:00+00:00
[2024-05-31T15:20:22.619+0000] {processor.py:183} INFO - Processing /opt/airflow/dags/get_quotes.py took 0.109 seconds
[2024-05-31T15:20:53.033+0000] {processor.py:161} INFO - Started process (PID=597) to work on /opt/airflow/dags/get_quotes.py
[2024-05-31T15:20:53.034+0000] {processor.py:830} INFO - Processing file /opt/airflow/dags/get_quotes.py for tasks to queue
[2024-05-31T15:20:53.035+0000] {logging_mixin.py:188} INFO - [2024-05-31T15:20:53.035+0000] {dagbag.py:540} INFO - Filling up the DagBag from /opt/airflow/dags/get_quotes.py
[2024-05-31T15:20:53.047+0000] {processor.py:840} INFO - DAG(s) 'simple_quotes' retrieved from /opt/airflow/dags/get_quotes.py
[2024-05-31T15:20:53.067+0000] {logging_mixin.py:188} INFO - [2024-05-31T15:20:53.067+0000] {dag.py:3047} INFO - Sync 1 DAGs
[2024-05-31T15:20:53.077+0000] {logging_mixin.py:188} INFO - [2024-05-31T15:20:53.077+0000] {dag.py:3834} INFO - Setting next_dagrun for simple_quotes to 2024-04-01 00:00:00+00:00, run_after=2024-05-01 00:00:00+00:00
[2024-05-31T15:20:53.085+0000] {processor.py:183} INFO - Processing /opt/airflow/dags/get_quotes.py took 0.056 seconds
[2024-05-31T15:21:23.439+0000] {processor.py:161} INFO - Started process (PID=608) to work on /opt/airflow/dags/get_quotes.py
[2024-05-31T15:21:23.441+0000] {processor.py:830} INFO - Processing file /opt/airflow/dags/get_quotes.py for tasks to queue
[2024-05-31T15:21:23.443+0000] {logging_mixin.py:188} INFO - [2024-05-31T15:21:23.442+0000] {dagbag.py:540} INFO - Filling up the DagBag from /opt/airflow/dags/get_quotes.py
[2024-05-31T15:21:23.475+0000] {processor.py:840} INFO - DAG(s) 'simple_quotes' retrieved from /opt/airflow/dags/get_quotes.py
[2024-05-31T15:21:23.508+0000] {logging_mixin.py:188} INFO - [2024-05-31T15:21:23.508+0000] {dag.py:3047} INFO - Sync 1 DAGs
[2024-05-31T15:21:23.524+0000] {logging_mixin.py:188} INFO - [2024-05-31T15:21:23.524+0000] {dag.py:3834} INFO - Setting next_dagrun for simple_quotes to 2024-04-01 00:00:00+00:00, run_after=2024-05-01 00:00:00+00:00
[2024-05-31T15:21:23.535+0000] {processor.py:183} INFO - Processing /opt/airflow/dags/get_quotes.py took 0.104 seconds
[2024-05-31T15:21:53.942+0000] {processor.py:161} INFO - Started process (PID=619) to work on /opt/airflow/dags/get_quotes.py
[2024-05-31T15:21:53.944+0000] {processor.py:830} INFO - Processing file /opt/airflow/dags/get_quotes.py for tasks to queue
[2024-05-31T15:21:53.946+0000] {logging_mixin.py:188} INFO - [2024-05-31T15:21:53.945+0000] {dagbag.py:540} INFO - Filling up the DagBag from /opt/airflow/dags/get_quotes.py
[2024-05-31T15:21:53.967+0000] {processor.py:840} INFO - DAG(s) 'simple_quotes' retrieved from /opt/airflow/dags/get_quotes.py
[2024-05-31T15:21:54.005+0000] {logging_mixin.py:188} INFO - [2024-05-31T15:21:54.005+0000] {dag.py:3047} INFO - Sync 1 DAGs
[2024-05-31T15:21:54.037+0000] {logging_mixin.py:188} INFO - [2024-05-31T15:21:54.037+0000] {dag.py:3834} INFO - Setting next_dagrun for simple_quotes to 2024-04-01 00:00:00+00:00, run_after=2024-05-01 00:00:00+00:00
[2024-05-31T15:21:54.050+0000] {processor.py:183} INFO - Processing /opt/airflow/dags/get_quotes.py took 0.115 seconds
[2024-05-31T15:22:24.345+0000] {processor.py:161} INFO - Started process (PID=651) to work on /opt/airflow/dags/get_quotes.py
[2024-05-31T15:22:24.347+0000] {processor.py:830} INFO - Processing file /opt/airflow/dags/get_quotes.py for tasks to queue
[2024-05-31T15:22:24.348+0000] {logging_mixin.py:188} INFO - [2024-05-31T15:22:24.348+0000] {dagbag.py:540} INFO - Filling up the DagBag from /opt/airflow/dags/get_quotes.py
[2024-05-31T15:22:24.362+0000] {processor.py:840} INFO - DAG(s) 'simple_quotes' retrieved from /opt/airflow/dags/get_quotes.py
[2024-05-31T15:22:24.382+0000] {logging_mixin.py:188} INFO - [2024-05-31T15:22:24.382+0000] {dag.py:3047} INFO - Sync 1 DAGs
[2024-05-31T15:22:24.393+0000] {logging_mixin.py:188} INFO - [2024-05-31T15:22:24.393+0000] {dag.py:3834} INFO - Setting next_dagrun for simple_quotes to 2024-04-01 00:00:00+00:00, run_after=2024-05-01 00:00:00+00:00
[2024-05-31T15:22:24.401+0000] {processor.py:183} INFO - Processing /opt/airflow/dags/get_quotes.py took 0.062 seconds
[2024-05-31T15:22:54.779+0000] {processor.py:161} INFO - Started process (PID=662) to work on /opt/airflow/dags/get_quotes.py
[2024-05-31T15:22:54.780+0000] {processor.py:830} INFO - Processing file /opt/airflow/dags/get_quotes.py for tasks to queue
[2024-05-31T15:22:54.781+0000] {logging_mixin.py:188} INFO - [2024-05-31T15:22:54.781+0000] {dagbag.py:540} INFO - Filling up the DagBag from /opt/airflow/dags/get_quotes.py
[2024-05-31T15:22:54.806+0000] {processor.py:840} INFO - DAG(s) 'simple_quotes' retrieved from /opt/airflow/dags/get_quotes.py
[2024-05-31T15:22:54.845+0000] {logging_mixin.py:188} INFO - [2024-05-31T15:22:54.845+0000] {dag.py:3047} INFO - Sync 1 DAGs
[2024-05-31T15:22:54.865+0000] {logging_mixin.py:188} INFO - [2024-05-31T15:22:54.865+0000] {dag.py:3834} INFO - Setting next_dagrun for simple_quotes to 2024-04-01 00:00:00+00:00, run_after=2024-05-01 00:00:00+00:00
[2024-05-31T15:22:54.879+0000] {processor.py:183} INFO - Processing /opt/airflow/dags/get_quotes.py took 0.106 seconds
[2024-05-31T15:23:25.160+0000] {processor.py:161} INFO - Started process (PID=673) to work on /opt/airflow/dags/get_quotes.py
[2024-05-31T15:23:25.161+0000] {processor.py:830} INFO - Processing file /opt/airflow/dags/get_quotes.py for tasks to queue
[2024-05-31T15:23:25.162+0000] {logging_mixin.py:188} INFO - [2024-05-31T15:23:25.162+0000] {dagbag.py:540} INFO - Filling up the DagBag from /opt/airflow/dags/get_quotes.py
[2024-05-31T15:23:25.197+0000] {processor.py:840} INFO - DAG(s) 'simple_quotes' retrieved from /opt/airflow/dags/get_quotes.py
[2024-05-31T15:23:25.231+0000] {logging_mixin.py:188} INFO - [2024-05-31T15:23:25.231+0000] {dag.py:3047} INFO - Sync 1 DAGs
[2024-05-31T15:23:25.255+0000] {logging_mixin.py:188} INFO - [2024-05-31T15:23:25.255+0000] {dag.py:3834} INFO - Setting next_dagrun for simple_quotes to 2024-04-01 00:00:00+00:00, run_after=2024-05-01 00:00:00+00:00
[2024-05-31T15:23:25.266+0000] {processor.py:183} INFO - Processing /opt/airflow/dags/get_quotes.py took 0.112 seconds
[2024-05-31T15:23:55.657+0000] {processor.py:161} INFO - Started process (PID=684) to work on /opt/airflow/dags/get_quotes.py
[2024-05-31T15:23:55.658+0000] {processor.py:830} INFO - Processing file /opt/airflow/dags/get_quotes.py for tasks to queue
[2024-05-31T15:23:55.659+0000] {logging_mixin.py:188} INFO - [2024-05-31T15:23:55.658+0000] {dagbag.py:540} INFO - Filling up the DagBag from /opt/airflow/dags/get_quotes.py
[2024-05-31T15:23:55.670+0000] {processor.py:840} INFO - DAG(s) 'simple_quotes' retrieved from /opt/airflow/dags/get_quotes.py
[2024-05-31T15:23:55.692+0000] {logging_mixin.py:188} INFO - [2024-05-31T15:23:55.692+0000] {dag.py:3047} INFO - Sync 1 DAGs
[2024-05-31T15:23:55.706+0000] {logging_mixin.py:188} INFO - [2024-05-31T15:23:55.706+0000] {dag.py:3834} INFO - Setting next_dagrun for simple_quotes to 2024-04-01 00:00:00+00:00, run_after=2024-05-01 00:00:00+00:00
[2024-05-31T15:23:55.715+0000] {processor.py:183} INFO - Processing /opt/airflow/dags/get_quotes.py took 0.061 seconds
[2024-05-31T15:24:26.146+0000] {processor.py:161} INFO - Started process (PID=695) to work on /opt/airflow/dags/get_quotes.py
[2024-05-31T15:24:26.149+0000] {processor.py:830} INFO - Processing file /opt/airflow/dags/get_quotes.py for tasks to queue
[2024-05-31T15:24:26.156+0000] {logging_mixin.py:188} INFO - [2024-05-31T15:24:26.154+0000] {dagbag.py:540} INFO - Filling up the DagBag from /opt/airflow/dags/get_quotes.py
[2024-05-31T15:24:26.178+0000] {processor.py:840} INFO - DAG(s) 'simple_quotes' retrieved from /opt/airflow/dags/get_quotes.py
[2024-05-31T15:24:26.208+0000] {logging_mixin.py:188} INFO - [2024-05-31T15:24:26.208+0000] {dag.py:3047} INFO - Sync 1 DAGs
[2024-05-31T15:24:26.222+0000] {logging_mixin.py:188} INFO - [2024-05-31T15:24:26.222+0000] {dag.py:3834} INFO - Setting next_dagrun for simple_quotes to 2024-04-01 00:00:00+00:00, run_after=2024-05-01 00:00:00+00:00
[2024-05-31T15:24:26.232+0000] {processor.py:183} INFO - Processing /opt/airflow/dags/get_quotes.py took 0.112 seconds
[2024-05-31T15:24:56.595+0000] {processor.py:161} INFO - Started process (PID=706) to work on /opt/airflow/dags/get_quotes.py
[2024-05-31T15:24:56.596+0000] {processor.py:830} INFO - Processing file /opt/airflow/dags/get_quotes.py for tasks to queue
[2024-05-31T15:24:56.598+0000] {logging_mixin.py:188} INFO - [2024-05-31T15:24:56.597+0000] {dagbag.py:540} INFO - Filling up the DagBag from /opt/airflow/dags/get_quotes.py
[2024-05-31T15:24:56.618+0000] {processor.py:840} INFO - DAG(s) 'simple_quotes' retrieved from /opt/airflow/dags/get_quotes.py
[2024-05-31T15:24:56.643+0000] {logging_mixin.py:188} INFO - [2024-05-31T15:24:56.643+0000] {dag.py:3047} INFO - Sync 1 DAGs
[2024-05-31T15:24:56.657+0000] {logging_mixin.py:188} INFO - [2024-05-31T15:24:56.657+0000] {dag.py:3834} INFO - Setting next_dagrun for simple_quotes to 2024-04-01 00:00:00+00:00, run_after=2024-05-01 00:00:00+00:00
[2024-05-31T15:24:56.668+0000] {processor.py:183} INFO - Processing /opt/airflow/dags/get_quotes.py took 0.081 seconds
[2024-05-31T15:25:27.072+0000] {processor.py:161} INFO - Started process (PID=717) to work on /opt/airflow/dags/get_quotes.py
[2024-05-31T15:25:27.073+0000] {processor.py:830} INFO - Processing file /opt/airflow/dags/get_quotes.py for tasks to queue
[2024-05-31T15:25:27.075+0000] {logging_mixin.py:188} INFO - [2024-05-31T15:25:27.074+0000] {dagbag.py:540} INFO - Filling up the DagBag from /opt/airflow/dags/get_quotes.py
[2024-05-31T15:25:27.091+0000] {processor.py:840} INFO - DAG(s) 'simple_quotes' retrieved from /opt/airflow/dags/get_quotes.py
[2024-05-31T15:25:27.117+0000] {logging_mixin.py:188} INFO - [2024-05-31T15:25:27.117+0000] {dag.py:3047} INFO - Sync 1 DAGs
[2024-05-31T15:25:27.133+0000] {logging_mixin.py:188} INFO - [2024-05-31T15:25:27.132+0000] {dag.py:3834} INFO - Setting next_dagrun for simple_quotes to 2024-04-01 00:00:00+00:00, run_after=2024-05-01 00:00:00+00:00
[2024-05-31T15:25:27.144+0000] {processor.py:183} INFO - Processing /opt/airflow/dags/get_quotes.py took 0.083 seconds
