[2024-06-01T10:03:21.078+0000] {taskinstance.py:1171} INFO - Dependencies all met for <TaskInstance: etl_csv_files.get_files_product scheduled__2024-05-31T00:00:00+00:00 [queued]>
[2024-06-01T10:03:21.083+0000] {taskinstance.py:1171} INFO - Dependencies all met for <TaskInstance: etl_csv_files.get_files_product scheduled__2024-05-31T00:00:00+00:00 [queued]>
[2024-06-01T10:03:21.083+0000] {taskinstance.py:1368} INFO - 
--------------------------------------------------------------------------------
[2024-06-01T10:03:21.084+0000] {taskinstance.py:1369} INFO - Starting attempt 1 of 1
[2024-06-01T10:03:21.084+0000] {taskinstance.py:1370} INFO - 
--------------------------------------------------------------------------------
[2024-06-01T10:03:21.091+0000] {taskinstance.py:1389} INFO - Executing <Task(_PythonDecoratedOperator): get_files_product> on 2024-05-31 00:00:00+00:00
[2024-06-01T10:03:21.098+0000] {standard_task_runner.py:52} INFO - Started process 357 to run task
[2024-06-01T10:03:21.100+0000] {standard_task_runner.py:79} INFO - Running: ['airflow', 'tasks', 'run', 'etl_csv_files', 'get_files_product', 'scheduled__2024-05-31T00:00:00+00:00', '--job-id', '3', '--raw', '--subdir', 'DAGS_FOLDER/etl_from_csv.py', '--cfg-path', '/tmp/tmpoomjxd59', '--error-file', '/tmp/tmpc_349c59']
[2024-06-01T10:03:21.101+0000] {standard_task_runner.py:80} INFO - Job 3: Subtask get_files_product
[2024-06-01T10:03:21.148+0000] {task_command.py:371} INFO - Running <TaskInstance: etl_csv_files.get_files_product scheduled__2024-05-31T00:00:00+00:00 [running]> on host 00131c21342c
[2024-06-01T10:03:21.203+0000] {taskinstance.py:1583} INFO - Exporting the following env vars:
AIRFLOW_CTX_DAG_OWNER=Rachman
AIRFLOW_CTX_DAG_ID=etl_csv_files
AIRFLOW_CTX_TASK_ID=get_files_product
AIRFLOW_CTX_EXECUTION_DATE=2024-05-31T00:00:00+00:00
AIRFLOW_CTX_TRY_NUMBER=1
AIRFLOW_CTX_DAG_RUN_ID=scheduled__2024-05-31T00:00:00+00:00
[2024-06-01T10:03:22.208+0000] {logging_mixin.py:115} INFO - Sample data :
[2024-06-01T10:03:22.227+0000] {logging_mixin.py:115} INFO -    product_id        category  price  ratings
0         101     Electronics    500      4.5
1         102        Clothing     50      3.8
2         103  Home & Kitchen    200      4.2
3         104          Beauty     30      4.0
4         105     Electronics    800      4.8
[2024-06-01T10:03:22.234+0000] {python.py:173} INFO - Done. Returned value was: None
[2024-06-01T10:03:22.253+0000] {taskinstance.py:1412} INFO - Marking task as SUCCESS. dag_id=etl_csv_files, task_id=get_files_product, execution_date=20240531T000000, start_date=20240601T100321, end_date=20240601T100322
[2024-06-01T10:03:22.311+0000] {local_task_job.py:156} INFO - Task exited with return code 0
[2024-06-01T10:03:22.331+0000] {local_task_job.py:279} INFO - 0 downstream tasks scheduled from follow-on schedule check
