[2024-05-31T14:48:17.869+0000] {taskinstance.py:1979} INFO - Dependencies all met for dep_context=non-requeueable deps ti=<TaskInstance: etl_csv_files.get_files_purchase scheduled__2024-05-14T08:00:00+00:00 [queued]>
[2024-05-31T14:48:17.969+0000] {taskinstance.py:1979} INFO - Dependencies all met for dep_context=requeueable deps ti=<TaskInstance: etl_csv_files.get_files_purchase scheduled__2024-05-14T08:00:00+00:00 [queued]>
[2024-05-31T14:48:17.987+0000] {taskinstance.py:2193} INFO - Starting attempt 1 of 1
[2024-05-31T14:48:18.105+0000] {taskinstance.py:2217} INFO - Executing <Task(_PythonDecoratedOperator): get_files_purchase> on 2024-05-14 08:00:00+00:00
[2024-05-31T14:48:18.160+0000] {standard_task_runner.py:60} INFO - Started process 664 to run task
[2024-05-31T14:48:18.181+0000] {standard_task_runner.py:87} INFO - Running: ['airflow', 'tasks', 'run', 'etl_csv_files', 'get_files_purchase', 'scheduled__2024-05-14T08:00:00+00:00', '--job-id', '100', '--raw', '--subdir', 'DAGS_FOLDER/etl_from_csv.py', '--cfg-path', '/tmp/tmpdn4g1gwv']
[2024-05-31T14:48:18.195+0000] {standard_task_runner.py:88} INFO - Job 100: Subtask get_files_purchase
[2024-05-31T14:48:18.425+0000] {task_command.py:423} INFO - Running <TaskInstance: etl_csv_files.get_files_purchase scheduled__2024-05-14T08:00:00+00:00 [running]> on host 66ed76cf62da
[2024-05-31T14:48:18.664+0000] {taskinstance.py:2513} INFO - Exporting env vars: AIRFLOW_CTX_DAG_OWNER='airflow' AIRFLOW_CTX_DAG_ID='etl_csv_files' AIRFLOW_CTX_TASK_ID='get_files_purchase' AIRFLOW_CTX_EXECUTION_DATE='2024-05-14T08:00:00+00:00' AIRFLOW_CTX_TRY_NUMBER='1' AIRFLOW_CTX_DAG_RUN_ID='scheduled__2024-05-14T08:00:00+00:00'
[2024-05-31T14:48:20.125+0000] {logging_mixin.py:188} INFO - Sample data :
[2024-05-31T14:48:20.140+0000] {logging_mixin.py:188} INFO -    customer_id  product_id purchase_date
0            1         101    2023-01-01
1            1         105    2023-01-05
2            2         102    2023-01-02
3            3         103    2023-01-03
4            4         104    2023-01-04
[2024-05-31T14:48:20.167+0000] {python.py:202} INFO - Done. Returned value was: None
[2024-05-31T14:48:20.214+0000] {taskinstance.py:1149} INFO - Marking task as SUCCESS. dag_id=etl_csv_files, task_id=get_files_purchase, execution_date=20240514T080000, start_date=20240531T144817, end_date=20240531T144820
[2024-05-31T14:48:20.285+0000] {local_task_job_runner.py:234} INFO - Task exited with return code 0
[2024-05-31T14:48:22.763+0000] {taskinstance.py:3312} INFO - 1 downstream tasks scheduled from follow-on schedule check
