[2024-05-31T14:47:56.240+0000] {taskinstance.py:1979} INFO - Dependencies all met for dep_context=non-requeueable deps ti=<TaskInstance: etl_csv_files.get_files_purchase scheduled__2024-05-04T08:00:00+00:00 [queued]>
[2024-05-31T14:47:56.282+0000] {taskinstance.py:1979} INFO - Dependencies all met for dep_context=requeueable deps ti=<TaskInstance: etl_csv_files.get_files_purchase scheduled__2024-05-04T08:00:00+00:00 [queued]>
[2024-05-31T14:47:56.289+0000] {taskinstance.py:2193} INFO - Starting attempt 1 of 1
[2024-05-31T14:47:56.324+0000] {taskinstance.py:2217} INFO - Executing <Task(_PythonDecoratedOperator): get_files_purchase> on 2024-05-04 08:00:00+00:00
[2024-05-31T14:47:56.357+0000] {standard_task_runner.py:60} INFO - Started process 514 to run task
[2024-05-31T14:47:56.418+0000] {standard_task_runner.py:87} INFO - Running: ['airflow', 'tasks', 'run', 'etl_csv_files', 'get_files_purchase', 'scheduled__2024-05-04T08:00:00+00:00', '--job-id', '54', '--raw', '--subdir', 'DAGS_FOLDER/testfile.py', '--cfg-path', '/tmp/tmpvcg1_dt_']
[2024-05-31T14:47:56.437+0000] {standard_task_runner.py:88} INFO - Job 54: Subtask get_files_purchase
[2024-05-31T14:47:56.962+0000] {task_command.py:423} INFO - Running <TaskInstance: etl_csv_files.get_files_purchase scheduled__2024-05-04T08:00:00+00:00 [running]> on host 66ed76cf62da
[2024-05-31T14:47:57.281+0000] {taskinstance.py:2513} INFO - Exporting env vars: AIRFLOW_CTX_DAG_OWNER='airflow' AIRFLOW_CTX_DAG_ID='etl_csv_files' AIRFLOW_CTX_TASK_ID='get_files_purchase' AIRFLOW_CTX_EXECUTION_DATE='2024-05-04T08:00:00+00:00' AIRFLOW_CTX_TRY_NUMBER='1' AIRFLOW_CTX_DAG_RUN_ID='scheduled__2024-05-04T08:00:00+00:00'
[2024-05-31T14:47:58.590+0000] {logging_mixin.py:188} INFO - Sample data :
[2024-05-31T14:47:58.638+0000] {logging_mixin.py:188} INFO -    customer_id  product_id purchase_date
0            1         101    2023-01-01
1            1         105    2023-01-05
2            2         102    2023-01-02
3            3         103    2023-01-03
4            4         104    2023-01-04
[2024-05-31T14:47:58.642+0000] {python.py:202} INFO - Done. Returned value was:     customer_id  product_id        purchase_date
0             1         101           2023-01-01
1             1         105           2023-01-05
2             2         102           2023-01-02
3             3         103           2023-01-03
4             4         104           2023-01-04
..          ...         ...                  ...
95           11         294  2023-03-15 00:00:00
96           15         591  2023-03-04 00:00:00
97           10         559  2023-02-22 00:00:00
98           15         293  2023-01-04 00:00:00
99            1         441  2023-02-10 00:00:00

[100 rows x 3 columns]
[2024-05-31T14:47:58.840+0000] {taskinstance.py:1149} INFO - Marking task as SUCCESS. dag_id=etl_csv_files, task_id=get_files_purchase, execution_date=20240504T080000, start_date=20240531T144756, end_date=20240531T144758
[2024-05-31T14:47:58.900+0000] {local_task_job_runner.py:234} INFO - Task exited with return code 0
[2024-05-31T14:47:59.143+0000] {taskinstance.py:3312} INFO - 0 downstream tasks scheduled from follow-on schedule check
