[2024-05-31T14:47:16.068+0000] {taskinstance.py:1979} INFO - Dependencies all met for dep_context=non-requeueable deps ti=<TaskInstance: etl_csv_files.get_files_customer scheduled__2024-04-01T00:00:00+00:00 [queued]>
[2024-05-31T14:47:16.171+0000] {taskinstance.py:1979} INFO - Dependencies all met for dep_context=requeueable deps ti=<TaskInstance: etl_csv_files.get_files_customer scheduled__2024-04-01T00:00:00+00:00 [queued]>
[2024-05-31T14:47:16.202+0000] {taskinstance.py:2193} INFO - Starting attempt 1 of 1
[2024-05-31T14:47:16.464+0000] {taskinstance.py:2217} INFO - Executing <Task(_PythonDecoratedOperator): get_files_customer> on 2024-04-01 00:00:00+00:00
[2024-05-31T14:47:16.567+0000] {standard_task_runner.py:60} INFO - Started process 391 to run task
[2024-05-31T14:47:16.587+0000] {standard_task_runner.py:87} INFO - Running: ['airflow', 'tasks', 'run', 'etl_csv_files', 'get_files_customer', 'scheduled__2024-04-01T00:00:00+00:00', '--job-id', '25', '--raw', '--subdir', 'DAGS_FOLDER/etl_from_csv.py', '--cfg-path', '/tmp/tmpmcq06ycv']
[2024-05-31T14:47:16.627+0000] {standard_task_runner.py:88} INFO - Job 25: Subtask get_files_customer
[2024-05-31T14:47:17.388+0000] {task_command.py:423} INFO - Running <TaskInstance: etl_csv_files.get_files_customer scheduled__2024-04-01T00:00:00+00:00 [running]> on host 66ed76cf62da
[2024-05-31T14:47:17.892+0000] {taskinstance.py:2513} INFO - Exporting env vars: AIRFLOW_CTX_DAG_OWNER='airflow' AIRFLOW_CTX_DAG_ID='etl_csv_files' AIRFLOW_CTX_TASK_ID='get_files_customer' AIRFLOW_CTX_EXECUTION_DATE='2024-04-01T00:00:00+00:00' AIRFLOW_CTX_TRY_NUMBER='1' AIRFLOW_CTX_DAG_RUN_ID='scheduled__2024-04-01T00:00:00+00:00'
[2024-05-31T14:47:19.755+0000] {logging_mixin.py:188} INFO - Sample data :
[2024-05-31T14:47:19.937+0000] {logging_mixin.py:188} INFO -    customer_id  page_views  time_spent
0            1          25         120
1            2          20          90
2            3          30         150
3            4          15          80
4            5          22         110
[2024-05-31T14:47:20.045+0000] {python.py:202} INFO - Done. Returned value was: None
[2024-05-31T14:47:20.343+0000] {taskinstance.py:1149} INFO - Marking task as SUCCESS. dag_id=etl_csv_files, task_id=get_files_customer, execution_date=20240401T000000, start_date=20240531T144716, end_date=20240531T144720
[2024-05-31T14:47:21.226+0000] {local_task_job_runner.py:234} INFO - Task exited with return code 0
[2024-05-31T14:47:21.591+0000] {taskinstance.py:3312} INFO - 0 downstream tasks scheduled from follow-on schedule check
[2024-05-31T15:06:06.238+0000] {taskinstance.py:1979} INFO - Dependencies all met for dep_context=non-requeueable deps ti=<TaskInstance: etl_csv_files.get_files_customer scheduled__2024-04-01T00:00:00+00:00 [queued]>
[2024-05-31T15:06:06.246+0000] {taskinstance.py:1979} INFO - Dependencies all met for dep_context=requeueable deps ti=<TaskInstance: etl_csv_files.get_files_customer scheduled__2024-04-01T00:00:00+00:00 [queued]>
[2024-05-31T15:06:06.249+0000] {taskinstance.py:2193} INFO - Starting attempt 1 of 1
[2024-05-31T15:06:06.281+0000] {taskinstance.py:2217} INFO - Executing <Task(_PythonDecoratedOperator): get_files_customer> on 2024-04-01 00:00:00+00:00
[2024-05-31T15:06:06.289+0000] {standard_task_runner.py:60} INFO - Started process 212 to run task
[2024-05-31T15:06:06.294+0000] {standard_task_runner.py:87} INFO - Running: ['airflow', 'tasks', 'run', 'etl_csv_files', 'get_files_customer', 'scheduled__2024-04-01T00:00:00+00:00', '--job-id', '3', '--raw', '--subdir', 'DAGS_FOLDER/etl_from_csv.py', '--cfg-path', '/tmp/tmpp5rfbqpw']
[2024-05-31T15:06:06.299+0000] {standard_task_runner.py:88} INFO - Job 3: Subtask get_files_customer
[2024-05-31T15:06:06.404+0000] {task_command.py:423} INFO - Running <TaskInstance: etl_csv_files.get_files_customer scheduled__2024-04-01T00:00:00+00:00 [running]> on host 720c72730b57
[2024-05-31T15:06:06.498+0000] {taskinstance.py:2513} INFO - Exporting env vars: AIRFLOW_CTX_DAG_OWNER='airflow' AIRFLOW_CTX_DAG_ID='etl_csv_files' AIRFLOW_CTX_TASK_ID='get_files_customer' AIRFLOW_CTX_EXECUTION_DATE='2024-04-01T00:00:00+00:00' AIRFLOW_CTX_TRY_NUMBER='1' AIRFLOW_CTX_DAG_RUN_ID='scheduled__2024-04-01T00:00:00+00:00'
[2024-05-31T15:06:07.449+0000] {logging_mixin.py:188} INFO - Sample data :
[2024-05-31T15:06:07.468+0000] {logging_mixin.py:188} INFO -    customer_id  page_views  time_spent
0            1          25         120
1            2          20          90
2            3          30         150
3            4          15          80
4            5          22         110
[2024-05-31T15:06:07.475+0000] {python.py:202} INFO - Done. Returned value was: None
[2024-05-31T15:06:07.487+0000] {taskinstance.py:1149} INFO - Marking task as SUCCESS. dag_id=etl_csv_files, task_id=get_files_customer, execution_date=20240401T000000, start_date=20240531T150606, end_date=20240531T150607
[2024-05-31T15:06:07.520+0000] {local_task_job_runner.py:234} INFO - Task exited with return code 0
[2024-05-31T15:06:07.539+0000] {taskinstance.py:3312} INFO - 0 downstream tasks scheduled from follow-on schedule check
