[2024-05-31T15:06:06.237+0000] {taskinstance.py:1979} INFO - Dependencies all met for dep_context=non-requeueable deps ti=<TaskInstance: etl_csv_files.get_files_customer manual__2024-05-31T15:06:05.181299+00:00 [queued]>
[2024-05-31T15:06:06.247+0000] {taskinstance.py:1979} INFO - Dependencies all met for dep_context=requeueable deps ti=<TaskInstance: etl_csv_files.get_files_customer manual__2024-05-31T15:06:05.181299+00:00 [queued]>
[2024-05-31T15:06:06.248+0000] {taskinstance.py:2193} INFO - Starting attempt 1 of 1
[2024-05-31T15:06:06.267+0000] {taskinstance.py:2217} INFO - Executing <Task(_PythonDecoratedOperator): get_files_customer> on 2024-05-31 15:06:05.181299+00:00
[2024-05-31T15:06:06.272+0000] {standard_task_runner.py:60} INFO - Started process 210 to run task
[2024-05-31T15:06:06.276+0000] {standard_task_runner.py:87} INFO - Running: ['airflow', 'tasks', 'run', 'etl_csv_files', 'get_files_customer', 'manual__2024-05-31T15:06:05.181299+00:00', '--job-id', '5', '--raw', '--subdir', 'DAGS_FOLDER/etl_from_csv.py', '--cfg-path', '/tmp/tmplb43thrr']
[2024-05-31T15:06:06.279+0000] {standard_task_runner.py:88} INFO - Job 5: Subtask get_files_customer
[2024-05-31T15:06:06.406+0000] {task_command.py:423} INFO - Running <TaskInstance: etl_csv_files.get_files_customer manual__2024-05-31T15:06:05.181299+00:00 [running]> on host 720c72730b57
[2024-05-31T15:06:06.515+0000] {taskinstance.py:2513} INFO - Exporting env vars: AIRFLOW_CTX_DAG_OWNER='airflow' AIRFLOW_CTX_DAG_ID='etl_csv_files' AIRFLOW_CTX_TASK_ID='get_files_customer' AIRFLOW_CTX_EXECUTION_DATE='2024-05-31T15:06:05.181299+00:00' AIRFLOW_CTX_TRY_NUMBER='1' AIRFLOW_CTX_DAG_RUN_ID='manual__2024-05-31T15:06:05.181299+00:00'
[2024-05-31T15:06:07.836+0000] {logging_mixin.py:188} INFO - Sample data :
[2024-05-31T15:06:07.843+0000] {logging_mixin.py:188} INFO -    customer_id  page_views  time_spent
0            1          25         120
1            2          20          90
2            3          30         150
3            4          15          80
4            5          22         110
[2024-05-31T15:06:07.845+0000] {python.py:202} INFO - Done. Returned value was: None
[2024-05-31T15:06:07.853+0000] {taskinstance.py:1149} INFO - Marking task as SUCCESS. dag_id=etl_csv_files, task_id=get_files_customer, execution_date=20240531T150605, start_date=20240531T150606, end_date=20240531T150607
[2024-05-31T15:06:07.875+0000] {local_task_job_runner.py:234} INFO - Task exited with return code 0
[2024-05-31T15:06:07.914+0000] {taskinstance.py:3312} INFO - 0 downstream tasks scheduled from follow-on schedule check
