[2024-05-30T10:00:05.268+0000] {taskinstance.py:1979} INFO - Dependencies all met for dep_context=non-requeueable deps ti=<TaskInstance: etl_csv_files.get_files_product scheduled__2024-03-11T08:00:00+00:00 [queued]>
[2024-05-30T10:00:05.418+0000] {taskinstance.py:1979} INFO - Dependencies all met for dep_context=requeueable deps ti=<TaskInstance: etl_csv_files.get_files_product scheduled__2024-03-11T08:00:00+00:00 [queued]>
[2024-05-30T10:00:05.426+0000] {taskinstance.py:2193} INFO - Starting attempt 1 of 1
[2024-05-30T10:00:05.729+0000] {taskinstance.py:2217} INFO - Executing <Task(_PythonDecoratedOperator): get_files_product> on 2024-03-11 08:00:00+00:00
[2024-05-30T10:00:05.780+0000] {standard_task_runner.py:60} INFO - Started process 574 to run task
[2024-05-30T10:00:06.099+0000] {standard_task_runner.py:87} INFO - Running: ['airflow', 'tasks', 'run', 'etl_csv_files', 'get_files_product', 'scheduled__2024-03-11T08:00:00+00:00', '--job-id', '11', '--raw', '--subdir', 'DAGS_FOLDER/etl_from_csv.py', '--cfg-path', '/tmp/tmp525pl33c']
[2024-05-30T10:00:06.278+0000] {standard_task_runner.py:88} INFO - Job 11: Subtask get_files_product
[2024-05-30T10:00:07.338+0000] {task_command.py:423} INFO - Running <TaskInstance: etl_csv_files.get_files_product scheduled__2024-03-11T08:00:00+00:00 [running]> on host 9daf870c1958
[2024-05-30T10:00:07.816+0000] {taskinstance.py:2513} INFO - Exporting env vars: AIRFLOW_CTX_DAG_OWNER='airflow' AIRFLOW_CTX_DAG_ID='etl_csv_files' AIRFLOW_CTX_TASK_ID='get_files_product' AIRFLOW_CTX_EXECUTION_DATE='2024-03-11T08:00:00+00:00' AIRFLOW_CTX_TRY_NUMBER='1' AIRFLOW_CTX_DAG_RUN_ID='scheduled__2024-03-11T08:00:00+00:00'
[2024-05-30T10:00:11.044+0000] {logging_mixin.py:188} INFO - Sample data :
[2024-05-30T10:00:12.240+0000] {logging_mixin.py:188} INFO -    product_id        category  price  ratings
0         101     Electronics    500      4.5
1         102        Clothing     50      3.8
2         103  Home & Kitchen    200      4.2
3         104          Beauty     30      4.0
4         105     Electronics    800      4.8
[2024-05-30T10:00:12.278+0000] {python.py:202} INFO - Done. Returned value was: None
[2024-05-30T10:00:12.386+0000] {taskinstance.py:1149} INFO - Marking task as SUCCESS. dag_id=etl_csv_files, task_id=get_files_product, execution_date=20240311T080000, start_date=20240530T100005, end_date=20240530T100012
[2024-05-30T10:00:12.534+0000] {local_task_job_runner.py:234} INFO - Task exited with return code 0
[2024-05-30T10:00:12.809+0000] {taskinstance.py:3312} INFO - 0 downstream tasks scheduled from follow-on schedule check
[2024-05-31T14:44:39.984+0000] {taskinstance.py:1979} INFO - Dependencies all met for dep_context=non-requeueable deps ti=<TaskInstance: etl_csv_files.get_files_product scheduled__2024-03-11T08:00:00+00:00 [queued]>
[2024-05-31T14:44:40.058+0000] {taskinstance.py:1979} INFO - Dependencies all met for dep_context=requeueable deps ti=<TaskInstance: etl_csv_files.get_files_product scheduled__2024-03-11T08:00:00+00:00 [queued]>
[2024-05-31T14:44:40.067+0000] {taskinstance.py:2193} INFO - Starting attempt 1 of 1
[2024-05-31T14:44:40.183+0000] {taskinstance.py:2217} INFO - Executing <Task(_PythonDecoratedOperator): get_files_product> on 2024-03-11 08:00:00+00:00
[2024-05-31T14:44:40.195+0000] {standard_task_runner.py:60} INFO - Started process 247 to run task
[2024-05-31T14:44:40.236+0000] {standard_task_runner.py:87} INFO - Running: ['airflow', 'tasks', 'run', 'etl_csv_files', 'get_files_product', 'scheduled__2024-03-11T08:00:00+00:00', '--job-id', '5', '--raw', '--subdir', 'DAGS_FOLDER/etl_from_csv.py', '--cfg-path', '/tmp/tmpwo9617r3']
[2024-05-31T14:44:40.263+0000] {standard_task_runner.py:88} INFO - Job 5: Subtask get_files_product
[2024-05-31T14:44:40.644+0000] {task_command.py:423} INFO - Running <TaskInstance: etl_csv_files.get_files_product scheduled__2024-03-11T08:00:00+00:00 [running]> on host 66ed76cf62da
[2024-05-31T14:44:41.272+0000] {taskinstance.py:2513} INFO - Exporting env vars: AIRFLOW_CTX_DAG_OWNER='airflow' AIRFLOW_CTX_DAG_ID='etl_csv_files' AIRFLOW_CTX_TASK_ID='get_files_product' AIRFLOW_CTX_EXECUTION_DATE='2024-03-11T08:00:00+00:00' AIRFLOW_CTX_TRY_NUMBER='1' AIRFLOW_CTX_DAG_RUN_ID='scheduled__2024-03-11T08:00:00+00:00'
[2024-05-31T14:44:44.279+0000] {logging_mixin.py:188} INFO - Sample data :
[2024-05-31T14:44:44.350+0000] {logging_mixin.py:188} INFO -    product_id        category  price  ratings
0         101     Electronics    500      4.5
1         102        Clothing     50      3.8
2         103  Home & Kitchen    200      4.2
3         104          Beauty     30      4.0
4         105     Electronics    800      4.8
[2024-05-31T14:44:44.405+0000] {python.py:202} INFO - Done. Returned value was: None
[2024-05-31T14:44:44.598+0000] {taskinstance.py:1149} INFO - Marking task as SUCCESS. dag_id=etl_csv_files, task_id=get_files_product, execution_date=20240311T080000, start_date=20240531T144439, end_date=20240531T144444
[2024-05-31T14:44:44.991+0000] {local_task_job_runner.py:234} INFO - Task exited with return code 0
[2024-05-31T14:44:45.380+0000] {taskinstance.py:3312} INFO - 1 downstream tasks scheduled from follow-on schedule check
