[2024-05-30T08:23:17.089+0000] {taskinstance.py:1171} INFO - Dependencies all met for <TaskInstance: simple_quotes.return_quotes_task manual__2024-05-30T08:23:13.654085+00:00 [queued]>
[2024-05-30T08:23:17.097+0000] {taskinstance.py:1171} INFO - Dependencies all met for <TaskInstance: simple_quotes.return_quotes_task manual__2024-05-30T08:23:13.654085+00:00 [queued]>
[2024-05-30T08:23:17.098+0000] {taskinstance.py:1368} INFO - 
--------------------------------------------------------------------------------
[2024-05-30T08:23:17.098+0000] {taskinstance.py:1369} INFO - Starting attempt 1 of 1
[2024-05-30T08:23:17.098+0000] {taskinstance.py:1370} INFO - 
--------------------------------------------------------------------------------
[2024-05-30T08:23:17.109+0000] {taskinstance.py:1389} INFO - Executing <Task(PythonOperator): return_quotes_task> on 2024-05-30 08:23:13.654085+00:00
[2024-05-30T08:23:17.112+0000] {standard_task_runner.py:52} INFO - Started process 204 to run task
[2024-05-30T08:23:17.115+0000] {standard_task_runner.py:79} INFO - Running: ['airflow', 'tasks', 'run', 'simple_quotes', 'return_quotes_task', 'manual__2024-05-30T08:23:13.654085+00:00', '--job-id', '10', '--raw', '--subdir', 'DAGS_FOLDER/get_quotes.py', '--cfg-path', '/tmp/tmpp3vtep_6', '--error-file', '/tmp/tmph6ovvml2']
[2024-05-30T08:23:17.116+0000] {standard_task_runner.py:80} INFO - Job 10: Subtask return_quotes_task
[2024-05-30T08:23:17.151+0000] {task_command.py:371} INFO - Running <TaskInstance: simple_quotes.return_quotes_task manual__2024-05-30T08:23:13.654085+00:00 [running]> on host 9d343bd61762
[2024-05-30T08:23:17.314+0000] {taskinstance.py:1583} INFO - Exporting the following env vars:
AIRFLOW_CTX_DAG_OWNER=airflow
AIRFLOW_CTX_DAG_ID=simple_quotes
AIRFLOW_CTX_TASK_ID=return_quotes_task
AIRFLOW_CTX_EXECUTION_DATE=2024-05-30T08:23:13.654085+00:00
AIRFLOW_CTX_TRY_NUMBER=1
AIRFLOW_CTX_DAG_RUN_ID=manual__2024-05-30T08:23:13.654085+00:00
[2024-05-30T08:23:17.320+0000] {logging_mixin.py:115} INFO - YOUR DAILY QUOTES = Difficulties increase the nearer we get to the goal. from Johann Wolfgang von Goethe, type.fit
[2024-05-30T08:23:17.320+0000] {python.py:173} INFO - Done. Returned value was: None
[2024-05-30T08:23:17.326+0000] {taskinstance.py:1412} INFO - Marking task as SUCCESS. dag_id=simple_quotes, task_id=return_quotes_task, execution_date=20240530T082313, start_date=20240530T082317, end_date=20240530T082317
[2024-05-30T08:23:17.336+0000] {local_task_job.py:156} INFO - Task exited with return code 0
[2024-05-30T08:23:17.353+0000] {local_task_job.py:279} INFO - 1 downstream tasks scheduled from follow-on schedule check
