[2024-05-30T10:00:05.279+0000] {taskinstance.py:1979} INFO - Dependencies all met for dep_context=non-requeueable deps ti=<TaskInstance: etl_csv_files.get_files_product manual__2024-05-30T09:59:56.554546+00:00 [queued]>
[2024-05-30T10:00:05.369+0000] {taskinstance.py:1979} INFO - Dependencies all met for dep_context=requeueable deps ti=<TaskInstance: etl_csv_files.get_files_product manual__2024-05-30T09:59:56.554546+00:00 [queued]>
[2024-05-30T10:00:05.370+0000] {taskinstance.py:2193} INFO - Starting attempt 1 of 1
[2024-05-30T10:00:05.501+0000] {taskinstance.py:2217} INFO - Executing <Task(_PythonDecoratedOperator): get_files_product> on 2024-05-30 09:59:56.554546+00:00
[2024-05-30T10:00:05.564+0000] {standard_task_runner.py:87} INFO - Running: ['airflow', 'tasks', 'run', 'etl_csv_files', 'get_files_product', 'manual__2024-05-30T09:59:56.554546+00:00', '--job-id', '3', '--raw', '--subdir', 'DAGS_FOLDER/etl_from_csv.py', '--cfg-path', '/tmp/tmp0o5uff5p']
[2024-05-30T10:00:05.550+0000] {standard_task_runner.py:60} INFO - Started process 563 to run task
[2024-05-30T10:00:05.573+0000] {standard_task_runner.py:88} INFO - Job 3: Subtask get_files_product
[2024-05-30T10:00:06.686+0000] {task_command.py:423} INFO - Running <TaskInstance: etl_csv_files.get_files_product manual__2024-05-30T09:59:56.554546+00:00 [running]> on host 9daf870c1958
[2024-05-30T10:00:07.500+0000] {taskinstance.py:2513} INFO - Exporting env vars: AIRFLOW_CTX_DAG_OWNER='airflow' AIRFLOW_CTX_DAG_ID='etl_csv_files' AIRFLOW_CTX_TASK_ID='get_files_product' AIRFLOW_CTX_EXECUTION_DATE='2024-05-30T09:59:56.554546+00:00' AIRFLOW_CTX_TRY_NUMBER='1' AIRFLOW_CTX_DAG_RUN_ID='manual__2024-05-30T09:59:56.554546+00:00'
[2024-05-30T10:00:10.468+0000] {logging_mixin.py:188} INFO - Sample data :
[2024-05-30T10:00:11.394+0000] {logging_mixin.py:188} INFO -    product_id        category  price  ratings
0         101     Electronics    500      4.5
1         102        Clothing     50      3.8
2         103  Home & Kitchen    200      4.2
3         104          Beauty     30      4.0
4         105     Electronics    800      4.8
[2024-05-30T10:00:12.042+0000] {python.py:202} INFO - Done. Returned value was: None
[2024-05-30T10:00:12.297+0000] {taskinstance.py:1149} INFO - Marking task as SUCCESS. dag_id=etl_csv_files, task_id=get_files_product, execution_date=20240530T095956, start_date=20240530T100005, end_date=20240530T100012
[2024-05-30T10:00:12.588+0000] {local_task_job_runner.py:234} INFO - Task exited with return code 0
[2024-05-30T10:00:12.841+0000] {taskinstance.py:3312} INFO - 0 downstream tasks scheduled from follow-on schedule check
