[2024-06-01T10:03:21.097+0000] {taskinstance.py:1171} INFO - Dependencies all met for <TaskInstance: etl_csv_files.get_files_customer scheduled__2024-05-31T00:00:00+00:00 [queued]>
[2024-06-01T10:03:21.105+0000] {taskinstance.py:1171} INFO - Dependencies all met for <TaskInstance: etl_csv_files.get_files_customer scheduled__2024-05-31T00:00:00+00:00 [queued]>
[2024-06-01T10:03:21.105+0000] {taskinstance.py:1368} INFO - 
--------------------------------------------------------------------------------
[2024-06-01T10:03:21.105+0000] {taskinstance.py:1369} INFO - Starting attempt 1 of 1
[2024-06-01T10:03:21.105+0000] {taskinstance.py:1370} INFO - 
--------------------------------------------------------------------------------
[2024-06-01T10:03:21.113+0000] {taskinstance.py:1389} INFO - Executing <Task(_PythonDecoratedOperator): get_files_customer> on 2024-05-31 00:00:00+00:00
[2024-06-01T10:03:21.117+0000] {standard_task_runner.py:52} INFO - Started process 358 to run task
[2024-06-01T10:03:21.120+0000] {standard_task_runner.py:79} INFO - Running: ['airflow', 'tasks', 'run', 'etl_csv_files', 'get_files_customer', 'scheduled__2024-05-31T00:00:00+00:00', '--job-id', '2', '--raw', '--subdir', 'DAGS_FOLDER/etl_from_csv.py', '--cfg-path', '/tmp/tmpqevwa9_h', '--error-file', '/tmp/tmp1_dhf_m2']
[2024-06-01T10:03:21.121+0000] {standard_task_runner.py:80} INFO - Job 2: Subtask get_files_customer
[2024-06-01T10:03:21.175+0000] {task_command.py:371} INFO - Running <TaskInstance: etl_csv_files.get_files_customer scheduled__2024-05-31T00:00:00+00:00 [running]> on host 00131c21342c
[2024-06-01T10:03:21.234+0000] {taskinstance.py:1583} INFO - Exporting the following env vars:
AIRFLOW_CTX_DAG_OWNER=Rachman
AIRFLOW_CTX_DAG_ID=etl_csv_files
AIRFLOW_CTX_TASK_ID=get_files_customer
AIRFLOW_CTX_EXECUTION_DATE=2024-05-31T00:00:00+00:00
AIRFLOW_CTX_TRY_NUMBER=1
AIRFLOW_CTX_DAG_RUN_ID=scheduled__2024-05-31T00:00:00+00:00
[2024-06-01T10:03:22.277+0000] {logging_mixin.py:115} INFO - Sample data :
[2024-06-01T10:03:22.282+0000] {logging_mixin.py:115} INFO -    customer_id  page_views  time_spent
0            1          25         120
1            2          20          90
2            3          30         150
3            4          15          80
4            5          22         110
[2024-06-01T10:03:22.283+0000] {python.py:173} INFO - Done. Returned value was: None
[2024-06-01T10:03:22.291+0000] {taskinstance.py:1412} INFO - Marking task as SUCCESS. dag_id=etl_csv_files, task_id=get_files_customer, execution_date=20240531T000000, start_date=20240601T100321, end_date=20240601T100322
[2024-06-01T10:03:22.336+0000] {local_task_job.py:156} INFO - Task exited with return code 0
[2024-06-01T10:03:22.358+0000] {local_task_job.py:279} INFO - 0 downstream tasks scheduled from follow-on schedule check
