[2024-06-01T10:09:34.617+0000] {taskinstance.py:1171} INFO - Dependencies all met for <TaskInstance: etl_csv_files.combine_files manual__2024-06-01T10:09:30.734786+00:00 [queued]>
[2024-06-01T10:09:34.622+0000] {taskinstance.py:1171} INFO - Dependencies all met for <TaskInstance: etl_csv_files.combine_files manual__2024-06-01T10:09:30.734786+00:00 [queued]>
[2024-06-01T10:09:34.622+0000] {taskinstance.py:1368} INFO - 
--------------------------------------------------------------------------------
[2024-06-01T10:09:34.623+0000] {taskinstance.py:1369} INFO - Starting attempt 1 of 1
[2024-06-01T10:09:34.623+0000] {taskinstance.py:1370} INFO - 
--------------------------------------------------------------------------------
[2024-06-01T10:09:34.629+0000] {taskinstance.py:1389} INFO - Executing <Task(_PythonDecoratedOperator): combine_files> on 2024-06-01 10:09:30.734786+00:00
[2024-06-01T10:09:34.631+0000] {standard_task_runner.py:52} INFO - Started process 535 to run task
[2024-06-01T10:09:34.633+0000] {standard_task_runner.py:79} INFO - Running: ['airflow', 'tasks', 'run', 'etl_csv_files', 'combine_files', 'manual__2024-06-01T10:09:30.734786+00:00', '--job-id', '15', '--raw', '--subdir', 'DAGS_FOLDER/etl_from_csv.py', '--cfg-path', '/tmp/tmpum5l7p0h', '--error-file', '/tmp/tmp2zu1gg7g']
[2024-06-01T10:09:34.634+0000] {standard_task_runner.py:80} INFO - Job 15: Subtask combine_files
[2024-06-01T10:09:34.669+0000] {task_command.py:371} INFO - Running <TaskInstance: etl_csv_files.combine_files manual__2024-06-01T10:09:30.734786+00:00 [running]> on host 00131c21342c
[2024-06-01T10:09:34.703+0000] {taskinstance.py:1583} INFO - Exporting the following env vars:
AIRFLOW_CTX_DAG_OWNER=Rachman
AIRFLOW_CTX_DAG_ID=etl_csv_files
AIRFLOW_CTX_TASK_ID=combine_files
AIRFLOW_CTX_EXECUTION_DATE=2024-06-01T10:09:30.734786+00:00
AIRFLOW_CTX_TRY_NUMBER=1
AIRFLOW_CTX_DAG_RUN_ID=manual__2024-06-01T10:09:30.734786+00:00
[2024-06-01T10:09:34.719+0000] {logging_mixin.py:115} INFO -    product_id  customer_id  page_views  ...        category price ratings
0         101            1          25  ...     Electronics   500     4.5
1         101            5          22  ...     Electronics   500     4.5
2         102            2          20  ...        Clothing    50     3.8
3         102           18          29  ...        Clothing    50     3.8
4         103            3          30  ...  Home & Kitchen   200     4.2

[5 rows x 8 columns]
[2024-06-01T10:09:34.721+0000] {python.py:173} INFO - Done. Returned value was: None
[2024-06-01T10:09:34.727+0000] {taskinstance.py:1412} INFO - Marking task as SUCCESS. dag_id=etl_csv_files, task_id=combine_files, execution_date=20240601T100930, start_date=20240601T100934, end_date=20240601T100934
[2024-06-01T10:09:34.778+0000] {local_task_job.py:156} INFO - Task exited with return code 0
[2024-06-01T10:09:34.801+0000] {local_task_job.py:279} INFO - 1 downstream tasks scheduled from follow-on schedule check
