[2024-06-01T10:03:23.346+0000] {taskinstance.py:1171} INFO - Dependencies all met for <TaskInstance: etl_csv_files.combine_files scheduled__2024-05-31T00:00:00+00:00 [queued]>
[2024-06-01T10:03:23.350+0000] {taskinstance.py:1171} INFO - Dependencies all met for <TaskInstance: etl_csv_files.combine_files scheduled__2024-05-31T00:00:00+00:00 [queued]>
[2024-06-01T10:03:23.350+0000] {taskinstance.py:1368} INFO - 
--------------------------------------------------------------------------------
[2024-06-01T10:03:23.351+0000] {taskinstance.py:1369} INFO - Starting attempt 1 of 1
[2024-06-01T10:03:23.351+0000] {taskinstance.py:1370} INFO - 
--------------------------------------------------------------------------------
[2024-06-01T10:03:23.356+0000] {taskinstance.py:1389} INFO - Executing <Task(_PythonDecoratedOperator): combine_files> on 2024-05-31 00:00:00+00:00
[2024-06-01T10:03:23.358+0000] {standard_task_runner.py:52} INFO - Started process 362 to run task
[2024-06-01T10:03:23.360+0000] {standard_task_runner.py:79} INFO - Running: ['airflow', 'tasks', 'run', 'etl_csv_files', 'combine_files', 'scheduled__2024-05-31T00:00:00+00:00', '--job-id', '5', '--raw', '--subdir', 'DAGS_FOLDER/etl_from_csv.py', '--cfg-path', '/tmp/tmp8dr8a4y2', '--error-file', '/tmp/tmp47qbdidk']
[2024-06-01T10:03:23.361+0000] {standard_task_runner.py:80} INFO - Job 5: Subtask combine_files
[2024-06-01T10:03:23.387+0000] {task_command.py:371} INFO - Running <TaskInstance: etl_csv_files.combine_files scheduled__2024-05-31T00:00:00+00:00 [running]> on host 00131c21342c
[2024-06-01T10:03:23.418+0000] {taskinstance.py:1583} INFO - Exporting the following env vars:
AIRFLOW_CTX_DAG_OWNER=Rachman
AIRFLOW_CTX_DAG_ID=etl_csv_files
AIRFLOW_CTX_TASK_ID=combine_files
AIRFLOW_CTX_EXECUTION_DATE=2024-05-31T00:00:00+00:00
AIRFLOW_CTX_TRY_NUMBER=1
AIRFLOW_CTX_DAG_RUN_ID=scheduled__2024-05-31T00:00:00+00:00
[2024-06-01T10:03:23.434+0000] {logging_mixin.py:115} INFO -    product_id  customer_id  page_views  ...        category price ratings
0         101            1          25  ...     Electronics   500     4.5
1         101            5          22  ...     Electronics   500     4.5
2         102            2          20  ...        Clothing    50     3.8
3         102           18          29  ...        Clothing    50     3.8
4         103            3          30  ...  Home & Kitchen   200     4.2

[5 rows x 8 columns]
[2024-06-01T10:03:23.436+0000] {python.py:173} INFO - Done. Returned value was: None
[2024-06-01T10:03:23.442+0000] {taskinstance.py:1412} INFO - Marking task as SUCCESS. dag_id=etl_csv_files, task_id=combine_files, execution_date=20240531T000000, start_date=20240601T100323, end_date=20240601T100323
[2024-06-01T10:03:23.458+0000] {local_task_job.py:156} INFO - Task exited with return code 0
[2024-06-01T10:03:23.476+0000] {local_task_job.py:279} INFO - 1 downstream tasks scheduled from follow-on schedule check
