[2024-06-04T07:46:51.561+0000] {processor.py:161} INFO - Started process (PID=187) to work on /opt/airflow/dags/etl_from_csv.py
[2024-06-04T07:46:51.564+0000] {processor.py:830} INFO - Processing file /opt/airflow/dags/etl_from_csv.py for tasks to queue
[2024-06-04T07:46:51.565+0000] {logging_mixin.py:188} INFO - [2024-06-04T07:46:51.565+0000] {dagbag.py:540} INFO - Filling up the DagBag from /opt/airflow/dags/etl_from_csv.py
[2024-06-04T07:46:51.815+0000] {processor.py:840} INFO - DAG(s) 'etl_csv_files' retrieved from /opt/airflow/dags/etl_from_csv.py
[2024-06-04T07:46:51.837+0000] {logging_mixin.py:188} INFO - [2024-06-04T07:46:51.837+0000] {dag.py:3047} INFO - Sync 1 DAGs
[2024-06-04T07:46:51.857+0000] {logging_mixin.py:188} INFO - [2024-06-04T07:46:51.856+0000] {dag.py:3834} INFO - Setting next_dagrun for etl_csv_files to 2024-06-03 00:00:00+00:00, run_after=2024-06-04 00:00:00+00:00
[2024-06-04T07:46:51.874+0000] {processor.py:183} INFO - Processing /opt/airflow/dags/etl_from_csv.py took 0.321 seconds
[2024-06-04T07:47:22.063+0000] {processor.py:161} INFO - Started process (PID=198) to work on /opt/airflow/dags/etl_from_csv.py
[2024-06-04T07:47:22.068+0000] {processor.py:830} INFO - Processing file /opt/airflow/dags/etl_from_csv.py for tasks to queue
[2024-06-04T07:47:22.070+0000] {logging_mixin.py:188} INFO - [2024-06-04T07:47:22.069+0000] {dagbag.py:540} INFO - Filling up the DagBag from /opt/airflow/dags/etl_from_csv.py
[2024-06-04T07:47:22.303+0000] {processor.py:840} INFO - DAG(s) 'etl_csv_files' retrieved from /opt/airflow/dags/etl_from_csv.py
[2024-06-04T07:47:22.358+0000] {logging_mixin.py:188} INFO - [2024-06-04T07:47:22.358+0000] {dag.py:3047} INFO - Sync 1 DAGs
[2024-06-04T07:47:22.367+0000] {logging_mixin.py:188} INFO - [2024-06-04T07:47:22.367+0000] {dag.py:3834} INFO - Setting next_dagrun for etl_csv_files to 2024-06-03 00:00:00+00:00, run_after=2024-06-04 00:00:00+00:00
[2024-06-04T07:47:22.375+0000] {processor.py:183} INFO - Processing /opt/airflow/dags/etl_from_csv.py took 0.335 seconds
[2024-06-04T07:47:52.789+0000] {processor.py:161} INFO - Started process (PID=209) to work on /opt/airflow/dags/etl_from_csv.py
[2024-06-04T07:47:52.791+0000] {processor.py:830} INFO - Processing file /opt/airflow/dags/etl_from_csv.py for tasks to queue
[2024-06-04T07:47:52.792+0000] {logging_mixin.py:188} INFO - [2024-06-04T07:47:52.792+0000] {dagbag.py:540} INFO - Filling up the DagBag from /opt/airflow/dags/etl_from_csv.py
[2024-06-04T07:47:52.997+0000] {processor.py:840} INFO - DAG(s) 'etl_csv_files' retrieved from /opt/airflow/dags/etl_from_csv.py
[2024-06-04T07:47:53.020+0000] {logging_mixin.py:188} INFO - [2024-06-04T07:47:53.020+0000] {dag.py:3047} INFO - Sync 1 DAGs
[2024-06-04T07:47:53.031+0000] {logging_mixin.py:188} INFO - [2024-06-04T07:47:53.031+0000] {dag.py:3834} INFO - Setting next_dagrun for etl_csv_files to 2024-06-03 00:00:00+00:00, run_after=2024-06-04 00:00:00+00:00
[2024-06-04T07:47:53.039+0000] {processor.py:183} INFO - Processing /opt/airflow/dags/etl_from_csv.py took 0.257 seconds
