[2024-06-04T07:46:51.572+0000] {processor.py:161} INFO - Started process (PID=190) to work on /opt/airflow/dags/get_quotes.py
[2024-06-04T07:46:51.574+0000] {processor.py:830} INFO - Processing file /opt/airflow/dags/get_quotes.py for tasks to queue
[2024-06-04T07:46:51.575+0000] {logging_mixin.py:188} INFO - [2024-06-04T07:46:51.575+0000] {dagbag.py:540} INFO - Filling up the DagBag from /opt/airflow/dags/get_quotes.py
[2024-06-04T07:46:51.594+0000] {processor.py:840} INFO - DAG(s) 'simple_quotes' retrieved from /opt/airflow/dags/get_quotes.py
[2024-06-04T07:46:51.635+0000] {logging_mixin.py:188} INFO - [2024-06-04T07:46:51.635+0000] {dag.py:3047} INFO - Sync 1 DAGs
[2024-06-04T07:46:51.655+0000] {logging_mixin.py:188} INFO - [2024-06-04T07:46:51.655+0000] {dag.py:3834} INFO - Setting next_dagrun for simple_quotes to 2024-05-01 00:00:00+00:00, run_after=2024-06-01 00:00:00+00:00
[2024-06-04T07:46:51.671+0000] {processor.py:183} INFO - Processing /opt/airflow/dags/get_quotes.py took 0.106 seconds
[2024-06-04T07:47:22.071+0000] {processor.py:161} INFO - Started process (PID=201) to work on /opt/airflow/dags/get_quotes.py
[2024-06-04T07:47:22.072+0000] {processor.py:830} INFO - Processing file /opt/airflow/dags/get_quotes.py for tasks to queue
[2024-06-04T07:47:22.073+0000] {logging_mixin.py:188} INFO - [2024-06-04T07:47:22.073+0000] {dagbag.py:540} INFO - Filling up the DagBag from /opt/airflow/dags/get_quotes.py
[2024-06-04T07:47:22.090+0000] {processor.py:840} INFO - DAG(s) 'simple_quotes' retrieved from /opt/airflow/dags/get_quotes.py
[2024-06-04T07:47:22.211+0000] {logging_mixin.py:188} INFO - [2024-06-04T07:47:22.211+0000] {dag.py:3047} INFO - Sync 1 DAGs
[2024-06-04T07:47:22.226+0000] {logging_mixin.py:188} INFO - [2024-06-04T07:47:22.226+0000] {dag.py:3834} INFO - Setting next_dagrun for simple_quotes to 2024-05-01 00:00:00+00:00, run_after=2024-06-01 00:00:00+00:00
[2024-06-04T07:47:22.237+0000] {processor.py:183} INFO - Processing /opt/airflow/dags/get_quotes.py took 0.176 seconds
[2024-06-04T07:47:52.789+0000] {processor.py:161} INFO - Started process (PID=211) to work on /opt/airflow/dags/get_quotes.py
[2024-06-04T07:47:52.791+0000] {processor.py:830} INFO - Processing file /opt/airflow/dags/get_quotes.py for tasks to queue
[2024-06-04T07:47:52.792+0000] {logging_mixin.py:188} INFO - [2024-06-04T07:47:52.792+0000] {dagbag.py:540} INFO - Filling up the DagBag from /opt/airflow/dags/get_quotes.py
[2024-06-04T07:47:52.811+0000] {processor.py:840} INFO - DAG(s) 'simple_quotes' retrieved from /opt/airflow/dags/get_quotes.py
[2024-06-04T07:47:52.837+0000] {logging_mixin.py:188} INFO - [2024-06-04T07:47:52.837+0000] {dag.py:3047} INFO - Sync 1 DAGs
[2024-06-04T07:47:52.862+0000] {logging_mixin.py:188} INFO - [2024-06-04T07:47:52.862+0000] {dag.py:3834} INFO - Setting next_dagrun for simple_quotes to 2024-05-01 00:00:00+00:00, run_after=2024-06-01 00:00:00+00:00
[2024-06-04T07:47:52.877+0000] {processor.py:183} INFO - Processing /opt/airflow/dags/get_quotes.py took 0.095 seconds
