[2024-05-30T10:00:05.362+0000] {taskinstance.py:1979} INFO - Dependencies all met for dep_context=non-requeueable deps ti=<TaskInstance: etl_csv_files.get_files_product scheduled__2024-03-14T08:00:00+00:00 [queued]>
[2024-05-30T10:00:05.429+0000] {taskinstance.py:1979} INFO - Dependencies all met for dep_context=requeueable deps ti=<TaskInstance: etl_csv_files.get_files_product scheduled__2024-03-14T08:00:00+00:00 [queued]>
[2024-05-30T10:00:05.439+0000] {taskinstance.py:2193} INFO - Starting attempt 1 of 1
[2024-05-30T10:00:05.589+0000] {taskinstance.py:2217} INFO - Executing <Task(_PythonDecoratedOperator): get_files_product> on 2024-03-14 08:00:00+00:00
[2024-05-30T10:00:05.623+0000] {standard_task_runner.py:60} INFO - Started process 569 to run task
[2024-05-30T10:00:05.812+0000] {standard_task_runner.py:87} INFO - Running: ['airflow', 'tasks', 'run', 'etl_csv_files', 'get_files_product', 'scheduled__2024-03-14T08:00:00+00:00', '--job-id', '14', '--raw', '--subdir', 'DAGS_FOLDER/etl_from_csv.py', '--cfg-path', '/tmp/tmpofawqgwj']
[2024-05-30T10:00:05.889+0000] {standard_task_runner.py:88} INFO - Job 14: Subtask get_files_product
[2024-05-30T10:00:06.549+0000] {task_command.py:423} INFO - Running <TaskInstance: etl_csv_files.get_files_product scheduled__2024-03-14T08:00:00+00:00 [running]> on host 9daf870c1958
[2024-05-30T10:00:07.441+0000] {taskinstance.py:2513} INFO - Exporting env vars: AIRFLOW_CTX_DAG_OWNER='airflow' AIRFLOW_CTX_DAG_ID='etl_csv_files' AIRFLOW_CTX_TASK_ID='get_files_product' AIRFLOW_CTX_EXECUTION_DATE='2024-03-14T08:00:00+00:00' AIRFLOW_CTX_TRY_NUMBER='1' AIRFLOW_CTX_DAG_RUN_ID='scheduled__2024-03-14T08:00:00+00:00'
[2024-05-30T10:00:10.546+0000] {logging_mixin.py:188} INFO - Sample data :
[2024-05-30T10:00:11.028+0000] {logging_mixin.py:188} INFO -    product_id        category  price  ratings
0         101     Electronics    500      4.5
1         102        Clothing     50      3.8
2         103  Home & Kitchen    200      4.2
3         104          Beauty     30      4.0
4         105     Electronics    800      4.8
[2024-05-30T10:00:11.433+0000] {python.py:202} INFO - Done. Returned value was: None
[2024-05-30T10:00:11.821+0000] {taskinstance.py:1149} INFO - Marking task as SUCCESS. dag_id=etl_csv_files, task_id=get_files_product, execution_date=20240314T080000, start_date=20240530T100005, end_date=20240530T100011
[2024-05-30T10:00:12.214+0000] {local_task_job_runner.py:234} INFO - Task exited with return code 0
[2024-05-30T10:00:12.519+0000] {taskinstance.py:3312} INFO - 0 downstream tasks scheduled from follow-on schedule check
[2024-05-31T14:44:41.209+0000] {taskinstance.py:1979} INFO - Dependencies all met for dep_context=non-requeueable deps ti=<TaskInstance: etl_csv_files.get_files_product scheduled__2024-03-14T08:00:00+00:00 [queued]>
[2024-05-31T14:44:41.268+0000] {taskinstance.py:1979} INFO - Dependencies all met for dep_context=requeueable deps ti=<TaskInstance: etl_csv_files.get_files_product scheduled__2024-03-14T08:00:00+00:00 [queued]>
[2024-05-31T14:44:41.273+0000] {taskinstance.py:2193} INFO - Starting attempt 1 of 1
[2024-05-31T14:44:41.351+0000] {taskinstance.py:2217} INFO - Executing <Task(_PythonDecoratedOperator): get_files_product> on 2024-03-14 08:00:00+00:00
[2024-05-31T14:44:41.388+0000] {standard_task_runner.py:60} INFO - Started process 250 to run task
[2024-05-31T14:44:41.395+0000] {standard_task_runner.py:87} INFO - Running: ['airflow', 'tasks', 'run', 'etl_csv_files', 'get_files_product', 'scheduled__2024-03-14T08:00:00+00:00', '--job-id', '9', '--raw', '--subdir', 'DAGS_FOLDER/etl_from_csv.py', '--cfg-path', '/tmp/tmp7rx_z6dn']
[2024-05-31T14:44:41.399+0000] {standard_task_runner.py:88} INFO - Job 9: Subtask get_files_product
[2024-05-31T14:44:41.672+0000] {task_command.py:423} INFO - Running <TaskInstance: etl_csv_files.get_files_product scheduled__2024-03-14T08:00:00+00:00 [running]> on host 66ed76cf62da
[2024-05-31T14:44:42.010+0000] {taskinstance.py:2513} INFO - Exporting env vars: AIRFLOW_CTX_DAG_OWNER='airflow' AIRFLOW_CTX_DAG_ID='etl_csv_files' AIRFLOW_CTX_TASK_ID='get_files_product' AIRFLOW_CTX_EXECUTION_DATE='2024-03-14T08:00:00+00:00' AIRFLOW_CTX_TRY_NUMBER='1' AIRFLOW_CTX_DAG_RUN_ID='scheduled__2024-03-14T08:00:00+00:00'
[2024-05-31T14:44:44.277+0000] {logging_mixin.py:188} INFO - Sample data :
[2024-05-31T14:44:44.615+0000] {logging_mixin.py:188} INFO -    product_id        category  price  ratings
0         101     Electronics    500      4.5
1         102        Clothing     50      3.8
2         103  Home & Kitchen    200      4.2
3         104          Beauty     30      4.0
4         105     Electronics    800      4.8
[2024-05-31T14:44:44.766+0000] {python.py:202} INFO - Done. Returned value was: None
[2024-05-31T14:44:44.983+0000] {taskinstance.py:1149} INFO - Marking task as SUCCESS. dag_id=etl_csv_files, task_id=get_files_product, execution_date=20240314T080000, start_date=20240531T144441, end_date=20240531T144444
[2024-05-31T14:44:45.283+0000] {local_task_job_runner.py:234} INFO - Task exited with return code 0
[2024-05-31T14:44:45.810+0000] {taskinstance.py:3312} INFO - 0 downstream tasks scheduled from follow-on schedule check
