[2024-05-31T14:48:18.495+0000] {taskinstance.py:1979} INFO - Dependencies all met for dep_context=non-requeueable deps ti=<TaskInstance: etl_csv_files.get_files_product scheduled__2024-05-16T08:00:00+00:00 [queued]>
[2024-05-31T14:48:18.552+0000] {taskinstance.py:1979} INFO - Dependencies all met for dep_context=requeueable deps ti=<TaskInstance: etl_csv_files.get_files_product scheduled__2024-05-16T08:00:00+00:00 [queued]>
[2024-05-31T14:48:18.567+0000] {taskinstance.py:2193} INFO - Starting attempt 1 of 1
[2024-05-31T14:48:18.646+0000] {taskinstance.py:2217} INFO - Executing <Task(_PythonDecoratedOperator): get_files_product> on 2024-05-16 08:00:00+00:00
[2024-05-31T14:48:18.656+0000] {standard_task_runner.py:60} INFO - Started process 670 to run task
[2024-05-31T14:48:18.673+0000] {standard_task_runner.py:87} INFO - Running: ['airflow', 'tasks', 'run', 'etl_csv_files', 'get_files_product', 'scheduled__2024-05-16T08:00:00+00:00', '--job-id', '104', '--raw', '--subdir', 'DAGS_FOLDER/etl_from_csv.py', '--cfg-path', '/tmp/tmpe08cgtby']
[2024-05-31T14:48:18.701+0000] {standard_task_runner.py:88} INFO - Job 104: Subtask get_files_product
[2024-05-31T14:48:18.858+0000] {task_command.py:423} INFO - Running <TaskInstance: etl_csv_files.get_files_product scheduled__2024-05-16T08:00:00+00:00 [running]> on host 66ed76cf62da
[2024-05-31T14:48:19.014+0000] {taskinstance.py:2513} INFO - Exporting env vars: AIRFLOW_CTX_DAG_OWNER='airflow' AIRFLOW_CTX_DAG_ID='etl_csv_files' AIRFLOW_CTX_TASK_ID='get_files_product' AIRFLOW_CTX_EXECUTION_DATE='2024-05-16T08:00:00+00:00' AIRFLOW_CTX_TRY_NUMBER='1' AIRFLOW_CTX_DAG_RUN_ID='scheduled__2024-05-16T08:00:00+00:00'
[2024-05-31T14:48:20.594+0000] {logging_mixin.py:188} INFO - Sample data :
[2024-05-31T14:48:20.622+0000] {logging_mixin.py:188} INFO -    product_id        category  price  ratings
0         101     Electronics    500      4.5
1         102        Clothing     50      3.8
2         103  Home & Kitchen    200      4.2
3         104          Beauty     30      4.0
4         105     Electronics    800      4.8
[2024-05-31T14:48:20.637+0000] {python.py:202} INFO - Done. Returned value was: None
[2024-05-31T14:48:20.663+0000] {taskinstance.py:1149} INFO - Marking task as SUCCESS. dag_id=etl_csv_files, task_id=get_files_product, execution_date=20240516T080000, start_date=20240531T144818, end_date=20240531T144820
[2024-05-31T14:48:20.682+0000] {local_task_job_runner.py:234} INFO - Task exited with return code 0
[2024-05-31T14:48:22.945+0000] {taskinstance.py:3312} INFO - 0 downstream tasks scheduled from follow-on schedule check
