[2024-06-01T10:09:32.780+0000] {taskinstance.py:1171} INFO - Dependencies all met for <TaskInstance: etl_csv_files.get_files_customer manual__2024-06-01T10:09:30.734786+00:00 [queued]>
[2024-06-01T10:09:32.787+0000] {taskinstance.py:1171} INFO - Dependencies all met for <TaskInstance: etl_csv_files.get_files_customer manual__2024-06-01T10:09:30.734786+00:00 [queued]>
[2024-06-01T10:09:32.788+0000] {taskinstance.py:1368} INFO - 
--------------------------------------------------------------------------------
[2024-06-01T10:09:32.788+0000] {taskinstance.py:1369} INFO - Starting attempt 1 of 1
[2024-06-01T10:09:32.788+0000] {taskinstance.py:1370} INFO - 
--------------------------------------------------------------------------------
[2024-06-01T10:09:32.796+0000] {taskinstance.py:1389} INFO - Executing <Task(_PythonDecoratedOperator): get_files_customer> on 2024-06-01 10:09:30.734786+00:00
[2024-06-01T10:09:32.801+0000] {standard_task_runner.py:52} INFO - Started process 532 to run task
[2024-06-01T10:09:32.804+0000] {standard_task_runner.py:79} INFO - Running: ['airflow', 'tasks', 'run', 'etl_csv_files', 'get_files_customer', 'manual__2024-06-01T10:09:30.734786+00:00', '--job-id', '13', '--raw', '--subdir', 'DAGS_FOLDER/etl_from_csv.py', '--cfg-path', '/tmp/tmphvkqh7_b', '--error-file', '/tmp/tmprc7hcik1']
[2024-06-01T10:09:32.805+0000] {standard_task_runner.py:80} INFO - Job 13: Subtask get_files_customer
[2024-06-01T10:09:32.844+0000] {task_command.py:371} INFO - Running <TaskInstance: etl_csv_files.get_files_customer manual__2024-06-01T10:09:30.734786+00:00 [running]> on host 00131c21342c
[2024-06-01T10:09:32.888+0000] {taskinstance.py:1583} INFO - Exporting the following env vars:
AIRFLOW_CTX_DAG_OWNER=Rachman
AIRFLOW_CTX_DAG_ID=etl_csv_files
AIRFLOW_CTX_TASK_ID=get_files_customer
AIRFLOW_CTX_EXECUTION_DATE=2024-06-01T10:09:30.734786+00:00
AIRFLOW_CTX_TRY_NUMBER=1
AIRFLOW_CTX_DAG_RUN_ID=manual__2024-06-01T10:09:30.734786+00:00
[2024-06-01T10:09:34.004+0000] {logging_mixin.py:115} INFO - Sample data :
[2024-06-01T10:09:34.011+0000] {logging_mixin.py:115} INFO -    customer_id  page_views  time_spent
0            1          25         120
1            2          20          90
2            3          30         150
3            4          15          80
4            5          22         110
[2024-06-01T10:09:34.013+0000] {python.py:173} INFO - Done. Returned value was: None
[2024-06-01T10:09:34.022+0000] {taskinstance.py:1412} INFO - Marking task as SUCCESS. dag_id=etl_csv_files, task_id=get_files_customer, execution_date=20240601T100930, start_date=20240601T100932, end_date=20240601T100934
[2024-06-01T10:09:34.067+0000] {local_task_job.py:156} INFO - Task exited with return code 0
[2024-06-01T10:09:34.087+0000] {local_task_job.py:279} INFO - 0 downstream tasks scheduled from follow-on schedule check
