[2024-05-30T10:00:16.766+0000] {taskinstance.py:1979} INFO - Dependencies all met for dep_context=non-requeueable deps ti=<TaskInstance: etl_csv_files.get_files_purchase scheduled__2024-03-15T08:00:00+00:00 [queued]>
[2024-05-30T10:00:16.814+0000] {taskinstance.py:1979} INFO - Dependencies all met for dep_context=requeueable deps ti=<TaskInstance: etl_csv_files.get_files_purchase scheduled__2024-03-15T08:00:00+00:00 [queued]>
[2024-05-30T10:00:16.826+0000] {taskinstance.py:2193} INFO - Starting attempt 1 of 1
[2024-05-30T10:00:16.955+0000] {taskinstance.py:2217} INFO - Executing <Task(_PythonDecoratedOperator): get_files_purchase> on 2024-03-15 08:00:00+00:00
[2024-05-30T10:00:16.995+0000] {standard_task_runner.py:60} INFO - Started process 630 to run task
[2024-05-30T10:00:17.046+0000] {standard_task_runner.py:87} INFO - Running: ['airflow', 'tasks', 'run', 'etl_csv_files', 'get_files_purchase', 'scheduled__2024-03-15T08:00:00+00:00', '--job-id', '27', '--raw', '--subdir', 'DAGS_FOLDER/etl_from_csv.py', '--cfg-path', '/tmp/tmpugok3hws']
[2024-05-30T10:00:17.068+0000] {standard_task_runner.py:88} INFO - Job 27: Subtask get_files_purchase
[2024-05-30T10:00:17.422+0000] {task_command.py:423} INFO - Running <TaskInstance: etl_csv_files.get_files_purchase scheduled__2024-03-15T08:00:00+00:00 [running]> on host 9daf870c1958
[2024-05-30T10:00:20.024+0000] {taskinstance.py:2513} INFO - Exporting env vars: AIRFLOW_CTX_DAG_OWNER='airflow' AIRFLOW_CTX_DAG_ID='etl_csv_files' AIRFLOW_CTX_TASK_ID='get_files_purchase' AIRFLOW_CTX_EXECUTION_DATE='2024-03-15T08:00:00+00:00' AIRFLOW_CTX_TRY_NUMBER='1' AIRFLOW_CTX_DAG_RUN_ID='scheduled__2024-03-15T08:00:00+00:00'
[2024-05-30T10:00:21.400+0000] {logging_mixin.py:188} INFO - Sample data :
[2024-05-30T10:00:21.447+0000] {logging_mixin.py:188} INFO -    customer_id  product_id purchase_date
0            1         101    2023-01-01
1            1         105    2023-01-05
2            2         102    2023-01-02
3            3         103    2023-01-03
4            4         104    2023-01-04
[2024-05-30T10:00:21.463+0000] {python.py:202} INFO - Done. Returned value was: None
[2024-05-30T10:00:21.490+0000] {taskinstance.py:1149} INFO - Marking task as SUCCESS. dag_id=etl_csv_files, task_id=get_files_purchase, execution_date=20240315T080000, start_date=20240530T100016, end_date=20240530T100021
[2024-05-30T10:00:21.548+0000] {local_task_job_runner.py:234} INFO - Task exited with return code 0
[2024-05-30T10:00:21.636+0000] {taskinstance.py:3312} INFO - 0 downstream tasks scheduled from follow-on schedule check
[2024-05-31T14:44:41.847+0000] {taskinstance.py:1979} INFO - Dependencies all met for dep_context=non-requeueable deps ti=<TaskInstance: etl_csv_files.get_files_purchase scheduled__2024-03-15T08:00:00+00:00 [queued]>
[2024-05-31T14:44:41.890+0000] {taskinstance.py:1979} INFO - Dependencies all met for dep_context=requeueable deps ti=<TaskInstance: etl_csv_files.get_files_purchase scheduled__2024-03-15T08:00:00+00:00 [queued]>
[2024-05-31T14:44:41.901+0000] {taskinstance.py:2193} INFO - Starting attempt 1 of 1
[2024-05-31T14:44:41.961+0000] {taskinstance.py:2217} INFO - Executing <Task(_PythonDecoratedOperator): get_files_purchase> on 2024-03-15 08:00:00+00:00
[2024-05-31T14:44:41.980+0000] {standard_task_runner.py:60} INFO - Started process 258 to run task
[2024-05-31T14:44:42.000+0000] {standard_task_runner.py:87} INFO - Running: ['airflow', 'tasks', 'run', 'etl_csv_files', 'get_files_purchase', 'scheduled__2024-03-15T08:00:00+00:00', '--job-id', '13', '--raw', '--subdir', 'DAGS_FOLDER/etl_from_csv.py', '--cfg-path', '/tmp/tmpjvioli5b']
[2024-05-31T14:44:42.014+0000] {standard_task_runner.py:88} INFO - Job 13: Subtask get_files_purchase
[2024-05-31T14:44:42.313+0000] {task_command.py:423} INFO - Running <TaskInstance: etl_csv_files.get_files_purchase scheduled__2024-03-15T08:00:00+00:00 [running]> on host 66ed76cf62da
[2024-05-31T14:44:42.519+0000] {taskinstance.py:2513} INFO - Exporting env vars: AIRFLOW_CTX_DAG_OWNER='airflow' AIRFLOW_CTX_DAG_ID='etl_csv_files' AIRFLOW_CTX_TASK_ID='get_files_purchase' AIRFLOW_CTX_EXECUTION_DATE='2024-03-15T08:00:00+00:00' AIRFLOW_CTX_TRY_NUMBER='1' AIRFLOW_CTX_DAG_RUN_ID='scheduled__2024-03-15T08:00:00+00:00'
[2024-05-31T14:44:44.397+0000] {logging_mixin.py:188} INFO - Sample data :
[2024-05-31T14:44:44.720+0000] {logging_mixin.py:188} INFO -    customer_id  product_id purchase_date
0            1         101    2023-01-01
1            1         105    2023-01-05
2            2         102    2023-01-02
3            3         103    2023-01-03
4            4         104    2023-01-04
[2024-05-31T14:44:44.808+0000] {python.py:202} INFO - Done. Returned value was: None
[2024-05-31T14:44:45.012+0000] {taskinstance.py:1149} INFO - Marking task as SUCCESS. dag_id=etl_csv_files, task_id=get_files_purchase, execution_date=20240315T080000, start_date=20240531T144441, end_date=20240531T144445
[2024-05-31T14:44:45.231+0000] {local_task_job_runner.py:234} INFO - Task exited with return code 0
[2024-05-31T14:44:46.075+0000] {taskinstance.py:3312} INFO - 0 downstream tasks scheduled from follow-on schedule check
