[2024-05-30T10:02:14.729+0000] {taskinstance.py:1979} INFO - Dependencies all met for dep_context=non-requeueable deps ti=<TaskInstance: etl_csv_files.get_files_product scheduled__2024-04-23T08:00:00+00:00 [queued]>
[2024-05-30T10:02:14.945+0000] {taskinstance.py:1979} INFO - Dependencies all met for dep_context=requeueable deps ti=<TaskInstance: etl_csv_files.get_files_product scheduled__2024-04-23T08:00:00+00:00 [queued]>
[2024-05-30T10:02:14.957+0000] {taskinstance.py:2193} INFO - Starting attempt 1 of 1
[2024-05-30T10:02:15.236+0000] {taskinstance.py:2217} INFO - Executing <Task(_PythonDecoratedOperator): get_files_product> on 2024-04-23 08:00:00+00:00
[2024-05-30T10:02:15.283+0000] {standard_task_runner.py:60} INFO - Started process 1360 to run task
[2024-05-30T10:02:15.296+0000] {standard_task_runner.py:87} INFO - Running: ['airflow', 'tasks', 'run', 'etl_csv_files', 'get_files_product', 'scheduled__2024-04-23T08:00:00+00:00', '--job-id', '197', '--raw', '--subdir', 'DAGS_FOLDER/etl_from_csv.py', '--cfg-path', '/tmp/tmphg7t67ds']
[2024-05-30T10:02:15.334+0000] {standard_task_runner.py:88} INFO - Job 197: Subtask get_files_product
[2024-05-30T10:02:15.923+0000] {task_command.py:423} INFO - Running <TaskInstance: etl_csv_files.get_files_product scheduled__2024-04-23T08:00:00+00:00 [running]> on host 9daf870c1958
[2024-05-30T10:02:16.367+0000] {taskinstance.py:2513} INFO - Exporting env vars: AIRFLOW_CTX_DAG_OWNER='airflow' AIRFLOW_CTX_DAG_ID='etl_csv_files' AIRFLOW_CTX_TASK_ID='get_files_product' AIRFLOW_CTX_EXECUTION_DATE='2024-04-23T08:00:00+00:00' AIRFLOW_CTX_TRY_NUMBER='1' AIRFLOW_CTX_DAG_RUN_ID='scheduled__2024-04-23T08:00:00+00:00'
[2024-05-30T10:02:18.301+0000] {logging_mixin.py:188} INFO - Sample data :
[2024-05-30T10:02:18.456+0000] {logging_mixin.py:188} INFO -    product_id        category  price  ratings
0         101     Electronics    500      4.5
1         102        Clothing     50      3.8
2         103  Home & Kitchen    200      4.2
3         104          Beauty     30      4.0
4         105     Electronics    800      4.8
[2024-05-30T10:02:18.464+0000] {python.py:202} INFO - Done. Returned value was: None
[2024-05-30T10:02:18.589+0000] {taskinstance.py:1149} INFO - Marking task as SUCCESS. dag_id=etl_csv_files, task_id=get_files_product, execution_date=20240423T080000, start_date=20240530T100214, end_date=20240530T100218
[2024-05-30T10:02:18.702+0000] {local_task_job_runner.py:234} INFO - Task exited with return code 0
[2024-05-30T10:02:18.856+0000] {taskinstance.py:3312} INFO - 1 downstream tasks scheduled from follow-on schedule check
