[2024-06-01T10:03:29.844+0000] {taskinstance.py:1171} INFO - Dependencies all met for <TaskInstance: etl_csv_files.insert_to_db manual__2024-06-01T10:03:24.590976+00:00 [queued]>
[2024-06-01T10:03:29.849+0000] {taskinstance.py:1171} INFO - Dependencies all met for <TaskInstance: etl_csv_files.insert_to_db manual__2024-06-01T10:03:24.590976+00:00 [queued]>
[2024-06-01T10:03:29.849+0000] {taskinstance.py:1368} INFO - 
--------------------------------------------------------------------------------
[2024-06-01T10:03:29.849+0000] {taskinstance.py:1369} INFO - Starting attempt 1 of 1
[2024-06-01T10:03:29.850+0000] {taskinstance.py:1370} INFO - 
--------------------------------------------------------------------------------
[2024-06-01T10:03:29.855+0000] {taskinstance.py:1389} INFO - Executing <Task(_PythonDecoratedOperator): insert_to_db> on 2024-06-01 10:03:24.590976+00:00
[2024-06-01T10:03:29.858+0000] {standard_task_runner.py:52} INFO - Started process 385 to run task
[2024-06-01T10:03:29.859+0000] {standard_task_runner.py:79} INFO - Running: ['airflow', 'tasks', 'run', 'etl_csv_files', 'insert_to_db', 'manual__2024-06-01T10:03:24.590976+00:00', '--job-id', '11', '--raw', '--subdir', 'DAGS_FOLDER/etl_from_csv.py', '--cfg-path', '/tmp/tmpqbkqetdu', '--error-file', '/tmp/tmpsku4k78c']
[2024-06-01T10:03:29.860+0000] {standard_task_runner.py:80} INFO - Job 11: Subtask insert_to_db
[2024-06-01T10:03:29.889+0000] {task_command.py:371} INFO - Running <TaskInstance: etl_csv_files.insert_to_db manual__2024-06-01T10:03:24.590976+00:00 [running]> on host 00131c21342c
[2024-06-01T10:03:29.921+0000] {taskinstance.py:1583} INFO - Exporting the following env vars:
AIRFLOW_CTX_DAG_OWNER=Rachman
AIRFLOW_CTX_DAG_ID=etl_csv_files
AIRFLOW_CTX_TASK_ID=insert_to_db
AIRFLOW_CTX_EXECUTION_DATE=2024-06-01T10:03:24.590976+00:00
AIRFLOW_CTX_TRY_NUMBER=1
AIRFLOW_CTX_DAG_RUN_ID=manual__2024-06-01T10:03:24.590976+00:00
[2024-06-01T10:03:29.945+0000] {logging_mixin.py:115} INFO - Sucess INSERT
[2024-06-01T10:03:29.945+0000] {python.py:173} INFO - Done. Returned value was: None
[2024-06-01T10:03:29.951+0000] {taskinstance.py:1412} INFO - Marking task as SUCCESS. dag_id=etl_csv_files, task_id=insert_to_db, execution_date=20240601T100324, start_date=20240601T100329, end_date=20240601T100329
[2024-06-01T10:03:29.958+0000] {local_task_job.py:156} INFO - Task exited with return code 0
[2024-06-01T10:03:29.974+0000] {local_task_job.py:279} INFO - 1 downstream tasks scheduled from follow-on schedule check
