[2024-05-30T05:49:22.470+0000] {taskinstance.py:1171} INFO - Dependencies all met for <TaskInstance: simple_quotes.get_quotes_task scheduled__2024-04-01T00:00:00+00:00 [queued]>
[2024-05-30T05:49:22.482+0000] {taskinstance.py:1171} INFO - Dependencies all met for <TaskInstance: simple_quotes.get_quotes_task scheduled__2024-04-01T00:00:00+00:00 [queued]>
[2024-05-30T05:49:22.485+0000] {taskinstance.py:1368} INFO - 
--------------------------------------------------------------------------------
[2024-05-30T05:49:22.487+0000] {taskinstance.py:1369} INFO - Starting attempt 1 of 1
[2024-05-30T05:49:22.487+0000] {taskinstance.py:1370} INFO - 
--------------------------------------------------------------------------------
[2024-05-30T05:49:22.513+0000] {taskinstance.py:1389} INFO - Executing <Task(PythonOperator): get_quotes_task> on 2024-04-01 00:00:00+00:00
[2024-05-30T05:49:22.524+0000] {standard_task_runner.py:52} INFO - Started process 197 to run task
[2024-05-30T05:49:22.535+0000] {standard_task_runner.py:79} INFO - Running: ['airflow', 'tasks', 'run', 'simple_quotes', 'get_quotes_task', 'scheduled__2024-04-01T00:00:00+00:00', '--job-id', '2', '--raw', '--subdir', 'DAGS_FOLDER/get_quotes.py', '--cfg-path', '/tmp/tmp1hnnovul', '--error-file', '/tmp/tmp8u2rgl6c']
[2024-05-30T05:49:22.541+0000] {standard_task_runner.py:80} INFO - Job 2: Subtask get_quotes_task
[2024-05-30T05:49:22.625+0000] {task_command.py:371} INFO - Running <TaskInstance: simple_quotes.get_quotes_task scheduled__2024-04-01T00:00:00+00:00 [running]> on host 9d343bd61762
[2024-05-30T05:49:23.011+0000] {taskinstance.py:1583} INFO - Exporting the following env vars:
AIRFLOW_CTX_DAG_OWNER=airflow
AIRFLOW_CTX_DAG_ID=simple_quotes
AIRFLOW_CTX_TASK_ID=get_quotes_task
AIRFLOW_CTX_EXECUTION_DATE=2024-04-01T00:00:00+00:00
AIRFLOW_CTX_TRY_NUMBER=1
AIRFLOW_CTX_DAG_RUN_ID=scheduled__2024-04-01T00:00:00+00:00
[2024-05-30T05:49:23.249+0000] {logging_mixin.py:115} INFO - Success got : [{'text': 'Genius is one percent inspiration and ninety-nine percent perspiration.', 'author': 'Thomas Edison, type.fit'}, {'text': 'You can observe a lot just by watching.', 'author': 'Yogi Berra, type.fit'}, {'text': 'A house divided against itself cannot stand.', 'author': 'Abraham Lincoln, type.fit'}, {'text': 'Difficulties increase the nearer we get to the goal.', 'author': 'Johann Wolfgang von Goethe, type.fit'}, {'text': 'Fate is in your hands and no one elses', 'author': 'Byron Pulsifer, type.fit'}, {'text': 'Be the chief but never the lord.', 'author': 'Lao Tzu, type.fit'}, {'text': 'Nothing happens unless first we dream.', 'author': 'Carl Sandburg, type.fit'}, {'text': 'Well begun is half done.', 'author': 'Aristotle, type.fit'}, {'text': 'Life is a learning experience, only if you learn.', 'author': 'Yogi Berra'}, {'text': 'Self-complacency is fatal to progress.', 'author': 'Margaret Sangster, type.fit'}, {'text': 'Peace comes from within. Do not seek it without.', 'author': 'Buddha, type.fit'}, {'text': 'What you give is what you get.', 'author': 'Byron Pulsifer, type.fit'}, {'text': 'We can only learn to love by loving.', 'author': 'Iris Murdoch, type.fit'}, {'text': 'Life is change. Growth is optional. Choose wisely.', 'author': 'Karen Clark, type.fit'}, {'text': "You'll see it when you believe it.", 'author': 'Wayne Dyer, type.fit'}, {'text': 'Today is the tomorrow we worried about yesterday.', 'author': 'type.fit'}]
[2024-05-30T05:49:23.250+0000] {python.py:173} INFO - Done. Returned value was: [{'text': 'Genius is one percent inspiration and ninety-nine percent perspiration.', 'author': 'Thomas Edison, type.fit'}, {'text': 'You can observe a lot just by watching.', 'author': 'Yogi Berra, type.fit'}, {'text': 'A house divided against itself cannot stand.', 'author': 'Abraham Lincoln, type.fit'}, {'text': 'Difficulties increase the nearer we get to the goal.', 'author': 'Johann Wolfgang von Goethe, type.fit'}, {'text': 'Fate is in your hands and no one elses', 'author': 'Byron Pulsifer, type.fit'}, {'text': 'Be the chief but never the lord.', 'author': 'Lao Tzu, type.fit'}, {'text': 'Nothing happens unless first we dream.', 'author': 'Carl Sandburg, type.fit'}, {'text': 'Well begun is half done.', 'author': 'Aristotle, type.fit'}, {'text': 'Life is a learning experience, only if you learn.', 'author': 'Yogi Berra'}, {'text': 'Self-complacency is fatal to progress.', 'author': 'Margaret Sangster, type.fit'}, {'text': 'Peace comes from within. Do not seek it without.', 'author': 'Buddha, type.fit'}, {'text': 'What you give is what you get.', 'author': 'Byron Pulsifer, type.fit'}, {'text': 'We can only learn to love by loving.', 'author': 'Iris Murdoch, type.fit'}, {'text': 'Life is change. Growth is optional. Choose wisely.', 'author': 'Karen Clark, type.fit'}, {'text': "You'll see it when you believe it.", 'author': 'Wayne Dyer, type.fit'}, {'text': 'Today is the tomorrow we worried about yesterday.', 'author': 'type.fit'}]
[2024-05-30T05:49:23.280+0000] {taskinstance.py:1412} INFO - Marking task as SUCCESS. dag_id=simple_quotes, task_id=get_quotes_task, execution_date=20240401T000000, start_date=20240530T054922, end_date=20240530T054923
[2024-05-30T05:49:23.340+0000] {local_task_job.py:156} INFO - Task exited with return code 0
[2024-05-30T05:49:23.390+0000] {local_task_job.py:279} INFO - 1 downstream tasks scheduled from follow-on schedule check
