[2024-05-30T05:49:38.137+0000] {taskinstance.py:1171} INFO - Dependencies all met for <TaskInstance: simple_quotes.return_quotes_task manual__2024-05-30T05:49:34.095625+00:00 [queued]>
[2024-05-30T05:49:38.141+0000] {taskinstance.py:1171} INFO - Dependencies all met for <TaskInstance: simple_quotes.return_quotes_task manual__2024-05-30T05:49:34.095625+00:00 [queued]>
[2024-05-30T05:49:38.142+0000] {taskinstance.py:1368} INFO - 
--------------------------------------------------------------------------------
[2024-05-30T05:49:38.142+0000] {taskinstance.py:1369} INFO - Starting attempt 1 of 1
[2024-05-30T05:49:38.142+0000] {taskinstance.py:1370} INFO - 
--------------------------------------------------------------------------------
[2024-05-30T05:49:38.148+0000] {taskinstance.py:1389} INFO - Executing <Task(PythonOperator): return_quotes_task> on 2024-05-30 05:49:34.095625+00:00
[2024-05-30T05:49:38.150+0000] {standard_task_runner.py:52} INFO - Started process 205 to run task
[2024-05-30T05:49:38.152+0000] {standard_task_runner.py:79} INFO - Running: ['airflow', 'tasks', 'run', 'simple_quotes', 'return_quotes_task', 'manual__2024-05-30T05:49:34.095625+00:00', '--job-id', '7', '--raw', '--subdir', 'DAGS_FOLDER/get_quotes.py', '--cfg-path', '/tmp/tmppv21sgcu', '--error-file', '/tmp/tmpjr6deg2u']
[2024-05-30T05:49:38.152+0000] {standard_task_runner.py:80} INFO - Job 7: Subtask return_quotes_task
[2024-05-30T05:49:38.182+0000] {task_command.py:371} INFO - Running <TaskInstance: simple_quotes.return_quotes_task manual__2024-05-30T05:49:34.095625+00:00 [running]> on host 9d343bd61762
[2024-05-30T05:49:38.308+0000] {taskinstance.py:1583} INFO - Exporting the following env vars:
AIRFLOW_CTX_DAG_OWNER=airflow
AIRFLOW_CTX_DAG_ID=simple_quotes
AIRFLOW_CTX_TASK_ID=return_quotes_task
AIRFLOW_CTX_EXECUTION_DATE=2024-05-30T05:49:34.095625+00:00
AIRFLOW_CTX_TRY_NUMBER=1
AIRFLOW_CTX_DAG_RUN_ID=manual__2024-05-30T05:49:34.095625+00:00
[2024-05-30T05:49:38.314+0000] {logging_mixin.py:115} INFO - YOUR DAILY QUOTES = What you give is what you get. from Byron Pulsifer, type.fit
[2024-05-30T05:49:38.314+0000] {python.py:173} INFO - Done. Returned value was: None
[2024-05-30T05:49:38.320+0000] {taskinstance.py:1412} INFO - Marking task as SUCCESS. dag_id=simple_quotes, task_id=return_quotes_task, execution_date=20240530T054934, start_date=20240530T054938, end_date=20240530T054938
[2024-05-30T05:49:38.335+0000] {local_task_job.py:156} INFO - Task exited with return code 0
[2024-05-30T05:49:38.353+0000] {local_task_job.py:279} INFO - 1 downstream tasks scheduled from follow-on schedule check
