[2024-05-30T10:00:05.297+0000] {taskinstance.py:1979} INFO - Dependencies all met for dep_context=non-requeueable deps ti=<TaskInstance: etl_csv_files.get_files_purchase manual__2024-05-30T09:59:56.554546+00:00 [queued]>
[2024-05-30T10:00:05.370+0000] {taskinstance.py:1979} INFO - Dependencies all met for dep_context=requeueable deps ti=<TaskInstance: etl_csv_files.get_files_purchase manual__2024-05-30T09:59:56.554546+00:00 [queued]>
[2024-05-30T10:00:05.381+0000] {taskinstance.py:2193} INFO - Starting attempt 1 of 1
[2024-05-30T10:00:05.547+0000] {taskinstance.py:2217} INFO - Executing <Task(_PythonDecoratedOperator): get_files_purchase> on 2024-05-30 09:59:56.554546+00:00
[2024-05-30T10:00:05.587+0000] {standard_task_runner.py:60} INFO - Started process 567 to run task
[2024-05-30T10:00:05.618+0000] {standard_task_runner.py:87} INFO - Running: ['airflow', 'tasks', 'run', 'etl_csv_files', 'get_files_purchase', 'manual__2024-05-30T09:59:56.554546+00:00', '--job-id', '7', '--raw', '--subdir', 'DAGS_FOLDER/etl_from_csv.py', '--cfg-path', '/tmp/tmp02j32__w']
[2024-05-30T10:00:05.625+0000] {standard_task_runner.py:88} INFO - Job 7: Subtask get_files_purchase
[2024-05-30T10:00:07.074+0000] {task_command.py:423} INFO - Running <TaskInstance: etl_csv_files.get_files_purchase manual__2024-05-30T09:59:56.554546+00:00 [running]> on host 9daf870c1958
[2024-05-30T10:00:07.617+0000] {taskinstance.py:2513} INFO - Exporting env vars: AIRFLOW_CTX_DAG_OWNER='airflow' AIRFLOW_CTX_DAG_ID='etl_csv_files' AIRFLOW_CTX_TASK_ID='get_files_purchase' AIRFLOW_CTX_EXECUTION_DATE='2024-05-30T09:59:56.554546+00:00' AIRFLOW_CTX_TRY_NUMBER='1' AIRFLOW_CTX_DAG_RUN_ID='manual__2024-05-30T09:59:56.554546+00:00'
[2024-05-30T10:00:09.540+0000] {logging_mixin.py:188} INFO - Sample data :
[2024-05-30T10:00:09.629+0000] {logging_mixin.py:188} INFO -    customer_id  product_id purchase_date
0            1         101    2023-01-01
1            1         105    2023-01-05
2            2         102    2023-01-02
3            3         103    2023-01-03
4            4         104    2023-01-04
[2024-05-30T10:00:09.686+0000] {python.py:202} INFO - Done. Returned value was: None
[2024-05-30T10:00:09.869+0000] {taskinstance.py:1149} INFO - Marking task as SUCCESS. dag_id=etl_csv_files, task_id=get_files_purchase, execution_date=20240530T095956, start_date=20240530T100005, end_date=20240530T100009
[2024-05-30T10:00:10.409+0000] {local_task_job_runner.py:234} INFO - Task exited with return code 0
[2024-05-30T10:00:12.181+0000] {taskinstance.py:3312} INFO - 0 downstream tasks scheduled from follow-on schedule check
