[2024-06-01T10:03:24.474+0000] {taskinstance.py:1171} INFO - Dependencies all met for <TaskInstance: etl_csv_files.insert_to_db scheduled__2024-05-31T00:00:00+00:00 [queued]>
[2024-06-01T10:03:24.479+0000] {taskinstance.py:1171} INFO - Dependencies all met for <TaskInstance: etl_csv_files.insert_to_db scheduled__2024-05-31T00:00:00+00:00 [queued]>
[2024-06-01T10:03:24.479+0000] {taskinstance.py:1368} INFO - 
--------------------------------------------------------------------------------
[2024-06-01T10:03:24.479+0000] {taskinstance.py:1369} INFO - Starting attempt 1 of 1
[2024-06-01T10:03:24.480+0000] {taskinstance.py:1370} INFO - 
--------------------------------------------------------------------------------
[2024-06-01T10:03:24.486+0000] {taskinstance.py:1389} INFO - Executing <Task(_PythonDecoratedOperator): insert_to_db> on 2024-05-31 00:00:00+00:00
[2024-06-01T10:03:24.489+0000] {standard_task_runner.py:52} INFO - Started process 365 to run task
[2024-06-01T10:03:24.491+0000] {standard_task_runner.py:79} INFO - Running: ['airflow', 'tasks', 'run', 'etl_csv_files', 'insert_to_db', 'scheduled__2024-05-31T00:00:00+00:00', '--job-id', '6', '--raw', '--subdir', 'DAGS_FOLDER/etl_from_csv.py', '--cfg-path', '/tmp/tmpzbve8wtx', '--error-file', '/tmp/tmpqzmdua_g']
[2024-06-01T10:03:24.492+0000] {standard_task_runner.py:80} INFO - Job 6: Subtask insert_to_db
[2024-06-01T10:03:24.550+0000] {task_command.py:371} INFO - Running <TaskInstance: etl_csv_files.insert_to_db scheduled__2024-05-31T00:00:00+00:00 [running]> on host 00131c21342c
[2024-06-01T10:03:24.612+0000] {taskinstance.py:1583} INFO - Exporting the following env vars:
AIRFLOW_CTX_DAG_OWNER=Rachman
AIRFLOW_CTX_DAG_ID=etl_csv_files
AIRFLOW_CTX_TASK_ID=insert_to_db
AIRFLOW_CTX_EXECUTION_DATE=2024-05-31T00:00:00+00:00
AIRFLOW_CTX_TRY_NUMBER=1
AIRFLOW_CTX_DAG_RUN_ID=scheduled__2024-05-31T00:00:00+00:00
[2024-06-01T10:03:24.639+0000] {logging_mixin.py:115} INFO - Sucess INSERT
[2024-06-01T10:03:24.639+0000] {python.py:173} INFO - Done. Returned value was: None
[2024-06-01T10:03:24.652+0000] {taskinstance.py:1412} INFO - Marking task as SUCCESS. dag_id=etl_csv_files, task_id=insert_to_db, execution_date=20240531T000000, start_date=20240601T100324, end_date=20240601T100324
[2024-06-01T10:03:24.675+0000] {local_task_job.py:156} INFO - Task exited with return code 0
[2024-06-01T10:03:24.706+0000] {local_task_job.py:279} INFO - 1 downstream tasks scheduled from follow-on schedule check
