[2024-05-30T10:00:16.606+0000] {taskinstance.py:1979} INFO - Dependencies all met for dep_context=non-requeueable deps ti=<TaskInstance: etl_csv_files.get_files_product scheduled__2024-03-18T08:00:00+00:00 [queued]>
[2024-05-30T10:00:16.796+0000] {taskinstance.py:1979} INFO - Dependencies all met for dep_context=requeueable deps ti=<TaskInstance: etl_csv_files.get_files_product scheduled__2024-03-18T08:00:00+00:00 [queued]>
[2024-05-30T10:00:16.801+0000] {taskinstance.py:2193} INFO - Starting attempt 1 of 1
[2024-05-30T10:00:17.126+0000] {taskinstance.py:2217} INFO - Executing <Task(_PythonDecoratedOperator): get_files_product> on 2024-03-18 08:00:00+00:00
[2024-05-30T10:00:17.179+0000] {standard_task_runner.py:60} INFO - Started process 632 to run task
[2024-05-30T10:00:17.202+0000] {standard_task_runner.py:87} INFO - Running: ['airflow', 'tasks', 'run', 'etl_csv_files', 'get_files_product', 'scheduled__2024-03-18T08:00:00+00:00', '--job-id', '18', '--raw', '--subdir', 'DAGS_FOLDER/etl_from_csv.py', '--cfg-path', '/tmp/tmppyvsm3ci']
[2024-05-30T10:00:17.243+0000] {standard_task_runner.py:88} INFO - Job 18: Subtask get_files_product
[2024-05-30T10:00:18.116+0000] {task_command.py:423} INFO - Running <TaskInstance: etl_csv_files.get_files_product scheduled__2024-03-18T08:00:00+00:00 [running]> on host 9daf870c1958
[2024-05-30T10:00:20.412+0000] {taskinstance.py:2513} INFO - Exporting env vars: AIRFLOW_CTX_DAG_OWNER='airflow' AIRFLOW_CTX_DAG_ID='etl_csv_files' AIRFLOW_CTX_TASK_ID='get_files_product' AIRFLOW_CTX_EXECUTION_DATE='2024-03-18T08:00:00+00:00' AIRFLOW_CTX_TRY_NUMBER='1' AIRFLOW_CTX_DAG_RUN_ID='scheduled__2024-03-18T08:00:00+00:00'
[2024-05-30T10:00:22.111+0000] {logging_mixin.py:188} INFO - Sample data :
[2024-05-30T10:00:22.357+0000] {logging_mixin.py:188} INFO -    product_id        category  price  ratings
0         101     Electronics    500      4.5
1         102        Clothing     50      3.8
2         103  Home & Kitchen    200      4.2
3         104          Beauty     30      4.0
4         105     Electronics    800      4.8
[2024-05-30T10:00:22.424+0000] {python.py:202} INFO - Done. Returned value was: None
[2024-05-30T10:00:22.475+0000] {taskinstance.py:1149} INFO - Marking task as SUCCESS. dag_id=etl_csv_files, task_id=get_files_product, execution_date=20240318T080000, start_date=20240530T100016, end_date=20240530T100022
[2024-05-30T10:00:22.794+0000] {local_task_job_runner.py:234} INFO - Task exited with return code 0
[2024-05-30T10:00:22.893+0000] {taskinstance.py:3312} INFO - 0 downstream tasks scheduled from follow-on schedule check
[2024-05-31T14:47:16.150+0000] {taskinstance.py:1979} INFO - Dependencies all met for dep_context=non-requeueable deps ti=<TaskInstance: etl_csv_files.get_files_product scheduled__2024-03-18T08:00:00+00:00 [queued]>
[2024-05-31T14:47:16.228+0000] {taskinstance.py:1979} INFO - Dependencies all met for dep_context=requeueable deps ti=<TaskInstance: etl_csv_files.get_files_product scheduled__2024-03-18T08:00:00+00:00 [queued]>
[2024-05-31T14:47:16.239+0000] {taskinstance.py:2193} INFO - Starting attempt 1 of 1
[2024-05-31T14:47:16.325+0000] {taskinstance.py:2217} INFO - Executing <Task(_PythonDecoratedOperator): get_files_product> on 2024-03-18 08:00:00+00:00
[2024-05-31T14:47:16.370+0000] {standard_task_runner.py:60} INFO - Started process 385 to run task
[2024-05-31T14:47:16.506+0000] {standard_task_runner.py:87} INFO - Running: ['airflow', 'tasks', 'run', 'etl_csv_files', 'get_files_product', 'scheduled__2024-03-18T08:00:00+00:00', '--job-id', '28', '--raw', '--subdir', 'DAGS_FOLDER/etl_from_csv.py', '--cfg-path', '/tmp/tmph7nbg_fn']
[2024-05-31T14:47:16.537+0000] {standard_task_runner.py:88} INFO - Job 28: Subtask get_files_product
[2024-05-31T14:47:17.336+0000] {task_command.py:423} INFO - Running <TaskInstance: etl_csv_files.get_files_product scheduled__2024-03-18T08:00:00+00:00 [running]> on host 66ed76cf62da
[2024-05-31T14:47:17.842+0000] {taskinstance.py:2513} INFO - Exporting env vars: AIRFLOW_CTX_DAG_OWNER='airflow' AIRFLOW_CTX_DAG_ID='etl_csv_files' AIRFLOW_CTX_TASK_ID='get_files_product' AIRFLOW_CTX_EXECUTION_DATE='2024-03-18T08:00:00+00:00' AIRFLOW_CTX_TRY_NUMBER='1' AIRFLOW_CTX_DAG_RUN_ID='scheduled__2024-03-18T08:00:00+00:00'
[2024-05-31T14:47:19.136+0000] {logging_mixin.py:188} INFO - Sample data :
[2024-05-31T14:47:19.163+0000] {logging_mixin.py:188} INFO -    product_id        category  price  ratings
0         101     Electronics    500      4.5
1         102        Clothing     50      3.8
2         103  Home & Kitchen    200      4.2
3         104          Beauty     30      4.0
4         105     Electronics    800      4.8
[2024-05-31T14:47:19.185+0000] {python.py:202} INFO - Done. Returned value was: None
[2024-05-31T14:47:19.210+0000] {taskinstance.py:1149} INFO - Marking task as SUCCESS. dag_id=etl_csv_files, task_id=get_files_product, execution_date=20240318T080000, start_date=20240531T144716, end_date=20240531T144719
[2024-05-31T14:47:19.266+0000] {local_task_job_runner.py:234} INFO - Task exited with return code 0
[2024-05-31T14:47:19.391+0000] {taskinstance.py:3312} INFO - 0 downstream tasks scheduled from follow-on schedule check
