[2024-05-31T14:47:16.205+0000] {taskinstance.py:1979} INFO - Dependencies all met for dep_context=non-requeueable deps ti=<TaskInstance: etl_csv_files.get_files_purchase scheduled__2024-04-01T00:00:00+00:00 [queued]>
[2024-05-31T14:47:16.297+0000] {taskinstance.py:1979} INFO - Dependencies all met for dep_context=requeueable deps ti=<TaskInstance: etl_csv_files.get_files_purchase scheduled__2024-04-01T00:00:00+00:00 [queued]>
[2024-05-31T14:47:16.310+0000] {taskinstance.py:2193} INFO - Starting attempt 1 of 1
[2024-05-31T14:47:16.585+0000] {taskinstance.py:2217} INFO - Executing <Task(_PythonDecoratedOperator): get_files_purchase> on 2024-04-01 00:00:00+00:00
[2024-05-31T14:47:16.642+0000] {standard_task_runner.py:60} INFO - Started process 393 to run task
[2024-05-31T14:47:16.660+0000] {standard_task_runner.py:87} INFO - Running: ['airflow', 'tasks', 'run', 'etl_csv_files', 'get_files_purchase', 'scheduled__2024-04-01T00:00:00+00:00', '--job-id', '32', '--raw', '--subdir', 'DAGS_FOLDER/etl_from_csv.py', '--cfg-path', '/tmp/tmp3edk076o']
[2024-05-31T14:47:16.689+0000] {standard_task_runner.py:88} INFO - Job 32: Subtask get_files_purchase
[2024-05-31T14:47:17.606+0000] {task_command.py:423} INFO - Running <TaskInstance: etl_csv_files.get_files_purchase scheduled__2024-04-01T00:00:00+00:00 [running]> on host 66ed76cf62da
[2024-05-31T14:47:17.964+0000] {taskinstance.py:2513} INFO - Exporting env vars: AIRFLOW_CTX_DAG_OWNER='airflow' AIRFLOW_CTX_DAG_ID='etl_csv_files' AIRFLOW_CTX_TASK_ID='get_files_purchase' AIRFLOW_CTX_EXECUTION_DATE='2024-04-01T00:00:00+00:00' AIRFLOW_CTX_TRY_NUMBER='1' AIRFLOW_CTX_DAG_RUN_ID='scheduled__2024-04-01T00:00:00+00:00'
[2024-05-31T14:47:20.260+0000] {logging_mixin.py:188} INFO - Sample data :
[2024-05-31T14:47:20.349+0000] {logging_mixin.py:188} INFO -    customer_id  product_id purchase_date
0            1         101    2023-01-01
1            1         105    2023-01-05
2            2         102    2023-01-02
3            3         103    2023-01-03
4            4         104    2023-01-04
[2024-05-31T14:47:20.484+0000] {python.py:202} INFO - Done. Returned value was: None
[2024-05-31T14:47:20.646+0000] {taskinstance.py:1149} INFO - Marking task as SUCCESS. dag_id=etl_csv_files, task_id=get_files_purchase, execution_date=20240401T000000, start_date=20240531T144716, end_date=20240531T144720
[2024-05-31T14:47:21.314+0000] {local_task_job_runner.py:234} INFO - Task exited with return code 0
[2024-05-31T14:47:21.645+0000] {taskinstance.py:3312} INFO - 0 downstream tasks scheduled from follow-on schedule check
[2024-05-31T15:06:06.234+0000] {taskinstance.py:1979} INFO - Dependencies all met for dep_context=non-requeueable deps ti=<TaskInstance: etl_csv_files.get_files_purchase scheduled__2024-04-01T00:00:00+00:00 [queued]>
[2024-05-31T15:06:06.246+0000] {taskinstance.py:1979} INFO - Dependencies all met for dep_context=requeueable deps ti=<TaskInstance: etl_csv_files.get_files_purchase scheduled__2024-04-01T00:00:00+00:00 [queued]>
[2024-05-31T15:06:06.247+0000] {taskinstance.py:2193} INFO - Starting attempt 1 of 1
[2024-05-31T15:06:06.267+0000] {taskinstance.py:2217} INFO - Executing <Task(_PythonDecoratedOperator): get_files_purchase> on 2024-04-01 00:00:00+00:00
[2024-05-31T15:06:06.272+0000] {standard_task_runner.py:60} INFO - Started process 211 to run task
[2024-05-31T15:06:06.277+0000] {standard_task_runner.py:87} INFO - Running: ['airflow', 'tasks', 'run', 'etl_csv_files', 'get_files_purchase', 'scheduled__2024-04-01T00:00:00+00:00', '--job-id', '2', '--raw', '--subdir', 'DAGS_FOLDER/etl_from_csv.py', '--cfg-path', '/tmp/tmp_f3clqcv']
[2024-05-31T15:06:06.280+0000] {standard_task_runner.py:88} INFO - Job 2: Subtask get_files_purchase
[2024-05-31T15:06:06.432+0000] {task_command.py:423} INFO - Running <TaskInstance: etl_csv_files.get_files_purchase scheduled__2024-04-01T00:00:00+00:00 [running]> on host 720c72730b57
[2024-05-31T15:06:06.528+0000] {taskinstance.py:2513} INFO - Exporting env vars: AIRFLOW_CTX_DAG_OWNER='airflow' AIRFLOW_CTX_DAG_ID='etl_csv_files' AIRFLOW_CTX_TASK_ID='get_files_purchase' AIRFLOW_CTX_EXECUTION_DATE='2024-04-01T00:00:00+00:00' AIRFLOW_CTX_TRY_NUMBER='1' AIRFLOW_CTX_DAG_RUN_ID='scheduled__2024-04-01T00:00:00+00:00'
[2024-05-31T15:06:07.538+0000] {logging_mixin.py:188} INFO - Sample data :
[2024-05-31T15:06:07.543+0000] {logging_mixin.py:188} INFO -    customer_id  product_id purchase_date
0            1         101    2023-01-01
1            1         105    2023-01-05
2            2         102    2023-01-02
3            3         103    2023-01-03
4            4         104    2023-01-04
[2024-05-31T15:06:07.546+0000] {python.py:202} INFO - Done. Returned value was: None
[2024-05-31T15:06:07.552+0000] {taskinstance.py:1149} INFO - Marking task as SUCCESS. dag_id=etl_csv_files, task_id=get_files_purchase, execution_date=20240401T000000, start_date=20240531T150606, end_date=20240531T150607
[2024-05-31T15:06:07.575+0000] {local_task_job_runner.py:234} INFO - Task exited with return code 0
[2024-05-31T15:06:07.601+0000] {taskinstance.py:3312} INFO - 1 downstream tasks scheduled from follow-on schedule check
