[2024-06-01T10:03:29.175+0000] {taskinstance.py:1171} INFO - Dependencies all met for <TaskInstance: etl_csv_files.combine_files manual__2024-06-01T10:03:24.590976+00:00 [queued]>
[2024-06-01T10:03:29.180+0000] {taskinstance.py:1171} INFO - Dependencies all met for <TaskInstance: etl_csv_files.combine_files manual__2024-06-01T10:03:24.590976+00:00 [queued]>
[2024-06-01T10:03:29.180+0000] {taskinstance.py:1368} INFO - 
--------------------------------------------------------------------------------
[2024-06-01T10:03:29.180+0000] {taskinstance.py:1369} INFO - Starting attempt 1 of 1
[2024-06-01T10:03:29.180+0000] {taskinstance.py:1370} INFO - 
--------------------------------------------------------------------------------
[2024-06-01T10:03:29.186+0000] {taskinstance.py:1389} INFO - Executing <Task(_PythonDecoratedOperator): combine_files> on 2024-06-01 10:03:24.590976+00:00
[2024-06-01T10:03:29.189+0000] {standard_task_runner.py:52} INFO - Started process 382 to run task
[2024-06-01T10:03:29.191+0000] {standard_task_runner.py:79} INFO - Running: ['airflow', 'tasks', 'run', 'etl_csv_files', 'combine_files', 'manual__2024-06-01T10:03:24.590976+00:00', '--job-id', '10', '--raw', '--subdir', 'DAGS_FOLDER/etl_from_csv.py', '--cfg-path', '/tmp/tmpysw6k1ee', '--error-file', '/tmp/tmptm8itub9']
[2024-06-01T10:03:29.191+0000] {standard_task_runner.py:80} INFO - Job 10: Subtask combine_files
[2024-06-01T10:03:29.220+0000] {task_command.py:371} INFO - Running <TaskInstance: etl_csv_files.combine_files manual__2024-06-01T10:03:24.590976+00:00 [running]> on host 00131c21342c
[2024-06-01T10:03:29.253+0000] {taskinstance.py:1583} INFO - Exporting the following env vars:
AIRFLOW_CTX_DAG_OWNER=Rachman
AIRFLOW_CTX_DAG_ID=etl_csv_files
AIRFLOW_CTX_TASK_ID=combine_files
AIRFLOW_CTX_EXECUTION_DATE=2024-06-01T10:03:24.590976+00:00
AIRFLOW_CTX_TRY_NUMBER=1
AIRFLOW_CTX_DAG_RUN_ID=manual__2024-06-01T10:03:24.590976+00:00
[2024-06-01T10:03:29.272+0000] {logging_mixin.py:115} INFO -    product_id  customer_id  page_views  ...        category price ratings
0         101            1          25  ...     Electronics   500     4.5
1         101            5          22  ...     Electronics   500     4.5
2         102            2          20  ...        Clothing    50     3.8
3         102           18          29  ...        Clothing    50     3.8
4         103            3          30  ...  Home & Kitchen   200     4.2

[5 rows x 8 columns]
[2024-06-01T10:03:29.274+0000] {python.py:173} INFO - Done. Returned value was: None
[2024-06-01T10:03:29.281+0000] {taskinstance.py:1412} INFO - Marking task as SUCCESS. dag_id=etl_csv_files, task_id=combine_files, execution_date=20240601T100324, start_date=20240601T100329, end_date=20240601T100329
[2024-06-01T10:03:29.289+0000] {local_task_job.py:156} INFO - Task exited with return code 0
[2024-06-01T10:03:29.308+0000] {local_task_job.py:279} INFO - 1 downstream tasks scheduled from follow-on schedule check
