[2024-05-30T10:00:16.878+0000] {taskinstance.py:1979} INFO - Dependencies all met for dep_context=non-requeueable deps ti=<TaskInstance: etl_csv_files.get_files_customer scheduled__2024-03-19T08:00:00+00:00 [queued]>
[2024-05-30T10:00:16.949+0000] {taskinstance.py:1979} INFO - Dependencies all met for dep_context=requeueable deps ti=<TaskInstance: etl_csv_files.get_files_customer scheduled__2024-03-19T08:00:00+00:00 [queued]>
[2024-05-30T10:00:16.954+0000] {taskinstance.py:2193} INFO - Starting attempt 1 of 1
[2024-05-30T10:00:17.198+0000] {taskinstance.py:2217} INFO - Executing <Task(_PythonDecoratedOperator): get_files_customer> on 2024-03-19 08:00:00+00:00
[2024-05-30T10:00:17.255+0000] {standard_task_runner.py:60} INFO - Started process 634 to run task
[2024-05-30T10:00:17.270+0000] {standard_task_runner.py:87} INFO - Running: ['airflow', 'tasks', 'run', 'etl_csv_files', 'get_files_customer', 'scheduled__2024-03-19T08:00:00+00:00', '--job-id', '21', '--raw', '--subdir', 'DAGS_FOLDER/etl_from_csv.py', '--cfg-path', '/tmp/tmpbx4hbgw_']
[2024-05-30T10:00:17.293+0000] {standard_task_runner.py:88} INFO - Job 21: Subtask get_files_customer
[2024-05-30T10:00:18.203+0000] {task_command.py:423} INFO - Running <TaskInstance: etl_csv_files.get_files_customer scheduled__2024-03-19T08:00:00+00:00 [running]> on host 9daf870c1958
[2024-05-30T10:00:20.216+0000] {taskinstance.py:2513} INFO - Exporting env vars: AIRFLOW_CTX_DAG_OWNER='airflow' AIRFLOW_CTX_DAG_ID='etl_csv_files' AIRFLOW_CTX_TASK_ID='get_files_customer' AIRFLOW_CTX_EXECUTION_DATE='2024-03-19T08:00:00+00:00' AIRFLOW_CTX_TRY_NUMBER='1' AIRFLOW_CTX_DAG_RUN_ID='scheduled__2024-03-19T08:00:00+00:00'
[2024-05-30T10:00:21.402+0000] {logging_mixin.py:188} INFO - Sample data :
[2024-05-30T10:00:21.446+0000] {logging_mixin.py:188} INFO -    customer_id  page_views  time_spent
0            1          25         120
1            2          20          90
2            3          30         150
3            4          15          80
4            5          22         110
[2024-05-30T10:00:21.463+0000] {python.py:202} INFO - Done. Returned value was: None
[2024-05-30T10:00:21.495+0000] {taskinstance.py:1149} INFO - Marking task as SUCCESS. dag_id=etl_csv_files, task_id=get_files_customer, execution_date=20240319T080000, start_date=20240530T100016, end_date=20240530T100021
[2024-05-30T10:00:21.532+0000] {local_task_job_runner.py:234} INFO - Task exited with return code 0
[2024-05-30T10:00:21.601+0000] {taskinstance.py:3312} INFO - 0 downstream tasks scheduled from follow-on schedule check
