[2024-06-01T09:52:06.988+0000] {processor.py:153} INFO - Started process (PID=190) to work on /opt/airflow/dags/etl_from_csv.py
[2024-06-01T09:52:06.991+0000] {processor.py:640} INFO - Processing file /opt/airflow/dags/etl_from_csv.py for tasks to queue
[2024-06-01T09:52:06.994+0000] {logging_mixin.py:115} INFO - [2024-06-01T09:52:06.993+0000] {dagbag.py:508} INFO - Filling up the DagBag from /opt/airflow/dags/etl_from_csv.py
[2024-06-01T09:52:07.248+0000] {processor.py:652} WARNING - No viable dags retrieved from /opt/airflow/dags/etl_from_csv.py
[2024-06-01T09:52:07.254+0000] {processor.py:161} INFO - Processing /opt/airflow/dags/etl_from_csv.py took 0.269 seconds
[2024-06-01T09:52:37.315+0000] {processor.py:153} INFO - Started process (PID=202) to work on /opt/airflow/dags/etl_from_csv.py
[2024-06-01T09:52:37.317+0000] {processor.py:640} INFO - Processing file /opt/airflow/dags/etl_from_csv.py for tasks to queue
[2024-06-01T09:52:37.318+0000] {logging_mixin.py:115} INFO - [2024-06-01T09:52:37.318+0000] {dagbag.py:508} INFO - Filling up the DagBag from /opt/airflow/dags/etl_from_csv.py
[2024-06-01T09:52:37.646+0000] {processor.py:652} WARNING - No viable dags retrieved from /opt/airflow/dags/etl_from_csv.py
[2024-06-01T09:52:37.656+0000] {processor.py:161} INFO - Processing /opt/airflow/dags/etl_from_csv.py took 0.348 seconds
[2024-06-01T09:53:07.819+0000] {processor.py:153} INFO - Started process (PID=218) to work on /opt/airflow/dags/etl_from_csv.py
[2024-06-01T09:53:07.819+0000] {processor.py:640} INFO - Processing file /opt/airflow/dags/etl_from_csv.py for tasks to queue
[2024-06-01T09:53:07.820+0000] {logging_mixin.py:115} INFO - [2024-06-01T09:53:07.820+0000] {dagbag.py:508} INFO - Filling up the DagBag from /opt/airflow/dags/etl_from_csv.py
[2024-06-01T09:53:08.144+0000] {processor.py:652} WARNING - No viable dags retrieved from /opt/airflow/dags/etl_from_csv.py
[2024-06-01T09:53:08.151+0000] {processor.py:161} INFO - Processing /opt/airflow/dags/etl_from_csv.py took 0.333 seconds
[2024-06-01T09:53:38.275+0000] {processor.py:153} INFO - Started process (PID=229) to work on /opt/airflow/dags/etl_from_csv.py
[2024-06-01T09:53:38.276+0000] {processor.py:640} INFO - Processing file /opt/airflow/dags/etl_from_csv.py for tasks to queue
[2024-06-01T09:53:38.276+0000] {logging_mixin.py:115} INFO - [2024-06-01T09:53:38.276+0000] {dagbag.py:508} INFO - Filling up the DagBag from /opt/airflow/dags/etl_from_csv.py
[2024-06-01T09:53:38.613+0000] {processor.py:652} WARNING - No viable dags retrieved from /opt/airflow/dags/etl_from_csv.py
[2024-06-01T09:53:38.625+0000] {processor.py:161} INFO - Processing /opt/airflow/dags/etl_from_csv.py took 0.351 seconds
[2024-06-01T09:54:08.643+0000] {processor.py:153} INFO - Started process (PID=240) to work on /opt/airflow/dags/etl_from_csv.py
[2024-06-01T09:54:08.643+0000] {processor.py:640} INFO - Processing file /opt/airflow/dags/etl_from_csv.py for tasks to queue
[2024-06-01T09:54:08.643+0000] {logging_mixin.py:115} INFO - [2024-06-01T09:54:08.643+0000] {dagbag.py:508} INFO - Filling up the DagBag from /opt/airflow/dags/etl_from_csv.py
[2024-06-01T09:54:08.999+0000] {processor.py:652} WARNING - No viable dags retrieved from /opt/airflow/dags/etl_from_csv.py
[2024-06-01T09:54:09.013+0000] {processor.py:161} INFO - Processing /opt/airflow/dags/etl_from_csv.py took 0.371 seconds
[2024-06-01T09:54:39.913+0000] {processor.py:153} INFO - Started process (PID=251) to work on /opt/airflow/dags/etl_from_csv.py
[2024-06-01T09:54:39.915+0000] {processor.py:640} INFO - Processing file /opt/airflow/dags/etl_from_csv.py for tasks to queue
[2024-06-01T09:54:39.917+0000] {logging_mixin.py:115} INFO - [2024-06-01T09:54:39.917+0000] {dagbag.py:508} INFO - Filling up the DagBag from /opt/airflow/dags/etl_from_csv.py
[2024-06-01T09:54:40.272+0000] {processor.py:652} WARNING - No viable dags retrieved from /opt/airflow/dags/etl_from_csv.py
[2024-06-01T09:54:40.281+0000] {processor.py:161} INFO - Processing /opt/airflow/dags/etl_from_csv.py took 0.373 seconds
[2024-06-01T09:55:10.345+0000] {processor.py:153} INFO - Started process (PID=262) to work on /opt/airflow/dags/etl_from_csv.py
[2024-06-01T09:55:10.348+0000] {processor.py:640} INFO - Processing file /opt/airflow/dags/etl_from_csv.py for tasks to queue
[2024-06-01T09:55:10.349+0000] {logging_mixin.py:115} INFO - [2024-06-01T09:55:10.349+0000] {dagbag.py:508} INFO - Filling up the DagBag from /opt/airflow/dags/etl_from_csv.py
[2024-06-01T09:55:10.706+0000] {processor.py:652} WARNING - No viable dags retrieved from /opt/airflow/dags/etl_from_csv.py
[2024-06-01T09:55:10.731+0000] {processor.py:161} INFO - Processing /opt/airflow/dags/etl_from_csv.py took 0.391 seconds
[2024-06-01T09:55:41.582+0000] {processor.py:153} INFO - Started process (PID=273) to work on /opt/airflow/dags/etl_from_csv.py
[2024-06-01T09:55:41.583+0000] {processor.py:640} INFO - Processing file /opt/airflow/dags/etl_from_csv.py for tasks to queue
[2024-06-01T09:55:41.583+0000] {logging_mixin.py:115} INFO - [2024-06-01T09:55:41.583+0000] {dagbag.py:508} INFO - Filling up the DagBag from /opt/airflow/dags/etl_from_csv.py
[2024-06-01T09:55:41.918+0000] {processor.py:652} WARNING - No viable dags retrieved from /opt/airflow/dags/etl_from_csv.py
[2024-06-01T09:55:41.926+0000] {processor.py:161} INFO - Processing /opt/airflow/dags/etl_from_csv.py took 0.347 seconds
[2024-06-01T09:56:19.755+0000] {processor.py:153} INFO - Started process (PID=191) to work on /opt/airflow/dags/etl_from_csv.py
[2024-06-01T09:56:19.756+0000] {processor.py:640} INFO - Processing file /opt/airflow/dags/etl_from_csv.py for tasks to queue
[2024-06-01T09:56:19.757+0000] {logging_mixin.py:115} INFO - [2024-06-01T09:56:19.757+0000] {dagbag.py:508} INFO - Filling up the DagBag from /opt/airflow/dags/etl_from_csv.py
[2024-06-01T09:56:20.015+0000] {processor.py:652} WARNING - No viable dags retrieved from /opt/airflow/dags/etl_from_csv.py
[2024-06-01T09:56:20.027+0000] {processor.py:161} INFO - Processing /opt/airflow/dags/etl_from_csv.py took 0.276 seconds
[2024-06-01T09:56:50.099+0000] {processor.py:153} INFO - Started process (PID=202) to work on /opt/airflow/dags/etl_from_csv.py
[2024-06-01T09:56:50.100+0000] {processor.py:640} INFO - Processing file /opt/airflow/dags/etl_from_csv.py for tasks to queue
[2024-06-01T09:56:50.101+0000] {logging_mixin.py:115} INFO - [2024-06-01T09:56:50.101+0000] {dagbag.py:508} INFO - Filling up the DagBag from /opt/airflow/dags/etl_from_csv.py
[2024-06-01T09:56:50.413+0000] {processor.py:652} WARNING - No viable dags retrieved from /opt/airflow/dags/etl_from_csv.py
[2024-06-01T09:56:50.424+0000] {processor.py:161} INFO - Processing /opt/airflow/dags/etl_from_csv.py took 0.330 seconds
[2024-06-01T09:57:20.501+0000] {processor.py:153} INFO - Started process (PID=218) to work on /opt/airflow/dags/etl_from_csv.py
[2024-06-01T09:57:20.501+0000] {processor.py:640} INFO - Processing file /opt/airflow/dags/etl_from_csv.py for tasks to queue
[2024-06-01T09:57:20.502+0000] {logging_mixin.py:115} INFO - [2024-06-01T09:57:20.502+0000] {dagbag.py:508} INFO - Filling up the DagBag from /opt/airflow/dags/etl_from_csv.py
[2024-06-01T09:57:20.856+0000] {processor.py:652} WARNING - No viable dags retrieved from /opt/airflow/dags/etl_from_csv.py
[2024-06-01T09:57:20.872+0000] {processor.py:161} INFO - Processing /opt/airflow/dags/etl_from_csv.py took 0.374 seconds
[2024-06-01T09:57:51.738+0000] {processor.py:153} INFO - Started process (PID=229) to work on /opt/airflow/dags/etl_from_csv.py
[2024-06-01T09:57:51.739+0000] {processor.py:640} INFO - Processing file /opt/airflow/dags/etl_from_csv.py for tasks to queue
[2024-06-01T09:57:51.740+0000] {logging_mixin.py:115} INFO - [2024-06-01T09:57:51.740+0000] {dagbag.py:508} INFO - Filling up the DagBag from /opt/airflow/dags/etl_from_csv.py
[2024-06-01T09:57:52.047+0000] {processor.py:652} WARNING - No viable dags retrieved from /opt/airflow/dags/etl_from_csv.py
[2024-06-01T09:57:52.056+0000] {processor.py:161} INFO - Processing /opt/airflow/dags/etl_from_csv.py took 0.320 seconds
[2024-06-01T09:58:22.137+0000] {processor.py:153} INFO - Started process (PID=240) to work on /opt/airflow/dags/etl_from_csv.py
[2024-06-01T09:58:22.137+0000] {processor.py:640} INFO - Processing file /opt/airflow/dags/etl_from_csv.py for tasks to queue
[2024-06-01T09:58:22.138+0000] {logging_mixin.py:115} INFO - [2024-06-01T09:58:22.138+0000] {dagbag.py:508} INFO - Filling up the DagBag from /opt/airflow/dags/etl_from_csv.py
[2024-06-01T09:58:22.419+0000] {processor.py:652} WARNING - No viable dags retrieved from /opt/airflow/dags/etl_from_csv.py
[2024-06-01T09:58:22.428+0000] {processor.py:161} INFO - Processing /opt/airflow/dags/etl_from_csv.py took 0.292 seconds
[2024-06-01T09:58:52.461+0000] {processor.py:153} INFO - Started process (PID=251) to work on /opt/airflow/dags/etl_from_csv.py
[2024-06-01T09:58:52.462+0000] {processor.py:640} INFO - Processing file /opt/airflow/dags/etl_from_csv.py for tasks to queue
[2024-06-01T09:58:52.463+0000] {logging_mixin.py:115} INFO - [2024-06-01T09:58:52.463+0000] {dagbag.py:508} INFO - Filling up the DagBag from /opt/airflow/dags/etl_from_csv.py
[2024-06-01T09:58:52.757+0000] {processor.py:652} WARNING - No viable dags retrieved from /opt/airflow/dags/etl_from_csv.py
[2024-06-01T09:58:52.763+0000] {processor.py:161} INFO - Processing /opt/airflow/dags/etl_from_csv.py took 0.306 seconds
[2024-06-01T09:59:23.702+0000] {processor.py:153} INFO - Started process (PID=262) to work on /opt/airflow/dags/etl_from_csv.py
[2024-06-01T09:59:23.704+0000] {processor.py:640} INFO - Processing file /opt/airflow/dags/etl_from_csv.py for tasks to queue
[2024-06-01T09:59:23.706+0000] {logging_mixin.py:115} INFO - [2024-06-01T09:59:23.706+0000] {dagbag.py:508} INFO - Filling up the DagBag from /opt/airflow/dags/etl_from_csv.py
[2024-06-01T09:59:24.084+0000] {processor.py:652} WARNING - No viable dags retrieved from /opt/airflow/dags/etl_from_csv.py
[2024-06-01T09:59:24.095+0000] {processor.py:161} INFO - Processing /opt/airflow/dags/etl_from_csv.py took 0.397 seconds
[2024-06-01T09:59:55.035+0000] {processor.py:153} INFO - Started process (PID=273) to work on /opt/airflow/dags/etl_from_csv.py
[2024-06-01T09:59:55.037+0000] {processor.py:640} INFO - Processing file /opt/airflow/dags/etl_from_csv.py for tasks to queue
[2024-06-01T09:59:55.038+0000] {logging_mixin.py:115} INFO - [2024-06-01T09:59:55.038+0000] {dagbag.py:508} INFO - Filling up the DagBag from /opt/airflow/dags/etl_from_csv.py
[2024-06-01T09:59:55.344+0000] {processor.py:652} WARNING - No viable dags retrieved from /opt/airflow/dags/etl_from_csv.py
[2024-06-01T09:59:55.351+0000] {processor.py:161} INFO - Processing /opt/airflow/dags/etl_from_csv.py took 0.322 seconds
[2024-06-01T10:00:25.425+0000] {processor.py:153} INFO - Started process (PID=284) to work on /opt/airflow/dags/etl_from_csv.py
[2024-06-01T10:00:25.428+0000] {processor.py:640} INFO - Processing file /opt/airflow/dags/etl_from_csv.py for tasks to queue
[2024-06-01T10:00:25.429+0000] {logging_mixin.py:115} INFO - [2024-06-01T10:00:25.429+0000] {dagbag.py:508} INFO - Filling up the DagBag from /opt/airflow/dags/etl_from_csv.py
[2024-06-01T10:00:25.703+0000] {processor.py:652} WARNING - No viable dags retrieved from /opt/airflow/dags/etl_from_csv.py
[2024-06-01T10:00:25.709+0000] {processor.py:161} INFO - Processing /opt/airflow/dags/etl_from_csv.py took 0.289 seconds
[2024-06-01T10:00:55.762+0000] {processor.py:153} INFO - Started process (PID=295) to work on /opt/airflow/dags/etl_from_csv.py
[2024-06-01T10:00:55.764+0000] {processor.py:640} INFO - Processing file /opt/airflow/dags/etl_from_csv.py for tasks to queue
[2024-06-01T10:00:55.765+0000] {logging_mixin.py:115} INFO - [2024-06-01T10:00:55.765+0000] {dagbag.py:508} INFO - Filling up the DagBag from /opt/airflow/dags/etl_from_csv.py
[2024-06-01T10:00:56.050+0000] {processor.py:652} WARNING - No viable dags retrieved from /opt/airflow/dags/etl_from_csv.py
[2024-06-01T10:00:56.062+0000] {processor.py:161} INFO - Processing /opt/airflow/dags/etl_from_csv.py took 0.306 seconds
[2024-06-01T10:01:26.155+0000] {processor.py:153} INFO - Started process (PID=306) to work on /opt/airflow/dags/etl_from_csv.py
[2024-06-01T10:01:26.157+0000] {processor.py:640} INFO - Processing file /opt/airflow/dags/etl_from_csv.py for tasks to queue
[2024-06-01T10:01:26.159+0000] {logging_mixin.py:115} INFO - [2024-06-01T10:01:26.159+0000] {dagbag.py:508} INFO - Filling up the DagBag from /opt/airflow/dags/etl_from_csv.py
[2024-06-01T10:01:26.465+0000] {processor.py:652} WARNING - No viable dags retrieved from /opt/airflow/dags/etl_from_csv.py
[2024-06-01T10:01:26.473+0000] {processor.py:161} INFO - Processing /opt/airflow/dags/etl_from_csv.py took 0.323 seconds
[2024-06-01T10:01:56.521+0000] {processor.py:153} INFO - Started process (PID=317) to work on /opt/airflow/dags/etl_from_csv.py
[2024-06-01T10:01:56.524+0000] {processor.py:640} INFO - Processing file /opt/airflow/dags/etl_from_csv.py for tasks to queue
[2024-06-01T10:01:56.525+0000] {logging_mixin.py:115} INFO - [2024-06-01T10:01:56.524+0000] {dagbag.py:508} INFO - Filling up the DagBag from /opt/airflow/dags/etl_from_csv.py
[2024-06-01T10:01:56.850+0000] {processor.py:652} WARNING - No viable dags retrieved from /opt/airflow/dags/etl_from_csv.py
[2024-06-01T10:01:56.857+0000] {processor.py:161} INFO - Processing /opt/airflow/dags/etl_from_csv.py took 0.341 seconds
[2024-06-01T10:02:27.765+0000] {processor.py:153} INFO - Started process (PID=328) to work on /opt/airflow/dags/etl_from_csv.py
[2024-06-01T10:02:27.766+0000] {processor.py:640} INFO - Processing file /opt/airflow/dags/etl_from_csv.py for tasks to queue
[2024-06-01T10:02:27.767+0000] {logging_mixin.py:115} INFO - [2024-06-01T10:02:27.767+0000] {dagbag.py:508} INFO - Filling up the DagBag from /opt/airflow/dags/etl_from_csv.py
[2024-06-01T10:02:28.079+0000] {processor.py:652} WARNING - No viable dags retrieved from /opt/airflow/dags/etl_from_csv.py
[2024-06-01T10:02:28.086+0000] {processor.py:161} INFO - Processing /opt/airflow/dags/etl_from_csv.py took 0.326 seconds
[2024-06-01T10:02:49.015+0000] {processor.py:153} INFO - Started process (PID=334) to work on /opt/airflow/dags/etl_from_csv.py
[2024-06-01T10:02:49.016+0000] {processor.py:640} INFO - Processing file /opt/airflow/dags/etl_from_csv.py for tasks to queue
[2024-06-01T10:02:49.017+0000] {logging_mixin.py:115} INFO - [2024-06-01T10:02:49.017+0000] {dagbag.py:508} INFO - Filling up the DagBag from /opt/airflow/dags/etl_from_csv.py
[2024-06-01T10:02:49.316+0000] {processor.py:650} INFO - DAG(s) dict_keys(['etl_csv_files']) retrieved from /opt/airflow/dags/etl_from_csv.py
[2024-06-01T10:02:49.352+0000] {logging_mixin.py:115} INFO - [2024-06-01T10:02:49.352+0000] {manager.py:508} INFO - Created Permission View: can edit on DAG:etl_csv_files
[2024-06-01T10:02:49.356+0000] {logging_mixin.py:115} INFO - [2024-06-01T10:02:49.355+0000] {manager.py:508} INFO - Created Permission View: can delete on DAG:etl_csv_files
[2024-06-01T10:02:49.358+0000] {logging_mixin.py:115} INFO - [2024-06-01T10:02:49.358+0000] {manager.py:508} INFO - Created Permission View: can read on DAG:etl_csv_files
[2024-06-01T10:02:49.358+0000] {logging_mixin.py:115} INFO - [2024-06-01T10:02:49.358+0000] {dag.py:2429} INFO - Sync 1 DAGs
[2024-06-01T10:02:49.362+0000] {logging_mixin.py:115} INFO - [2024-06-01T10:02:49.362+0000] {dag.py:2448} INFO - Creating ORM DAG for etl_csv_files
[2024-06-01T10:02:49.367+0000] {logging_mixin.py:115} INFO - [2024-06-01T10:02:49.367+0000] {dag.py:2981} INFO - Setting next_dagrun for etl_csv_files to 2024-05-31T00:00:00+00:00, run_after=2024-06-01T00:00:00+00:00
[2024-06-01T10:02:49.372+0000] {processor.py:161} INFO - Processing /opt/airflow/dags/etl_from_csv.py took 0.363 seconds
[2024-06-01T10:03:14.464+0000] {processor.py:153} INFO - Started process (PID=345) to work on /opt/airflow/dags/etl_from_csv.py
[2024-06-01T10:03:14.466+0000] {processor.py:640} INFO - Processing file /opt/airflow/dags/etl_from_csv.py for tasks to queue
[2024-06-01T10:03:14.467+0000] {logging_mixin.py:115} INFO - [2024-06-01T10:03:14.467+0000] {dagbag.py:508} INFO - Filling up the DagBag from /opt/airflow/dags/etl_from_csv.py
[2024-06-01T10:03:14.827+0000] {processor.py:650} INFO - DAG(s) dict_keys(['etl_csv_files']) retrieved from /opt/airflow/dags/etl_from_csv.py
[2024-06-01T10:03:14.841+0000] {logging_mixin.py:115} INFO - [2024-06-01T10:03:14.841+0000] {dag.py:2429} INFO - Sync 1 DAGs
[2024-06-01T10:03:14.852+0000] {logging_mixin.py:115} INFO - [2024-06-01T10:03:14.852+0000] {dag.py:2981} INFO - Setting next_dagrun for etl_csv_files to 2024-05-31T00:00:00+00:00, run_after=2024-06-01T00:00:00+00:00
[2024-06-01T10:03:14.858+0000] {processor.py:161} INFO - Processing /opt/airflow/dags/etl_from_csv.py took 0.401 seconds
[2024-06-01T10:03:45.743+0000] {processor.py:153} INFO - Started process (PID=386) to work on /opt/airflow/dags/etl_from_csv.py
[2024-06-01T10:03:45.745+0000] {processor.py:640} INFO - Processing file /opt/airflow/dags/etl_from_csv.py for tasks to queue
[2024-06-01T10:03:45.747+0000] {logging_mixin.py:115} INFO - [2024-06-01T10:03:45.746+0000] {dagbag.py:508} INFO - Filling up the DagBag from /opt/airflow/dags/etl_from_csv.py
[2024-06-01T10:03:46.042+0000] {processor.py:650} INFO - DAG(s) dict_keys(['etl_csv_files']) retrieved from /opt/airflow/dags/etl_from_csv.py
[2024-06-01T10:03:46.055+0000] {logging_mixin.py:115} INFO - [2024-06-01T10:03:46.055+0000] {dag.py:2429} INFO - Sync 1 DAGs
[2024-06-01T10:03:46.065+0000] {logging_mixin.py:115} INFO - [2024-06-01T10:03:46.065+0000] {dag.py:2981} INFO - Setting next_dagrun for etl_csv_files to 2024-06-01T00:00:00+00:00, run_after=2024-06-02T00:00:00+00:00
[2024-06-01T10:03:46.069+0000] {processor.py:161} INFO - Processing /opt/airflow/dags/etl_from_csv.py took 0.334 seconds
[2024-06-01T10:04:17.054+0000] {processor.py:153} INFO - Started process (PID=397) to work on /opt/airflow/dags/etl_from_csv.py
[2024-06-01T10:04:17.056+0000] {processor.py:640} INFO - Processing file /opt/airflow/dags/etl_from_csv.py for tasks to queue
[2024-06-01T10:04:17.057+0000] {logging_mixin.py:115} INFO - [2024-06-01T10:04:17.056+0000] {dagbag.py:508} INFO - Filling up the DagBag from /opt/airflow/dags/etl_from_csv.py
[2024-06-01T10:04:17.377+0000] {processor.py:650} INFO - DAG(s) dict_keys(['etl_csv_files']) retrieved from /opt/airflow/dags/etl_from_csv.py
[2024-06-01T10:04:17.392+0000] {logging_mixin.py:115} INFO - [2024-06-01T10:04:17.392+0000] {dag.py:2429} INFO - Sync 1 DAGs
[2024-06-01T10:04:17.402+0000] {logging_mixin.py:115} INFO - [2024-06-01T10:04:17.402+0000] {dag.py:2981} INFO - Setting next_dagrun for etl_csv_files to 2024-06-01T00:00:00+00:00, run_after=2024-06-02T00:00:00+00:00
[2024-06-01T10:04:17.406+0000] {processor.py:161} INFO - Processing /opt/airflow/dags/etl_from_csv.py took 0.367 seconds
[2024-06-01T10:04:48.301+0000] {processor.py:153} INFO - Started process (PID=408) to work on /opt/airflow/dags/etl_from_csv.py
[2024-06-01T10:04:48.303+0000] {processor.py:640} INFO - Processing file /opt/airflow/dags/etl_from_csv.py for tasks to queue
[2024-06-01T10:04:48.304+0000] {logging_mixin.py:115} INFO - [2024-06-01T10:04:48.304+0000] {dagbag.py:508} INFO - Filling up the DagBag from /opt/airflow/dags/etl_from_csv.py
[2024-06-01T10:04:48.633+0000] {processor.py:650} INFO - DAG(s) dict_keys(['etl_csv_files']) retrieved from /opt/airflow/dags/etl_from_csv.py
[2024-06-01T10:04:48.646+0000] {logging_mixin.py:115} INFO - [2024-06-01T10:04:48.646+0000] {dag.py:2429} INFO - Sync 1 DAGs
[2024-06-01T10:04:48.657+0000] {logging_mixin.py:115} INFO - [2024-06-01T10:04:48.657+0000] {dag.py:2981} INFO - Setting next_dagrun for etl_csv_files to 2024-06-01T00:00:00+00:00, run_after=2024-06-02T00:00:00+00:00
[2024-06-01T10:04:48.661+0000] {processor.py:161} INFO - Processing /opt/airflow/dags/etl_from_csv.py took 0.368 seconds
[2024-06-01T10:05:19.673+0000] {processor.py:153} INFO - Started process (PID=419) to work on /opt/airflow/dags/etl_from_csv.py
[2024-06-01T10:05:19.675+0000] {processor.py:640} INFO - Processing file /opt/airflow/dags/etl_from_csv.py for tasks to queue
[2024-06-01T10:05:19.676+0000] {logging_mixin.py:115} INFO - [2024-06-01T10:05:19.676+0000] {dagbag.py:508} INFO - Filling up the DagBag from /opt/airflow/dags/etl_from_csv.py
[2024-06-01T10:05:20.022+0000] {processor.py:650} INFO - DAG(s) dict_keys(['etl_csv_files']) retrieved from /opt/airflow/dags/etl_from_csv.py
[2024-06-01T10:05:20.037+0000] {logging_mixin.py:115} INFO - [2024-06-01T10:05:20.037+0000] {dag.py:2429} INFO - Sync 1 DAGs
[2024-06-01T10:05:20.048+0000] {logging_mixin.py:115} INFO - [2024-06-01T10:05:20.048+0000] {dag.py:2981} INFO - Setting next_dagrun for etl_csv_files to 2024-06-01T00:00:00+00:00, run_after=2024-06-02T00:00:00+00:00
[2024-06-01T10:05:20.053+0000] {processor.py:161} INFO - Processing /opt/airflow/dags/etl_from_csv.py took 0.386 seconds
[2024-06-01T10:05:50.994+0000] {processor.py:153} INFO - Started process (PID=430) to work on /opt/airflow/dags/etl_from_csv.py
[2024-06-01T10:05:50.997+0000] {processor.py:640} INFO - Processing file /opt/airflow/dags/etl_from_csv.py for tasks to queue
[2024-06-01T10:05:50.998+0000] {logging_mixin.py:115} INFO - [2024-06-01T10:05:50.998+0000] {dagbag.py:508} INFO - Filling up the DagBag from /opt/airflow/dags/etl_from_csv.py
[2024-06-01T10:05:51.309+0000] {processor.py:650} INFO - DAG(s) dict_keys(['etl_csv_files']) retrieved from /opt/airflow/dags/etl_from_csv.py
[2024-06-01T10:05:51.323+0000] {logging_mixin.py:115} INFO - [2024-06-01T10:05:51.322+0000] {dag.py:2429} INFO - Sync 1 DAGs
[2024-06-01T10:05:51.332+0000] {logging_mixin.py:115} INFO - [2024-06-01T10:05:51.332+0000] {dag.py:2981} INFO - Setting next_dagrun for etl_csv_files to 2024-06-01T00:00:00+00:00, run_after=2024-06-02T00:00:00+00:00
[2024-06-01T10:05:51.338+0000] {processor.py:161} INFO - Processing /opt/airflow/dags/etl_from_csv.py took 0.353 seconds
[2024-06-01T10:06:22.359+0000] {processor.py:153} INFO - Started process (PID=441) to work on /opt/airflow/dags/etl_from_csv.py
[2024-06-01T10:06:22.361+0000] {processor.py:640} INFO - Processing file /opt/airflow/dags/etl_from_csv.py for tasks to queue
[2024-06-01T10:06:22.361+0000] {logging_mixin.py:115} INFO - [2024-06-01T10:06:22.361+0000] {dagbag.py:508} INFO - Filling up the DagBag from /opt/airflow/dags/etl_from_csv.py
[2024-06-01T10:06:22.690+0000] {processor.py:650} INFO - DAG(s) dict_keys(['etl_csv_files']) retrieved from /opt/airflow/dags/etl_from_csv.py
[2024-06-01T10:06:22.704+0000] {logging_mixin.py:115} INFO - [2024-06-01T10:06:22.704+0000] {dag.py:2429} INFO - Sync 1 DAGs
[2024-06-01T10:06:22.714+0000] {logging_mixin.py:115} INFO - [2024-06-01T10:06:22.714+0000] {dag.py:2981} INFO - Setting next_dagrun for etl_csv_files to 2024-06-01T00:00:00+00:00, run_after=2024-06-02T00:00:00+00:00
[2024-06-01T10:06:22.718+0000] {processor.py:161} INFO - Processing /opt/airflow/dags/etl_from_csv.py took 0.368 seconds
[2024-06-01T10:06:53.680+0000] {processor.py:153} INFO - Started process (PID=452) to work on /opt/airflow/dags/etl_from_csv.py
[2024-06-01T10:06:53.683+0000] {processor.py:640} INFO - Processing file /opt/airflow/dags/etl_from_csv.py for tasks to queue
[2024-06-01T10:06:53.684+0000] {logging_mixin.py:115} INFO - [2024-06-01T10:06:53.684+0000] {dagbag.py:508} INFO - Filling up the DagBag from /opt/airflow/dags/etl_from_csv.py
[2024-06-01T10:06:54.021+0000] {processor.py:650} INFO - DAG(s) dict_keys(['etl_csv_files']) retrieved from /opt/airflow/dags/etl_from_csv.py
[2024-06-01T10:06:54.033+0000] {logging_mixin.py:115} INFO - [2024-06-01T10:06:54.033+0000] {dag.py:2429} INFO - Sync 1 DAGs
[2024-06-01T10:06:54.043+0000] {logging_mixin.py:115} INFO - [2024-06-01T10:06:54.043+0000] {dag.py:2981} INFO - Setting next_dagrun for etl_csv_files to 2024-06-01T00:00:00+00:00, run_after=2024-06-02T00:00:00+00:00
[2024-06-01T10:06:54.048+0000] {processor.py:161} INFO - Processing /opt/airflow/dags/etl_from_csv.py took 0.377 seconds
[2024-06-01T10:07:24.322+0000] {processor.py:153} INFO - Started process (PID=463) to work on /opt/airflow/dags/etl_from_csv.py
[2024-06-01T10:07:24.324+0000] {processor.py:640} INFO - Processing file /opt/airflow/dags/etl_from_csv.py for tasks to queue
[2024-06-01T10:07:24.324+0000] {logging_mixin.py:115} INFO - [2024-06-01T10:07:24.324+0000] {dagbag.py:508} INFO - Filling up the DagBag from /opt/airflow/dags/etl_from_csv.py
[2024-06-01T10:07:24.652+0000] {processor.py:650} INFO - DAG(s) dict_keys(['etl_csv_files']) retrieved from /opt/airflow/dags/etl_from_csv.py
[2024-06-01T10:07:24.675+0000] {logging_mixin.py:115} INFO - [2024-06-01T10:07:24.675+0000] {dag.py:2429} INFO - Sync 1 DAGs
[2024-06-01T10:07:24.685+0000] {logging_mixin.py:115} INFO - [2024-06-01T10:07:24.685+0000] {dag.py:2981} INFO - Setting next_dagrun for etl_csv_files to 2024-06-01T00:00:00+00:00, run_after=2024-06-02T00:00:00+00:00
[2024-06-01T10:07:24.690+0000] {processor.py:161} INFO - Processing /opt/airflow/dags/etl_from_csv.py took 0.373 seconds
[2024-06-01T10:07:54.895+0000] {processor.py:153} INFO - Started process (PID=474) to work on /opt/airflow/dags/etl_from_csv.py
[2024-06-01T10:07:54.897+0000] {processor.py:640} INFO - Processing file /opt/airflow/dags/etl_from_csv.py for tasks to queue
[2024-06-01T10:07:54.898+0000] {logging_mixin.py:115} INFO - [2024-06-01T10:07:54.898+0000] {dagbag.py:508} INFO - Filling up the DagBag from /opt/airflow/dags/etl_from_csv.py
[2024-06-01T10:07:55.246+0000] {processor.py:650} INFO - DAG(s) dict_keys(['etl_csv_files']) retrieved from /opt/airflow/dags/etl_from_csv.py
[2024-06-01T10:07:55.259+0000] {logging_mixin.py:115} INFO - [2024-06-01T10:07:55.259+0000] {dag.py:2429} INFO - Sync 1 DAGs
[2024-06-01T10:07:55.269+0000] {logging_mixin.py:115} INFO - [2024-06-01T10:07:55.269+0000] {dag.py:2981} INFO - Setting next_dagrun for etl_csv_files to 2024-06-01T00:00:00+00:00, run_after=2024-06-02T00:00:00+00:00
[2024-06-01T10:07:55.274+0000] {processor.py:161} INFO - Processing /opt/airflow/dags/etl_from_csv.py took 0.387 seconds
[2024-06-01T10:08:26.233+0000] {processor.py:153} INFO - Started process (PID=485) to work on /opt/airflow/dags/etl_from_csv.py
[2024-06-01T10:08:26.236+0000] {processor.py:640} INFO - Processing file /opt/airflow/dags/etl_from_csv.py for tasks to queue
[2024-06-01T10:08:26.237+0000] {logging_mixin.py:115} INFO - [2024-06-01T10:08:26.236+0000] {dagbag.py:508} INFO - Filling up the DagBag from /opt/airflow/dags/etl_from_csv.py
[2024-06-01T10:08:26.551+0000] {processor.py:650} INFO - DAG(s) dict_keys(['etl_csv_files']) retrieved from /opt/airflow/dags/etl_from_csv.py
[2024-06-01T10:08:26.565+0000] {logging_mixin.py:115} INFO - [2024-06-01T10:08:26.564+0000] {dag.py:2429} INFO - Sync 1 DAGs
[2024-06-01T10:08:26.575+0000] {logging_mixin.py:115} INFO - [2024-06-01T10:08:26.575+0000] {dag.py:2981} INFO - Setting next_dagrun for etl_csv_files to 2024-06-01T00:00:00+00:00, run_after=2024-06-02T00:00:00+00:00
[2024-06-01T10:08:26.581+0000] {processor.py:161} INFO - Processing /opt/airflow/dags/etl_from_csv.py took 0.355 seconds
[2024-06-01T10:08:57.492+0000] {processor.py:153} INFO - Started process (PID=496) to work on /opt/airflow/dags/etl_from_csv.py
[2024-06-01T10:08:57.494+0000] {processor.py:640} INFO - Processing file /opt/airflow/dags/etl_from_csv.py for tasks to queue
[2024-06-01T10:08:57.495+0000] {logging_mixin.py:115} INFO - [2024-06-01T10:08:57.495+0000] {dagbag.py:508} INFO - Filling up the DagBag from /opt/airflow/dags/etl_from_csv.py
[2024-06-01T10:08:57.821+0000] {processor.py:650} INFO - DAG(s) dict_keys(['etl_csv_files']) retrieved from /opt/airflow/dags/etl_from_csv.py
[2024-06-01T10:08:57.834+0000] {logging_mixin.py:115} INFO - [2024-06-01T10:08:57.834+0000] {dag.py:2429} INFO - Sync 1 DAGs
[2024-06-01T10:08:57.844+0000] {logging_mixin.py:115} INFO - [2024-06-01T10:08:57.844+0000] {dag.py:2981} INFO - Setting next_dagrun for etl_csv_files to 2024-06-01T00:00:00+00:00, run_after=2024-06-02T00:00:00+00:00
[2024-06-01T10:08:57.849+0000] {processor.py:161} INFO - Processing /opt/airflow/dags/etl_from_csv.py took 0.368 seconds
[2024-06-01T10:08:58.510+0000] {processor.py:153} INFO - Started process (PID=502) to work on /opt/airflow/dags/etl_from_csv.py
[2024-06-01T10:08:58.511+0000] {processor.py:640} INFO - Processing file /opt/airflow/dags/etl_from_csv.py for tasks to queue
[2024-06-01T10:08:58.512+0000] {logging_mixin.py:115} INFO - [2024-06-01T10:08:58.512+0000] {dagbag.py:508} INFO - Filling up the DagBag from /opt/airflow/dags/etl_from_csv.py
[2024-06-01T10:08:58.710+0000] {processor.py:650} INFO - DAG(s) dict_keys(['etl_csv_files']) retrieved from /opt/airflow/dags/etl_from_csv.py
[2024-06-01T10:08:58.736+0000] {logging_mixin.py:115} INFO - [2024-06-01T10:08:58.736+0000] {dag.py:2429} INFO - Sync 1 DAGs
[2024-06-01T10:08:58.746+0000] {logging_mixin.py:115} INFO - [2024-06-01T10:08:58.745+0000] {dag.py:2981} INFO - Setting next_dagrun for etl_csv_files to 2024-06-01T00:00:00+00:00, run_after=2024-06-02T00:00:00+00:00
[2024-06-01T10:08:58.751+0000] {processor.py:161} INFO - Processing /opt/airflow/dags/etl_from_csv.py took 0.246 seconds
[2024-06-01T10:09:28.879+0000] {processor.py:153} INFO - Started process (PID=513) to work on /opt/airflow/dags/etl_from_csv.py
[2024-06-01T10:09:28.881+0000] {processor.py:640} INFO - Processing file /opt/airflow/dags/etl_from_csv.py for tasks to queue
[2024-06-01T10:09:28.882+0000] {logging_mixin.py:115} INFO - [2024-06-01T10:09:28.882+0000] {dagbag.py:508} INFO - Filling up the DagBag from /opt/airflow/dags/etl_from_csv.py
[2024-06-01T10:09:29.192+0000] {processor.py:650} INFO - DAG(s) dict_keys(['etl_csv_files']) retrieved from /opt/airflow/dags/etl_from_csv.py
[2024-06-01T10:09:29.203+0000] {logging_mixin.py:115} INFO - [2024-06-01T10:09:29.203+0000] {dag.py:2429} INFO - Sync 1 DAGs
[2024-06-01T10:09:29.212+0000] {logging_mixin.py:115} INFO - [2024-06-01T10:09:29.212+0000] {dag.py:2981} INFO - Setting next_dagrun for etl_csv_files to 2024-06-01T00:00:00+00:00, run_after=2024-06-02T00:00:00+00:00
[2024-06-01T10:09:29.217+0000] {processor.py:161} INFO - Processing /opt/airflow/dags/etl_from_csv.py took 0.345 seconds
[2024-06-01T10:09:59.339+0000] {processor.py:153} INFO - Started process (PID=547) to work on /opt/airflow/dags/etl_from_csv.py
[2024-06-01T10:09:59.340+0000] {processor.py:640} INFO - Processing file /opt/airflow/dags/etl_from_csv.py for tasks to queue
[2024-06-01T10:09:59.340+0000] {logging_mixin.py:115} INFO - [2024-06-01T10:09:59.340+0000] {dagbag.py:508} INFO - Filling up the DagBag from /opt/airflow/dags/etl_from_csv.py
[2024-06-01T10:09:59.637+0000] {processor.py:650} INFO - DAG(s) dict_keys(['etl_csv_files']) retrieved from /opt/airflow/dags/etl_from_csv.py
[2024-06-01T10:09:59.648+0000] {logging_mixin.py:115} INFO - [2024-06-01T10:09:59.648+0000] {dag.py:2429} INFO - Sync 1 DAGs
[2024-06-01T10:09:59.658+0000] {logging_mixin.py:115} INFO - [2024-06-01T10:09:59.658+0000] {dag.py:2981} INFO - Setting next_dagrun for etl_csv_files to 2024-06-01T00:00:00+00:00, run_after=2024-06-02T00:00:00+00:00
[2024-06-01T10:09:59.663+0000] {processor.py:161} INFO - Processing /opt/airflow/dags/etl_from_csv.py took 0.326 seconds
[2024-06-01T10:10:29.724+0000] {processor.py:153} INFO - Started process (PID=558) to work on /opt/airflow/dags/etl_from_csv.py
[2024-06-01T10:10:29.725+0000] {processor.py:640} INFO - Processing file /opt/airflow/dags/etl_from_csv.py for tasks to queue
[2024-06-01T10:10:29.725+0000] {logging_mixin.py:115} INFO - [2024-06-01T10:10:29.725+0000] {dagbag.py:508} INFO - Filling up the DagBag from /opt/airflow/dags/etl_from_csv.py
[2024-06-01T10:10:30.021+0000] {processor.py:650} INFO - DAG(s) dict_keys(['etl_csv_files']) retrieved from /opt/airflow/dags/etl_from_csv.py
[2024-06-01T10:10:30.033+0000] {logging_mixin.py:115} INFO - [2024-06-01T10:10:30.032+0000] {dag.py:2429} INFO - Sync 1 DAGs
[2024-06-01T10:10:30.042+0000] {logging_mixin.py:115} INFO - [2024-06-01T10:10:30.042+0000] {dag.py:2981} INFO - Setting next_dagrun for etl_csv_files to 2024-06-01T00:00:00+00:00, run_after=2024-06-02T00:00:00+00:00
[2024-06-01T10:10:30.046+0000] {processor.py:161} INFO - Processing /opt/airflow/dags/etl_from_csv.py took 0.323 seconds
[2024-06-01T10:10:38.797+0000] {processor.py:153} INFO - Started process (PID=564) to work on /opt/airflow/dags/etl_from_csv.py
[2024-06-01T10:10:38.798+0000] {processor.py:640} INFO - Processing file /opt/airflow/dags/etl_from_csv.py for tasks to queue
[2024-06-01T10:10:38.799+0000] {logging_mixin.py:115} INFO - [2024-06-01T10:10:38.799+0000] {dagbag.py:508} INFO - Filling up the DagBag from /opt/airflow/dags/etl_from_csv.py
[2024-06-01T10:10:38.977+0000] {processor.py:650} INFO - DAG(s) dict_keys(['etl_csv_files']) retrieved from /opt/airflow/dags/etl_from_csv.py
[2024-06-01T10:10:38.986+0000] {logging_mixin.py:115} INFO - [2024-06-01T10:10:38.986+0000] {dag.py:2429} INFO - Sync 1 DAGs
[2024-06-01T10:10:38.996+0000] {logging_mixin.py:115} INFO - [2024-06-01T10:10:38.995+0000] {dag.py:2981} INFO - Setting next_dagrun for etl_csv_files to 2024-06-01T00:00:00+00:00, run_after=2024-06-02T00:00:00+00:00
[2024-06-01T10:10:39.002+0000] {processor.py:161} INFO - Processing /opt/airflow/dags/etl_from_csv.py took 0.208 seconds
[2024-06-01T10:11:09.178+0000] {processor.py:153} INFO - Started process (PID=575) to work on /opt/airflow/dags/etl_from_csv.py
[2024-06-01T10:11:09.179+0000] {processor.py:640} INFO - Processing file /opt/airflow/dags/etl_from_csv.py for tasks to queue
[2024-06-01T10:11:09.180+0000] {logging_mixin.py:115} INFO - [2024-06-01T10:11:09.180+0000] {dagbag.py:508} INFO - Filling up the DagBag from /opt/airflow/dags/etl_from_csv.py
[2024-06-01T10:11:09.463+0000] {processor.py:650} INFO - DAG(s) dict_keys(['etl_csv_files']) retrieved from /opt/airflow/dags/etl_from_csv.py
[2024-06-01T10:11:09.474+0000] {logging_mixin.py:115} INFO - [2024-06-01T10:11:09.474+0000] {dag.py:2429} INFO - Sync 1 DAGs
[2024-06-01T10:11:09.483+0000] {logging_mixin.py:115} INFO - [2024-06-01T10:11:09.483+0000] {dag.py:2981} INFO - Setting next_dagrun for etl_csv_files to 2024-06-01T00:00:00+00:00, run_after=2024-06-02T00:00:00+00:00
[2024-06-01T10:11:09.488+0000] {processor.py:161} INFO - Processing /opt/airflow/dags/etl_from_csv.py took 0.316 seconds
[2024-06-01T10:11:40.426+0000] {processor.py:153} INFO - Started process (PID=586) to work on /opt/airflow/dags/etl_from_csv.py
[2024-06-01T10:11:40.428+0000] {processor.py:640} INFO - Processing file /opt/airflow/dags/etl_from_csv.py for tasks to queue
[2024-06-01T10:11:40.429+0000] {logging_mixin.py:115} INFO - [2024-06-01T10:11:40.429+0000] {dagbag.py:508} INFO - Filling up the DagBag from /opt/airflow/dags/etl_from_csv.py
[2024-06-01T10:11:40.816+0000] {processor.py:650} INFO - DAG(s) dict_keys(['etl_csv_files']) retrieved from /opt/airflow/dags/etl_from_csv.py
[2024-06-01T10:11:40.830+0000] {logging_mixin.py:115} INFO - [2024-06-01T10:11:40.830+0000] {dag.py:2429} INFO - Sync 1 DAGs
[2024-06-01T10:11:40.841+0000] {logging_mixin.py:115} INFO - [2024-06-01T10:11:40.841+0000] {dag.py:2981} INFO - Setting next_dagrun for etl_csv_files to 2024-06-01T00:00:00+00:00, run_after=2024-06-02T00:00:00+00:00
[2024-06-01T10:11:40.846+0000] {processor.py:161} INFO - Processing /opt/airflow/dags/etl_from_csv.py took 0.426 seconds
[2024-06-01T10:12:11.733+0000] {processor.py:153} INFO - Started process (PID=597) to work on /opt/airflow/dags/etl_from_csv.py
[2024-06-01T10:12:11.735+0000] {processor.py:640} INFO - Processing file /opt/airflow/dags/etl_from_csv.py for tasks to queue
[2024-06-01T10:12:11.736+0000] {logging_mixin.py:115} INFO - [2024-06-01T10:12:11.736+0000] {dagbag.py:508} INFO - Filling up the DagBag from /opt/airflow/dags/etl_from_csv.py
[2024-06-01T10:12:12.069+0000] {processor.py:650} INFO - DAG(s) dict_keys(['etl_csv_files']) retrieved from /opt/airflow/dags/etl_from_csv.py
[2024-06-01T10:12:12.082+0000] {logging_mixin.py:115} INFO - [2024-06-01T10:12:12.081+0000] {dag.py:2429} INFO - Sync 1 DAGs
[2024-06-01T10:12:12.091+0000] {logging_mixin.py:115} INFO - [2024-06-01T10:12:12.091+0000] {dag.py:2981} INFO - Setting next_dagrun for etl_csv_files to 2024-06-01T00:00:00+00:00, run_after=2024-06-02T00:00:00+00:00
[2024-06-01T10:12:12.096+0000] {processor.py:161} INFO - Processing /opt/airflow/dags/etl_from_csv.py took 0.368 seconds
[2024-06-01T10:12:42.163+0000] {processor.py:153} INFO - Started process (PID=608) to work on /opt/airflow/dags/etl_from_csv.py
[2024-06-01T10:12:42.165+0000] {processor.py:640} INFO - Processing file /opt/airflow/dags/etl_from_csv.py for tasks to queue
[2024-06-01T10:12:42.166+0000] {logging_mixin.py:115} INFO - [2024-06-01T10:12:42.166+0000] {dagbag.py:508} INFO - Filling up the DagBag from /opt/airflow/dags/etl_from_csv.py
[2024-06-01T10:12:42.585+0000] {processor.py:650} INFO - DAG(s) dict_keys(['etl_csv_files']) retrieved from /opt/airflow/dags/etl_from_csv.py
[2024-06-01T10:12:42.601+0000] {logging_mixin.py:115} INFO - [2024-06-01T10:12:42.601+0000] {dag.py:2429} INFO - Sync 1 DAGs
[2024-06-01T10:12:42.616+0000] {logging_mixin.py:115} INFO - [2024-06-01T10:12:42.616+0000] {dag.py:2981} INFO - Setting next_dagrun for etl_csv_files to 2024-06-01T00:00:00+00:00, run_after=2024-06-02T00:00:00+00:00
[2024-06-01T10:12:42.621+0000] {processor.py:161} INFO - Processing /opt/airflow/dags/etl_from_csv.py took 0.464 seconds
[2024-06-01T10:13:13.456+0000] {processor.py:153} INFO - Started process (PID=619) to work on /opt/airflow/dags/etl_from_csv.py
[2024-06-01T10:13:13.459+0000] {processor.py:640} INFO - Processing file /opt/airflow/dags/etl_from_csv.py for tasks to queue
[2024-06-01T10:13:13.460+0000] {logging_mixin.py:115} INFO - [2024-06-01T10:13:13.460+0000] {dagbag.py:508} INFO - Filling up the DagBag from /opt/airflow/dags/etl_from_csv.py
[2024-06-01T10:13:13.794+0000] {processor.py:650} INFO - DAG(s) dict_keys(['etl_csv_files']) retrieved from /opt/airflow/dags/etl_from_csv.py
[2024-06-01T10:13:13.807+0000] {logging_mixin.py:115} INFO - [2024-06-01T10:13:13.807+0000] {dag.py:2429} INFO - Sync 1 DAGs
[2024-06-01T10:13:13.816+0000] {logging_mixin.py:115} INFO - [2024-06-01T10:13:13.816+0000] {dag.py:2981} INFO - Setting next_dagrun for etl_csv_files to 2024-06-01T00:00:00+00:00, run_after=2024-06-02T00:00:00+00:00
[2024-06-01T10:13:13.822+0000] {processor.py:161} INFO - Processing /opt/airflow/dags/etl_from_csv.py took 0.373 seconds
[2024-06-01T10:13:43.875+0000] {processor.py:153} INFO - Started process (PID=630) to work on /opt/airflow/dags/etl_from_csv.py
[2024-06-01T10:13:43.877+0000] {processor.py:640} INFO - Processing file /opt/airflow/dags/etl_from_csv.py for tasks to queue
[2024-06-01T10:13:43.878+0000] {logging_mixin.py:115} INFO - [2024-06-01T10:13:43.878+0000] {dagbag.py:508} INFO - Filling up the DagBag from /opt/airflow/dags/etl_from_csv.py
[2024-06-01T10:13:44.201+0000] {processor.py:650} INFO - DAG(s) dict_keys(['etl_csv_files']) retrieved from /opt/airflow/dags/etl_from_csv.py
[2024-06-01T10:13:44.216+0000] {logging_mixin.py:115} INFO - [2024-06-01T10:13:44.215+0000] {dag.py:2429} INFO - Sync 1 DAGs
[2024-06-01T10:13:44.225+0000] {logging_mixin.py:115} INFO - [2024-06-01T10:13:44.225+0000] {dag.py:2981} INFO - Setting next_dagrun for etl_csv_files to 2024-06-01T00:00:00+00:00, run_after=2024-06-02T00:00:00+00:00
[2024-06-01T10:13:44.230+0000] {processor.py:161} INFO - Processing /opt/airflow/dags/etl_from_csv.py took 0.360 seconds
[2024-06-01T10:14:14.282+0000] {processor.py:153} INFO - Started process (PID=641) to work on /opt/airflow/dags/etl_from_csv.py
[2024-06-01T10:14:14.283+0000] {processor.py:640} INFO - Processing file /opt/airflow/dags/etl_from_csv.py for tasks to queue
[2024-06-01T10:14:14.284+0000] {logging_mixin.py:115} INFO - [2024-06-01T10:14:14.284+0000] {dagbag.py:508} INFO - Filling up the DagBag from /opt/airflow/dags/etl_from_csv.py
[2024-06-01T10:14:14.679+0000] {processor.py:650} INFO - DAG(s) dict_keys(['etl_csv_files']) retrieved from /opt/airflow/dags/etl_from_csv.py
[2024-06-01T10:14:14.704+0000] {logging_mixin.py:115} INFO - [2024-06-01T10:14:14.703+0000] {dag.py:2429} INFO - Sync 1 DAGs
[2024-06-01T10:14:14.719+0000] {logging_mixin.py:115} INFO - [2024-06-01T10:14:14.719+0000] {dag.py:2981} INFO - Setting next_dagrun for etl_csv_files to 2024-06-01T00:00:00+00:00, run_after=2024-06-02T00:00:00+00:00
[2024-06-01T10:14:14.724+0000] {processor.py:161} INFO - Processing /opt/airflow/dags/etl_from_csv.py took 0.444 seconds
[2024-06-01T10:14:45.601+0000] {processor.py:153} INFO - Started process (PID=652) to work on /opt/airflow/dags/etl_from_csv.py
[2024-06-01T10:14:45.602+0000] {processor.py:640} INFO - Processing file /opt/airflow/dags/etl_from_csv.py for tasks to queue
[2024-06-01T10:14:45.603+0000] {logging_mixin.py:115} INFO - [2024-06-01T10:14:45.603+0000] {dagbag.py:508} INFO - Filling up the DagBag from /opt/airflow/dags/etl_from_csv.py
[2024-06-01T10:14:45.981+0000] {processor.py:650} INFO - DAG(s) dict_keys(['etl_csv_files']) retrieved from /opt/airflow/dags/etl_from_csv.py
[2024-06-01T10:14:45.998+0000] {logging_mixin.py:115} INFO - [2024-06-01T10:14:45.998+0000] {dag.py:2429} INFO - Sync 1 DAGs
[2024-06-01T10:14:46.008+0000] {logging_mixin.py:115} INFO - [2024-06-01T10:14:46.008+0000] {dag.py:2981} INFO - Setting next_dagrun for etl_csv_files to 2024-06-01T00:00:00+00:00, run_after=2024-06-02T00:00:00+00:00
[2024-06-01T10:14:46.013+0000] {processor.py:161} INFO - Processing /opt/airflow/dags/etl_from_csv.py took 0.418 seconds
[2024-06-01T10:15:16.076+0000] {processor.py:153} INFO - Started process (PID=663) to work on /opt/airflow/dags/etl_from_csv.py
[2024-06-01T10:15:16.080+0000] {processor.py:640} INFO - Processing file /opt/airflow/dags/etl_from_csv.py for tasks to queue
[2024-06-01T10:15:16.082+0000] {logging_mixin.py:115} INFO - [2024-06-01T10:15:16.082+0000] {dagbag.py:508} INFO - Filling up the DagBag from /opt/airflow/dags/etl_from_csv.py
[2024-06-01T10:15:16.425+0000] {processor.py:650} INFO - DAG(s) dict_keys(['etl_csv_files']) retrieved from /opt/airflow/dags/etl_from_csv.py
[2024-06-01T10:15:16.441+0000] {logging_mixin.py:115} INFO - [2024-06-01T10:15:16.440+0000] {dag.py:2429} INFO - Sync 1 DAGs
[2024-06-01T10:15:16.450+0000] {logging_mixin.py:115} INFO - [2024-06-01T10:15:16.450+0000] {dag.py:2981} INFO - Setting next_dagrun for etl_csv_files to 2024-06-01T00:00:00+00:00, run_after=2024-06-02T00:00:00+00:00
[2024-06-01T10:15:16.455+0000] {processor.py:161} INFO - Processing /opt/airflow/dags/etl_from_csv.py took 0.389 seconds
[2024-06-01T10:15:47.344+0000] {processor.py:153} INFO - Started process (PID=674) to work on /opt/airflow/dags/etl_from_csv.py
[2024-06-01T10:15:47.348+0000] {processor.py:640} INFO - Processing file /opt/airflow/dags/etl_from_csv.py for tasks to queue
[2024-06-01T10:15:47.349+0000] {logging_mixin.py:115} INFO - [2024-06-01T10:15:47.349+0000] {dagbag.py:508} INFO - Filling up the DagBag from /opt/airflow/dags/etl_from_csv.py
[2024-06-01T10:15:47.663+0000] {processor.py:650} INFO - DAG(s) dict_keys(['etl_csv_files']) retrieved from /opt/airflow/dags/etl_from_csv.py
[2024-06-01T10:15:47.676+0000] {logging_mixin.py:115} INFO - [2024-06-01T10:15:47.676+0000] {dag.py:2429} INFO - Sync 1 DAGs
[2024-06-01T10:15:47.687+0000] {logging_mixin.py:115} INFO - [2024-06-01T10:15:47.687+0000] {dag.py:2981} INFO - Setting next_dagrun for etl_csv_files to 2024-06-01T00:00:00+00:00, run_after=2024-06-02T00:00:00+00:00
[2024-06-01T10:15:47.693+0000] {processor.py:161} INFO - Processing /opt/airflow/dags/etl_from_csv.py took 0.355 seconds
[2024-06-01T10:16:17.854+0000] {processor.py:153} INFO - Started process (PID=685) to work on /opt/airflow/dags/etl_from_csv.py
[2024-06-01T10:16:17.857+0000] {processor.py:640} INFO - Processing file /opt/airflow/dags/etl_from_csv.py for tasks to queue
[2024-06-01T10:16:17.858+0000] {logging_mixin.py:115} INFO - [2024-06-01T10:16:17.858+0000] {dagbag.py:508} INFO - Filling up the DagBag from /opt/airflow/dags/etl_from_csv.py
[2024-06-01T10:16:18.239+0000] {processor.py:650} INFO - DAG(s) dict_keys(['etl_csv_files']) retrieved from /opt/airflow/dags/etl_from_csv.py
[2024-06-01T10:16:18.281+0000] {logging_mixin.py:115} INFO - [2024-06-01T10:16:18.281+0000] {dag.py:2429} INFO - Sync 1 DAGs
[2024-06-01T10:16:18.291+0000] {logging_mixin.py:115} INFO - [2024-06-01T10:16:18.291+0000] {dag.py:2981} INFO - Setting next_dagrun for etl_csv_files to 2024-06-01T00:00:00+00:00, run_after=2024-06-02T00:00:00+00:00
[2024-06-01T10:16:18.296+0000] {processor.py:161} INFO - Processing /opt/airflow/dags/etl_from_csv.py took 0.450 seconds
[2024-06-01T10:16:49.205+0000] {processor.py:153} INFO - Started process (PID=696) to work on /opt/airflow/dags/etl_from_csv.py
[2024-06-01T10:16:49.209+0000] {processor.py:640} INFO - Processing file /opt/airflow/dags/etl_from_csv.py for tasks to queue
[2024-06-01T10:16:49.210+0000] {logging_mixin.py:115} INFO - [2024-06-01T10:16:49.210+0000] {dagbag.py:508} INFO - Filling up the DagBag from /opt/airflow/dags/etl_from_csv.py
[2024-06-01T10:16:49.578+0000] {processor.py:650} INFO - DAG(s) dict_keys(['etl_csv_files']) retrieved from /opt/airflow/dags/etl_from_csv.py
[2024-06-01T10:16:49.593+0000] {logging_mixin.py:115} INFO - [2024-06-01T10:16:49.593+0000] {dag.py:2429} INFO - Sync 1 DAGs
[2024-06-01T10:16:49.622+0000] {logging_mixin.py:115} INFO - [2024-06-01T10:16:49.622+0000] {dag.py:2981} INFO - Setting next_dagrun for etl_csv_files to 2024-06-01T00:00:00+00:00, run_after=2024-06-02T00:00:00+00:00
[2024-06-01T10:16:49.627+0000] {processor.py:161} INFO - Processing /opt/airflow/dags/etl_from_csv.py took 0.430 seconds
[2024-06-01T10:17:20.542+0000] {processor.py:153} INFO - Started process (PID=707) to work on /opt/airflow/dags/etl_from_csv.py
[2024-06-01T10:17:20.545+0000] {processor.py:640} INFO - Processing file /opt/airflow/dags/etl_from_csv.py for tasks to queue
[2024-06-01T10:17:20.547+0000] {logging_mixin.py:115} INFO - [2024-06-01T10:17:20.546+0000] {dagbag.py:508} INFO - Filling up the DagBag from /opt/airflow/dags/etl_from_csv.py
[2024-06-01T10:17:20.900+0000] {processor.py:650} INFO - DAG(s) dict_keys(['etl_csv_files']) retrieved from /opt/airflow/dags/etl_from_csv.py
[2024-06-01T10:17:20.918+0000] {logging_mixin.py:115} INFO - [2024-06-01T10:17:20.917+0000] {dag.py:2429} INFO - Sync 1 DAGs
[2024-06-01T10:17:20.928+0000] {logging_mixin.py:115} INFO - [2024-06-01T10:17:20.928+0000] {dag.py:2981} INFO - Setting next_dagrun for etl_csv_files to 2024-06-01T00:00:00+00:00, run_after=2024-06-02T00:00:00+00:00
[2024-06-01T10:17:20.934+0000] {processor.py:161} INFO - Processing /opt/airflow/dags/etl_from_csv.py took 0.398 seconds
[2024-06-01T10:17:50.973+0000] {processor.py:153} INFO - Started process (PID=718) to work on /opt/airflow/dags/etl_from_csv.py
[2024-06-01T10:17:50.976+0000] {processor.py:640} INFO - Processing file /opt/airflow/dags/etl_from_csv.py for tasks to queue
[2024-06-01T10:17:50.977+0000] {logging_mixin.py:115} INFO - [2024-06-01T10:17:50.977+0000] {dagbag.py:508} INFO - Filling up the DagBag from /opt/airflow/dags/etl_from_csv.py
[2024-06-01T10:17:51.307+0000] {processor.py:650} INFO - DAG(s) dict_keys(['etl_csv_files']) retrieved from /opt/airflow/dags/etl_from_csv.py
[2024-06-01T10:17:51.323+0000] {logging_mixin.py:115} INFO - [2024-06-01T10:17:51.323+0000] {dag.py:2429} INFO - Sync 1 DAGs
[2024-06-01T10:17:51.334+0000] {logging_mixin.py:115} INFO - [2024-06-01T10:17:51.334+0000] {dag.py:2981} INFO - Setting next_dagrun for etl_csv_files to 2024-06-01T00:00:00+00:00, run_after=2024-06-02T00:00:00+00:00
[2024-06-01T10:17:51.340+0000] {processor.py:161} INFO - Processing /opt/airflow/dags/etl_from_csv.py took 0.373 seconds
[2024-06-01T10:18:21.817+0000] {processor.py:153} INFO - Started process (PID=729) to work on /opt/airflow/dags/etl_from_csv.py
[2024-06-01T10:18:21.821+0000] {processor.py:640} INFO - Processing file /opt/airflow/dags/etl_from_csv.py for tasks to queue
[2024-06-01T10:18:21.824+0000] {logging_mixin.py:115} INFO - [2024-06-01T10:18:21.823+0000] {dagbag.py:508} INFO - Filling up the DagBag from /opt/airflow/dags/etl_from_csv.py
[2024-06-01T10:18:24.842+0000] {processor.py:650} INFO - DAG(s) dict_keys(['etl_csv_files']) retrieved from /opt/airflow/dags/etl_from_csv.py
[2024-06-01T10:18:24.868+0000] {logging_mixin.py:115} INFO - [2024-06-01T10:18:24.868+0000] {dag.py:2429} INFO - Sync 1 DAGs
[2024-06-01T10:18:24.883+0000] {logging_mixin.py:115} INFO - [2024-06-01T10:18:24.883+0000] {dag.py:2981} INFO - Setting next_dagrun for etl_csv_files to 2024-06-01T00:00:00+00:00, run_after=2024-06-02T00:00:00+00:00
[2024-06-01T10:18:24.889+0000] {processor.py:161} INFO - Processing /opt/airflow/dags/etl_from_csv.py took 3.121 seconds
[2024-06-01T10:18:55.557+0000] {processor.py:153} INFO - Started process (PID=740) to work on /opt/airflow/dags/etl_from_csv.py
[2024-06-01T10:18:55.560+0000] {processor.py:640} INFO - Processing file /opt/airflow/dags/etl_from_csv.py for tasks to queue
[2024-06-01T10:18:55.561+0000] {logging_mixin.py:115} INFO - [2024-06-01T10:18:55.561+0000] {dagbag.py:508} INFO - Filling up the DagBag from /opt/airflow/dags/etl_from_csv.py
[2024-06-01T10:18:55.809+0000] {processor.py:650} INFO - DAG(s) dict_keys(['etl_csv_files']) retrieved from /opt/airflow/dags/etl_from_csv.py
[2024-06-01T10:18:55.819+0000] {logging_mixin.py:115} INFO - [2024-06-01T10:18:55.818+0000] {dag.py:2429} INFO - Sync 1 DAGs
[2024-06-01T10:18:55.827+0000] {logging_mixin.py:115} INFO - [2024-06-01T10:18:55.827+0000] {dag.py:2981} INFO - Setting next_dagrun for etl_csv_files to 2024-06-01T00:00:00+00:00, run_after=2024-06-02T00:00:00+00:00
[2024-06-01T10:18:55.832+0000] {processor.py:161} INFO - Processing /opt/airflow/dags/etl_from_csv.py took 0.283 seconds
[2024-06-01T10:19:25.878+0000] {processor.py:153} INFO - Started process (PID=751) to work on /opt/airflow/dags/etl_from_csv.py
[2024-06-01T10:19:25.880+0000] {processor.py:640} INFO - Processing file /opt/airflow/dags/etl_from_csv.py for tasks to queue
[2024-06-01T10:19:25.881+0000] {logging_mixin.py:115} INFO - [2024-06-01T10:19:25.881+0000] {dagbag.py:508} INFO - Filling up the DagBag from /opt/airflow/dags/etl_from_csv.py
[2024-06-01T10:19:26.080+0000] {processor.py:650} INFO - DAG(s) dict_keys(['etl_csv_files']) retrieved from /opt/airflow/dags/etl_from_csv.py
[2024-06-01T10:19:26.090+0000] {logging_mixin.py:115} INFO - [2024-06-01T10:19:26.090+0000] {dag.py:2429} INFO - Sync 1 DAGs
[2024-06-01T10:19:26.100+0000] {logging_mixin.py:115} INFO - [2024-06-01T10:19:26.100+0000] {dag.py:2981} INFO - Setting next_dagrun for etl_csv_files to 2024-06-01T00:00:00+00:00, run_after=2024-06-02T00:00:00+00:00
[2024-06-01T10:19:26.105+0000] {processor.py:161} INFO - Processing /opt/airflow/dags/etl_from_csv.py took 0.234 seconds
[2024-06-01T10:19:56.163+0000] {processor.py:153} INFO - Started process (PID=762) to work on /opt/airflow/dags/etl_from_csv.py
[2024-06-01T10:19:56.165+0000] {processor.py:640} INFO - Processing file /opt/airflow/dags/etl_from_csv.py for tasks to queue
[2024-06-01T10:19:56.166+0000] {logging_mixin.py:115} INFO - [2024-06-01T10:19:56.166+0000] {dagbag.py:508} INFO - Filling up the DagBag from /opt/airflow/dags/etl_from_csv.py
[2024-06-01T10:19:56.375+0000] {processor.py:650} INFO - DAG(s) dict_keys(['etl_csv_files']) retrieved from /opt/airflow/dags/etl_from_csv.py
[2024-06-01T10:19:56.386+0000] {logging_mixin.py:115} INFO - [2024-06-01T10:19:56.386+0000] {dag.py:2429} INFO - Sync 1 DAGs
[2024-06-01T10:19:56.395+0000] {logging_mixin.py:115} INFO - [2024-06-01T10:19:56.395+0000] {dag.py:2981} INFO - Setting next_dagrun for etl_csv_files to 2024-06-01T00:00:00+00:00, run_after=2024-06-02T00:00:00+00:00
[2024-06-01T10:19:56.400+0000] {processor.py:161} INFO - Processing /opt/airflow/dags/etl_from_csv.py took 0.243 seconds
[2024-06-01T10:20:27.380+0000] {processor.py:153} INFO - Started process (PID=773) to work on /opt/airflow/dags/etl_from_csv.py
[2024-06-01T10:20:27.381+0000] {processor.py:640} INFO - Processing file /opt/airflow/dags/etl_from_csv.py for tasks to queue
[2024-06-01T10:20:27.381+0000] {logging_mixin.py:115} INFO - [2024-06-01T10:20:27.381+0000] {dagbag.py:508} INFO - Filling up the DagBag from /opt/airflow/dags/etl_from_csv.py
[2024-06-01T10:20:27.557+0000] {processor.py:650} INFO - DAG(s) dict_keys(['etl_csv_files']) retrieved from /opt/airflow/dags/etl_from_csv.py
[2024-06-01T10:20:27.567+0000] {logging_mixin.py:115} INFO - [2024-06-01T10:20:27.567+0000] {dag.py:2429} INFO - Sync 1 DAGs
[2024-06-01T10:20:27.576+0000] {logging_mixin.py:115} INFO - [2024-06-01T10:20:27.576+0000] {dag.py:2981} INFO - Setting next_dagrun for etl_csv_files to 2024-06-01T00:00:00+00:00, run_after=2024-06-02T00:00:00+00:00
[2024-06-01T10:20:27.580+0000] {processor.py:161} INFO - Processing /opt/airflow/dags/etl_from_csv.py took 0.202 seconds
[2024-06-01T10:20:51.618+0000] {processor.py:153} INFO - Started process (PID=784) to work on /opt/airflow/dags/etl_from_csv.py
[2024-06-01T10:20:51.619+0000] {processor.py:640} INFO - Processing file /opt/airflow/dags/etl_from_csv.py for tasks to queue
[2024-06-01T10:20:51.620+0000] {logging_mixin.py:115} INFO - [2024-06-01T10:20:51.620+0000] {dagbag.py:508} INFO - Filling up the DagBag from /opt/airflow/dags/etl_from_csv.py
[2024-06-01T10:20:51.827+0000] {processor.py:650} INFO - DAG(s) dict_keys(['etl_csv_files']) retrieved from /opt/airflow/dags/etl_from_csv.py
[2024-06-01T10:20:51.837+0000] {logging_mixin.py:115} INFO - [2024-06-01T10:20:51.837+0000] {dag.py:2429} INFO - Sync 1 DAGs
[2024-06-01T10:20:51.846+0000] {logging_mixin.py:115} INFO - [2024-06-01T10:20:51.846+0000] {dag.py:2981} INFO - Setting next_dagrun for etl_csv_files to 2024-06-01T00:00:00+00:00, run_after=2024-06-02T00:00:00+00:00
[2024-06-01T10:20:51.852+0000] {processor.py:161} INFO - Processing /opt/airflow/dags/etl_from_csv.py took 0.239 seconds
[2024-06-01T16:19:51.584+0000] {processor.py:153} INFO - Started process (PID=190) to work on /opt/airflow/dags/etl_from_csv.py
[2024-06-01T16:19:51.586+0000] {processor.py:640} INFO - Processing file /opt/airflow/dags/etl_from_csv.py for tasks to queue
[2024-06-01T16:19:51.586+0000] {logging_mixin.py:115} INFO - [2024-06-01T16:19:51.586+0000] {dagbag.py:508} INFO - Filling up the DagBag from /opt/airflow/dags/etl_from_csv.py
[2024-06-01T16:19:51.850+0000] {processor.py:650} INFO - DAG(s) dict_keys(['etl_csv_files']) retrieved from /opt/airflow/dags/etl_from_csv.py
[2024-06-01T16:19:51.860+0000] {logging_mixin.py:115} INFO - [2024-06-01T16:19:51.860+0000] {dag.py:2429} INFO - Sync 1 DAGs
[2024-06-01T16:19:51.869+0000] {logging_mixin.py:115} INFO - [2024-06-01T16:19:51.869+0000] {dag.py:2981} INFO - Setting next_dagrun for etl_csv_files to 2024-06-01T00:00:00+00:00, run_after=2024-06-02T00:00:00+00:00
[2024-06-01T16:19:51.873+0000] {processor.py:161} INFO - Processing /opt/airflow/dags/etl_from_csv.py took 0.292 seconds
[2024-06-01T16:20:21.961+0000] {processor.py:153} INFO - Started process (PID=207) to work on /opt/airflow/dags/etl_from_csv.py
[2024-06-01T16:20:21.962+0000] {processor.py:640} INFO - Processing file /opt/airflow/dags/etl_from_csv.py for tasks to queue
[2024-06-01T16:20:21.962+0000] {logging_mixin.py:115} INFO - [2024-06-01T16:20:21.962+0000] {dagbag.py:508} INFO - Filling up the DagBag from /opt/airflow/dags/etl_from_csv.py
[2024-06-01T16:20:22.173+0000] {processor.py:650} INFO - DAG(s) dict_keys(['etl_csv_files']) retrieved from /opt/airflow/dags/etl_from_csv.py
[2024-06-01T16:20:22.185+0000] {logging_mixin.py:115} INFO - [2024-06-01T16:20:22.184+0000] {dag.py:2429} INFO - Sync 1 DAGs
[2024-06-01T16:20:22.194+0000] {logging_mixin.py:115} INFO - [2024-06-01T16:20:22.194+0000] {dag.py:2981} INFO - Setting next_dagrun for etl_csv_files to 2024-06-01T00:00:00+00:00, run_after=2024-06-02T00:00:00+00:00
[2024-06-01T16:20:22.198+0000] {processor.py:161} INFO - Processing /opt/airflow/dags/etl_from_csv.py took 0.238 seconds
[2024-06-01T16:20:52.300+0000] {processor.py:153} INFO - Started process (PID=218) to work on /opt/airflow/dags/etl_from_csv.py
[2024-06-01T16:20:52.301+0000] {processor.py:640} INFO - Processing file /opt/airflow/dags/etl_from_csv.py for tasks to queue
[2024-06-01T16:20:52.301+0000] {logging_mixin.py:115} INFO - [2024-06-01T16:20:52.301+0000] {dagbag.py:508} INFO - Filling up the DagBag from /opt/airflow/dags/etl_from_csv.py
[2024-06-01T16:20:52.596+0000] {processor.py:650} INFO - DAG(s) dict_keys(['etl_csv_files']) retrieved from /opt/airflow/dags/etl_from_csv.py
[2024-06-01T16:20:52.607+0000] {logging_mixin.py:115} INFO - [2024-06-01T16:20:52.607+0000] {dag.py:2429} INFO - Sync 1 DAGs
[2024-06-01T16:20:52.616+0000] {logging_mixin.py:115} INFO - [2024-06-01T16:20:52.616+0000] {dag.py:2981} INFO - Setting next_dagrun for etl_csv_files to 2024-06-01T00:00:00+00:00, run_after=2024-06-02T00:00:00+00:00
[2024-06-01T16:20:52.620+0000] {processor.py:161} INFO - Processing /opt/airflow/dags/etl_from_csv.py took 0.322 seconds
[2024-06-01T16:21:22.635+0000] {processor.py:153} INFO - Started process (PID=229) to work on /opt/airflow/dags/etl_from_csv.py
[2024-06-01T16:21:22.636+0000] {processor.py:640} INFO - Processing file /opt/airflow/dags/etl_from_csv.py for tasks to queue
[2024-06-01T16:21:22.636+0000] {logging_mixin.py:115} INFO - [2024-06-01T16:21:22.636+0000] {dagbag.py:508} INFO - Filling up the DagBag from /opt/airflow/dags/etl_from_csv.py
[2024-06-01T16:21:22.900+0000] {processor.py:650} INFO - DAG(s) dict_keys(['etl_csv_files']) retrieved from /opt/airflow/dags/etl_from_csv.py
[2024-06-01T16:21:22.911+0000] {logging_mixin.py:115} INFO - [2024-06-01T16:21:22.911+0000] {dag.py:2429} INFO - Sync 1 DAGs
[2024-06-01T16:21:22.920+0000] {logging_mixin.py:115} INFO - [2024-06-01T16:21:22.920+0000] {dag.py:2981} INFO - Setting next_dagrun for etl_csv_files to 2024-06-01T00:00:00+00:00, run_after=2024-06-02T00:00:00+00:00
[2024-06-01T16:21:22.924+0000] {processor.py:161} INFO - Processing /opt/airflow/dags/etl_from_csv.py took 0.290 seconds
