[2024-06-01T09:52:06.990+0000] {processor.py:153} INFO - Started process (PID=193) to work on /opt/airflow/dags/get_quotes.py
[2024-06-01T09:52:06.991+0000] {processor.py:640} INFO - Processing file /opt/airflow/dags/get_quotes.py for tasks to queue
[2024-06-01T09:52:06.993+0000] {logging_mixin.py:115} INFO - [2024-06-01T09:52:06.993+0000] {dagbag.py:508} INFO - Filling up the DagBag from /opt/airflow/dags/get_quotes.py
[2024-06-01T09:52:07.010+0000] {processor.py:650} INFO - DAG(s) dict_keys(['simple_quotes']) retrieved from /opt/airflow/dags/get_quotes.py
[2024-06-01T09:52:07.071+0000] {logging_mixin.py:115} INFO - [2024-06-01T09:52:07.071+0000] {manager.py:508} INFO - Created Permission View: can delete on DAG:simple_quotes
[2024-06-01T09:52:07.077+0000] {logging_mixin.py:115} INFO - [2024-06-01T09:52:07.077+0000] {manager.py:508} INFO - Created Permission View: can read on DAG:simple_quotes
[2024-06-01T09:52:07.082+0000] {logging_mixin.py:115} INFO - [2024-06-01T09:52:07.082+0000] {manager.py:508} INFO - Created Permission View: can edit on DAG:simple_quotes
[2024-06-01T09:52:07.082+0000] {logging_mixin.py:115} INFO - [2024-06-01T09:52:07.082+0000] {dag.py:2429} INFO - Sync 1 DAGs
[2024-06-01T09:52:07.088+0000] {logging_mixin.py:115} INFO - [2024-06-01T09:52:07.088+0000] {dag.py:2448} INFO - Creating ORM DAG for simple_quotes
[2024-06-01T09:52:07.097+0000] {logging_mixin.py:115} INFO - [2024-06-01T09:52:07.097+0000] {dag.py:2981} INFO - Setting next_dagrun for simple_quotes to 2024-05-01T00:00:00+00:00, run_after=2024-06-01T00:00:00+00:00
[2024-06-01T09:52:07.106+0000] {processor.py:161} INFO - Processing /opt/airflow/dags/get_quotes.py took 0.119 seconds
[2024-06-01T09:52:37.318+0000] {processor.py:153} INFO - Started process (PID=204) to work on /opt/airflow/dags/get_quotes.py
[2024-06-01T09:52:37.319+0000] {processor.py:640} INFO - Processing file /opt/airflow/dags/get_quotes.py for tasks to queue
[2024-06-01T09:52:37.319+0000] {logging_mixin.py:115} INFO - [2024-06-01T09:52:37.319+0000] {dagbag.py:508} INFO - Filling up the DagBag from /opt/airflow/dags/get_quotes.py
[2024-06-01T09:52:37.339+0000] {processor.py:650} INFO - DAG(s) dict_keys(['simple_quotes']) retrieved from /opt/airflow/dags/get_quotes.py
[2024-06-01T09:52:37.382+0000] {logging_mixin.py:115} INFO - [2024-06-01T09:52:37.382+0000] {dag.py:2429} INFO - Sync 1 DAGs
[2024-06-01T09:52:37.402+0000] {logging_mixin.py:115} INFO - [2024-06-01T09:52:37.402+0000] {dag.py:2981} INFO - Setting next_dagrun for simple_quotes to 2024-05-01T00:00:00+00:00, run_after=2024-06-01T00:00:00+00:00
[2024-06-01T09:52:37.412+0000] {processor.py:161} INFO - Processing /opt/airflow/dags/get_quotes.py took 0.101 seconds
[2024-06-01T09:53:07.724+0000] {processor.py:153} INFO - Started process (PID=213) to work on /opt/airflow/dags/get_quotes.py
[2024-06-01T09:53:07.725+0000] {processor.py:640} INFO - Processing file /opt/airflow/dags/get_quotes.py for tasks to queue
[2024-06-01T09:53:07.726+0000] {logging_mixin.py:115} INFO - [2024-06-01T09:53:07.726+0000] {dagbag.py:508} INFO - Filling up the DagBag from /opt/airflow/dags/get_quotes.py
[2024-06-01T09:53:07.754+0000] {processor.py:650} INFO - DAG(s) dict_keys(['simple_quotes']) retrieved from /opt/airflow/dags/get_quotes.py
[2024-06-01T09:53:07.789+0000] {logging_mixin.py:115} INFO - [2024-06-01T09:53:07.789+0000] {dag.py:2429} INFO - Sync 1 DAGs
[2024-06-01T09:53:07.804+0000] {logging_mixin.py:115} INFO - [2024-06-01T09:53:07.804+0000] {dag.py:2981} INFO - Setting next_dagrun for simple_quotes to 2024-05-01T00:00:00+00:00, run_after=2024-06-01T00:00:00+00:00
[2024-06-01T09:53:07.809+0000] {processor.py:161} INFO - Processing /opt/airflow/dags/get_quotes.py took 0.089 seconds
[2024-06-01T09:53:38.141+0000] {processor.py:153} INFO - Started process (PID=224) to work on /opt/airflow/dags/get_quotes.py
[2024-06-01T09:53:38.141+0000] {processor.py:640} INFO - Processing file /opt/airflow/dags/get_quotes.py for tasks to queue
[2024-06-01T09:53:38.142+0000] {logging_mixin.py:115} INFO - [2024-06-01T09:53:38.142+0000] {dagbag.py:508} INFO - Filling up the DagBag from /opt/airflow/dags/get_quotes.py
[2024-06-01T09:53:38.175+0000] {processor.py:650} INFO - DAG(s) dict_keys(['simple_quotes']) retrieved from /opt/airflow/dags/get_quotes.py
[2024-06-01T09:53:38.223+0000] {logging_mixin.py:115} INFO - [2024-06-01T09:53:38.223+0000] {dag.py:2429} INFO - Sync 1 DAGs
[2024-06-01T09:53:38.256+0000] {logging_mixin.py:115} INFO - [2024-06-01T09:53:38.256+0000] {dag.py:2981} INFO - Setting next_dagrun for simple_quotes to 2024-05-01T00:00:00+00:00, run_after=2024-06-01T00:00:00+00:00
[2024-06-01T09:53:38.263+0000] {processor.py:161} INFO - Processing /opt/airflow/dags/get_quotes.py took 0.127 seconds
[2024-06-01T09:54:08.543+0000] {processor.py:153} INFO - Started process (PID=235) to work on /opt/airflow/dags/get_quotes.py
[2024-06-01T09:54:08.545+0000] {processor.py:640} INFO - Processing file /opt/airflow/dags/get_quotes.py for tasks to queue
[2024-06-01T09:54:08.546+0000] {logging_mixin.py:115} INFO - [2024-06-01T09:54:08.545+0000] {dagbag.py:508} INFO - Filling up the DagBag from /opt/airflow/dags/get_quotes.py
[2024-06-01T09:54:08.564+0000] {processor.py:650} INFO - DAG(s) dict_keys(['simple_quotes']) retrieved from /opt/airflow/dags/get_quotes.py
[2024-06-01T09:54:08.604+0000] {logging_mixin.py:115} INFO - [2024-06-01T09:54:08.604+0000] {dag.py:2429} INFO - Sync 1 DAGs
[2024-06-01T09:54:08.627+0000] {logging_mixin.py:115} INFO - [2024-06-01T09:54:08.627+0000] {dag.py:2981} INFO - Setting next_dagrun for simple_quotes to 2024-05-01T00:00:00+00:00, run_after=2024-06-01T00:00:00+00:00
[2024-06-01T09:54:08.633+0000] {processor.py:161} INFO - Processing /opt/airflow/dags/get_quotes.py took 0.095 seconds
[2024-06-01T09:54:38.886+0000] {processor.py:153} INFO - Started process (PID=246) to work on /opt/airflow/dags/get_quotes.py
[2024-06-01T09:54:38.887+0000] {processor.py:640} INFO - Processing file /opt/airflow/dags/get_quotes.py for tasks to queue
[2024-06-01T09:54:38.888+0000] {logging_mixin.py:115} INFO - [2024-06-01T09:54:38.888+0000] {dagbag.py:508} INFO - Filling up the DagBag from /opt/airflow/dags/get_quotes.py
[2024-06-01T09:54:38.903+0000] {processor.py:650} INFO - DAG(s) dict_keys(['simple_quotes']) retrieved from /opt/airflow/dags/get_quotes.py
[2024-06-01T09:54:38.946+0000] {logging_mixin.py:115} INFO - [2024-06-01T09:54:38.946+0000] {dag.py:2429} INFO - Sync 1 DAGs
[2024-06-01T09:54:38.962+0000] {logging_mixin.py:115} INFO - [2024-06-01T09:54:38.962+0000] {dag.py:2981} INFO - Setting next_dagrun for simple_quotes to 2024-05-01T00:00:00+00:00, run_after=2024-06-01T00:00:00+00:00
[2024-06-01T09:54:38.969+0000] {processor.py:161} INFO - Processing /opt/airflow/dags/get_quotes.py took 0.087 seconds
[2024-06-01T09:55:09.228+0000] {processor.py:153} INFO - Started process (PID=257) to work on /opt/airflow/dags/get_quotes.py
[2024-06-01T09:55:09.230+0000] {processor.py:640} INFO - Processing file /opt/airflow/dags/get_quotes.py for tasks to queue
[2024-06-01T09:55:09.231+0000] {logging_mixin.py:115} INFO - [2024-06-01T09:55:09.231+0000] {dagbag.py:508} INFO - Filling up the DagBag from /opt/airflow/dags/get_quotes.py
[2024-06-01T09:55:09.248+0000] {processor.py:650} INFO - DAG(s) dict_keys(['simple_quotes']) retrieved from /opt/airflow/dags/get_quotes.py
[2024-06-01T09:55:09.278+0000] {logging_mixin.py:115} INFO - [2024-06-01T09:55:09.278+0000] {dag.py:2429} INFO - Sync 1 DAGs
[2024-06-01T09:55:09.295+0000] {logging_mixin.py:115} INFO - [2024-06-01T09:55:09.295+0000] {dag.py:2981} INFO - Setting next_dagrun for simple_quotes to 2024-05-01T00:00:00+00:00, run_after=2024-06-01T00:00:00+00:00
[2024-06-01T09:55:09.310+0000] {processor.py:161} INFO - Processing /opt/airflow/dags/get_quotes.py took 0.087 seconds
[2024-06-01T09:55:39.567+0000] {processor.py:153} INFO - Started process (PID=268) to work on /opt/airflow/dags/get_quotes.py
[2024-06-01T09:55:39.568+0000] {processor.py:640} INFO - Processing file /opt/airflow/dags/get_quotes.py for tasks to queue
[2024-06-01T09:55:39.569+0000] {logging_mixin.py:115} INFO - [2024-06-01T09:55:39.569+0000] {dagbag.py:508} INFO - Filling up the DagBag from /opt/airflow/dags/get_quotes.py
[2024-06-01T09:55:39.586+0000] {processor.py:650} INFO - DAG(s) dict_keys(['simple_quotes']) retrieved from /opt/airflow/dags/get_quotes.py
[2024-06-01T09:55:39.615+0000] {logging_mixin.py:115} INFO - [2024-06-01T09:55:39.614+0000] {dag.py:2429} INFO - Sync 1 DAGs
[2024-06-01T09:55:39.628+0000] {logging_mixin.py:115} INFO - [2024-06-01T09:55:39.628+0000] {dag.py:2981} INFO - Setting next_dagrun for simple_quotes to 2024-05-01T00:00:00+00:00, run_after=2024-06-01T00:00:00+00:00
[2024-06-01T09:55:39.634+0000] {processor.py:161} INFO - Processing /opt/airflow/dags/get_quotes.py took 0.073 seconds
[2024-06-01T09:56:19.758+0000] {processor.py:153} INFO - Started process (PID=194) to work on /opt/airflow/dags/get_quotes.py
[2024-06-01T09:56:19.759+0000] {processor.py:640} INFO - Processing file /opt/airflow/dags/get_quotes.py for tasks to queue
[2024-06-01T09:56:19.760+0000] {logging_mixin.py:115} INFO - [2024-06-01T09:56:19.760+0000] {dagbag.py:508} INFO - Filling up the DagBag from /opt/airflow/dags/get_quotes.py
[2024-06-01T09:56:19.777+0000] {processor.py:650} INFO - DAG(s) dict_keys(['simple_quotes']) retrieved from /opt/airflow/dags/get_quotes.py
[2024-06-01T09:56:19.854+0000] {logging_mixin.py:115} INFO - [2024-06-01T09:56:19.853+0000] {manager.py:508} INFO - Created Permission View: can edit on DAG:simple_quotes
[2024-06-01T09:56:19.860+0000] {logging_mixin.py:115} INFO - [2024-06-01T09:56:19.860+0000] {manager.py:508} INFO - Created Permission View: can delete on DAG:simple_quotes
[2024-06-01T09:56:19.864+0000] {logging_mixin.py:115} INFO - [2024-06-01T09:56:19.864+0000] {manager.py:508} INFO - Created Permission View: can read on DAG:simple_quotes
[2024-06-01T09:56:19.865+0000] {logging_mixin.py:115} INFO - [2024-06-01T09:56:19.865+0000] {dag.py:2429} INFO - Sync 1 DAGs
[2024-06-01T09:56:19.876+0000] {logging_mixin.py:115} INFO - [2024-06-01T09:56:19.875+0000] {dag.py:2448} INFO - Creating ORM DAG for simple_quotes
[2024-06-01T09:56:19.886+0000] {logging_mixin.py:115} INFO - [2024-06-01T09:56:19.886+0000] {dag.py:2981} INFO - Setting next_dagrun for simple_quotes to 2024-05-01T00:00:00+00:00, run_after=2024-06-01T00:00:00+00:00
[2024-06-01T09:56:19.903+0000] {processor.py:161} INFO - Processing /opt/airflow/dags/get_quotes.py took 0.148 seconds
[2024-06-01T09:56:50.099+0000] {processor.py:153} INFO - Started process (PID=203) to work on /opt/airflow/dags/get_quotes.py
[2024-06-01T09:56:50.100+0000] {processor.py:640} INFO - Processing file /opt/airflow/dags/get_quotes.py for tasks to queue
[2024-06-01T09:56:50.101+0000] {logging_mixin.py:115} INFO - [2024-06-01T09:56:50.101+0000] {dagbag.py:508} INFO - Filling up the DagBag from /opt/airflow/dags/get_quotes.py
[2024-06-01T09:56:50.115+0000] {processor.py:650} INFO - DAG(s) dict_keys(['simple_quotes']) retrieved from /opt/airflow/dags/get_quotes.py
[2024-06-01T09:56:50.141+0000] {logging_mixin.py:115} INFO - [2024-06-01T09:56:50.141+0000] {dag.py:2429} INFO - Sync 1 DAGs
[2024-06-01T09:56:50.157+0000] {logging_mixin.py:115} INFO - [2024-06-01T09:56:50.157+0000] {dag.py:2981} INFO - Setting next_dagrun for simple_quotes to 2024-05-01T00:00:00+00:00, run_after=2024-06-01T00:00:00+00:00
[2024-06-01T09:56:50.164+0000] {processor.py:161} INFO - Processing /opt/airflow/dags/get_quotes.py took 0.070 seconds
[2024-06-01T09:57:20.394+0000] {processor.py:153} INFO - Started process (PID=213) to work on /opt/airflow/dags/get_quotes.py
[2024-06-01T09:57:20.395+0000] {processor.py:640} INFO - Processing file /opt/airflow/dags/get_quotes.py for tasks to queue
[2024-06-01T09:57:20.396+0000] {logging_mixin.py:115} INFO - [2024-06-01T09:57:20.396+0000] {dagbag.py:508} INFO - Filling up the DagBag from /opt/airflow/dags/get_quotes.py
[2024-06-01T09:57:20.412+0000] {processor.py:650} INFO - DAG(s) dict_keys(['simple_quotes']) retrieved from /opt/airflow/dags/get_quotes.py
[2024-06-01T09:57:20.462+0000] {logging_mixin.py:115} INFO - [2024-06-01T09:57:20.462+0000] {dag.py:2429} INFO - Sync 1 DAGs
[2024-06-01T09:57:20.481+0000] {logging_mixin.py:115} INFO - [2024-06-01T09:57:20.481+0000] {dag.py:2981} INFO - Setting next_dagrun for simple_quotes to 2024-05-01T00:00:00+00:00, run_after=2024-06-01T00:00:00+00:00
[2024-06-01T09:57:20.488+0000] {processor.py:161} INFO - Processing /opt/airflow/dags/get_quotes.py took 0.099 seconds
[2024-06-01T09:57:50.737+0000] {processor.py:153} INFO - Started process (PID=224) to work on /opt/airflow/dags/get_quotes.py
[2024-06-01T09:57:50.740+0000] {processor.py:640} INFO - Processing file /opt/airflow/dags/get_quotes.py for tasks to queue
[2024-06-01T09:57:50.741+0000] {logging_mixin.py:115} INFO - [2024-06-01T09:57:50.741+0000] {dagbag.py:508} INFO - Filling up the DagBag from /opt/airflow/dags/get_quotes.py
[2024-06-01T09:57:50.756+0000] {processor.py:650} INFO - DAG(s) dict_keys(['simple_quotes']) retrieved from /opt/airflow/dags/get_quotes.py
[2024-06-01T09:57:50.782+0000] {logging_mixin.py:115} INFO - [2024-06-01T09:57:50.782+0000] {dag.py:2429} INFO - Sync 1 DAGs
[2024-06-01T09:57:50.797+0000] {logging_mixin.py:115} INFO - [2024-06-01T09:57:50.796+0000] {dag.py:2981} INFO - Setting next_dagrun for simple_quotes to 2024-05-01T00:00:00+00:00, run_after=2024-06-01T00:00:00+00:00
[2024-06-01T09:57:50.803+0000] {processor.py:161} INFO - Processing /opt/airflow/dags/get_quotes.py took 0.075 seconds
[2024-06-01T09:58:21.063+0000] {processor.py:153} INFO - Started process (PID=235) to work on /opt/airflow/dags/get_quotes.py
[2024-06-01T09:58:21.064+0000] {processor.py:640} INFO - Processing file /opt/airflow/dags/get_quotes.py for tasks to queue
[2024-06-01T09:58:21.065+0000] {logging_mixin.py:115} INFO - [2024-06-01T09:58:21.064+0000] {dagbag.py:508} INFO - Filling up the DagBag from /opt/airflow/dags/get_quotes.py
[2024-06-01T09:58:21.080+0000] {processor.py:650} INFO - DAG(s) dict_keys(['simple_quotes']) retrieved from /opt/airflow/dags/get_quotes.py
[2024-06-01T09:58:21.105+0000] {logging_mixin.py:115} INFO - [2024-06-01T09:58:21.105+0000] {dag.py:2429} INFO - Sync 1 DAGs
[2024-06-01T09:58:21.118+0000] {logging_mixin.py:115} INFO - [2024-06-01T09:58:21.118+0000] {dag.py:2981} INFO - Setting next_dagrun for simple_quotes to 2024-05-01T00:00:00+00:00, run_after=2024-06-01T00:00:00+00:00
[2024-06-01T09:58:21.124+0000] {processor.py:161} INFO - Processing /opt/airflow/dags/get_quotes.py took 0.066 seconds
[2024-06-01T09:58:51.345+0000] {processor.py:153} INFO - Started process (PID=246) to work on /opt/airflow/dags/get_quotes.py
[2024-06-01T09:58:51.347+0000] {processor.py:640} INFO - Processing file /opt/airflow/dags/get_quotes.py for tasks to queue
[2024-06-01T09:58:51.348+0000] {logging_mixin.py:115} INFO - [2024-06-01T09:58:51.348+0000] {dagbag.py:508} INFO - Filling up the DagBag from /opt/airflow/dags/get_quotes.py
[2024-06-01T09:58:51.366+0000] {processor.py:650} INFO - DAG(s) dict_keys(['simple_quotes']) retrieved from /opt/airflow/dags/get_quotes.py
[2024-06-01T09:58:51.405+0000] {logging_mixin.py:115} INFO - [2024-06-01T09:58:51.404+0000] {dag.py:2429} INFO - Sync 1 DAGs
[2024-06-01T09:58:51.432+0000] {logging_mixin.py:115} INFO - [2024-06-01T09:58:51.432+0000] {dag.py:2981} INFO - Setting next_dagrun for simple_quotes to 2024-05-01T00:00:00+00:00, run_after=2024-06-01T00:00:00+00:00
[2024-06-01T09:58:51.439+0000] {processor.py:161} INFO - Processing /opt/airflow/dags/get_quotes.py took 0.101 seconds
[2024-06-01T09:59:21.675+0000] {processor.py:153} INFO - Started process (PID=257) to work on /opt/airflow/dags/get_quotes.py
[2024-06-01T09:59:21.676+0000] {processor.py:640} INFO - Processing file /opt/airflow/dags/get_quotes.py for tasks to queue
[2024-06-01T09:59:21.677+0000] {logging_mixin.py:115} INFO - [2024-06-01T09:59:21.677+0000] {dagbag.py:508} INFO - Filling up the DagBag from /opt/airflow/dags/get_quotes.py
[2024-06-01T09:59:21.692+0000] {processor.py:650} INFO - DAG(s) dict_keys(['simple_quotes']) retrieved from /opt/airflow/dags/get_quotes.py
[2024-06-01T09:59:21.720+0000] {logging_mixin.py:115} INFO - [2024-06-01T09:59:21.720+0000] {dag.py:2429} INFO - Sync 1 DAGs
[2024-06-01T09:59:21.750+0000] {logging_mixin.py:115} INFO - [2024-06-01T09:59:21.750+0000] {dag.py:2981} INFO - Setting next_dagrun for simple_quotes to 2024-05-01T00:00:00+00:00, run_after=2024-06-01T00:00:00+00:00
[2024-06-01T09:59:21.756+0000] {processor.py:161} INFO - Processing /opt/airflow/dags/get_quotes.py took 0.086 seconds
[2024-06-01T09:59:51.994+0000] {processor.py:153} INFO - Started process (PID=268) to work on /opt/airflow/dags/get_quotes.py
[2024-06-01T09:59:51.996+0000] {processor.py:640} INFO - Processing file /opt/airflow/dags/get_quotes.py for tasks to queue
[2024-06-01T09:59:51.997+0000] {logging_mixin.py:115} INFO - [2024-06-01T09:59:51.997+0000] {dagbag.py:508} INFO - Filling up the DagBag from /opt/airflow/dags/get_quotes.py
[2024-06-01T09:59:52.011+0000] {processor.py:650} INFO - DAG(s) dict_keys(['simple_quotes']) retrieved from /opt/airflow/dags/get_quotes.py
[2024-06-01T09:59:52.038+0000] {logging_mixin.py:115} INFO - [2024-06-01T09:59:52.038+0000] {dag.py:2429} INFO - Sync 1 DAGs
[2024-06-01T09:59:52.063+0000] {logging_mixin.py:115} INFO - [2024-06-01T09:59:52.062+0000] {dag.py:2981} INFO - Setting next_dagrun for simple_quotes to 2024-05-01T00:00:00+00:00, run_after=2024-06-01T00:00:00+00:00
[2024-06-01T09:59:52.070+0000] {processor.py:161} INFO - Processing /opt/airflow/dags/get_quotes.py took 0.081 seconds
[2024-06-01T10:00:22.309+0000] {processor.py:153} INFO - Started process (PID=279) to work on /opt/airflow/dags/get_quotes.py
[2024-06-01T10:00:22.310+0000] {processor.py:640} INFO - Processing file /opt/airflow/dags/get_quotes.py for tasks to queue
[2024-06-01T10:00:22.311+0000] {logging_mixin.py:115} INFO - [2024-06-01T10:00:22.311+0000] {dagbag.py:508} INFO - Filling up the DagBag from /opt/airflow/dags/get_quotes.py
[2024-06-01T10:00:22.327+0000] {processor.py:650} INFO - DAG(s) dict_keys(['simple_quotes']) retrieved from /opt/airflow/dags/get_quotes.py
[2024-06-01T10:00:22.356+0000] {logging_mixin.py:115} INFO - [2024-06-01T10:00:22.356+0000] {dag.py:2429} INFO - Sync 1 DAGs
[2024-06-01T10:00:22.371+0000] {logging_mixin.py:115} INFO - [2024-06-01T10:00:22.371+0000] {dag.py:2981} INFO - Setting next_dagrun for simple_quotes to 2024-05-01T00:00:00+00:00, run_after=2024-06-01T00:00:00+00:00
[2024-06-01T10:00:22.376+0000] {processor.py:161} INFO - Processing /opt/airflow/dags/get_quotes.py took 0.072 seconds
[2024-06-01T10:00:52.649+0000] {processor.py:153} INFO - Started process (PID=290) to work on /opt/airflow/dags/get_quotes.py
[2024-06-01T10:00:52.651+0000] {processor.py:640} INFO - Processing file /opt/airflow/dags/get_quotes.py for tasks to queue
[2024-06-01T10:00:52.652+0000] {logging_mixin.py:115} INFO - [2024-06-01T10:00:52.651+0000] {dagbag.py:508} INFO - Filling up the DagBag from /opt/airflow/dags/get_quotes.py
[2024-06-01T10:00:52.668+0000] {processor.py:650} INFO - DAG(s) dict_keys(['simple_quotes']) retrieved from /opt/airflow/dags/get_quotes.py
[2024-06-01T10:00:52.699+0000] {logging_mixin.py:115} INFO - [2024-06-01T10:00:52.699+0000] {dag.py:2429} INFO - Sync 1 DAGs
[2024-06-01T10:00:52.712+0000] {logging_mixin.py:115} INFO - [2024-06-01T10:00:52.712+0000] {dag.py:2981} INFO - Setting next_dagrun for simple_quotes to 2024-05-01T00:00:00+00:00, run_after=2024-06-01T00:00:00+00:00
[2024-06-01T10:00:52.719+0000] {processor.py:161} INFO - Processing /opt/airflow/dags/get_quotes.py took 0.077 seconds
[2024-06-01T10:01:23.034+0000] {processor.py:153} INFO - Started process (PID=301) to work on /opt/airflow/dags/get_quotes.py
[2024-06-01T10:01:23.036+0000] {processor.py:640} INFO - Processing file /opt/airflow/dags/get_quotes.py for tasks to queue
[2024-06-01T10:01:23.037+0000] {logging_mixin.py:115} INFO - [2024-06-01T10:01:23.037+0000] {dagbag.py:508} INFO - Filling up the DagBag from /opt/airflow/dags/get_quotes.py
[2024-06-01T10:01:23.056+0000] {processor.py:650} INFO - DAG(s) dict_keys(['simple_quotes']) retrieved from /opt/airflow/dags/get_quotes.py
[2024-06-01T10:01:23.082+0000] {logging_mixin.py:115} INFO - [2024-06-01T10:01:23.082+0000] {dag.py:2429} INFO - Sync 1 DAGs
[2024-06-01T10:01:23.096+0000] {logging_mixin.py:115} INFO - [2024-06-01T10:01:23.096+0000] {dag.py:2981} INFO - Setting next_dagrun for simple_quotes to 2024-05-01T00:00:00+00:00, run_after=2024-06-01T00:00:00+00:00
[2024-06-01T10:01:23.101+0000] {processor.py:161} INFO - Processing /opt/airflow/dags/get_quotes.py took 0.073 seconds
[2024-06-01T10:01:53.383+0000] {processor.py:153} INFO - Started process (PID=312) to work on /opt/airflow/dags/get_quotes.py
[2024-06-01T10:01:53.384+0000] {processor.py:640} INFO - Processing file /opt/airflow/dags/get_quotes.py for tasks to queue
[2024-06-01T10:01:53.386+0000] {logging_mixin.py:115} INFO - [2024-06-01T10:01:53.385+0000] {dagbag.py:508} INFO - Filling up the DagBag from /opt/airflow/dags/get_quotes.py
[2024-06-01T10:01:53.403+0000] {processor.py:650} INFO - DAG(s) dict_keys(['simple_quotes']) retrieved from /opt/airflow/dags/get_quotes.py
[2024-06-01T10:01:53.458+0000] {logging_mixin.py:115} INFO - [2024-06-01T10:01:53.458+0000] {dag.py:2429} INFO - Sync 1 DAGs
[2024-06-01T10:01:53.474+0000] {logging_mixin.py:115} INFO - [2024-06-01T10:01:53.473+0000] {dag.py:2981} INFO - Setting next_dagrun for simple_quotes to 2024-05-01T00:00:00+00:00, run_after=2024-06-01T00:00:00+00:00
[2024-06-01T10:01:53.479+0000] {processor.py:161} INFO - Processing /opt/airflow/dags/get_quotes.py took 0.104 seconds
[2024-06-01T10:02:23.723+0000] {processor.py:153} INFO - Started process (PID=323) to work on /opt/airflow/dags/get_quotes.py
[2024-06-01T10:02:23.724+0000] {processor.py:640} INFO - Processing file /opt/airflow/dags/get_quotes.py for tasks to queue
[2024-06-01T10:02:23.726+0000] {logging_mixin.py:115} INFO - [2024-06-01T10:02:23.725+0000] {dagbag.py:508} INFO - Filling up the DagBag from /opt/airflow/dags/get_quotes.py
[2024-06-01T10:02:23.746+0000] {processor.py:650} INFO - DAG(s) dict_keys(['simple_quotes']) retrieved from /opt/airflow/dags/get_quotes.py
[2024-06-01T10:02:23.799+0000] {logging_mixin.py:115} INFO - [2024-06-01T10:02:23.799+0000] {dag.py:2429} INFO - Sync 1 DAGs
[2024-06-01T10:02:23.813+0000] {logging_mixin.py:115} INFO - [2024-06-01T10:02:23.813+0000] {dag.py:2981} INFO - Setting next_dagrun for simple_quotes to 2024-05-01T00:00:00+00:00, run_after=2024-06-01T00:00:00+00:00
[2024-06-01T10:02:23.819+0000] {processor.py:161} INFO - Processing /opt/airflow/dags/get_quotes.py took 0.102 seconds
[2024-06-01T10:02:54.260+0000] {processor.py:153} INFO - Started process (PID=340) to work on /opt/airflow/dags/get_quotes.py
[2024-06-01T10:02:54.261+0000] {processor.py:640} INFO - Processing file /opt/airflow/dags/get_quotes.py for tasks to queue
[2024-06-01T10:02:54.261+0000] {logging_mixin.py:115} INFO - [2024-06-01T10:02:54.261+0000] {dagbag.py:508} INFO - Filling up the DagBag from /opt/airflow/dags/get_quotes.py
[2024-06-01T10:02:54.268+0000] {processor.py:650} INFO - DAG(s) dict_keys(['simple_quotes']) retrieved from /opt/airflow/dags/get_quotes.py
[2024-06-01T10:02:54.286+0000] {logging_mixin.py:115} INFO - [2024-06-01T10:02:54.286+0000] {dag.py:2429} INFO - Sync 1 DAGs
[2024-06-01T10:02:54.297+0000] {logging_mixin.py:115} INFO - [2024-06-01T10:02:54.297+0000] {dag.py:2981} INFO - Setting next_dagrun for simple_quotes to 2024-05-01T00:00:00+00:00, run_after=2024-06-01T00:00:00+00:00
[2024-06-01T10:02:54.302+0000] {processor.py:161} INFO - Processing /opt/airflow/dags/get_quotes.py took 0.045 seconds
[2024-06-01T10:03:24.531+0000] {processor.py:153} INFO - Started process (PID=366) to work on /opt/airflow/dags/get_quotes.py
[2024-06-01T10:03:24.533+0000] {processor.py:640} INFO - Processing file /opt/airflow/dags/get_quotes.py for tasks to queue
[2024-06-01T10:03:24.533+0000] {logging_mixin.py:115} INFO - [2024-06-01T10:03:24.533+0000] {dagbag.py:508} INFO - Filling up the DagBag from /opt/airflow/dags/get_quotes.py
[2024-06-01T10:03:24.551+0000] {processor.py:650} INFO - DAG(s) dict_keys(['simple_quotes']) retrieved from /opt/airflow/dags/get_quotes.py
[2024-06-01T10:03:24.591+0000] {logging_mixin.py:115} INFO - [2024-06-01T10:03:24.591+0000] {dag.py:2429} INFO - Sync 1 DAGs
[2024-06-01T10:03:24.607+0000] {logging_mixin.py:115} INFO - [2024-06-01T10:03:24.607+0000] {dag.py:2981} INFO - Setting next_dagrun for simple_quotes to 2024-05-01T00:00:00+00:00, run_after=2024-06-01T00:00:00+00:00
[2024-06-01T10:03:24.613+0000] {processor.py:161} INFO - Processing /opt/airflow/dags/get_quotes.py took 0.085 seconds
[2024-06-01T10:03:54.842+0000] {processor.py:153} INFO - Started process (PID=392) to work on /opt/airflow/dags/get_quotes.py
[2024-06-01T10:03:54.844+0000] {processor.py:640} INFO - Processing file /opt/airflow/dags/get_quotes.py for tasks to queue
[2024-06-01T10:03:54.845+0000] {logging_mixin.py:115} INFO - [2024-06-01T10:03:54.845+0000] {dagbag.py:508} INFO - Filling up the DagBag from /opt/airflow/dags/get_quotes.py
[2024-06-01T10:03:54.858+0000] {processor.py:650} INFO - DAG(s) dict_keys(['simple_quotes']) retrieved from /opt/airflow/dags/get_quotes.py
[2024-06-01T10:03:54.881+0000] {logging_mixin.py:115} INFO - [2024-06-01T10:03:54.881+0000] {dag.py:2429} INFO - Sync 1 DAGs
[2024-06-01T10:03:54.894+0000] {logging_mixin.py:115} INFO - [2024-06-01T10:03:54.894+0000] {dag.py:2981} INFO - Setting next_dagrun for simple_quotes to 2024-05-01T00:00:00+00:00, run_after=2024-06-01T00:00:00+00:00
[2024-06-01T10:03:54.899+0000] {processor.py:161} INFO - Processing /opt/airflow/dags/get_quotes.py took 0.064 seconds
[2024-06-01T10:04:25.146+0000] {processor.py:153} INFO - Started process (PID=403) to work on /opt/airflow/dags/get_quotes.py
[2024-06-01T10:04:25.148+0000] {processor.py:640} INFO - Processing file /opt/airflow/dags/get_quotes.py for tasks to queue
[2024-06-01T10:04:25.149+0000] {logging_mixin.py:115} INFO - [2024-06-01T10:04:25.149+0000] {dagbag.py:508} INFO - Filling up the DagBag from /opt/airflow/dags/get_quotes.py
[2024-06-01T10:04:25.169+0000] {processor.py:650} INFO - DAG(s) dict_keys(['simple_quotes']) retrieved from /opt/airflow/dags/get_quotes.py
[2024-06-01T10:04:25.201+0000] {logging_mixin.py:115} INFO - [2024-06-01T10:04:25.201+0000] {dag.py:2429} INFO - Sync 1 DAGs
[2024-06-01T10:04:25.216+0000] {logging_mixin.py:115} INFO - [2024-06-01T10:04:25.216+0000] {dag.py:2981} INFO - Setting next_dagrun for simple_quotes to 2024-05-01T00:00:00+00:00, run_after=2024-06-01T00:00:00+00:00
[2024-06-01T10:04:25.224+0000] {processor.py:161} INFO - Processing /opt/airflow/dags/get_quotes.py took 0.086 seconds
[2024-06-01T10:04:55.447+0000] {processor.py:153} INFO - Started process (PID=414) to work on /opt/airflow/dags/get_quotes.py
[2024-06-01T10:04:55.448+0000] {processor.py:640} INFO - Processing file /opt/airflow/dags/get_quotes.py for tasks to queue
[2024-06-01T10:04:55.449+0000] {logging_mixin.py:115} INFO - [2024-06-01T10:04:55.449+0000] {dagbag.py:508} INFO - Filling up the DagBag from /opt/airflow/dags/get_quotes.py
[2024-06-01T10:04:55.464+0000] {processor.py:650} INFO - DAG(s) dict_keys(['simple_quotes']) retrieved from /opt/airflow/dags/get_quotes.py
[2024-06-01T10:04:55.491+0000] {logging_mixin.py:115} INFO - [2024-06-01T10:04:55.491+0000] {dag.py:2429} INFO - Sync 1 DAGs
[2024-06-01T10:04:55.503+0000] {logging_mixin.py:115} INFO - [2024-06-01T10:04:55.503+0000] {dag.py:2981} INFO - Setting next_dagrun for simple_quotes to 2024-05-01T00:00:00+00:00, run_after=2024-06-01T00:00:00+00:00
[2024-06-01T10:04:55.509+0000] {processor.py:161} INFO - Processing /opt/airflow/dags/get_quotes.py took 0.067 seconds
[2024-06-01T10:05:25.762+0000] {processor.py:153} INFO - Started process (PID=425) to work on /opt/airflow/dags/get_quotes.py
[2024-06-01T10:05:25.764+0000] {processor.py:640} INFO - Processing file /opt/airflow/dags/get_quotes.py for tasks to queue
[2024-06-01T10:05:25.765+0000] {logging_mixin.py:115} INFO - [2024-06-01T10:05:25.765+0000] {dagbag.py:508} INFO - Filling up the DagBag from /opt/airflow/dags/get_quotes.py
[2024-06-01T10:05:25.782+0000] {processor.py:650} INFO - DAG(s) dict_keys(['simple_quotes']) retrieved from /opt/airflow/dags/get_quotes.py
[2024-06-01T10:05:25.808+0000] {logging_mixin.py:115} INFO - [2024-06-01T10:05:25.808+0000] {dag.py:2429} INFO - Sync 1 DAGs
[2024-06-01T10:05:25.825+0000] {logging_mixin.py:115} INFO - [2024-06-01T10:05:25.825+0000] {dag.py:2981} INFO - Setting next_dagrun for simple_quotes to 2024-05-01T00:00:00+00:00, run_after=2024-06-01T00:00:00+00:00
[2024-06-01T10:05:25.836+0000] {processor.py:161} INFO - Processing /opt/airflow/dags/get_quotes.py took 0.082 seconds
[2024-06-01T10:05:56.059+0000] {processor.py:153} INFO - Started process (PID=436) to work on /opt/airflow/dags/get_quotes.py
[2024-06-01T10:05:56.061+0000] {processor.py:640} INFO - Processing file /opt/airflow/dags/get_quotes.py for tasks to queue
[2024-06-01T10:05:56.062+0000] {logging_mixin.py:115} INFO - [2024-06-01T10:05:56.062+0000] {dagbag.py:508} INFO - Filling up the DagBag from /opt/airflow/dags/get_quotes.py
[2024-06-01T10:05:56.073+0000] {processor.py:650} INFO - DAG(s) dict_keys(['simple_quotes']) retrieved from /opt/airflow/dags/get_quotes.py
[2024-06-01T10:05:56.096+0000] {logging_mixin.py:115} INFO - [2024-06-01T10:05:56.095+0000] {dag.py:2429} INFO - Sync 1 DAGs
[2024-06-01T10:05:56.108+0000] {logging_mixin.py:115} INFO - [2024-06-01T10:05:56.108+0000] {dag.py:2981} INFO - Setting next_dagrun for simple_quotes to 2024-05-01T00:00:00+00:00, run_after=2024-06-01T00:00:00+00:00
[2024-06-01T10:05:56.113+0000] {processor.py:161} INFO - Processing /opt/airflow/dags/get_quotes.py took 0.058 seconds
[2024-06-01T10:06:26.397+0000] {processor.py:153} INFO - Started process (PID=447) to work on /opt/airflow/dags/get_quotes.py
[2024-06-01T10:06:26.399+0000] {processor.py:640} INFO - Processing file /opt/airflow/dags/get_quotes.py for tasks to queue
[2024-06-01T10:06:26.399+0000] {logging_mixin.py:115} INFO - [2024-06-01T10:06:26.399+0000] {dagbag.py:508} INFO - Filling up the DagBag from /opt/airflow/dags/get_quotes.py
[2024-06-01T10:06:26.413+0000] {processor.py:650} INFO - DAG(s) dict_keys(['simple_quotes']) retrieved from /opt/airflow/dags/get_quotes.py
[2024-06-01T10:06:26.436+0000] {logging_mixin.py:115} INFO - [2024-06-01T10:06:26.436+0000] {dag.py:2429} INFO - Sync 1 DAGs
[2024-06-01T10:06:26.449+0000] {logging_mixin.py:115} INFO - [2024-06-01T10:06:26.449+0000] {dag.py:2981} INFO - Setting next_dagrun for simple_quotes to 2024-05-01T00:00:00+00:00, run_after=2024-06-01T00:00:00+00:00
[2024-06-01T10:06:26.455+0000] {processor.py:161} INFO - Processing /opt/airflow/dags/get_quotes.py took 0.063 seconds
[2024-06-01T10:06:56.767+0000] {processor.py:153} INFO - Started process (PID=458) to work on /opt/airflow/dags/get_quotes.py
[2024-06-01T10:06:56.769+0000] {processor.py:640} INFO - Processing file /opt/airflow/dags/get_quotes.py for tasks to queue
[2024-06-01T10:06:56.771+0000] {logging_mixin.py:115} INFO - [2024-06-01T10:06:56.771+0000] {dagbag.py:508} INFO - Filling up the DagBag from /opt/airflow/dags/get_quotes.py
[2024-06-01T10:06:56.791+0000] {processor.py:650} INFO - DAG(s) dict_keys(['simple_quotes']) retrieved from /opt/airflow/dags/get_quotes.py
[2024-06-01T10:06:56.821+0000] {logging_mixin.py:115} INFO - [2024-06-01T10:06:56.821+0000] {dag.py:2429} INFO - Sync 1 DAGs
[2024-06-01T10:06:56.841+0000] {logging_mixin.py:115} INFO - [2024-06-01T10:06:56.841+0000] {dag.py:2981} INFO - Setting next_dagrun for simple_quotes to 2024-05-01T00:00:00+00:00, run_after=2024-06-01T00:00:00+00:00
[2024-06-01T10:06:56.862+0000] {processor.py:161} INFO - Processing /opt/airflow/dags/get_quotes.py took 0.103 seconds
[2024-06-01T10:07:27.347+0000] {processor.py:153} INFO - Started process (PID=469) to work on /opt/airflow/dags/get_quotes.py
[2024-06-01T10:07:27.349+0000] {processor.py:640} INFO - Processing file /opt/airflow/dags/get_quotes.py for tasks to queue
[2024-06-01T10:07:27.350+0000] {logging_mixin.py:115} INFO - [2024-06-01T10:07:27.350+0000] {dagbag.py:508} INFO - Filling up the DagBag from /opt/airflow/dags/get_quotes.py
[2024-06-01T10:07:27.363+0000] {processor.py:650} INFO - DAG(s) dict_keys(['simple_quotes']) retrieved from /opt/airflow/dags/get_quotes.py
[2024-06-01T10:07:27.384+0000] {logging_mixin.py:115} INFO - [2024-06-01T10:07:27.384+0000] {dag.py:2429} INFO - Sync 1 DAGs
[2024-06-01T10:07:27.397+0000] {logging_mixin.py:115} INFO - [2024-06-01T10:07:27.397+0000] {dag.py:2981} INFO - Setting next_dagrun for simple_quotes to 2024-05-01T00:00:00+00:00, run_after=2024-06-01T00:00:00+00:00
[2024-06-01T10:07:27.402+0000] {processor.py:161} INFO - Processing /opt/airflow/dags/get_quotes.py took 0.064 seconds
[2024-06-01T10:07:57.996+0000] {processor.py:153} INFO - Started process (PID=480) to work on /opt/airflow/dags/get_quotes.py
[2024-06-01T10:07:57.998+0000] {processor.py:640} INFO - Processing file /opt/airflow/dags/get_quotes.py for tasks to queue
[2024-06-01T10:07:58.000+0000] {logging_mixin.py:115} INFO - [2024-06-01T10:07:58.000+0000] {dagbag.py:508} INFO - Filling up the DagBag from /opt/airflow/dags/get_quotes.py
[2024-06-01T10:07:58.015+0000] {processor.py:650} INFO - DAG(s) dict_keys(['simple_quotes']) retrieved from /opt/airflow/dags/get_quotes.py
[2024-06-01T10:07:58.047+0000] {logging_mixin.py:115} INFO - [2024-06-01T10:07:58.047+0000] {dag.py:2429} INFO - Sync 1 DAGs
[2024-06-01T10:07:58.064+0000] {logging_mixin.py:115} INFO - [2024-06-01T10:07:58.064+0000] {dag.py:2981} INFO - Setting next_dagrun for simple_quotes to 2024-05-01T00:00:00+00:00, run_after=2024-06-01T00:00:00+00:00
[2024-06-01T10:07:58.069+0000] {processor.py:161} INFO - Processing /opt/airflow/dags/get_quotes.py took 0.087 seconds
[2024-06-01T10:08:28.262+0000] {processor.py:153} INFO - Started process (PID=491) to work on /opt/airflow/dags/get_quotes.py
[2024-06-01T10:08:28.264+0000] {processor.py:640} INFO - Processing file /opt/airflow/dags/get_quotes.py for tasks to queue
[2024-06-01T10:08:28.265+0000] {logging_mixin.py:115} INFO - [2024-06-01T10:08:28.265+0000] {dagbag.py:508} INFO - Filling up the DagBag from /opt/airflow/dags/get_quotes.py
[2024-06-01T10:08:28.279+0000] {processor.py:650} INFO - DAG(s) dict_keys(['simple_quotes']) retrieved from /opt/airflow/dags/get_quotes.py
[2024-06-01T10:08:28.304+0000] {logging_mixin.py:115} INFO - [2024-06-01T10:08:28.304+0000] {dag.py:2429} INFO - Sync 1 DAGs
[2024-06-01T10:08:28.319+0000] {logging_mixin.py:115} INFO - [2024-06-01T10:08:28.319+0000] {dag.py:2981} INFO - Setting next_dagrun for simple_quotes to 2024-05-01T00:00:00+00:00, run_after=2024-06-01T00:00:00+00:00
[2024-06-01T10:08:28.325+0000] {processor.py:161} INFO - Processing /opt/airflow/dags/get_quotes.py took 0.069 seconds
[2024-06-01T10:08:58.513+0000] {processor.py:153} INFO - Started process (PID=505) to work on /opt/airflow/dags/get_quotes.py
[2024-06-01T10:08:58.514+0000] {processor.py:640} INFO - Processing file /opt/airflow/dags/get_quotes.py for tasks to queue
[2024-06-01T10:08:58.515+0000] {logging_mixin.py:115} INFO - [2024-06-01T10:08:58.515+0000] {dagbag.py:508} INFO - Filling up the DagBag from /opt/airflow/dags/get_quotes.py
[2024-06-01T10:08:58.526+0000] {processor.py:650} INFO - DAG(s) dict_keys(['simple_quotes']) retrieved from /opt/airflow/dags/get_quotes.py
[2024-06-01T10:08:58.559+0000] {logging_mixin.py:115} INFO - [2024-06-01T10:08:58.558+0000] {dag.py:2429} INFO - Sync 1 DAGs
[2024-06-01T10:08:58.573+0000] {logging_mixin.py:115} INFO - [2024-06-01T10:08:58.572+0000] {dag.py:2981} INFO - Setting next_dagrun for simple_quotes to 2024-05-01T00:00:00+00:00, run_after=2024-06-01T00:00:00+00:00
[2024-06-01T10:08:58.578+0000] {processor.py:161} INFO - Processing /opt/airflow/dags/get_quotes.py took 0.070 seconds
[2024-06-01T10:09:28.879+0000] {processor.py:153} INFO - Started process (PID=514) to work on /opt/airflow/dags/get_quotes.py
[2024-06-01T10:09:28.881+0000] {processor.py:640} INFO - Processing file /opt/airflow/dags/get_quotes.py for tasks to queue
[2024-06-01T10:09:28.882+0000] {logging_mixin.py:115} INFO - [2024-06-01T10:09:28.882+0000] {dagbag.py:508} INFO - Filling up the DagBag from /opt/airflow/dags/get_quotes.py
[2024-06-01T10:09:28.902+0000] {processor.py:650} INFO - DAG(s) dict_keys(['simple_quotes']) retrieved from /opt/airflow/dags/get_quotes.py
[2024-06-01T10:09:28.934+0000] {logging_mixin.py:115} INFO - [2024-06-01T10:09:28.934+0000] {dag.py:2429} INFO - Sync 1 DAGs
[2024-06-01T10:09:28.952+0000] {logging_mixin.py:115} INFO - [2024-06-01T10:09:28.951+0000] {dag.py:2981} INFO - Setting next_dagrun for simple_quotes to 2024-05-01T00:00:00+00:00, run_after=2024-06-01T00:00:00+00:00
[2024-06-01T10:09:28.960+0000] {processor.py:161} INFO - Processing /opt/airflow/dags/get_quotes.py took 0.088 seconds
[2024-06-01T10:09:59.228+0000] {processor.py:153} INFO - Started process (PID=542) to work on /opt/airflow/dags/get_quotes.py
[2024-06-01T10:09:59.229+0000] {processor.py:640} INFO - Processing file /opt/airflow/dags/get_quotes.py for tasks to queue
[2024-06-01T10:09:59.230+0000] {logging_mixin.py:115} INFO - [2024-06-01T10:09:59.230+0000] {dagbag.py:508} INFO - Filling up the DagBag from /opt/airflow/dags/get_quotes.py
[2024-06-01T10:09:59.252+0000] {processor.py:650} INFO - DAG(s) dict_keys(['simple_quotes']) retrieved from /opt/airflow/dags/get_quotes.py
[2024-06-01T10:09:59.291+0000] {logging_mixin.py:115} INFO - [2024-06-01T10:09:59.291+0000] {dag.py:2429} INFO - Sync 1 DAGs
[2024-06-01T10:09:59.309+0000] {logging_mixin.py:115} INFO - [2024-06-01T10:09:59.309+0000] {dag.py:2981} INFO - Setting next_dagrun for simple_quotes to 2024-05-01T00:00:00+00:00, run_after=2024-06-01T00:00:00+00:00
[2024-06-01T10:09:59.324+0000] {processor.py:161} INFO - Processing /opt/airflow/dags/get_quotes.py took 0.105 seconds
[2024-06-01T10:10:29.604+0000] {processor.py:153} INFO - Started process (PID=553) to work on /opt/airflow/dags/get_quotes.py
[2024-06-01T10:10:29.606+0000] {processor.py:640} INFO - Processing file /opt/airflow/dags/get_quotes.py for tasks to queue
[2024-06-01T10:10:29.607+0000] {logging_mixin.py:115} INFO - [2024-06-01T10:10:29.607+0000] {dagbag.py:508} INFO - Filling up the DagBag from /opt/airflow/dags/get_quotes.py
[2024-06-01T10:10:29.630+0000] {processor.py:650} INFO - DAG(s) dict_keys(['simple_quotes']) retrieved from /opt/airflow/dags/get_quotes.py
[2024-06-01T10:10:29.688+0000] {logging_mixin.py:115} INFO - [2024-06-01T10:10:29.688+0000] {dag.py:2429} INFO - Sync 1 DAGs
[2024-06-01T10:10:29.706+0000] {logging_mixin.py:115} INFO - [2024-06-01T10:10:29.706+0000] {dag.py:2981} INFO - Setting next_dagrun for simple_quotes to 2024-05-01T00:00:00+00:00, run_after=2024-06-01T00:00:00+00:00
[2024-06-01T10:10:29.712+0000] {processor.py:161} INFO - Processing /opt/airflow/dags/get_quotes.py took 0.117 seconds
[2024-06-01T10:11:00.000+0000] {processor.py:153} INFO - Started process (PID=570) to work on /opt/airflow/dags/get_quotes.py
[2024-06-01T10:11:00.002+0000] {processor.py:640} INFO - Processing file /opt/airflow/dags/get_quotes.py for tasks to queue
[2024-06-01T10:11:00.003+0000] {logging_mixin.py:115} INFO - [2024-06-01T10:11:00.003+0000] {dagbag.py:508} INFO - Filling up the DagBag from /opt/airflow/dags/get_quotes.py
[2024-06-01T10:11:00.026+0000] {processor.py:650} INFO - DAG(s) dict_keys(['simple_quotes']) retrieved from /opt/airflow/dags/get_quotes.py
[2024-06-01T10:11:00.063+0000] {logging_mixin.py:115} INFO - [2024-06-01T10:11:00.062+0000] {dag.py:2429} INFO - Sync 1 DAGs
[2024-06-01T10:11:00.084+0000] {logging_mixin.py:115} INFO - [2024-06-01T10:11:00.084+0000] {dag.py:2981} INFO - Setting next_dagrun for simple_quotes to 2024-05-01T00:00:00+00:00, run_after=2024-06-01T00:00:00+00:00
[2024-06-01T10:11:00.090+0000] {processor.py:161} INFO - Processing /opt/airflow/dags/get_quotes.py took 0.100 seconds
[2024-06-01T10:11:30.321+0000] {processor.py:153} INFO - Started process (PID=581) to work on /opt/airflow/dags/get_quotes.py
[2024-06-01T10:11:30.322+0000] {processor.py:640} INFO - Processing file /opt/airflow/dags/get_quotes.py for tasks to queue
[2024-06-01T10:11:30.323+0000] {logging_mixin.py:115} INFO - [2024-06-01T10:11:30.323+0000] {dagbag.py:508} INFO - Filling up the DagBag from /opt/airflow/dags/get_quotes.py
[2024-06-01T10:11:30.347+0000] {processor.py:650} INFO - DAG(s) dict_keys(['simple_quotes']) retrieved from /opt/airflow/dags/get_quotes.py
[2024-06-01T10:11:30.385+0000] {logging_mixin.py:115} INFO - [2024-06-01T10:11:30.384+0000] {dag.py:2429} INFO - Sync 1 DAGs
[2024-06-01T10:11:30.399+0000] {logging_mixin.py:115} INFO - [2024-06-01T10:11:30.399+0000] {dag.py:2981} INFO - Setting next_dagrun for simple_quotes to 2024-05-01T00:00:00+00:00, run_after=2024-06-01T00:00:00+00:00
[2024-06-01T10:11:30.405+0000] {processor.py:161} INFO - Processing /opt/airflow/dags/get_quotes.py took 0.091 seconds
[2024-06-01T10:12:00.657+0000] {processor.py:153} INFO - Started process (PID=592) to work on /opt/airflow/dags/get_quotes.py
[2024-06-01T10:12:00.659+0000] {processor.py:640} INFO - Processing file /opt/airflow/dags/get_quotes.py for tasks to queue
[2024-06-01T10:12:00.660+0000] {logging_mixin.py:115} INFO - [2024-06-01T10:12:00.660+0000] {dagbag.py:508} INFO - Filling up the DagBag from /opt/airflow/dags/get_quotes.py
[2024-06-01T10:12:00.677+0000] {processor.py:650} INFO - DAG(s) dict_keys(['simple_quotes']) retrieved from /opt/airflow/dags/get_quotes.py
[2024-06-01T10:12:00.724+0000] {logging_mixin.py:115} INFO - [2024-06-01T10:12:00.724+0000] {dag.py:2429} INFO - Sync 1 DAGs
[2024-06-01T10:12:00.740+0000] {logging_mixin.py:115} INFO - [2024-06-01T10:12:00.740+0000] {dag.py:2981} INFO - Setting next_dagrun for simple_quotes to 2024-05-01T00:00:00+00:00, run_after=2024-06-01T00:00:00+00:00
[2024-06-01T10:12:00.746+0000] {processor.py:161} INFO - Processing /opt/airflow/dags/get_quotes.py took 0.112 seconds
[2024-06-01T10:12:31.044+0000] {processor.py:153} INFO - Started process (PID=603) to work on /opt/airflow/dags/get_quotes.py
[2024-06-01T10:12:31.046+0000] {processor.py:640} INFO - Processing file /opt/airflow/dags/get_quotes.py for tasks to queue
[2024-06-01T10:12:31.047+0000] {logging_mixin.py:115} INFO - [2024-06-01T10:12:31.047+0000] {dagbag.py:508} INFO - Filling up the DagBag from /opt/airflow/dags/get_quotes.py
[2024-06-01T10:12:31.066+0000] {processor.py:650} INFO - DAG(s) dict_keys(['simple_quotes']) retrieved from /opt/airflow/dags/get_quotes.py
[2024-06-01T10:12:31.106+0000] {logging_mixin.py:115} INFO - [2024-06-01T10:12:31.106+0000] {dag.py:2429} INFO - Sync 1 DAGs
[2024-06-01T10:12:31.121+0000] {logging_mixin.py:115} INFO - [2024-06-01T10:12:31.120+0000] {dag.py:2981} INFO - Setting next_dagrun for simple_quotes to 2024-05-01T00:00:00+00:00, run_after=2024-06-01T00:00:00+00:00
[2024-06-01T10:12:31.126+0000] {processor.py:161} INFO - Processing /opt/airflow/dags/get_quotes.py took 0.091 seconds
[2024-06-01T10:13:01.368+0000] {processor.py:153} INFO - Started process (PID=614) to work on /opt/airflow/dags/get_quotes.py
[2024-06-01T10:13:01.374+0000] {processor.py:640} INFO - Processing file /opt/airflow/dags/get_quotes.py for tasks to queue
[2024-06-01T10:13:01.378+0000] {logging_mixin.py:115} INFO - [2024-06-01T10:13:01.377+0000] {dagbag.py:508} INFO - Filling up the DagBag from /opt/airflow/dags/get_quotes.py
[2024-06-01T10:13:01.442+0000] {processor.py:650} INFO - DAG(s) dict_keys(['simple_quotes']) retrieved from /opt/airflow/dags/get_quotes.py
[2024-06-01T10:13:01.490+0000] {logging_mixin.py:115} INFO - [2024-06-01T10:13:01.490+0000] {dag.py:2429} INFO - Sync 1 DAGs
[2024-06-01T10:13:01.511+0000] {logging_mixin.py:115} INFO - [2024-06-01T10:13:01.511+0000] {dag.py:2981} INFO - Setting next_dagrun for simple_quotes to 2024-05-01T00:00:00+00:00, run_after=2024-06-01T00:00:00+00:00
[2024-06-01T10:13:01.518+0000] {processor.py:161} INFO - Processing /opt/airflow/dags/get_quotes.py took 0.162 seconds
[2024-06-01T10:13:31.733+0000] {processor.py:153} INFO - Started process (PID=625) to work on /opt/airflow/dags/get_quotes.py
[2024-06-01T10:13:31.735+0000] {processor.py:640} INFO - Processing file /opt/airflow/dags/get_quotes.py for tasks to queue
[2024-06-01T10:13:31.737+0000] {logging_mixin.py:115} INFO - [2024-06-01T10:13:31.737+0000] {dagbag.py:508} INFO - Filling up the DagBag from /opt/airflow/dags/get_quotes.py
[2024-06-01T10:13:31.756+0000] {processor.py:650} INFO - DAG(s) dict_keys(['simple_quotes']) retrieved from /opt/airflow/dags/get_quotes.py
[2024-06-01T10:13:31.785+0000] {logging_mixin.py:115} INFO - [2024-06-01T10:13:31.785+0000] {dag.py:2429} INFO - Sync 1 DAGs
[2024-06-01T10:13:31.801+0000] {logging_mixin.py:115} INFO - [2024-06-01T10:13:31.800+0000] {dag.py:2981} INFO - Setting next_dagrun for simple_quotes to 2024-05-01T00:00:00+00:00, run_after=2024-06-01T00:00:00+00:00
[2024-06-01T10:13:31.806+0000] {processor.py:161} INFO - Processing /opt/airflow/dags/get_quotes.py took 0.081 seconds
[2024-06-01T10:14:02.075+0000] {processor.py:153} INFO - Started process (PID=636) to work on /opt/airflow/dags/get_quotes.py
[2024-06-01T10:14:02.077+0000] {processor.py:640} INFO - Processing file /opt/airflow/dags/get_quotes.py for tasks to queue
[2024-06-01T10:14:02.079+0000] {logging_mixin.py:115} INFO - [2024-06-01T10:14:02.079+0000] {dagbag.py:508} INFO - Filling up the DagBag from /opt/airflow/dags/get_quotes.py
[2024-06-01T10:14:02.103+0000] {processor.py:650} INFO - DAG(s) dict_keys(['simple_quotes']) retrieved from /opt/airflow/dags/get_quotes.py
[2024-06-01T10:14:02.139+0000] {logging_mixin.py:115} INFO - [2024-06-01T10:14:02.139+0000] {dag.py:2429} INFO - Sync 1 DAGs
[2024-06-01T10:14:02.174+0000] {logging_mixin.py:115} INFO - [2024-06-01T10:14:02.174+0000] {dag.py:2981} INFO - Setting next_dagrun for simple_quotes to 2024-05-01T00:00:00+00:00, run_after=2024-06-01T00:00:00+00:00
[2024-06-01T10:14:02.183+0000] {processor.py:161} INFO - Processing /opt/airflow/dags/get_quotes.py took 0.117 seconds
[2024-06-01T10:14:32.455+0000] {processor.py:153} INFO - Started process (PID=647) to work on /opt/airflow/dags/get_quotes.py
[2024-06-01T10:14:32.457+0000] {processor.py:640} INFO - Processing file /opt/airflow/dags/get_quotes.py for tasks to queue
[2024-06-01T10:14:32.458+0000] {logging_mixin.py:115} INFO - [2024-06-01T10:14:32.458+0000] {dagbag.py:508} INFO - Filling up the DagBag from /opt/airflow/dags/get_quotes.py
[2024-06-01T10:14:32.478+0000] {processor.py:650} INFO - DAG(s) dict_keys(['simple_quotes']) retrieved from /opt/airflow/dags/get_quotes.py
[2024-06-01T10:14:32.529+0000] {logging_mixin.py:115} INFO - [2024-06-01T10:14:32.529+0000] {dag.py:2429} INFO - Sync 1 DAGs
[2024-06-01T10:14:32.549+0000] {logging_mixin.py:115} INFO - [2024-06-01T10:14:32.549+0000] {dag.py:2981} INFO - Setting next_dagrun for simple_quotes to 2024-05-01T00:00:00+00:00, run_after=2024-06-01T00:00:00+00:00
[2024-06-01T10:14:32.556+0000] {processor.py:161} INFO - Processing /opt/airflow/dags/get_quotes.py took 0.108 seconds
[2024-06-01T10:15:02.814+0000] {processor.py:153} INFO - Started process (PID=658) to work on /opt/airflow/dags/get_quotes.py
[2024-06-01T10:15:02.816+0000] {processor.py:640} INFO - Processing file /opt/airflow/dags/get_quotes.py for tasks to queue
[2024-06-01T10:15:02.817+0000] {logging_mixin.py:115} INFO - [2024-06-01T10:15:02.817+0000] {dagbag.py:508} INFO - Filling up the DagBag from /opt/airflow/dags/get_quotes.py
[2024-06-01T10:15:02.837+0000] {processor.py:650} INFO - DAG(s) dict_keys(['simple_quotes']) retrieved from /opt/airflow/dags/get_quotes.py
[2024-06-01T10:15:02.914+0000] {logging_mixin.py:115} INFO - [2024-06-01T10:15:02.914+0000] {dag.py:2429} INFO - Sync 1 DAGs
[2024-06-01T10:15:02.933+0000] {logging_mixin.py:115} INFO - [2024-06-01T10:15:02.933+0000] {dag.py:2981} INFO - Setting next_dagrun for simple_quotes to 2024-05-01T00:00:00+00:00, run_after=2024-06-01T00:00:00+00:00
[2024-06-01T10:15:02.940+0000] {processor.py:161} INFO - Processing /opt/airflow/dags/get_quotes.py took 0.135 seconds
[2024-06-01T10:15:33.224+0000] {processor.py:153} INFO - Started process (PID=669) to work on /opt/airflow/dags/get_quotes.py
[2024-06-01T10:15:33.226+0000] {processor.py:640} INFO - Processing file /opt/airflow/dags/get_quotes.py for tasks to queue
[2024-06-01T10:15:33.227+0000] {logging_mixin.py:115} INFO - [2024-06-01T10:15:33.227+0000] {dagbag.py:508} INFO - Filling up the DagBag from /opt/airflow/dags/get_quotes.py
[2024-06-01T10:15:33.265+0000] {processor.py:650} INFO - DAG(s) dict_keys(['simple_quotes']) retrieved from /opt/airflow/dags/get_quotes.py
[2024-06-01T10:15:33.306+0000] {logging_mixin.py:115} INFO - [2024-06-01T10:15:33.306+0000] {dag.py:2429} INFO - Sync 1 DAGs
[2024-06-01T10:15:33.324+0000] {logging_mixin.py:115} INFO - [2024-06-01T10:15:33.324+0000] {dag.py:2981} INFO - Setting next_dagrun for simple_quotes to 2024-05-01T00:00:00+00:00, run_after=2024-06-01T00:00:00+00:00
[2024-06-01T10:15:33.331+0000] {processor.py:161} INFO - Processing /opt/airflow/dags/get_quotes.py took 0.112 seconds
[2024-06-01T10:16:03.687+0000] {processor.py:153} INFO - Started process (PID=680) to work on /opt/airflow/dags/get_quotes.py
[2024-06-01T10:16:03.690+0000] {processor.py:640} INFO - Processing file /opt/airflow/dags/get_quotes.py for tasks to queue
[2024-06-01T10:16:03.692+0000] {logging_mixin.py:115} INFO - [2024-06-01T10:16:03.692+0000] {dagbag.py:508} INFO - Filling up the DagBag from /opt/airflow/dags/get_quotes.py
[2024-06-01T10:16:03.770+0000] {processor.py:650} INFO - DAG(s) dict_keys(['simple_quotes']) retrieved from /opt/airflow/dags/get_quotes.py
[2024-06-01T10:16:03.843+0000] {logging_mixin.py:115} INFO - [2024-06-01T10:16:03.843+0000] {dag.py:2429} INFO - Sync 1 DAGs
[2024-06-01T10:16:03.912+0000] {logging_mixin.py:115} INFO - [2024-06-01T10:16:03.912+0000] {dag.py:2981} INFO - Setting next_dagrun for simple_quotes to 2024-05-01T00:00:00+00:00, run_after=2024-06-01T00:00:00+00:00
[2024-06-01T10:16:03.927+0000] {processor.py:161} INFO - Processing /opt/airflow/dags/get_quotes.py took 0.248 seconds
[2024-06-01T10:16:34.043+0000] {processor.py:153} INFO - Started process (PID=691) to work on /opt/airflow/dags/get_quotes.py
[2024-06-01T10:16:34.045+0000] {processor.py:640} INFO - Processing file /opt/airflow/dags/get_quotes.py for tasks to queue
[2024-06-01T10:16:34.046+0000] {logging_mixin.py:115} INFO - [2024-06-01T10:16:34.046+0000] {dagbag.py:508} INFO - Filling up the DagBag from /opt/airflow/dags/get_quotes.py
[2024-06-01T10:16:34.066+0000] {processor.py:650} INFO - DAG(s) dict_keys(['simple_quotes']) retrieved from /opt/airflow/dags/get_quotes.py
[2024-06-01T10:16:34.102+0000] {logging_mixin.py:115} INFO - [2024-06-01T10:16:34.102+0000] {dag.py:2429} INFO - Sync 1 DAGs
[2024-06-01T10:16:34.139+0000] {logging_mixin.py:115} INFO - [2024-06-01T10:16:34.139+0000] {dag.py:2981} INFO - Setting next_dagrun for simple_quotes to 2024-05-01T00:00:00+00:00, run_after=2024-06-01T00:00:00+00:00
[2024-06-01T10:16:34.148+0000] {processor.py:161} INFO - Processing /opt/airflow/dags/get_quotes.py took 0.112 seconds
[2024-06-01T10:17:04.395+0000] {processor.py:153} INFO - Started process (PID=702) to work on /opt/airflow/dags/get_quotes.py
[2024-06-01T10:17:04.397+0000] {processor.py:640} INFO - Processing file /opt/airflow/dags/get_quotes.py for tasks to queue
[2024-06-01T10:17:04.398+0000] {logging_mixin.py:115} INFO - [2024-06-01T10:17:04.397+0000] {dagbag.py:508} INFO - Filling up the DagBag from /opt/airflow/dags/get_quotes.py
[2024-06-01T10:17:04.429+0000] {processor.py:650} INFO - DAG(s) dict_keys(['simple_quotes']) retrieved from /opt/airflow/dags/get_quotes.py
[2024-06-01T10:17:04.467+0000] {logging_mixin.py:115} INFO - [2024-06-01T10:17:04.467+0000] {dag.py:2429} INFO - Sync 1 DAGs
[2024-06-01T10:17:04.485+0000] {logging_mixin.py:115} INFO - [2024-06-01T10:17:04.485+0000] {dag.py:2981} INFO - Setting next_dagrun for simple_quotes to 2024-05-01T00:00:00+00:00, run_after=2024-06-01T00:00:00+00:00
[2024-06-01T10:17:04.492+0000] {processor.py:161} INFO - Processing /opt/airflow/dags/get_quotes.py took 0.103 seconds
[2024-06-01T10:17:34.735+0000] {processor.py:153} INFO - Started process (PID=713) to work on /opt/airflow/dags/get_quotes.py
[2024-06-01T10:17:34.738+0000] {processor.py:640} INFO - Processing file /opt/airflow/dags/get_quotes.py for tasks to queue
[2024-06-01T10:17:34.740+0000] {logging_mixin.py:115} INFO - [2024-06-01T10:17:34.740+0000] {dagbag.py:508} INFO - Filling up the DagBag from /opt/airflow/dags/get_quotes.py
[2024-06-01T10:17:34.781+0000] {processor.py:650} INFO - DAG(s) dict_keys(['simple_quotes']) retrieved from /opt/airflow/dags/get_quotes.py
[2024-06-01T10:17:34.819+0000] {logging_mixin.py:115} INFO - [2024-06-01T10:17:34.818+0000] {dag.py:2429} INFO - Sync 1 DAGs
[2024-06-01T10:17:34.837+0000] {logging_mixin.py:115} INFO - [2024-06-01T10:17:34.837+0000] {dag.py:2981} INFO - Setting next_dagrun for simple_quotes to 2024-05-01T00:00:00+00:00, run_after=2024-06-01T00:00:00+00:00
[2024-06-01T10:17:34.844+0000] {processor.py:161} INFO - Processing /opt/airflow/dags/get_quotes.py took 0.118 seconds
[2024-06-01T10:18:05.908+0000] {processor.py:153} INFO - Started process (PID=724) to work on /opt/airflow/dags/get_quotes.py
[2024-06-01T10:18:05.913+0000] {processor.py:640} INFO - Processing file /opt/airflow/dags/get_quotes.py for tasks to queue
[2024-06-01T10:18:05.918+0000] {logging_mixin.py:115} INFO - [2024-06-01T10:18:05.918+0000] {dagbag.py:508} INFO - Filling up the DagBag from /opt/airflow/dags/get_quotes.py
[2024-06-01T10:18:06.007+0000] {processor.py:650} INFO - DAG(s) dict_keys(['simple_quotes']) retrieved from /opt/airflow/dags/get_quotes.py
[2024-06-01T10:18:06.157+0000] {logging_mixin.py:115} INFO - [2024-06-01T10:18:06.157+0000] {dag.py:2429} INFO - Sync 1 DAGs
[2024-06-01T10:18:06.185+0000] {logging_mixin.py:115} INFO - [2024-06-01T10:18:06.185+0000] {dag.py:2981} INFO - Setting next_dagrun for simple_quotes to 2024-05-01T00:00:00+00:00, run_after=2024-06-01T00:00:00+00:00
[2024-06-01T10:18:06.193+0000] {processor.py:161} INFO - Processing /opt/airflow/dags/get_quotes.py took 0.355 seconds
[2024-06-01T10:18:36.424+0000] {processor.py:153} INFO - Started process (PID=735) to work on /opt/airflow/dags/get_quotes.py
[2024-06-01T10:18:36.426+0000] {processor.py:640} INFO - Processing file /opt/airflow/dags/get_quotes.py for tasks to queue
[2024-06-01T10:18:36.428+0000] {logging_mixin.py:115} INFO - [2024-06-01T10:18:36.427+0000] {dagbag.py:508} INFO - Filling up the DagBag from /opt/airflow/dags/get_quotes.py
[2024-06-01T10:18:36.446+0000] {processor.py:650} INFO - DAG(s) dict_keys(['simple_quotes']) retrieved from /opt/airflow/dags/get_quotes.py
[2024-06-01T10:18:36.478+0000] {logging_mixin.py:115} INFO - [2024-06-01T10:18:36.478+0000] {dag.py:2429} INFO - Sync 1 DAGs
[2024-06-01T10:18:36.494+0000] {logging_mixin.py:115} INFO - [2024-06-01T10:18:36.494+0000] {dag.py:2981} INFO - Setting next_dagrun for simple_quotes to 2024-05-01T00:00:00+00:00, run_after=2024-06-01T00:00:00+00:00
[2024-06-01T10:18:36.501+0000] {processor.py:161} INFO - Processing /opt/airflow/dags/get_quotes.py took 0.082 seconds
[2024-06-01T10:19:06.679+0000] {processor.py:153} INFO - Started process (PID=746) to work on /opt/airflow/dags/get_quotes.py
[2024-06-01T10:19:06.681+0000] {processor.py:640} INFO - Processing file /opt/airflow/dags/get_quotes.py for tasks to queue
[2024-06-01T10:19:06.682+0000] {logging_mixin.py:115} INFO - [2024-06-01T10:19:06.682+0000] {dagbag.py:508} INFO - Filling up the DagBag from /opt/airflow/dags/get_quotes.py
[2024-06-01T10:19:06.696+0000] {processor.py:650} INFO - DAG(s) dict_keys(['simple_quotes']) retrieved from /opt/airflow/dags/get_quotes.py
[2024-06-01T10:19:06.721+0000] {logging_mixin.py:115} INFO - [2024-06-01T10:19:06.721+0000] {dag.py:2429} INFO - Sync 1 DAGs
[2024-06-01T10:19:06.735+0000] {logging_mixin.py:115} INFO - [2024-06-01T10:19:06.735+0000] {dag.py:2981} INFO - Setting next_dagrun for simple_quotes to 2024-05-01T00:00:00+00:00, run_after=2024-06-01T00:00:00+00:00
[2024-06-01T10:19:06.741+0000] {processor.py:161} INFO - Processing /opt/airflow/dags/get_quotes.py took 0.067 seconds
[2024-06-01T10:19:36.972+0000] {processor.py:153} INFO - Started process (PID=757) to work on /opt/airflow/dags/get_quotes.py
[2024-06-01T10:19:36.973+0000] {processor.py:640} INFO - Processing file /opt/airflow/dags/get_quotes.py for tasks to queue
[2024-06-01T10:19:36.974+0000] {logging_mixin.py:115} INFO - [2024-06-01T10:19:36.974+0000] {dagbag.py:508} INFO - Filling up the DagBag from /opt/airflow/dags/get_quotes.py
[2024-06-01T10:19:36.987+0000] {processor.py:650} INFO - DAG(s) dict_keys(['simple_quotes']) retrieved from /opt/airflow/dags/get_quotes.py
[2024-06-01T10:19:37.013+0000] {logging_mixin.py:115} INFO - [2024-06-01T10:19:37.013+0000] {dag.py:2429} INFO - Sync 1 DAGs
[2024-06-01T10:19:37.028+0000] {logging_mixin.py:115} INFO - [2024-06-01T10:19:37.028+0000] {dag.py:2981} INFO - Setting next_dagrun for simple_quotes to 2024-05-01T00:00:00+00:00, run_after=2024-06-01T00:00:00+00:00
[2024-06-01T10:19:37.033+0000] {processor.py:161} INFO - Processing /opt/airflow/dags/get_quotes.py took 0.066 seconds
[2024-06-01T10:20:07.226+0000] {processor.py:153} INFO - Started process (PID=768) to work on /opt/airflow/dags/get_quotes.py
[2024-06-01T10:20:07.227+0000] {processor.py:640} INFO - Processing file /opt/airflow/dags/get_quotes.py for tasks to queue
[2024-06-01T10:20:07.227+0000] {logging_mixin.py:115} INFO - [2024-06-01T10:20:07.227+0000] {dagbag.py:508} INFO - Filling up the DagBag from /opt/airflow/dags/get_quotes.py
[2024-06-01T10:20:07.237+0000] {processor.py:650} INFO - DAG(s) dict_keys(['simple_quotes']) retrieved from /opt/airflow/dags/get_quotes.py
[2024-06-01T10:20:07.258+0000] {logging_mixin.py:115} INFO - [2024-06-01T10:20:07.258+0000] {dag.py:2429} INFO - Sync 1 DAGs
[2024-06-01T10:20:07.272+0000] {logging_mixin.py:115} INFO - [2024-06-01T10:20:07.272+0000] {dag.py:2981} INFO - Setting next_dagrun for simple_quotes to 2024-05-01T00:00:00+00:00, run_after=2024-06-01T00:00:00+00:00
[2024-06-01T10:20:07.277+0000] {processor.py:161} INFO - Processing /opt/airflow/dags/get_quotes.py took 0.054 seconds
[2024-06-01T10:20:37.493+0000] {processor.py:153} INFO - Started process (PID=779) to work on /opt/airflow/dags/get_quotes.py
[2024-06-01T10:20:37.494+0000] {processor.py:640} INFO - Processing file /opt/airflow/dags/get_quotes.py for tasks to queue
[2024-06-01T10:20:37.495+0000] {logging_mixin.py:115} INFO - [2024-06-01T10:20:37.495+0000] {dagbag.py:508} INFO - Filling up the DagBag from /opt/airflow/dags/get_quotes.py
[2024-06-01T10:20:37.510+0000] {processor.py:650} INFO - DAG(s) dict_keys(['simple_quotes']) retrieved from /opt/airflow/dags/get_quotes.py
[2024-06-01T10:20:37.534+0000] {logging_mixin.py:115} INFO - [2024-06-01T10:20:37.534+0000] {dag.py:2429} INFO - Sync 1 DAGs
[2024-06-01T10:20:37.549+0000] {logging_mixin.py:115} INFO - [2024-06-01T10:20:37.549+0000] {dag.py:2981} INFO - Setting next_dagrun for simple_quotes to 2024-05-01T00:00:00+00:00, run_after=2024-06-01T00:00:00+00:00
[2024-06-01T10:20:37.555+0000] {processor.py:161} INFO - Processing /opt/airflow/dags/get_quotes.py took 0.068 seconds
[2024-06-01T16:19:51.588+0000] {processor.py:153} INFO - Started process (PID=193) to work on /opt/airflow/dags/get_quotes.py
[2024-06-01T16:19:51.592+0000] {processor.py:640} INFO - Processing file /opt/airflow/dags/get_quotes.py for tasks to queue
[2024-06-01T16:19:51.592+0000] {logging_mixin.py:115} INFO - [2024-06-01T16:19:51.592+0000] {dagbag.py:508} INFO - Filling up the DagBag from /opt/airflow/dags/get_quotes.py
[2024-06-01T16:19:51.600+0000] {processor.py:650} INFO - DAG(s) dict_keys(['simple_quotes']) retrieved from /opt/airflow/dags/get_quotes.py
[2024-06-01T16:19:51.626+0000] {logging_mixin.py:115} INFO - [2024-06-01T16:19:51.625+0000] {dag.py:2429} INFO - Sync 1 DAGs
[2024-06-01T16:19:51.644+0000] {logging_mixin.py:115} INFO - [2024-06-01T16:19:51.643+0000] {dag.py:2981} INFO - Setting next_dagrun for simple_quotes to 2024-05-01T00:00:00+00:00, run_after=2024-06-01T00:00:00+00:00
[2024-06-01T16:19:51.651+0000] {processor.py:161} INFO - Processing /opt/airflow/dags/get_quotes.py took 0.064 seconds
[2024-06-01T16:20:21.888+0000] {processor.py:153} INFO - Started process (PID=202) to work on /opt/airflow/dags/get_quotes.py
[2024-06-01T16:20:21.891+0000] {processor.py:640} INFO - Processing file /opt/airflow/dags/get_quotes.py for tasks to queue
[2024-06-01T16:20:21.893+0000] {logging_mixin.py:115} INFO - [2024-06-01T16:20:21.893+0000] {dagbag.py:508} INFO - Filling up the DagBag from /opt/airflow/dags/get_quotes.py
[2024-06-01T16:20:21.910+0000] {processor.py:650} INFO - DAG(s) dict_keys(['simple_quotes']) retrieved from /opt/airflow/dags/get_quotes.py
[2024-06-01T16:20:21.935+0000] {logging_mixin.py:115} INFO - [2024-06-01T16:20:21.935+0000] {dag.py:2429} INFO - Sync 1 DAGs
[2024-06-01T16:20:21.947+0000] {logging_mixin.py:115} INFO - [2024-06-01T16:20:21.947+0000] {dag.py:2981} INFO - Setting next_dagrun for simple_quotes to 2024-05-01T00:00:00+00:00, run_after=2024-06-01T00:00:00+00:00
[2024-06-01T16:20:21.952+0000] {processor.py:161} INFO - Processing /opt/airflow/dags/get_quotes.py took 0.074 seconds
[2024-06-01T16:20:52.208+0000] {processor.py:153} INFO - Started process (PID=213) to work on /opt/airflow/dags/get_quotes.py
[2024-06-01T16:20:52.210+0000] {processor.py:640} INFO - Processing file /opt/airflow/dags/get_quotes.py for tasks to queue
[2024-06-01T16:20:52.211+0000] {logging_mixin.py:115} INFO - [2024-06-01T16:20:52.211+0000] {dagbag.py:508} INFO - Filling up the DagBag from /opt/airflow/dags/get_quotes.py
[2024-06-01T16:20:52.235+0000] {processor.py:650} INFO - DAG(s) dict_keys(['simple_quotes']) retrieved from /opt/airflow/dags/get_quotes.py
[2024-06-01T16:20:52.273+0000] {logging_mixin.py:115} INFO - [2024-06-01T16:20:52.273+0000] {dag.py:2429} INFO - Sync 1 DAGs
[2024-06-01T16:20:52.286+0000] {logging_mixin.py:115} INFO - [2024-06-01T16:20:52.285+0000] {dag.py:2981} INFO - Setting next_dagrun for simple_quotes to 2024-05-01T00:00:00+00:00, run_after=2024-06-01T00:00:00+00:00
[2024-06-01T16:20:52.291+0000] {processor.py:161} INFO - Processing /opt/airflow/dags/get_quotes.py took 0.089 seconds
[2024-06-01T16:21:22.558+0000] {processor.py:153} INFO - Started process (PID=224) to work on /opt/airflow/dags/get_quotes.py
[2024-06-01T16:21:22.560+0000] {processor.py:640} INFO - Processing file /opt/airflow/dags/get_quotes.py for tasks to queue
[2024-06-01T16:21:22.561+0000] {logging_mixin.py:115} INFO - [2024-06-01T16:21:22.561+0000] {dagbag.py:508} INFO - Filling up the DagBag from /opt/airflow/dags/get_quotes.py
[2024-06-01T16:21:22.578+0000] {processor.py:650} INFO - DAG(s) dict_keys(['simple_quotes']) retrieved from /opt/airflow/dags/get_quotes.py
[2024-06-01T16:21:22.607+0000] {logging_mixin.py:115} INFO - [2024-06-01T16:21:22.607+0000] {dag.py:2429} INFO - Sync 1 DAGs
[2024-06-01T16:21:22.621+0000] {logging_mixin.py:115} INFO - [2024-06-01T16:21:22.621+0000] {dag.py:2981} INFO - Setting next_dagrun for simple_quotes to 2024-05-01T00:00:00+00:00, run_after=2024-06-01T00:00:00+00:00
[2024-06-01T16:21:22.626+0000] {processor.py:161} INFO - Processing /opt/airflow/dags/get_quotes.py took 0.074 seconds
