[2024-05-31T15:16:51.923+0000] {taskinstance.py:1979} INFO - Dependencies all met for dep_context=non-requeueable deps ti=<TaskInstance: etl_csv_files.get_files_product manual__2024-05-31T15:16:50.290918+00:00 [queued]>
[2024-05-31T15:16:51.929+0000] {taskinstance.py:1979} INFO - Dependencies all met for dep_context=requeueable deps ti=<TaskInstance: etl_csv_files.get_files_product manual__2024-05-31T15:16:50.290918+00:00 [queued]>
[2024-05-31T15:16:51.929+0000] {taskinstance.py:2193} INFO - Starting attempt 1 of 1
[2024-05-31T15:16:51.938+0000] {taskinstance.py:2217} INFO - Executing <Task(_PythonDecoratedOperator): get_files_product> on 2024-05-31 15:16:50.290918+00:00
[2024-05-31T15:16:51.945+0000] {standard_task_runner.py:60} INFO - Started process 507 to run task
[2024-05-31T15:16:51.949+0000] {standard_task_runner.py:87} INFO - Running: ['airflow', 'tasks', 'run', 'etl_csv_files', 'get_files_product', 'manual__2024-05-31T15:16:50.290918+00:00', '--job-id', '22', '--raw', '--subdir', 'DAGS_FOLDER/etl_from_csv.py', '--cfg-path', '/tmp/tmp1kl_13bg']
[2024-05-31T15:16:51.951+0000] {standard_task_runner.py:88} INFO - Job 22: Subtask get_files_product
[2024-05-31T15:16:51.999+0000] {task_command.py:423} INFO - Running <TaskInstance: etl_csv_files.get_files_product manual__2024-05-31T15:16:50.290918+00:00 [running]> on host 720c72730b57
[2024-05-31T15:16:52.064+0000] {taskinstance.py:2513} INFO - Exporting env vars: AIRFLOW_CTX_DAG_OWNER='airflow' AIRFLOW_CTX_DAG_ID='etl_csv_files' AIRFLOW_CTX_TASK_ID='get_files_product' AIRFLOW_CTX_EXECUTION_DATE='2024-05-31T15:16:50.290918+00:00' AIRFLOW_CTX_TRY_NUMBER='1' AIRFLOW_CTX_DAG_RUN_ID='manual__2024-05-31T15:16:50.290918+00:00'
[2024-05-31T15:16:53.081+0000] {logging_mixin.py:188} INFO - Sample data :
[2024-05-31T15:16:53.108+0000] {logging_mixin.py:188} INFO -    product_id        category  price  ratings
0         101     Electronics    500      4.5
1         102        Clothing     50      3.8
2         103  Home & Kitchen    200      4.2
3         104          Beauty     30      4.0
4         105     Electronics    800      4.8
[2024-05-31T15:16:53.119+0000] {python.py:202} INFO - Done. Returned value was: None
[2024-05-31T15:16:53.137+0000] {taskinstance.py:1149} INFO - Marking task as SUCCESS. dag_id=etl_csv_files, task_id=get_files_product, execution_date=20240531T151650, start_date=20240531T151651, end_date=20240531T151653
[2024-05-31T15:16:53.187+0000] {local_task_job_runner.py:234} INFO - Task exited with return code 0
[2024-05-31T15:16:53.200+0000] {taskinstance.py:3312} INFO - 0 downstream tasks scheduled from follow-on schedule check
