[2024-05-30T10:00:05.268+0000] {taskinstance.py:1979} INFO - Dependencies all met for dep_context=non-requeueable deps ti=<TaskInstance: etl_csv_files.get_files_customer scheduled__2024-03-14T08:00:00+00:00 [queued]>
[2024-05-30T10:00:05.381+0000] {taskinstance.py:1979} INFO - Dependencies all met for dep_context=requeueable deps ti=<TaskInstance: etl_csv_files.get_files_customer scheduled__2024-03-14T08:00:00+00:00 [queued]>
[2024-05-30T10:00:05.384+0000] {taskinstance.py:2193} INFO - Starting attempt 1 of 1
[2024-05-30T10:00:05.465+0000] {taskinstance.py:2217} INFO - Executing <Task(_PythonDecoratedOperator): get_files_customer> on 2024-03-14 08:00:00+00:00
[2024-05-30T10:00:05.557+0000] {standard_task_runner.py:60} INFO - Started process 564 to run task
[2024-05-30T10:00:05.669+0000] {standard_task_runner.py:87} INFO - Running: ['airflow', 'tasks', 'run', 'etl_csv_files', 'get_files_customer', 'scheduled__2024-03-14T08:00:00+00:00', '--job-id', '9', '--raw', '--subdir', 'DAGS_FOLDER/etl_from_csv.py', '--cfg-path', '/tmp/tmp79cik3p_']
[2024-05-30T10:00:05.702+0000] {standard_task_runner.py:88} INFO - Job 9: Subtask get_files_customer
[2024-05-30T10:00:06.321+0000] {task_command.py:423} INFO - Running <TaskInstance: etl_csv_files.get_files_customer scheduled__2024-03-14T08:00:00+00:00 [running]> on host 9daf870c1958
[2024-05-30T10:00:07.253+0000] {taskinstance.py:2513} INFO - Exporting env vars: AIRFLOW_CTX_DAG_OWNER='airflow' AIRFLOW_CTX_DAG_ID='etl_csv_files' AIRFLOW_CTX_TASK_ID='get_files_customer' AIRFLOW_CTX_EXECUTION_DATE='2024-03-14T08:00:00+00:00' AIRFLOW_CTX_TRY_NUMBER='1' AIRFLOW_CTX_DAG_RUN_ID='scheduled__2024-03-14T08:00:00+00:00'
[2024-05-30T10:00:10.021+0000] {logging_mixin.py:188} INFO - Sample data :
[2024-05-30T10:00:10.699+0000] {logging_mixin.py:188} INFO -    customer_id  page_views  time_spent
0            1          25         120
1            2          20          90
2            3          30         150
3            4          15          80
4            5          22         110
[2024-05-30T10:00:11.550+0000] {python.py:202} INFO - Done. Returned value was: None
[2024-05-30T10:00:12.248+0000] {taskinstance.py:1149} INFO - Marking task as SUCCESS. dag_id=etl_csv_files, task_id=get_files_customer, execution_date=20240314T080000, start_date=20240530T100005, end_date=20240530T100012
[2024-05-30T10:00:12.350+0000] {local_task_job_runner.py:234} INFO - Task exited with return code 0
[2024-05-30T10:00:12.602+0000] {taskinstance.py:3312} INFO - 1 downstream tasks scheduled from follow-on schedule check
[2024-05-31T14:44:41.927+0000] {taskinstance.py:1979} INFO - Dependencies all met for dep_context=non-requeueable deps ti=<TaskInstance: etl_csv_files.get_files_customer scheduled__2024-03-14T08:00:00+00:00 [queued]>
[2024-05-31T14:44:42.027+0000] {taskinstance.py:1979} INFO - Dependencies all met for dep_context=requeueable deps ti=<TaskInstance: etl_csv_files.get_files_customer scheduled__2024-03-14T08:00:00+00:00 [queued]>
[2024-05-31T14:44:42.032+0000] {taskinstance.py:2193} INFO - Starting attempt 1 of 1
[2024-05-31T14:44:42.154+0000] {taskinstance.py:2217} INFO - Executing <Task(_PythonDecoratedOperator): get_files_customer> on 2024-03-14 08:00:00+00:00
[2024-05-31T14:44:42.202+0000] {standard_task_runner.py:60} INFO - Started process 263 to run task
[2024-05-31T14:44:42.201+0000] {standard_task_runner.py:87} INFO - Running: ['airflow', 'tasks', 'run', 'etl_csv_files', 'get_files_customer', 'scheduled__2024-03-14T08:00:00+00:00', '--job-id', '16', '--raw', '--subdir', 'DAGS_FOLDER/etl_from_csv.py', '--cfg-path', '/tmp/tmpxya3qndo']
[2024-05-31T14:44:42.206+0000] {standard_task_runner.py:88} INFO - Job 16: Subtask get_files_customer
[2024-05-31T14:44:42.341+0000] {task_command.py:423} INFO - Running <TaskInstance: etl_csv_files.get_files_customer scheduled__2024-03-14T08:00:00+00:00 [running]> on host 66ed76cf62da
[2024-05-31T14:44:42.512+0000] {taskinstance.py:2513} INFO - Exporting env vars: AIRFLOW_CTX_DAG_OWNER='airflow' AIRFLOW_CTX_DAG_ID='etl_csv_files' AIRFLOW_CTX_TASK_ID='get_files_customer' AIRFLOW_CTX_EXECUTION_DATE='2024-03-14T08:00:00+00:00' AIRFLOW_CTX_TRY_NUMBER='1' AIRFLOW_CTX_DAG_RUN_ID='scheduled__2024-03-14T08:00:00+00:00'
[2024-05-31T14:44:44.009+0000] {logging_mixin.py:188} INFO - Sample data :
[2024-05-31T14:44:44.052+0000] {logging_mixin.py:188} INFO -    customer_id  page_views  time_spent
0            1          25         120
1            2          20          90
2            3          30         150
3            4          15          80
4            5          22         110
[2024-05-31T14:44:44.154+0000] {python.py:202} INFO - Done. Returned value was: None
[2024-05-31T14:44:44.281+0000] {taskinstance.py:1149} INFO - Marking task as SUCCESS. dag_id=etl_csv_files, task_id=get_files_customer, execution_date=20240314T080000, start_date=20240531T144441, end_date=20240531T144444
[2024-05-31T14:44:44.521+0000] {local_task_job_runner.py:234} INFO - Task exited with return code 0
[2024-05-31T14:44:45.020+0000] {taskinstance.py:3312} INFO - 0 downstream tasks scheduled from follow-on schedule check
