[2024-06-01T10:03:27.168+0000] {taskinstance.py:1171} INFO - Dependencies all met for <TaskInstance: etl_csv_files.get_files_product manual__2024-06-01T10:03:24.590976+00:00 [queued]>
[2024-06-01T10:03:27.173+0000] {taskinstance.py:1171} INFO - Dependencies all met for <TaskInstance: etl_csv_files.get_files_product manual__2024-06-01T10:03:24.590976+00:00 [queued]>
[2024-06-01T10:03:27.173+0000] {taskinstance.py:1368} INFO - 
--------------------------------------------------------------------------------
[2024-06-01T10:03:27.173+0000] {taskinstance.py:1369} INFO - Starting attempt 1 of 1
[2024-06-01T10:03:27.173+0000] {taskinstance.py:1370} INFO - 
--------------------------------------------------------------------------------
[2024-06-01T10:03:27.179+0000] {taskinstance.py:1389} INFO - Executing <Task(_PythonDecoratedOperator): get_files_product> on 2024-06-01 10:03:24.590976+00:00
[2024-06-01T10:03:27.182+0000] {standard_task_runner.py:52} INFO - Started process 377 to run task
[2024-06-01T10:03:27.184+0000] {standard_task_runner.py:79} INFO - Running: ['airflow', 'tasks', 'run', 'etl_csv_files', 'get_files_product', 'manual__2024-06-01T10:03:24.590976+00:00', '--job-id', '9', '--raw', '--subdir', 'DAGS_FOLDER/etl_from_csv.py', '--cfg-path', '/tmp/tmpq2q_g9a4', '--error-file', '/tmp/tmphmduu1rl']
[2024-06-01T10:03:27.185+0000] {standard_task_runner.py:80} INFO - Job 9: Subtask get_files_product
[2024-06-01T10:03:27.226+0000] {task_command.py:371} INFO - Running <TaskInstance: etl_csv_files.get_files_product manual__2024-06-01T10:03:24.590976+00:00 [running]> on host 00131c21342c
[2024-06-01T10:03:27.287+0000] {taskinstance.py:1583} INFO - Exporting the following env vars:
AIRFLOW_CTX_DAG_OWNER=Rachman
AIRFLOW_CTX_DAG_ID=etl_csv_files
AIRFLOW_CTX_TASK_ID=get_files_product
AIRFLOW_CTX_EXECUTION_DATE=2024-06-01T10:03:24.590976+00:00
AIRFLOW_CTX_TRY_NUMBER=1
AIRFLOW_CTX_DAG_RUN_ID=manual__2024-06-01T10:03:24.590976+00:00
[2024-06-01T10:03:28.147+0000] {logging_mixin.py:115} INFO - Sample data :
[2024-06-01T10:03:28.167+0000] {logging_mixin.py:115} INFO -    product_id        category  price  ratings
0         101     Electronics    500      4.5
1         102        Clothing     50      3.8
2         103  Home & Kitchen    200      4.2
3         104          Beauty     30      4.0
4         105     Electronics    800      4.8
[2024-06-01T10:03:28.173+0000] {python.py:173} INFO - Done. Returned value was: None
[2024-06-01T10:03:28.186+0000] {taskinstance.py:1412} INFO - Marking task as SUCCESS. dag_id=etl_csv_files, task_id=get_files_product, execution_date=20240601T100324, start_date=20240601T100327, end_date=20240601T100328
[2024-06-01T10:03:28.222+0000] {local_task_job.py:156} INFO - Task exited with return code 0
[2024-06-01T10:03:28.246+0000] {local_task_job.py:279} INFO - 1 downstream tasks scheduled from follow-on schedule check
