[2024-05-30T10:00:16.767+0000] {taskinstance.py:1979} INFO - Dependencies all met for dep_context=non-requeueable deps ti=<TaskInstance: etl_csv_files.get_files_purchase scheduled__2024-03-18T08:00:00+00:00 [queued]>
[2024-05-30T10:00:16.830+0000] {taskinstance.py:1979} INFO - Dependencies all met for dep_context=requeueable deps ti=<TaskInstance: etl_csv_files.get_files_purchase scheduled__2024-03-18T08:00:00+00:00 [queued]>
[2024-05-30T10:00:16.842+0000] {taskinstance.py:2193} INFO - Starting attempt 1 of 1
[2024-05-30T10:00:17.159+0000] {taskinstance.py:2217} INFO - Executing <Task(_PythonDecoratedOperator): get_files_purchase> on 2024-03-18 08:00:00+00:00
[2024-05-30T10:00:17.263+0000] {standard_task_runner.py:60} INFO - Started process 635 to run task
[2024-05-30T10:00:17.272+0000] {standard_task_runner.py:87} INFO - Running: ['airflow', 'tasks', 'run', 'etl_csv_files', 'get_files_purchase', 'scheduled__2024-03-18T08:00:00+00:00', '--job-id', '29', '--raw', '--subdir', 'DAGS_FOLDER/etl_from_csv.py', '--cfg-path', '/tmp/tmpzxtxkfpd']
[2024-05-30T10:00:17.292+0000] {standard_task_runner.py:88} INFO - Job 29: Subtask get_files_purchase
[2024-05-30T10:00:19.273+0000] {task_command.py:423} INFO - Running <TaskInstance: etl_csv_files.get_files_purchase scheduled__2024-03-18T08:00:00+00:00 [running]> on host 9daf870c1958
[2024-05-30T10:00:20.430+0000] {taskinstance.py:2513} INFO - Exporting env vars: AIRFLOW_CTX_DAG_OWNER='airflow' AIRFLOW_CTX_DAG_ID='etl_csv_files' AIRFLOW_CTX_TASK_ID='get_files_purchase' AIRFLOW_CTX_EXECUTION_DATE='2024-03-18T08:00:00+00:00' AIRFLOW_CTX_TRY_NUMBER='1' AIRFLOW_CTX_DAG_RUN_ID='scheduled__2024-03-18T08:00:00+00:00'
[2024-05-30T10:00:22.235+0000] {logging_mixin.py:188} INFO - Sample data :
[2024-05-30T10:00:22.325+0000] {logging_mixin.py:188} INFO -    customer_id  product_id purchase_date
0            1         101    2023-01-01
1            1         105    2023-01-05
2            2         102    2023-01-02
3            3         103    2023-01-03
4            4         104    2023-01-04
[2024-05-30T10:00:22.356+0000] {python.py:202} INFO - Done. Returned value was: None
[2024-05-30T10:00:22.454+0000] {taskinstance.py:1149} INFO - Marking task as SUCCESS. dag_id=etl_csv_files, task_id=get_files_purchase, execution_date=20240318T080000, start_date=20240530T100016, end_date=20240530T100022
[2024-05-30T10:00:22.754+0000] {local_task_job_runner.py:234} INFO - Task exited with return code 0
[2024-05-30T10:00:22.849+0000] {taskinstance.py:3312} INFO - 1 downstream tasks scheduled from follow-on schedule check
[2024-05-31T14:47:16.072+0000] {taskinstance.py:1979} INFO - Dependencies all met for dep_context=non-requeueable deps ti=<TaskInstance: etl_csv_files.get_files_purchase scheduled__2024-03-18T08:00:00+00:00 [queued]>
[2024-05-31T14:47:16.192+0000] {taskinstance.py:1979} INFO - Dependencies all met for dep_context=requeueable deps ti=<TaskInstance: etl_csv_files.get_files_purchase scheduled__2024-03-18T08:00:00+00:00 [queued]>
[2024-05-31T14:47:16.194+0000] {taskinstance.py:2193} INFO - Starting attempt 1 of 1
[2024-05-31T14:47:16.272+0000] {taskinstance.py:2217} INFO - Executing <Task(_PythonDecoratedOperator): get_files_purchase> on 2024-03-18 08:00:00+00:00
[2024-05-31T14:47:16.357+0000] {standard_task_runner.py:60} INFO - Started process 384 to run task
[2024-05-31T14:47:16.363+0000] {standard_task_runner.py:87} INFO - Running: ['airflow', 'tasks', 'run', 'etl_csv_files', 'get_files_purchase', 'scheduled__2024-03-18T08:00:00+00:00', '--job-id', '26', '--raw', '--subdir', 'DAGS_FOLDER/etl_from_csv.py', '--cfg-path', '/tmp/tmpcpl8w2y7']
[2024-05-31T14:47:16.367+0000] {standard_task_runner.py:88} INFO - Job 26: Subtask get_files_purchase
[2024-05-31T14:47:17.233+0000] {task_command.py:423} INFO - Running <TaskInstance: etl_csv_files.get_files_purchase scheduled__2024-03-18T08:00:00+00:00 [running]> on host 66ed76cf62da
[2024-05-31T14:47:17.877+0000] {taskinstance.py:2513} INFO - Exporting env vars: AIRFLOW_CTX_DAG_OWNER='airflow' AIRFLOW_CTX_DAG_ID='etl_csv_files' AIRFLOW_CTX_TASK_ID='get_files_purchase' AIRFLOW_CTX_EXECUTION_DATE='2024-03-18T08:00:00+00:00' AIRFLOW_CTX_TRY_NUMBER='1' AIRFLOW_CTX_DAG_RUN_ID='scheduled__2024-03-18T08:00:00+00:00'
[2024-05-31T14:47:20.194+0000] {logging_mixin.py:188} INFO - Sample data :
[2024-05-31T14:47:20.307+0000] {logging_mixin.py:188} INFO -    customer_id  product_id purchase_date
0            1         101    2023-01-01
1            1         105    2023-01-05
2            2         102    2023-01-02
3            3         103    2023-01-03
4            4         104    2023-01-04
[2024-05-31T14:47:20.355+0000] {python.py:202} INFO - Done. Returned value was: None
[2024-05-31T14:47:20.532+0000] {taskinstance.py:1149} INFO - Marking task as SUCCESS. dag_id=etl_csv_files, task_id=get_files_purchase, execution_date=20240318T080000, start_date=20240531T144716, end_date=20240531T144720
[2024-05-31T14:47:21.202+0000] {local_task_job_runner.py:234} INFO - Task exited with return code 0
[2024-05-31T14:47:21.517+0000] {taskinstance.py:3312} INFO - 1 downstream tasks scheduled from follow-on schedule check
