[2024-05-30T10:00:16.789+0000] {taskinstance.py:1979} INFO - Dependencies all met for dep_context=non-requeueable deps ti=<TaskInstance: etl_csv_files.get_files_purchase scheduled__2024-03-16T08:00:00+00:00 [queued]>
[2024-05-30T10:00:16.825+0000] {taskinstance.py:1979} INFO - Dependencies all met for dep_context=requeueable deps ti=<TaskInstance: etl_csv_files.get_files_purchase scheduled__2024-03-16T08:00:00+00:00 [queued]>
[2024-05-30T10:00:16.827+0000] {taskinstance.py:2193} INFO - Starting attempt 1 of 1
[2024-05-30T10:00:17.107+0000] {taskinstance.py:2217} INFO - Executing <Task(_PythonDecoratedOperator): get_files_purchase> on 2024-03-16 08:00:00+00:00
[2024-05-30T10:00:17.166+0000] {standard_task_runner.py:60} INFO - Started process 631 to run task
[2024-05-30T10:00:17.204+0000] {standard_task_runner.py:87} INFO - Running: ['airflow', 'tasks', 'run', 'etl_csv_files', 'get_files_purchase', 'scheduled__2024-03-16T08:00:00+00:00', '--job-id', '28', '--raw', '--subdir', 'DAGS_FOLDER/etl_from_csv.py', '--cfg-path', '/tmp/tmpnfi13nly']
[2024-05-30T10:00:17.226+0000] {standard_task_runner.py:88} INFO - Job 28: Subtask get_files_purchase
[2024-05-30T10:00:17.801+0000] {task_command.py:423} INFO - Running <TaskInstance: etl_csv_files.get_files_purchase scheduled__2024-03-16T08:00:00+00:00 [running]> on host 9daf870c1958
[2024-05-30T10:00:20.335+0000] {taskinstance.py:2513} INFO - Exporting env vars: AIRFLOW_CTX_DAG_OWNER='airflow' AIRFLOW_CTX_DAG_ID='etl_csv_files' AIRFLOW_CTX_TASK_ID='get_files_purchase' AIRFLOW_CTX_EXECUTION_DATE='2024-03-16T08:00:00+00:00' AIRFLOW_CTX_TRY_NUMBER='1' AIRFLOW_CTX_DAG_RUN_ID='scheduled__2024-03-16T08:00:00+00:00'
[2024-05-30T10:00:21.945+0000] {logging_mixin.py:188} INFO - Sample data :
[2024-05-30T10:00:22.042+0000] {logging_mixin.py:188} INFO -    customer_id  product_id purchase_date
0            1         101    2023-01-01
1            1         105    2023-01-05
2            2         102    2023-01-02
3            3         103    2023-01-03
4            4         104    2023-01-04
[2024-05-30T10:00:22.123+0000] {python.py:202} INFO - Done. Returned value was: None
[2024-05-30T10:00:22.336+0000] {taskinstance.py:1149} INFO - Marking task as SUCCESS. dag_id=etl_csv_files, task_id=get_files_purchase, execution_date=20240316T080000, start_date=20240530T100016, end_date=20240530T100022
[2024-05-30T10:00:22.622+0000] {local_task_job_runner.py:234} INFO - Task exited with return code 0
[2024-05-30T10:00:23.232+0000] {taskinstance.py:3312} INFO - 0 downstream tasks scheduled from follow-on schedule check
[2024-05-31T14:47:16.063+0000] {taskinstance.py:1979} INFO - Dependencies all met for dep_context=non-requeueable deps ti=<TaskInstance: etl_csv_files.get_files_purchase scheduled__2024-03-16T08:00:00+00:00 [queued]>
[2024-05-31T14:47:16.150+0000] {taskinstance.py:1979} INFO - Dependencies all met for dep_context=requeueable deps ti=<TaskInstance: etl_csv_files.get_files_purchase scheduled__2024-03-16T08:00:00+00:00 [queued]>
[2024-05-31T14:47:16.152+0000] {taskinstance.py:2193} INFO - Starting attempt 1 of 1
[2024-05-31T14:47:16.347+0000] {taskinstance.py:2217} INFO - Executing <Task(_PythonDecoratedOperator): get_files_purchase> on 2024-03-16 08:00:00+00:00
[2024-05-31T14:47:16.403+0000] {standard_task_runner.py:60} INFO - Started process 386 to run task
[2024-05-31T14:47:16.435+0000] {standard_task_runner.py:87} INFO - Running: ['airflow', 'tasks', 'run', 'etl_csv_files', 'get_files_purchase', 'scheduled__2024-03-16T08:00:00+00:00', '--job-id', '33', '--raw', '--subdir', 'DAGS_FOLDER/etl_from_csv.py', '--cfg-path', '/tmp/tmpiwqdiaw9']
[2024-05-31T14:47:16.451+0000] {standard_task_runner.py:88} INFO - Job 33: Subtask get_files_purchase
[2024-05-31T14:47:17.456+0000] {task_command.py:423} INFO - Running <TaskInstance: etl_csv_files.get_files_purchase scheduled__2024-03-16T08:00:00+00:00 [running]> on host 66ed76cf62da
[2024-05-31T14:47:17.846+0000] {taskinstance.py:2513} INFO - Exporting env vars: AIRFLOW_CTX_DAG_OWNER='airflow' AIRFLOW_CTX_DAG_ID='etl_csv_files' AIRFLOW_CTX_TASK_ID='get_files_purchase' AIRFLOW_CTX_EXECUTION_DATE='2024-03-16T08:00:00+00:00' AIRFLOW_CTX_TRY_NUMBER='1' AIRFLOW_CTX_DAG_RUN_ID='scheduled__2024-03-16T08:00:00+00:00'
[2024-05-31T14:47:20.526+0000] {logging_mixin.py:188} INFO - Sample data :
[2024-05-31T14:47:20.828+0000] {logging_mixin.py:188} INFO -    customer_id  product_id purchase_date
0            1         101    2023-01-01
1            1         105    2023-01-05
2            2         102    2023-01-02
3            3         103    2023-01-03
4            4         104    2023-01-04
[2024-05-31T14:47:20.932+0000] {python.py:202} INFO - Done. Returned value was: None
[2024-05-31T14:47:21.122+0000] {taskinstance.py:1149} INFO - Marking task as SUCCESS. dag_id=etl_csv_files, task_id=get_files_purchase, execution_date=20240316T080000, start_date=20240531T144716, end_date=20240531T144721
[2024-05-31T14:47:21.415+0000] {local_task_job_runner.py:234} INFO - Task exited with return code 0
[2024-05-31T14:47:21.575+0000] {taskinstance.py:3312} INFO - 0 downstream tasks scheduled from follow-on schedule check
