[2024-05-30T10:00:16.620+0000] {taskinstance.py:1979} INFO - Dependencies all met for dep_context=non-requeueable deps ti=<TaskInstance: etl_csv_files.get_files_customer scheduled__2024-03-17T08:00:00+00:00 [queued]>
[2024-05-30T10:00:16.710+0000] {taskinstance.py:1979} INFO - Dependencies all met for dep_context=requeueable deps ti=<TaskInstance: etl_csv_files.get_files_customer scheduled__2024-03-17T08:00:00+00:00 [queued]>
[2024-05-30T10:00:16.719+0000] {taskinstance.py:2193} INFO - Starting attempt 1 of 1
[2024-05-30T10:00:16.870+0000] {taskinstance.py:2217} INFO - Executing <Task(_PythonDecoratedOperator): get_files_customer> on 2024-03-17 08:00:00+00:00
[2024-05-30T10:00:17.036+0000] {standard_task_runner.py:87} INFO - Running: ['airflow', 'tasks', 'run', 'etl_csv_files', 'get_files_customer', 'scheduled__2024-03-17T08:00:00+00:00', '--job-id', '20', '--raw', '--subdir', 'DAGS_FOLDER/etl_from_csv.py', '--cfg-path', '/tmp/tmp_n6lt8jj']
[2024-05-30T10:00:17.053+0000] {standard_task_runner.py:88} INFO - Job 20: Subtask get_files_customer
[2024-05-30T10:00:17.035+0000] {standard_task_runner.py:60} INFO - Started process 629 to run task
[2024-05-30T10:00:17.618+0000] {task_command.py:423} INFO - Running <TaskInstance: etl_csv_files.get_files_customer scheduled__2024-03-17T08:00:00+00:00 [running]> on host 9daf870c1958
[2024-05-30T10:00:20.401+0000] {taskinstance.py:2513} INFO - Exporting env vars: AIRFLOW_CTX_DAG_OWNER='airflow' AIRFLOW_CTX_DAG_ID='etl_csv_files' AIRFLOW_CTX_TASK_ID='get_files_customer' AIRFLOW_CTX_EXECUTION_DATE='2024-03-17T08:00:00+00:00' AIRFLOW_CTX_TRY_NUMBER='1' AIRFLOW_CTX_DAG_RUN_ID='scheduled__2024-03-17T08:00:00+00:00'
[2024-05-30T10:00:22.116+0000] {logging_mixin.py:188} INFO - Sample data :
[2024-05-30T10:00:22.272+0000] {logging_mixin.py:188} INFO -    customer_id  page_views  time_spent
0            1          25         120
1            2          20          90
2            3          30         150
3            4          15          80
4            5          22         110
[2024-05-30T10:00:22.352+0000] {python.py:202} INFO - Done. Returned value was: None
[2024-05-30T10:00:22.470+0000] {taskinstance.py:1149} INFO - Marking task as SUCCESS. dag_id=etl_csv_files, task_id=get_files_customer, execution_date=20240317T080000, start_date=20240530T100016, end_date=20240530T100022
[2024-05-30T10:00:22.665+0000] {local_task_job_runner.py:234} INFO - Task exited with return code 0
[2024-05-30T10:00:23.191+0000] {taskinstance.py:3312} INFO - 0 downstream tasks scheduled from follow-on schedule check
[2024-05-31T14:47:16.066+0000] {taskinstance.py:1979} INFO - Dependencies all met for dep_context=non-requeueable deps ti=<TaskInstance: etl_csv_files.get_files_customer scheduled__2024-03-17T08:00:00+00:00 [queued]>
[2024-05-31T14:47:16.178+0000] {taskinstance.py:1979} INFO - Dependencies all met for dep_context=requeueable deps ti=<TaskInstance: etl_csv_files.get_files_customer scheduled__2024-03-17T08:00:00+00:00 [queued]>
[2024-05-31T14:47:16.196+0000] {taskinstance.py:2193} INFO - Starting attempt 1 of 1
[2024-05-31T14:47:16.485+0000] {taskinstance.py:2217} INFO - Executing <Task(_PythonDecoratedOperator): get_files_customer> on 2024-03-17 08:00:00+00:00
[2024-05-31T14:47:16.548+0000] {standard_task_runner.py:87} INFO - Running: ['airflow', 'tasks', 'run', 'etl_csv_files', 'get_files_customer', 'scheduled__2024-03-17T08:00:00+00:00', '--job-id', '29', '--raw', '--subdir', 'DAGS_FOLDER/etl_from_csv.py', '--cfg-path', '/tmp/tmpx4ol3_mp']
[2024-05-31T14:47:16.555+0000] {standard_task_runner.py:88} INFO - Job 29: Subtask get_files_customer
[2024-05-31T14:47:16.523+0000] {standard_task_runner.py:60} INFO - Started process 390 to run task
[2024-05-31T14:47:17.448+0000] {task_command.py:423} INFO - Running <TaskInstance: etl_csv_files.get_files_customer scheduled__2024-03-17T08:00:00+00:00 [running]> on host 66ed76cf62da
[2024-05-31T14:47:17.957+0000] {taskinstance.py:2513} INFO - Exporting env vars: AIRFLOW_CTX_DAG_OWNER='airflow' AIRFLOW_CTX_DAG_ID='etl_csv_files' AIRFLOW_CTX_TASK_ID='get_files_customer' AIRFLOW_CTX_EXECUTION_DATE='2024-03-17T08:00:00+00:00' AIRFLOW_CTX_TRY_NUMBER='1' AIRFLOW_CTX_DAG_RUN_ID='scheduled__2024-03-17T08:00:00+00:00'
[2024-05-31T14:47:19.117+0000] {logging_mixin.py:188} INFO - Sample data :
[2024-05-31T14:47:19.150+0000] {logging_mixin.py:188} INFO -    customer_id  page_views  time_spent
0            1          25         120
1            2          20          90
2            3          30         150
3            4          15          80
4            5          22         110
[2024-05-31T14:47:19.168+0000] {python.py:202} INFO - Done. Returned value was: None
[2024-05-31T14:47:19.195+0000] {taskinstance.py:1149} INFO - Marking task as SUCCESS. dag_id=etl_csv_files, task_id=get_files_customer, execution_date=20240317T080000, start_date=20240531T144716, end_date=20240531T144719
[2024-05-31T14:47:19.256+0000] {local_task_job_runner.py:234} INFO - Task exited with return code 0
[2024-05-31T14:47:19.392+0000] {taskinstance.py:3312} INFO - 0 downstream tasks scheduled from follow-on schedule check
