[2024-05-30T10:00:05.330+0000] {taskinstance.py:1979} INFO - Dependencies all met for dep_context=non-requeueable deps ti=<TaskInstance: etl_csv_files.get_files_customer scheduled__2024-03-15T08:00:00+00:00 [queued]>
[2024-05-30T10:00:05.369+0000] {taskinstance.py:1979} INFO - Dependencies all met for dep_context=requeueable deps ti=<TaskInstance: etl_csv_files.get_files_customer scheduled__2024-03-15T08:00:00+00:00 [queued]>
[2024-05-30T10:00:05.378+0000] {taskinstance.py:2193} INFO - Starting attempt 1 of 1
[2024-05-30T10:00:05.465+0000] {taskinstance.py:2217} INFO - Executing <Task(_PythonDecoratedOperator): get_files_customer> on 2024-03-15 08:00:00+00:00
[2024-05-30T10:00:05.540+0000] {standard_task_runner.py:60} INFO - Started process 562 to run task
[2024-05-30T10:00:05.556+0000] {standard_task_runner.py:87} INFO - Running: ['airflow', 'tasks', 'run', 'etl_csv_files', 'get_files_customer', 'scheduled__2024-03-15T08:00:00+00:00', '--job-id', '17', '--raw', '--subdir', 'DAGS_FOLDER/etl_from_csv.py', '--cfg-path', '/tmp/tmprkqj9knj']
[2024-05-30T10:00:05.571+0000] {standard_task_runner.py:88} INFO - Job 17: Subtask get_files_customer
[2024-05-30T10:00:06.378+0000] {task_command.py:423} INFO - Running <TaskInstance: etl_csv_files.get_files_customer scheduled__2024-03-15T08:00:00+00:00 [running]> on host 9daf870c1958
[2024-05-30T10:00:07.176+0000] {taskinstance.py:2513} INFO - Exporting env vars: AIRFLOW_CTX_DAG_OWNER='airflow' AIRFLOW_CTX_DAG_ID='etl_csv_files' AIRFLOW_CTX_TASK_ID='get_files_customer' AIRFLOW_CTX_EXECUTION_DATE='2024-03-15T08:00:00+00:00' AIRFLOW_CTX_TRY_NUMBER='1' AIRFLOW_CTX_DAG_RUN_ID='scheduled__2024-03-15T08:00:00+00:00'
[2024-05-30T10:00:10.380+0000] {logging_mixin.py:188} INFO - Sample data :
[2024-05-30T10:00:10.947+0000] {logging_mixin.py:188} INFO -    customer_id  page_views  time_spent
0            1          25         120
1            2          20          90
2            3          30         150
3            4          15          80
4            5          22         110
[2024-05-30T10:00:11.488+0000] {python.py:202} INFO - Done. Returned value was: None
[2024-05-30T10:00:11.996+0000] {taskinstance.py:1149} INFO - Marking task as SUCCESS. dag_id=etl_csv_files, task_id=get_files_customer, execution_date=20240315T080000, start_date=20240530T100005, end_date=20240530T100011
[2024-05-30T10:00:12.384+0000] {local_task_job_runner.py:234} INFO - Task exited with return code 0
[2024-05-30T10:00:12.787+0000] {taskinstance.py:3312} INFO - 0 downstream tasks scheduled from follow-on schedule check
[2024-05-31T14:44:42.109+0000] {taskinstance.py:1979} INFO - Dependencies all met for dep_context=non-requeueable deps ti=<TaskInstance: etl_csv_files.get_files_customer scheduled__2024-03-15T08:00:00+00:00 [queued]>
[2024-05-31T14:44:42.161+0000] {taskinstance.py:1979} INFO - Dependencies all met for dep_context=requeueable deps ti=<TaskInstance: etl_csv_files.get_files_customer scheduled__2024-03-15T08:00:00+00:00 [queued]>
[2024-05-31T14:44:42.165+0000] {taskinstance.py:2193} INFO - Starting attempt 1 of 1
[2024-05-31T14:44:42.210+0000] {taskinstance.py:2217} INFO - Executing <Task(_PythonDecoratedOperator): get_files_customer> on 2024-03-15 08:00:00+00:00
[2024-05-31T14:44:42.219+0000] {standard_task_runner.py:60} INFO - Started process 264 to run task
[2024-05-31T14:44:42.220+0000] {standard_task_runner.py:87} INFO - Running: ['airflow', 'tasks', 'run', 'etl_csv_files', 'get_files_customer', 'scheduled__2024-03-15T08:00:00+00:00', '--job-id', '15', '--raw', '--subdir', 'DAGS_FOLDER/etl_from_csv.py', '--cfg-path', '/tmp/tmpg3pzk__m']
[2024-05-31T14:44:42.224+0000] {standard_task_runner.py:88} INFO - Job 15: Subtask get_files_customer
[2024-05-31T14:44:42.341+0000] {task_command.py:423} INFO - Running <TaskInstance: etl_csv_files.get_files_customer scheduled__2024-03-15T08:00:00+00:00 [running]> on host 66ed76cf62da
[2024-05-31T14:44:42.490+0000] {taskinstance.py:2513} INFO - Exporting env vars: AIRFLOW_CTX_DAG_OWNER='airflow' AIRFLOW_CTX_DAG_ID='etl_csv_files' AIRFLOW_CTX_TASK_ID='get_files_customer' AIRFLOW_CTX_EXECUTION_DATE='2024-03-15T08:00:00+00:00' AIRFLOW_CTX_TRY_NUMBER='1' AIRFLOW_CTX_DAG_RUN_ID='scheduled__2024-03-15T08:00:00+00:00'
[2024-05-31T14:44:44.119+0000] {logging_mixin.py:188} INFO - Sample data :
[2024-05-31T14:44:44.437+0000] {logging_mixin.py:188} INFO -    customer_id  page_views  time_spent
0            1          25         120
1            2          20          90
2            3          30         150
3            4          15          80
4            5          22         110
[2024-05-31T14:44:44.653+0000] {python.py:202} INFO - Done. Returned value was: None
[2024-05-31T14:44:44.795+0000] {taskinstance.py:1149} INFO - Marking task as SUCCESS. dag_id=etl_csv_files, task_id=get_files_customer, execution_date=20240315T080000, start_date=20240531T144442, end_date=20240531T144444
[2024-05-31T14:44:45.234+0000] {local_task_job_runner.py:234} INFO - Task exited with return code 0
[2024-05-31T14:44:45.813+0000] {taskinstance.py:3312} INFO - 0 downstream tasks scheduled from follow-on schedule check
