[2024-05-30T10:00:16.715+0000] {taskinstance.py:1979} INFO - Dependencies all met for dep_context=non-requeueable deps ti=<TaskInstance: etl_csv_files.get_files_customer scheduled__2024-03-16T08:00:00+00:00 [queued]>
[2024-05-30T10:00:16.746+0000] {taskinstance.py:1979} INFO - Dependencies all met for dep_context=requeueable deps ti=<TaskInstance: etl_csv_files.get_files_customer scheduled__2024-03-16T08:00:00+00:00 [queued]>
[2024-05-30T10:00:16.748+0000] {taskinstance.py:2193} INFO - Starting attempt 1 of 1
[2024-05-30T10:00:16.830+0000] {taskinstance.py:2217} INFO - Executing <Task(_PythonDecoratedOperator): get_files_customer> on 2024-03-16 08:00:00+00:00
[2024-05-30T10:00:16.886+0000] {standard_task_runner.py:60} INFO - Started process 625 to run task
[2024-05-30T10:00:16.902+0000] {standard_task_runner.py:87} INFO - Running: ['airflow', 'tasks', 'run', 'etl_csv_files', 'get_files_customer', 'scheduled__2024-03-16T08:00:00+00:00', '--job-id', '22', '--raw', '--subdir', 'DAGS_FOLDER/etl_from_csv.py', '--cfg-path', '/tmp/tmpqz2dgl_p']
[2024-05-30T10:00:16.984+0000] {standard_task_runner.py:88} INFO - Job 22: Subtask get_files_customer
[2024-05-30T10:00:17.722+0000] {task_command.py:423} INFO - Running <TaskInstance: etl_csv_files.get_files_customer scheduled__2024-03-16T08:00:00+00:00 [running]> on host 9daf870c1958
[2024-05-30T10:00:20.423+0000] {taskinstance.py:2513} INFO - Exporting env vars: AIRFLOW_CTX_DAG_OWNER='airflow' AIRFLOW_CTX_DAG_ID='etl_csv_files' AIRFLOW_CTX_TASK_ID='get_files_customer' AIRFLOW_CTX_EXECUTION_DATE='2024-03-16T08:00:00+00:00' AIRFLOW_CTX_TRY_NUMBER='1' AIRFLOW_CTX_DAG_RUN_ID='scheduled__2024-03-16T08:00:00+00:00'
[2024-05-30T10:00:22.402+0000] {logging_mixin.py:188} INFO - Sample data :
[2024-05-30T10:00:22.636+0000] {logging_mixin.py:188} INFO -    customer_id  page_views  time_spent
0            1          25         120
1            2          20          90
2            3          30         150
3            4          15          80
4            5          22         110
[2024-05-30T10:00:22.670+0000] {python.py:202} INFO - Done. Returned value was: None
[2024-05-30T10:00:22.731+0000] {taskinstance.py:1149} INFO - Marking task as SUCCESS. dag_id=etl_csv_files, task_id=get_files_customer, execution_date=20240316T080000, start_date=20240530T100016, end_date=20240530T100022
[2024-05-30T10:00:22.822+0000] {local_task_job_runner.py:234} INFO - Task exited with return code 0
[2024-05-30T10:00:23.530+0000] {taskinstance.py:3312} INFO - 0 downstream tasks scheduled from follow-on schedule check
[2024-05-31T14:44:42.410+0000] {taskinstance.py:1979} INFO - Dependencies all met for dep_context=non-requeueable deps ti=<TaskInstance: etl_csv_files.get_files_customer scheduled__2024-03-16T08:00:00+00:00 [queued]>
[2024-05-31T14:44:42.433+0000] {taskinstance.py:1979} INFO - Dependencies all met for dep_context=requeueable deps ti=<TaskInstance: etl_csv_files.get_files_customer scheduled__2024-03-16T08:00:00+00:00 [queued]>
[2024-05-31T14:44:42.434+0000] {taskinstance.py:2193} INFO - Starting attempt 1 of 1
[2024-05-31T14:44:42.492+0000] {taskinstance.py:2217} INFO - Executing <Task(_PythonDecoratedOperator): get_files_customer> on 2024-03-16 08:00:00+00:00
[2024-05-31T14:44:42.529+0000] {standard_task_runner.py:60} INFO - Started process 266 to run task
[2024-05-31T14:44:42.533+0000] {standard_task_runner.py:87} INFO - Running: ['airflow', 'tasks', 'run', 'etl_csv_files', 'get_files_customer', 'scheduled__2024-03-16T08:00:00+00:00', '--job-id', '17', '--raw', '--subdir', 'DAGS_FOLDER/etl_from_csv.py', '--cfg-path', '/tmp/tmpvajrdtnl']
[2024-05-31T14:44:42.536+0000] {standard_task_runner.py:88} INFO - Job 17: Subtask get_files_customer
[2024-05-31T14:44:42.607+0000] {task_command.py:423} INFO - Running <TaskInstance: etl_csv_files.get_files_customer scheduled__2024-03-16T08:00:00+00:00 [running]> on host 66ed76cf62da
[2024-05-31T14:44:42.696+0000] {taskinstance.py:2513} INFO - Exporting env vars: AIRFLOW_CTX_DAG_OWNER='airflow' AIRFLOW_CTX_DAG_ID='etl_csv_files' AIRFLOW_CTX_TASK_ID='get_files_customer' AIRFLOW_CTX_EXECUTION_DATE='2024-03-16T08:00:00+00:00' AIRFLOW_CTX_TRY_NUMBER='1' AIRFLOW_CTX_DAG_RUN_ID='scheduled__2024-03-16T08:00:00+00:00'
[2024-05-31T14:44:43.962+0000] {logging_mixin.py:188} INFO - Sample data :
[2024-05-31T14:44:44.065+0000] {logging_mixin.py:188} INFO -    customer_id  page_views  time_spent
0            1          25         120
1            2          20          90
2            3          30         150
3            4          15          80
4            5          22         110
[2024-05-31T14:44:44.183+0000] {python.py:202} INFO - Done. Returned value was: None
[2024-05-31T14:44:44.321+0000] {taskinstance.py:1149} INFO - Marking task as SUCCESS. dag_id=etl_csv_files, task_id=get_files_customer, execution_date=20240316T080000, start_date=20240531T144442, end_date=20240531T144444
[2024-05-31T14:44:44.523+0000] {local_task_job_runner.py:234} INFO - Task exited with return code 0
[2024-05-31T14:44:45.077+0000] {taskinstance.py:3312} INFO - 0 downstream tasks scheduled from follow-on schedule check
